[2024-11-14T07:50:32.518+0000] {local_task_job_runner.py:120} INFO - ::group::Pre task execution logs
[2024-11-14T07:50:32.614+0000] {taskinstance.py:2076} INFO - Dependencies all met for dep_context=non-requeueable deps ti=<TaskInstance: stock_price_analytics_extended.predictNext7Days manual__2024-11-14T07:49:15.889497+00:00 [queued]>
[2024-11-14T07:50:32.644+0000] {taskinstance.py:2076} INFO - Dependencies all met for dep_context=requeueable deps ti=<TaskInstance: stock_price_analytics_extended.predictNext7Days manual__2024-11-14T07:49:15.889497+00:00 [queued]>
[2024-11-14T07:50:32.645+0000] {taskinstance.py:2306} INFO - Starting attempt 1 of 2
[2024-11-14T07:50:32.689+0000] {taskinstance.py:2330} INFO - Executing <Task(_PythonDecoratedOperator): predictNext7Days> on 2024-11-14 07:49:15.889497+00:00
[2024-11-14T07:50:32.734+0000] {standard_task_runner.py:90} INFO - Running: ['***', 'tasks', 'run', 'stock_price_analytics_extended', 'predictNext7Days', 'manual__2024-11-14T07:49:15.889497+00:00', '--job-id', '197', '--raw', '--subdir', 'DAGS_FOLDER/Conn_Forcasting_DagFile.py', '--cfg-path', '/tmp/tmp5c4yx9yh']
[2024-11-14T07:50:32.742+0000] {standard_task_runner.py:91} INFO - Job 197: Subtask predictNext7Days
[2024-11-14T07:50:32.774+0000] {logging_mixin.py:188} WARNING - /home/***/.local/lib/python3.12/site-packages/***/task/task_runner/standard_task_runner.py:61 DeprecationWarning: This process (pid=29186) is multi-threaded, use of fork() may lead to deadlocks in the child.
[2024-11-14T07:50:32.784+0000] {standard_task_runner.py:63} INFO - Started process 29209 to run task
[2024-11-14T07:50:32.913+0000] {task_command.py:426} INFO - Running <TaskInstance: stock_price_analytics_extended.predictNext7Days manual__2024-11-14T07:49:15.889497+00:00 [running]> on host df7837eb59f5
[2024-11-14T07:50:35.028+0000] {taskinstance.py:2648} INFO - Exporting env vars: AIRFLOW_CTX_DAG_OWNER='***' AIRFLOW_CTX_DAG_ID='stock_price_analytics_extended' AIRFLOW_CTX_TASK_ID='predictNext7Days' AIRFLOW_CTX_EXECUTION_DATE='2024-11-14T07:49:15.889497+00:00' AIRFLOW_CTX_TRY_NUMBER='1' AIRFLOW_CTX_DAG_RUN_ID='manual__2024-11-14T07:49:15.889497+00:00'
[2024-11-14T07:50:35.033+0000] {taskinstance.py:430} INFO - ::endgroup::
[2024-11-14T07:51:06.534+0000] {python.py:237} INFO - Done. Returned value was:                         date    open    high     low   close      volume symbol
0 2024-11-15 07:51:06.157512  165.99  166.48  161.08  163.40  11445498.0   QCOM
1 2024-11-16 07:51:06.157538  168.27  171.34  162.59  164.75  13749015.0   QCOM
2 2024-11-17 07:51:06.157544  169.54  172.71  164.18  166.46  11782841.0   QCOM
3 2024-11-18 07:51:06.157547  170.33  173.39  165.12  166.86   9858282.0   QCOM
4 2024-11-19 07:51:06.157603  168.96  172.31  164.64  165.61   9714811.0   QCOM
5 2024-11-20 07:51:06.157611  167.65  169.28  163.85  164.82  10156427.0   QCOM
6 2024-11-21 07:51:06.157614  167.19  167.78  163.20  164.42  10949074.0   QCOM
[2024-11-14T07:51:07.055+0000] {taskinstance.py:441} INFO - ::group::Post task execution logs
[2024-11-14T07:51:07.711+0000] {taskinstance.py:1206} INFO - Marking task as SUCCESS. dag_id=stock_price_analytics_extended, task_id=predictNext7Days, run_id=manual__2024-11-14T07:49:15.889497+00:00, execution_date=20241114T074915, start_date=20241114T075032, end_date=20241114T075107
[2024-11-14T07:51:08.859+0000] {local_task_job_runner.py:240} INFO - Task exited with return code 0
[2024-11-14T07:51:09.208+0000] {taskinstance.py:3498} INFO - 0 downstream tasks scheduled from follow-on schedule check
[2024-11-14T07:51:09.310+0000] {local_task_job_runner.py:222} INFO - ::endgroup::
