[2024-11-11T23:58:11.809+0000] {local_task_job_runner.py:120} INFO - ::group::Pre task execution logs
[2024-11-11T23:58:12.049+0000] {taskinstance.py:2076} INFO - Dependencies all met for dep_context=non-requeueable deps ti=<TaskInstance: YfinanceToSnowflake.load manual__2024-11-11T23:57:48.466751+00:00 [queued]>
[2024-11-11T23:58:12.098+0000] {taskinstance.py:2076} INFO - Dependencies all met for dep_context=requeueable deps ti=<TaskInstance: YfinanceToSnowflake.load manual__2024-11-11T23:57:48.466751+00:00 [queued]>
[2024-11-11T23:58:12.100+0000] {taskinstance.py:2306} INFO - Starting attempt 1 of 1
[2024-11-11T23:58:12.196+0000] {taskinstance.py:2330} INFO - Executing <Task(_PythonDecoratedOperator): load> on 2024-11-11 23:57:48.466751+00:00
[2024-11-11T23:58:12.227+0000] {logging_mixin.py:188} WARNING - /home/***/.local/lib/python3.12/site-packages/***/task/task_runner/standard_task_runner.py:61 DeprecationWarning: This process (pid=2603) is multi-threaded, use of fork() may lead to deadlocks in the child.
[2024-11-11T23:58:12.230+0000] {standard_task_runner.py:63} INFO - Started process 2616 to run task
[2024-11-11T23:58:12.228+0000] {standard_task_runner.py:90} INFO - Running: ['***', 'tasks', 'run', 'YfinanceToSnowflake', 'load', 'manual__2024-11-11T23:57:48.466751+00:00', '--job-id', '75', '--raw', '--subdir', 'DAGS_FOLDER/yfinance_to_snowflake.py', '--cfg-path', '/tmp/tmpy7rr4c5d']
[2024-11-11T23:58:12.235+0000] {standard_task_runner.py:91} INFO - Job 75: Subtask load
[2024-11-11T23:58:12.386+0000] {task_command.py:426} INFO - Running <TaskInstance: YfinanceToSnowflake.load manual__2024-11-11T23:57:48.466751+00:00 [running]> on host d99256b0cb87
[2024-11-11T23:58:12.656+0000] {taskinstance.py:2648} INFO - Exporting env vars: AIRFLOW_CTX_DAG_OWNER='***' AIRFLOW_CTX_DAG_ID='YfinanceToSnowflake' AIRFLOW_CTX_TASK_ID='load' AIRFLOW_CTX_EXECUTION_DATE='2024-11-11T23:57:48.466751+00:00' AIRFLOW_CTX_TRY_NUMBER='1' AIRFLOW_CTX_DAG_RUN_ID='manual__2024-11-11T23:57:48.466751+00:00'
[2024-11-11T23:58:12.662+0000] {taskinstance.py:430} INFO - ::endgroup::
[2024-11-11T23:58:12.686+0000] {base.py:84} INFO - Using connection ID 'snowflake_conn' for task execution.
[2024-11-11T23:58:12.688+0000] {connection.py:399} INFO - Snowflake Connector for Python Version: 3.10.0, Python Version: 3.12.3, Platform: Linux-6.10.11-linuxkit-x86_64-with-glibc2.36
[2024-11-11T23:58:12.689+0000] {connection.py:1239} INFO - This connection is in OCSP Fail Open Mode. TLS Certificates would be checked for validity and revocation status. Any other Certificate Revocation related exceptions or OCSP Responder failures would be disregarded in favor of connectivity.
[2024-11-11T23:58:13.455+0000] {cursor.py:1149} INFO - Number of results in first chunk: 1
[2024-11-11T23:58:13.570+0000] {cursor.py:1149} INFO - Number of results in first chunk: 1
[2024-11-11T23:58:14.351+0000] {logging_mixin.py:188} INFO - INSERT INTO stock_db.raw_data.stock_prices (date, open, close, high, low, volume, symbol) VALUES (
          '2024-11-11', 225.05499267578125, 224.22999572753906, 225.6999969482422, 221.5, 41415717, 'AAPL')
[2024-11-11T23:58:15.239+0000] {cursor.py:1149} INFO - Number of results in first chunk: 1
[2024-11-11T23:58:15.240+0000] {python.py:237} INFO - Done. Returned value was: None
[2024-11-11T23:58:15.242+0000] {taskinstance.py:441} INFO - ::group::Post task execution logs
[2024-11-11T23:58:15.269+0000] {taskinstance.py:1206} INFO - Marking task as SUCCESS. dag_id=YfinanceToSnowflake, task_id=load, run_id=manual__2024-11-11T23:57:48.466751+00:00, execution_date=20241111T235748, start_date=20241111T235812, end_date=20241111T235815
[2024-11-11T23:58:15.304+0000] {local_task_job_runner.py:240} INFO - Task exited with return code 0
[2024-11-11T23:58:15.340+0000] {taskinstance.py:3498} INFO - 0 downstream tasks scheduled from follow-on schedule check
[2024-11-11T23:58:15.344+0000] {local_task_job_runner.py:222} INFO - ::endgroup::
