[2024-11-15T05:02:22.406+0000] {local_task_job_runner.py:120} INFO - ::group::Pre task execution logs
[2024-11-15T05:02:22.618+0000] {taskinstance.py:2076} INFO - Dependencies all met for dep_context=non-requeueable deps ti=<TaskInstance: YfinanceToSnowflake.load manual__2024-11-15T05:01:44.502751+00:00 [queued]>
[2024-11-15T05:02:22.742+0000] {taskinstance.py:2076} INFO - Dependencies all met for dep_context=requeueable deps ti=<TaskInstance: YfinanceToSnowflake.load manual__2024-11-15T05:01:44.502751+00:00 [queued]>
[2024-11-15T05:02:22.765+0000] {taskinstance.py:2306} INFO - Starting attempt 1 of 1
[2024-11-15T05:02:22.895+0000] {taskinstance.py:2330} INFO - Executing <Task(_PythonDecoratedOperator): load> on 2024-11-15 05:01:44.502751+00:00
[2024-11-15T05:02:22.925+0000] {logging_mixin.py:188} WARNING - /home/***/.local/lib/python3.12/site-packages/***/task/task_runner/standard_task_runner.py:61 DeprecationWarning: This process (pid=18115) is multi-threaded, use of fork() may lead to deadlocks in the child.
[2024-11-15T05:02:22.941+0000] {standard_task_runner.py:63} INFO - Started process 18125 to run task
[2024-11-15T05:02:22.952+0000] {standard_task_runner.py:90} INFO - Running: ['***', 'tasks', 'run', 'YfinanceToSnowflake', 'load', 'manual__2024-11-15T05:01:44.502751+00:00', '--job-id', '360', '--raw', '--subdir', 'DAGS_FOLDER/yfinance_to_snowflake.py', '--cfg-path', '/tmp/tmp3ll96bfk']
[2024-11-15T05:02:23.042+0000] {standard_task_runner.py:91} INFO - Job 360: Subtask load
[2024-11-15T05:02:23.326+0000] {task_command.py:426} INFO - Running <TaskInstance: YfinanceToSnowflake.load manual__2024-11-15T05:01:44.502751+00:00 [running]> on host 5bbe89177473
[2024-11-15T05:02:25.480+0000] {taskinstance.py:2648} INFO - Exporting env vars: AIRFLOW_CTX_DAG_OWNER='***' AIRFLOW_CTX_DAG_ID='YfinanceToSnowflake' AIRFLOW_CTX_TASK_ID='load' AIRFLOW_CTX_EXECUTION_DATE='2024-11-15T05:01:44.502751+00:00' AIRFLOW_CTX_TRY_NUMBER='1' AIRFLOW_CTX_DAG_RUN_ID='manual__2024-11-15T05:01:44.502751+00:00'
[2024-11-15T05:02:25.511+0000] {taskinstance.py:430} INFO - ::endgroup::
[2024-11-15T05:02:25.608+0000] {base.py:84} INFO - Using connection ID 'snowflake_conn' for task execution.
[2024-11-15T05:02:25.614+0000] {connection.py:399} INFO - Snowflake Connector for Python Version: 3.10.0, Python Version: 3.12.3, Platform: Linux-6.10.11-linuxkit-x86_64-with-glibc2.36
[2024-11-15T05:02:25.634+0000] {connection.py:1239} INFO - This connection is in OCSP Fail Open Mode. TLS Certificates would be checked for validity and revocation status. Any other Certificate Revocation related exceptions or OCSP Responder failures would be disregarded in favor of connectivity.
[2024-11-15T05:02:27.669+0000] {logging_mixin.py:188} INFO - inside load:                         date        open  ...  Stock Splits  symbol
0  2024-08-19 00:00:00-04:00  225.471943  ...           0.0    AAPL
1  2024-08-20 00:00:00-04:00  225.521886  ...           0.0    AAPL
2  2024-08-21 00:00:00-04:00  226.271063  ...           0.0    AAPL
3  2024-08-22 00:00:00-04:00  227.539661  ...           0.0    AAPL
4  2024-08-23 00:00:00-04:00  225.412002  ...           0.0    AAPL
..                       ...         ...  ...           ...     ...
58 2024-11-08 00:00:00-05:00  227.169998  ...           0.0    AAPL
59 2024-11-11 00:00:00-05:00  225.000000  ...           0.0    AAPL
60 2024-11-12 00:00:00-05:00  224.550003  ...           0.0    AAPL
61 2024-11-13 00:00:00-05:00  224.009995  ...           0.0    AAPL
62 2024-11-14 00:00:00-05:00  225.020004  ...           0.0    AAPL

[63 rows x 9 columns]
[2024-11-15T05:02:27.771+0000] {cursor.py:1149} INFO - Number of results in first chunk: 1
[2024-11-15T05:02:27.923+0000] {cursor.py:1149} INFO - Number of results in first chunk: 1
[2024-11-15T05:02:28.470+0000] {logging_mixin.py:188} INFO - INSERT INTO stock_db.raw_data.stock_prices (date, open, close, high, low, volume, symbol) VALUES (
                '2024-08-19 00:00:00-04:00', 225.4719428035102, 225.64175415039062, 225.74165035068273, 222.79488010428776, 40687800, 'AAPL'
            )
[2024-11-15T05:02:29.391+0000] {logging_mixin.py:188} INFO - INSERT INTO stock_db.raw_data.stock_prices (date, open, close, high, low, volume, symbol) VALUES (
                '2024-08-20 00:00:00-04:00', 225.52188562847152, 226.2610626220703, 226.92034094772856, 225.20222998863, 30299000, 'AAPL'
            )
[2024-11-15T05:02:30.042+0000] {logging_mixin.py:188} INFO - INSERT INTO stock_db.raw_data.stock_prices (date, open, close, high, low, volume, symbol) VALUES (
                '2024-08-21 00:00:00-04:00', 226.2710625686077, 226.15118408203125, 227.7294495174454, 224.80267685471037, 34765500, 'AAPL'
            )
[2024-11-15T05:02:31.020+0000] {logging_mixin.py:188} INFO - INSERT INTO stock_db.raw_data.stock_prices (date, open, close, high, low, volume, symbol) VALUES (
                '2024-08-22 00:00:00-04:00', 227.53966079897057, 224.2832489013672, 228.08905941841815, 223.65393636981634, 43695300, 'AAPL'
            )
[2024-11-15T05:02:31.985+0000] {logging_mixin.py:188} INFO - INSERT INTO stock_db.raw_data.stock_prices (date, open, close, high, low, volume, symbol) VALUES (
                '2024-08-23 00:00:00-04:00', 225.41200238324527, 226.5906982421875, 227.96918649391685, 224.0834622297127, 38677300, 'AAPL'
            )
[2024-11-15T05:02:32.723+0000] {logging_mixin.py:188} INFO - INSERT INTO stock_db.raw_data.stock_prices (date, open, close, high, low, volume, symbol) VALUES (
                '2024-08-26 00:00:00-04:00', 226.5107917661563, 226.93032836914062, 227.03022456881217, 223.64395069142014, 30602200, 'AAPL'
            )
[2024-11-15T05:02:33.496+0000] {logging_mixin.py:188} INFO - INSERT INTO stock_db.raw_data.stock_prices (date, open, close, high, low, volume, symbol) VALUES (
                '2024-08-27 00:00:00-04:00', 225.75162066501636, 227.77938842773438, 228.5984945445466, 224.64283997153836, 35934600, 'AAPL'
            )
[2024-11-15T05:02:34.225+0000] {logging_mixin.py:188} INFO - INSERT INTO stock_db.raw_data.stock_prices (date, open, close, high, low, volume, symbol) VALUES (
                '2024-08-28 00:00:00-04:00', 227.6695099550691, 226.2410888671875, 229.6073802985885, 225.4319662685897, 38052200, 'AAPL'
            )
[2024-11-15T05:02:35.223+0000] {logging_mixin.py:188} INFO - INSERT INTO stock_db.raw_data.stock_prices (date, open, close, high, low, volume, symbol) VALUES (
                '2024-08-29 00:00:00-04:00', 229.8471324488683, 229.53746032714844, 232.66402541964027, 228.62847197635801, 51906300, 'AAPL'
            )
[2024-11-15T05:02:35.842+0000] {logging_mixin.py:188} INFO - INSERT INTO stock_db.raw_data.stock_prices (date, open, close, high, low, volume, symbol) VALUES (
                '2024-08-30 00:00:00-04:00', 229.93703146120657, 228.7483367919922, 230.14679214282077, 227.23000295250677, 52990800, 'AAPL'
            )
[2024-11-15T05:02:36.789+0000] {logging_mixin.py:188} INFO - INSERT INTO stock_db.raw_data.stock_prices (date, open, close, high, low, volume, symbol) VALUES (
                '2024-09-03 00:00:00-04:00', 228.29882348382426, 222.52517700195312, 228.74832587928796, 220.92692932694945, 50190600, 'AAPL'
            )
[2024-11-15T05:02:37.651+0000] {logging_mixin.py:188} INFO - INSERT INTO stock_db.raw_data.stock_prices (date, open, close, high, low, volume, symbol) VALUES (
                '2024-09-04 00:00:00-04:00', 221.4164072047842, 220.6072998046875, 221.53627045160738, 217.24099295020864, 43840200, 'AAPL'
            )
[2024-11-15T05:02:38.590+0000] {logging_mixin.py:188} INFO - INSERT INTO stock_db.raw_data.stock_prices (date, open, close, high, low, volume, symbol) VALUES (
                '2024-09-05 00:00:00-04:00', 221.38642912323468, 222.13560485839844, 225.23218875186365, 221.2765494057299, 36615400, 'AAPL'
            )
[2024-11-15T05:02:39.352+0000] {logging_mixin.py:188} INFO - INSERT INTO stock_db.raw_data.stock_prices (date, open, close, high, low, volume, symbol) VALUES (
                '2024-09-06 00:00:00-04:00', 223.7038813850335, 220.57733154296875, 224.99247224215048, 219.5284824188554, 48423000, 'AAPL'
            )
[2024-11-15T05:02:40.062+0000] {logging_mixin.py:188} INFO - INSERT INTO stock_db.raw_data.stock_prices (date, open, close, high, low, volume, symbol) VALUES (
                '2024-09-09 00:00:00-04:00', 220.57732363843863, 220.66722106933594, 221.0268260349447, 216.47183996524672, 67180000, 'AAPL'
            )
[2024-11-15T05:02:40.825+0000] {logging_mixin.py:188} INFO - INSERT INTO stock_db.raw_data.stock_prices (date, open, close, high, low, volume, symbol) VALUES (
                '2024-09-10 00:00:00-04:00', 218.67940838073807, 219.86810302734375, 221.23659254048482, 216.49181271910507, 51591000, 'AAPL'
            )
[2024-11-15T05:02:41.525+0000] {logging_mixin.py:188} INFO - INSERT INTO stock_db.raw_data.stock_prices (date, open, close, high, low, volume, symbol) VALUES (
                '2024-09-11 00:00:00-04:00', 221.21662032032157, 222.41529846191406, 222.84481857216005, 217.65053646391294, 44587100, 'AAPL'
            )
[2024-11-15T05:02:42.224+0000] {logging_mixin.py:188} INFO - INSERT INTO stock_db.raw_data.stock_prices (date, open, close, high, low, volume, symbol) VALUES (
                '2024-09-12 00:00:00-04:00', 222.25546946786713, 222.52517700195312, 223.30431855196207, 219.57842214055833, 37498200, 'AAPL'
            )
[2024-11-15T05:02:43.117+0000] {logging_mixin.py:188} INFO - INSERT INTO stock_db.raw_data.stock_prices (date, open, close, high, low, volume, symbol) VALUES (
                '2024-09-13 00:00:00-04:00', 223.33429284055268, 222.25547790527344, 223.7937787761964, 221.66612995902517, 36766600, 'AAPL'
            )
[2024-11-15T05:02:43.946+0000] {logging_mixin.py:188} INFO - INSERT INTO stock_db.raw_data.stock_prices (date, open, close, high, low, volume, symbol) VALUES (
                '2024-09-16 00:00:00-04:00', 216.302019591785, 216.082275390625, 216.98128020943747, 213.6849038037586, 59357400, 'AAPL'
            )
[2024-11-15T05:02:44.852+0000] {logging_mixin.py:188} INFO - INSERT INTO stock_db.raw_data.stock_prices (date, open, close, high, low, volume, symbol) VALUES (
                '2024-09-17 00:00:00-04:00', 215.51289221314667, 216.55174255371094, 216.6616222741377, 214.26426595466958, 45519300, 'AAPL'
            )
[2024-11-15T05:02:45.688+0000] {logging_mixin.py:188} INFO - INSERT INTO stock_db.raw_data.stock_prices (date, open, close, high, low, volume, symbol) VALUES (
                '2024-09-18 00:00:00-04:00', 217.31091546092293, 220.4474639892578, 222.46524827574677, 217.30091669603667, 59894900, 'AAPL'
            )
[2024-11-15T05:02:46.690+0000] {logging_mixin.py:188} INFO - INSERT INTO stock_db.raw_data.stock_prices (date, open, close, high, low, volume, symbol) VALUES (
                '2024-09-19 00:00:00-04:00', 224.74274368478322, 228.61846923828125, 229.56743739121873, 224.38313871157, 66781300, 'AAPL'
            )
[2024-11-15T05:02:47.831+0000] {logging_mixin.py:188} INFO - INSERT INTO stock_db.raw_data.stock_prices (date, open, close, high, low, volume, symbol) VALUES (
                '2024-09-20 00:00:00-04:00', 229.7172625160979, 227.94920349121094, 232.83382873595048, 227.36983908638868, 318679900, 'AAPL'
            )
[2024-11-15T05:02:48.531+0000] {logging_mixin.py:188} INFO - INSERT INTO stock_db.raw_data.stock_prices (date, open, close, high, low, volume, symbol) VALUES (
                '2024-09-23 00:00:00-04:00', 227.09015412184934, 226.2211151123047, 229.19783588273827, 225.56183678133013, 54146000, 'AAPL'
            )
[2024-11-15T05:02:49.573+0000] {logging_mixin.py:188} INFO - INSERT INTO stock_db.raw_data.stock_prices (date, open, close, high, low, volume, symbol) VALUES (
                '2024-09-24 00:00:00-04:00', 228.39870925768025, 227.1201171875, 229.09795215651428, 225.48192014495527, 43556100, 'AAPL'
            )
[2024-11-15T05:02:50.413+0000] {logging_mixin.py:188} INFO - INSERT INTO stock_db.raw_data.stock_prices (date, open, close, high, low, volume, symbol) VALUES (
                '2024-09-25 00:00:00-04:00', 224.6827959331431, 226.1212158203125, 227.04020291666632, 223.77380760174057, 42308700, 'AAPL'
            )
[2024-11-15T05:02:51.253+0000] {logging_mixin.py:188} INFO - INSERT INTO stock_db.raw_data.stock_prices (date, open, close, high, low, volume, symbol) VALUES (
                '2024-09-26 00:00:00-04:00', 227.05019905798116, 227.26995849609375, 228.24887720276465, 225.16227678839184, 36636700, 'AAPL'
            )
[2024-11-15T05:02:52.258+0000] {logging_mixin.py:188} INFO - INSERT INTO stock_db.raw_data.stock_prices (date, open, close, high, low, volume, symbol) VALUES (
                '2024-09-27 00:00:00-04:00', 228.20893469195548, 227.53965759277344, 229.26776733886913, 227.05020584581527, 34026000, 'AAPL'
            )
[2024-11-15T05:02:52.932+0000] {logging_mixin.py:188} INFO - INSERT INTO stock_db.raw_data.stock_prices (date, open, close, high, low, volume, symbol) VALUES (
                '2024-09-30 00:00:00-04:00', 229.78718847660608, 232.7439422607422, 232.7439422607422, 229.39761768078608, 54541900, 'AAPL'
            )
[2024-11-15T05:02:53.676+0000] {logging_mixin.py:188} INFO - INSERT INTO stock_db.raw_data.stock_prices (date, open, close, high, low, volume, symbol) VALUES (
                '2024-10-01 00:00:00-04:00', 229.2677705196639, 225.96141052246094, 229.3976172900359, 223.49412373913023, 63285000, 'AAPL'
            )
[2024-11-15T05:02:54.799+0000] {logging_mixin.py:188} INFO - INSERT INTO stock_db.raw_data.stock_prices (date, open, close, high, low, volume, symbol) VALUES (
                '2024-10-02 00:00:00-04:00', 225.64175566026316, 226.53077697753906, 227.12012493395358, 222.77491454853467, 32880600, 'AAPL'
            )
[2024-11-15T05:02:55.797+0000] {logging_mixin.py:188} INFO - INSERT INTO stock_db.raw_data.stock_prices (date, open, close, high, low, volume, symbol) VALUES (
                '2024-10-03 00:00:00-04:00', 224.8925655126969, 225.42198181152344, 226.56072831643584, 223.0745736591087, 34044200, 'AAPL'
            )
[2024-11-15T05:02:56.555+0000] {logging_mixin.py:188} INFO - INSERT INTO stock_db.raw_data.stock_prices (date, open, close, high, low, volume, symbol) VALUES (
                '2024-10-04 00:00:00-04:00', 227.6495326914976, 226.55075073242188, 227.74942888869526, 223.88368688105714, 37245100, 'AAPL'
            )
[2024-11-15T05:02:57.261+0000] {logging_mixin.py:188} INFO - INSERT INTO stock_db.raw_data.stock_prices (date, open, close, high, low, volume, symbol) VALUES (
                '2024-10-07 00:00:00-04:00', 224.25327473060864, 221.4463653564453, 225.44196936055414, 221.08676038639473, 39505400, 'AAPL'
            )
[2024-11-15T05:02:58.071+0000] {logging_mixin.py:188} INFO - INSERT INTO stock_db.raw_data.stock_prices (date, open, close, high, low, volume, symbol) VALUES (
                '2024-10-08 00:00:00-04:00', 224.05349542674807, 225.52188110351562, 225.73164177618557, 223.0046463373399, 31855700, 'AAPL'
            )
[2024-11-15T05:02:58.798+0000] {logging_mixin.py:188} INFO - INSERT INTO stock_db.raw_data.stock_prices (date, open, close, high, low, volume, symbol) VALUES (
                '2024-10-09 00:00:00-04:00', 224.9824739985636, 229.28773498535156, 229.49751090746852, 224.58291968465133, 33591100, 'AAPL'
            )
[2024-11-15T05:02:59.493+0000] {logging_mixin.py:188} INFO - INSERT INTO stock_db.raw_data.stock_prices (date, open, close, high, low, volume, symbol) VALUES (
                '2024-10-10 00:00:00-04:00', 227.5296744960524, 228.7882843017578, 229.24778548023318, 226.9203442604764, 28183500, 'AAPL'
            )
[2024-11-15T05:03:00.206+0000] {logging_mixin.py:188} INFO - INSERT INTO stock_db.raw_data.stock_prices (date, open, close, high, low, volume, symbol) VALUES (
                '2024-10-11 00:00:00-04:00', 229.04800351672907, 227.2999267578125, 229.15788323697032, 227.09015084025384, 31759200, 'AAPL'
            )
[2024-11-15T05:03:00.915+0000] {logging_mixin.py:188} INFO - INSERT INTO stock_db.raw_data.stock_prices (date, open, close, high, low, volume, symbol) VALUES (
                '2024-10-14 00:00:00-04:00', 228.44865815944695, 231.04580688476562, 231.47532700331138, 228.34877720356226, 39882100, 'AAPL'
            )
[2024-11-15T05:03:01.767+0000] {logging_mixin.py:188} INFO - INSERT INTO stock_db.raw_data.stock_prices (date, open, close, high, low, volume, symbol) VALUES (
                '2024-10-15 00:00:00-04:00', 233.3532605949055, 233.59300231933594, 237.22900130875718, 232.11461788171079, 64751400, 'AAPL'
            )
[2024-11-15T05:03:02.616+0000] {logging_mixin.py:188} INFO - INSERT INTO stock_db.raw_data.stock_prices (date, open, close, high, low, volume, symbol) VALUES (
                '2024-10-16 00:00:00-04:00', 231.34547369396782, 231.5252685546875, 231.86489123072647, 229.5873982094942, 34082200, 'AAPL'
            )
[2024-11-15T05:03:03.823+0000] {logging_mixin.py:188} INFO - INSERT INTO stock_db.raw_data.stock_prices (date, open, close, high, low, volume, symbol) VALUES (
                '2024-10-17 00:00:00-04:00', 233.17345903647427, 231.89486694335938, 233.59301088010824, 230.26666863657624, 32993800, 'AAPL'
            )
[2024-11-15T05:03:04.708+0000] {logging_mixin.py:188} INFO - INSERT INTO stock_db.raw_data.stock_prices (date, open, close, high, low, volume, symbol) VALUES (
                '2024-10-18 00:00:00-04:00', 235.9204255737285, 234.74172973632812, 235.9204255737285, 233.75281228137578, 46431500, 'AAPL'
            )
[2024-11-15T05:03:05.469+0000] {logging_mixin.py:188} INFO - INSERT INTO stock_db.raw_data.stock_prices (date, open, close, high, low, volume, symbol) VALUES (
                '2024-10-21 00:00:00-04:00', 234.19234018879644, 236.22010803222656, 236.5897117727769, 234.19234018879644, 36254500, 'AAPL'
            )
[2024-11-15T05:03:06.377+0000] {logging_mixin.py:188} INFO - INSERT INTO stock_db.raw_data.stock_prices (date, open, close, high, low, volume, symbol) VALUES (
                '2024-10-22 00:00:00-04:00', 233.6329632952546, 235.60079956054688, 235.96040454410334, 232.3443876620224, 38846600, 'AAPL'
            )
[2024-11-15T05:03:07.312+0000] {logging_mixin.py:188} INFO - INSERT INTO stock_db.raw_data.stock_prices (date, open, close, high, low, volume, symbol) VALUES (
                '2024-10-23 00:00:00-04:00', 233.822752128634, 230.5063934326172, 234.88158476901867, 227.50969037853835, 52287000, 'AAPL'
            )
[2024-11-15T05:03:08.126+0000] {logging_mixin.py:188} INFO - INSERT INTO stock_db.raw_data.stock_prices (date, open, close, high, low, volume, symbol) VALUES (
                '2024-10-24 00:00:00-04:00', 229.7272566761152, 230.31661987304688, 230.56634513279107, 228.15898997077215, 31109500, 'AAPL'
            )
[2024-11-15T05:03:09.205+0000] {logging_mixin.py:188} INFO - INSERT INTO stock_db.raw_data.stock_prices (date, open, close, high, low, volume, symbol) VALUES (
                '2024-10-25 00:00:00-04:00', 229.4875225740561, 231.1556854248047, 232.96369380669327, 229.3177112321018, 38802300, 'AAPL'
            )
[2024-11-15T05:03:09.961+0000] {logging_mixin.py:188} INFO - INSERT INTO stock_db.raw_data.stock_prices (date, open, close, high, low, volume, symbol) VALUES (
                '2024-10-28 00:00:00-04:00', 233.06359498314518, 233.14349365234375, 234.472033847566, 232.29443692443334, 36087100, 'AAPL'
            )
[2024-11-15T05:03:10.705+0000] {logging_mixin.py:188} INFO - INSERT INTO stock_db.raw_data.stock_prices (date, open, close, high, low, volume, symbol) VALUES (
                '2024-10-29 00:00:00-04:00', 232.84382710997653, 233.41319274902344, 234.07247106119948, 232.06468555632105, 35417200, 'AAPL'
            )
[2024-11-15T05:03:11.463+0000] {logging_mixin.py:188} INFO - INSERT INTO stock_db.raw_data.stock_prices (date, open, close, high, low, volume, symbol) VALUES (
                '2024-10-30 00:00:00-04:00', 232.35435817157438, 229.8471221923828, 233.21341362628857, 229.29772360355057, 47070900, 'AAPL'
            )
[2024-11-15T05:03:12.305+0000] {logging_mixin.py:188} INFO - INSERT INTO stock_db.raw_data.stock_prices (date, open, close, high, low, volume, symbol) VALUES (
                '2024-10-31 00:00:00-04:00', 229.08795100904055, 225.66172790527344, 229.57741798472995, 225.1223128313268, 64370100, 'AAPL'
            )
[2024-11-15T05:03:13.545+0000] {logging_mixin.py:188} INFO - INSERT INTO stock_db.raw_data.stock_prices (date, open, close, high, low, volume, symbol) VALUES (
                '2024-11-01 00:00:00-04:00', 220.72715344034327, 222.66502380371094, 225.10234466312102, 220.02792579428782, 65276700, 'AAPL'
            )
[2024-11-15T05:03:14.697+0000] {logging_mixin.py:188} INFO - INSERT INTO stock_db.raw_data.stock_prices (date, open, close, high, low, volume, symbol) VALUES (
                '2024-11-04 00:00:00-05:00', 220.74713841963055, 221.76600646972656, 222.54514803369162, 219.46854635353304, 44944500, 'AAPL'
            )
[2024-11-15T05:03:15.328+0000] {logging_mixin.py:188} INFO - INSERT INTO stock_db.raw_data.stock_prices (date, open, close, high, low, volume, symbol) VALUES (
                '2024-11-05 00:00:00-05:00', 221.5562414690178, 223.2044219970703, 223.70387248945224, 220.896963160989, 28111300, 'AAPL'
            )
[2024-11-15T05:03:16.186+0000] {logging_mixin.py:188} INFO - INSERT INTO stock_db.raw_data.stock_prices (date, open, close, high, low, volume, symbol) VALUES (
                '2024-11-06 00:00:00-05:00', 222.36535526416637, 222.47523498535156, 225.82155947797517, 220.94691765378838, 54561100, 'AAPL'
            )
[2024-11-15T05:03:17.099+0000] {logging_mixin.py:188} INFO - INSERT INTO stock_db.raw_data.stock_prices (date, open, close, high, low, volume, symbol) VALUES (
                '2024-11-07 00:00:00-05:00', 224.38313701629485, 227.22999572753906, 227.629565273657, 224.32320539488208, 42137700, 'AAPL'
            )
[2024-11-15T05:03:18.016+0000] {logging_mixin.py:188} INFO - INSERT INTO stock_db.raw_data.stock_prices (date, open, close, high, low, volume, symbol) VALUES (
                '2024-11-08 00:00:00-05:00', 227.1699981689453, 226.9600067138672, 228.66000366210938, 226.41000366210938, 38328800, 'AAPL'
            )
[2024-11-15T05:03:18.793+0000] {logging_mixin.py:188} INFO - INSERT INTO stock_db.raw_data.stock_prices (date, open, close, high, low, volume, symbol) VALUES (
                '2024-11-11 00:00:00-05:00', 225.0, 224.22999572753906, 225.6999969482422, 221.5, 42005600, 'AAPL'
            )
[2024-11-15T05:03:19.682+0000] {logging_mixin.py:188} INFO - INSERT INTO stock_db.raw_data.stock_prices (date, open, close, high, low, volume, symbol) VALUES (
                '2024-11-12 00:00:00-05:00', 224.5500030517578, 224.22999572753906, 225.58999633789062, 223.36000061035156, 40398300, 'AAPL'
            )
[2024-11-15T05:03:20.714+0000] {logging_mixin.py:188} INFO - INSERT INTO stock_db.raw_data.stock_prices (date, open, close, high, low, volume, symbol) VALUES (
                '2024-11-13 00:00:00-05:00', 224.00999450683594, 225.1199951171875, 226.64999389648438, 222.75999450683594, 48566200, 'AAPL'
            )
[2024-11-15T05:03:21.542+0000] {logging_mixin.py:188} INFO - INSERT INTO stock_db.raw_data.stock_prices (date, open, close, high, low, volume, symbol) VALUES (
                '2024-11-14 00:00:00-05:00', 225.02000427246094, 228.22000122070312, 228.8699951171875, 225.0, 44880200, 'AAPL'
            )
[2024-11-15T05:03:28.274+0000] {cursor.py:1149} INFO - Number of results in first chunk: 1
[2024-11-15T05:03:28.276+0000] {python.py:237} INFO - Done. Returned value was: None
[2024-11-15T05:03:28.277+0000] {taskinstance.py:441} INFO - ::group::Post task execution logs
[2024-11-15T05:03:28.301+0000] {taskinstance.py:1206} INFO - Marking task as SUCCESS. dag_id=YfinanceToSnowflake, task_id=load, run_id=manual__2024-11-15T05:01:44.502751+00:00, execution_date=20241115T050144, start_date=20241115T050222, end_date=20241115T050328
[2024-11-15T05:03:28.384+0000] {local_task_job_runner.py:240} INFO - Task exited with return code 0
[2024-11-15T05:03:28.450+0000] {taskinstance.py:3498} INFO - 1 downstream tasks scheduled from follow-on schedule check
[2024-11-15T05:03:28.455+0000] {local_task_job_runner.py:222} INFO - ::endgroup::
