[2024-11-15T02:31:01.920+0000] {local_task_job_runner.py:120} INFO - ::group::Pre task execution logs
[2024-11-15T02:31:02.294+0000] {taskinstance.py:2076} INFO - Dependencies all met for dep_context=non-requeueable deps ti=<TaskInstance: YfinanceToSnowflake.dbt_run scheduled__2024-11-14T02:30:00+00:00 [queued]>
[2024-11-15T02:31:02.396+0000] {taskinstance.py:2076} INFO - Dependencies all met for dep_context=requeueable deps ti=<TaskInstance: YfinanceToSnowflake.dbt_run scheduled__2024-11-14T02:30:00+00:00 [queued]>
[2024-11-15T02:31:02.399+0000] {taskinstance.py:2306} INFO - Starting attempt 1 of 1
[2024-11-15T02:31:02.479+0000] {taskinstance.py:2330} INFO - Executing <Task(BashOperator): dbt_run> on 2024-11-14 02:30:00+00:00
[2024-11-15T02:31:02.523+0000] {standard_task_runner.py:90} INFO - Running: ['***', 'tasks', 'run', 'YfinanceToSnowflake', 'dbt_run', 'scheduled__2024-11-14T02:30:00+00:00', '--job-id', '341', '--raw', '--subdir', 'DAGS_FOLDER/yfinance_to_snowflake.py', '--cfg-path', '/tmp/tmpxwsfny_9']
[2024-11-15T02:31:02.553+0000] {standard_task_runner.py:91} INFO - Job 341: Subtask dbt_run
[2024-11-15T02:31:02.573+0000] {logging_mixin.py:188} WARNING - /home/***/.local/lib/python3.12/site-packages/***/task/task_runner/standard_task_runner.py:61 DeprecationWarning: This process (pid=11376) is multi-threaded, use of fork() may lead to deadlocks in the child.
[2024-11-15T02:31:02.582+0000] {standard_task_runner.py:63} INFO - Started process 11386 to run task
[2024-11-15T02:31:02.888+0000] {task_command.py:426} INFO - Running <TaskInstance: YfinanceToSnowflake.dbt_run scheduled__2024-11-14T02:30:00+00:00 [running]> on host 5bbe89177473
[2024-11-15T02:31:03.679+0000] {taskinstance.py:2648} INFO - Exporting env vars: AIRFLOW_CTX_DAG_OWNER='***' AIRFLOW_CTX_DAG_ID='YfinanceToSnowflake' AIRFLOW_CTX_TASK_ID='dbt_run' AIRFLOW_CTX_EXECUTION_DATE='2024-11-14T02:30:00+00:00' AIRFLOW_CTX_TRY_NUMBER='1' AIRFLOW_CTX_DAG_RUN_ID='scheduled__2024-11-14T02:30:00+00:00'
[2024-11-15T02:31:03.693+0000] {taskinstance.py:430} INFO - ::endgroup::
[2024-11-15T02:31:03.719+0000] {subprocess.py:63} INFO - Tmp dir root location: /tmp
[2024-11-15T02:31:03.741+0000] {subprocess.py:75} INFO - Running command: ['/usr/bin/bash', '-c', 'cd /opt/***/stocks_mau && dbt run --profiles-dir /opt/***/stocks_mau']
[2024-11-15T02:31:03.841+0000] {subprocess.py:86} INFO - Output:
[2024-11-15T02:31:36.798+0000] {subprocess.py:93} INFO - [0m02:31:36  Running with dbt=1.8.7
[2024-11-15T02:31:46.972+0000] {subprocess.py:93} INFO - [0m02:31:46  Registered adapter: snowflake=1.8.4
[2024-11-15T02:31:53.220+0000] {subprocess.py:93} INFO - [0m02:31:53  Found 2 snapshots, 2 models, 4 data tests, 1 source, 459 macros
[2024-11-15T02:31:53.521+0000] {subprocess.py:93} INFO - [0m02:31:53
[2024-11-15T02:31:56.443+0000] {subprocess.py:93} INFO - [0m02:31:56  Concurrency: 1 threads (target='dev')
[2024-11-15T02:31:56.459+0000] {subprocess.py:93} INFO - [0m02:31:56
[2024-11-15T02:31:56.578+0000] {subprocess.py:93} INFO - [0m02:31:56  1 of 2 START sql incremental model analytics.moving_average .................... [RUN]
[2024-11-15T02:32:03.459+0000] {subprocess.py:93} INFO - [0m02:32:03  1 of 2 OK created sql incremental model analytics.moving_average ............... [[32mSUCCESS 0[0m in 6.72s]
[2024-11-15T02:32:03.897+0000] {subprocess.py:93} INFO - [0m02:32:03  2 of 2 START sql incremental model analytics.rsi ............................... [RUN]
[2024-11-15T02:32:08.814+0000] {subprocess.py:93} INFO - [0m02:32:08  2 of 2 OK created sql incremental model analytics.rsi .......................... [[32mSUCCESS 0[0m in 4.86s]
[2024-11-15T02:32:08.962+0000] {subprocess.py:93} INFO - [0m02:32:08
[2024-11-15T02:32:08.997+0000] {subprocess.py:93} INFO - [0m02:32:08  Finished running 2 incremental models in 0 hours 0 minutes and 15.44 seconds (15.44s).
[2024-11-15T02:32:09.774+0000] {subprocess.py:93} INFO - [0m02:32:09
[2024-11-15T02:32:09.937+0000] {subprocess.py:93} INFO - [0m02:32:09  [32mCompleted successfully[0m
[2024-11-15T02:32:09.939+0000] {subprocess.py:93} INFO - [0m02:32:09
[2024-11-15T02:32:10.014+0000] {subprocess.py:93} INFO - [0m02:32:09  Done. PASS=2 WARN=0 ERROR=0 SKIP=0 TOTAL=2
[2024-11-15T02:32:14.775+0000] {subprocess.py:97} INFO - Command exited with return code 0
[2024-11-15T02:32:14.777+0000] {taskinstance.py:441} INFO - ::group::Post task execution logs
[2024-11-15T02:32:14.905+0000] {taskinstance.py:1206} INFO - Marking task as SUCCESS. dag_id=YfinanceToSnowflake, task_id=dbt_run, run_id=scheduled__2024-11-14T02:30:00+00:00, execution_date=20241114T023000, start_date=20241115T023102, end_date=20241115T023214
[2024-11-15T02:32:15.192+0000] {local_task_job_runner.py:240} INFO - Task exited with return code 0
[2024-11-15T02:32:15.475+0000] {taskinstance.py:3498} INFO - 1 downstream tasks scheduled from follow-on schedule check
[2024-11-15T02:32:15.480+0000] {local_task_job_runner.py:222} INFO - ::endgroup::
