[2024-11-15T06:51:18.095+0000] {local_task_job_runner.py:120} INFO - ::group::Pre task execution logs
[2024-11-15T06:51:18.166+0000] {taskinstance.py:2076} INFO - Dependencies all met for dep_context=non-requeueable deps ti=<TaskInstance: YfinanceToSnowflake.dbt_run manual__2024-11-15T06:48:39.388017+00:00 [queued]>
[2024-11-15T06:51:18.185+0000] {taskinstance.py:2076} INFO - Dependencies all met for dep_context=requeueable deps ti=<TaskInstance: YfinanceToSnowflake.dbt_run manual__2024-11-15T06:48:39.388017+00:00 [queued]>
[2024-11-15T06:51:18.186+0000] {taskinstance.py:2306} INFO - Starting attempt 1 of 1
[2024-11-15T06:51:18.216+0000] {taskinstance.py:2330} INFO - Executing <Task(BashOperator): dbt_run> on 2024-11-15 06:48:39.388017+00:00
[2024-11-15T06:51:18.232+0000] {logging_mixin.py:188} WARNING - /home/***/.local/lib/python3.12/site-packages/***/task/task_runner/standard_task_runner.py:61 DeprecationWarning: This process (pid=23587) is multi-threaded, use of fork() may lead to deadlocks in the child.
[2024-11-15T06:51:18.234+0000] {standard_task_runner.py:63} INFO - Started process 23590 to run task
[2024-11-15T06:51:18.232+0000] {standard_task_runner.py:90} INFO - Running: ['***', 'tasks', 'run', 'YfinanceToSnowflake', 'dbt_run', 'manual__2024-11-15T06:48:39.388017+00:00', '--job-id', '419', '--raw', '--subdir', 'DAGS_FOLDER/yfinance_to_snowflake.py', '--cfg-path', '/tmp/tmplski4yt1']
[2024-11-15T06:51:18.237+0000] {standard_task_runner.py:91} INFO - Job 419: Subtask dbt_run
[2024-11-15T06:51:18.332+0000] {task_command.py:426} INFO - Running <TaskInstance: YfinanceToSnowflake.dbt_run manual__2024-11-15T06:48:39.388017+00:00 [running]> on host 5bbe89177473
[2024-11-15T06:51:18.608+0000] {taskinstance.py:2648} INFO - Exporting env vars: AIRFLOW_CTX_DAG_OWNER='***' AIRFLOW_CTX_DAG_ID='YfinanceToSnowflake' AIRFLOW_CTX_TASK_ID='dbt_run' AIRFLOW_CTX_EXECUTION_DATE='2024-11-15T06:48:39.388017+00:00' AIRFLOW_CTX_TRY_NUMBER='1' AIRFLOW_CTX_DAG_RUN_ID='manual__2024-11-15T06:48:39.388017+00:00'
[2024-11-15T06:51:18.617+0000] {taskinstance.py:430} INFO - ::endgroup::
[2024-11-15T06:51:18.621+0000] {subprocess.py:63} INFO - Tmp dir root location: /tmp
[2024-11-15T06:51:18.623+0000] {subprocess.py:75} INFO - Running command: ['/usr/bin/bash', '-c', 'cd /opt/***/stocks_mau && dbt run --profiles-dir /opt/***/stocks_mau']
[2024-11-15T06:51:18.657+0000] {subprocess.py:86} INFO - Output:
[2024-11-15T06:51:29.995+0000] {subprocess.py:93} INFO - [0m06:51:29  Running with dbt=1.8.7
[2024-11-15T06:51:39.811+0000] {subprocess.py:93} INFO - [0m06:51:39  Registered adapter: snowflake=1.8.4
[2024-11-15T06:51:44.269+0000] {subprocess.py:93} INFO - [0m06:51:44  Found 2 snapshots, 2 models, 4 data tests, 1 source, 459 macros
[2024-11-15T06:51:44.292+0000] {subprocess.py:93} INFO - [0m06:51:44
[2024-11-15T06:51:46.925+0000] {subprocess.py:93} INFO - [0m06:51:46  Concurrency: 1 threads (target='dev')
[2024-11-15T06:51:46.954+0000] {subprocess.py:93} INFO - [0m06:51:46
[2024-11-15T06:51:47.278+0000] {subprocess.py:93} INFO - [0m06:51:47  1 of 2 START sql table model analytics.moving_average .......................... [RUN]
[2024-11-15T06:51:54.872+0000] {subprocess.py:93} INFO - [0m06:51:54  1 of 2 OK created sql table model analytics.moving_average ..................... [[32mSUCCESS 1[0m in 7.60s]
[2024-11-15T06:51:54.879+0000] {subprocess.py:93} INFO - [0m06:51:54  2 of 2 START sql table model analytics.rsi ..................................... [RUN]
[2024-11-15T06:51:56.375+0000] {subprocess.py:93} INFO - [0m06:51:56  2 of 2 OK created sql table model analytics.rsi ................................ [[32mSUCCESS 1[0m in 1.49s]
[2024-11-15T06:51:56.400+0000] {subprocess.py:93} INFO - [0m06:51:56
[2024-11-15T06:51:56.404+0000] {subprocess.py:93} INFO - [0m06:51:56  Finished running 2 table models in 0 hours 0 minutes and 12.10 seconds (12.10s).
[2024-11-15T06:51:56.634+0000] {subprocess.py:93} INFO - [0m06:51:56
[2024-11-15T06:51:56.661+0000] {subprocess.py:93} INFO - [0m06:51:56  [32mCompleted successfully[0m
[2024-11-15T06:51:56.674+0000] {subprocess.py:93} INFO - [0m06:51:56
[2024-11-15T06:51:56.678+0000] {subprocess.py:93} INFO - [0m06:51:56  Done. PASS=2 WARN=0 ERROR=0 SKIP=0 TOTAL=2
[2024-11-15T06:52:00.000+0000] {subprocess.py:97} INFO - Command exited with return code 0
[2024-11-15T06:52:00.016+0000] {taskinstance.py:441} INFO - ::group::Post task execution logs
[2024-11-15T06:52:00.600+0000] {taskinstance.py:1206} INFO - Marking task as SUCCESS. dag_id=YfinanceToSnowflake, task_id=dbt_run, run_id=manual__2024-11-15T06:48:39.388017+00:00, execution_date=20241115T064839, start_date=20241115T065118, end_date=20241115T065200
[2024-11-15T06:52:01.154+0000] {local_task_job_runner.py:240} INFO - Task exited with return code 0
[2024-11-15T06:52:01.382+0000] {local_task_job_runner.py:222} INFO - ::endgroup::
