[2024-11-14T20:47:48.530+0000] {local_task_job_runner.py:120} INFO - ::group::Pre task execution logs
[2024-11-14T20:47:48.673+0000] {taskinstance.py:2076} INFO - Dependencies all met for dep_context=non-requeueable deps ti=<TaskInstance: stock_price_analytics_extended.extract_stock_data__1 manual__2024-11-14T20:47:24.741829+00:00 [queued]>
[2024-11-14T20:47:48.740+0000] {taskinstance.py:2076} INFO - Dependencies all met for dep_context=requeueable deps ti=<TaskInstance: stock_price_analytics_extended.extract_stock_data__1 manual__2024-11-14T20:47:24.741829+00:00 [queued]>
[2024-11-14T20:47:48.741+0000] {taskinstance.py:2306} INFO - Starting attempt 1 of 2
[2024-11-14T20:47:49.040+0000] {taskinstance.py:2330} INFO - Executing <Task(_PythonDecoratedOperator): extract_stock_data__1> on 2024-11-14 20:47:24.741829+00:00
[2024-11-14T20:47:49.260+0000] {standard_task_runner.py:90} INFO - Running: ['***', 'tasks', 'run', 'stock_price_analytics_extended', 'extract_stock_data__1', 'manual__2024-11-14T20:47:24.741829+00:00', '--job-id', '259', '--raw', '--subdir', 'DAGS_FOLDER/Conn_Forcasting_DagFile.py', '--cfg-path', '/tmp/tmp9qdyoaqk']
[2024-11-14T20:47:49.344+0000] {standard_task_runner.py:91} INFO - Job 259: Subtask extract_stock_data__1
[2024-11-14T20:47:49.304+0000] {logging_mixin.py:188} WARNING - /home/***/.local/lib/python3.12/site-packages/***/task/task_runner/standard_task_runner.py:61 DeprecationWarning: This process (pid=1315) is multi-threaded, use of fork() may lead to deadlocks in the child.
[2024-11-14T20:47:49.385+0000] {standard_task_runner.py:63} INFO - Started process 1335 to run task
[2024-11-14T20:47:50.466+0000] {task_command.py:426} INFO - Running <TaskInstance: stock_price_analytics_extended.extract_stock_data__1 manual__2024-11-14T20:47:24.741829+00:00 [running]> on host 885fea738fe5
[2024-11-14T20:47:56.088+0000] {taskinstance.py:2648} INFO - Exporting env vars: AIRFLOW_CTX_DAG_OWNER='***' AIRFLOW_CTX_DAG_ID='stock_price_analytics_extended' AIRFLOW_CTX_TASK_ID='extract_stock_data__1' AIRFLOW_CTX_EXECUTION_DATE='2024-11-14T20:47:24.741829+00:00' AIRFLOW_CTX_TRY_NUMBER='1' AIRFLOW_CTX_DAG_RUN_ID='manual__2024-11-14T20:47:24.741829+00:00'
[2024-11-14T20:47:56.090+0000] {taskinstance.py:430} INFO - ::endgroup::
[2024-11-14T20:47:58.319+0000] {python.py:237} INFO - Done. Returned value was:                         date        open  ...  Stock Splits  symbol
0  2024-08-19 00:00:00-04:00  124.269365  ...           0.0    NVDA
1  2024-08-20 00:00:00-04:00  128.389008  ...           0.0    NVDA
2  2024-08-21 00:00:00-04:00  127.309114  ...           0.0    NVDA
3  2024-08-22 00:00:00-04:00  130.008885  ...           0.0    NVDA
4  2024-08-23 00:00:00-04:00  125.849238  ...           0.0    NVDA
..                       ...         ...  ...           ...     ...
58 2024-11-08 00:00:00-05:00  148.770004  ...           0.0    NVDA
59 2024-11-11 00:00:00-05:00  148.679993  ...           0.0    NVDA
60 2024-11-12 00:00:00-05:00  146.779999  ...           0.0    NVDA
61 2024-11-13 00:00:00-05:00  149.070007  ...           0.0    NVDA
62 2024-11-14 00:00:00-05:00  147.639999  ...           0.0    NVDA

[63 rows x 9 columns]
[2024-11-14T20:47:58.733+0000] {taskinstance.py:441} INFO - ::group::Post task execution logs
[2024-11-14T20:47:59.746+0000] {taskinstance.py:1206} INFO - Marking task as SUCCESS. dag_id=stock_price_analytics_extended, task_id=extract_stock_data__1, run_id=manual__2024-11-14T20:47:24.741829+00:00, execution_date=20241114T204724, start_date=20241114T204748, end_date=20241114T204759
[2024-11-14T20:48:00.206+0000] {local_task_job_runner.py:240} INFO - Task exited with return code 0
[2024-11-14T20:48:00.251+0000] {local_task_job_runner.py:222} INFO - ::endgroup::
