[2024-11-12T03:23:31.317+0000] {local_task_job_runner.py:120} INFO - ::group::Pre task execution logs
[2024-11-12T03:23:31.545+0000] {taskinstance.py:2076} INFO - Dependencies all met for dep_context=non-requeueable deps ti=<TaskInstance: stock_price_analytics_extended.extract_stock_data__1 manual__2024-11-12T03:22:50.065327+00:00 [queued]>
[2024-11-12T03:23:31.571+0000] {taskinstance.py:2076} INFO - Dependencies all met for dep_context=requeueable deps ti=<TaskInstance: stock_price_analytics_extended.extract_stock_data__1 manual__2024-11-12T03:22:50.065327+00:00 [queued]>
[2024-11-12T03:23:31.572+0000] {taskinstance.py:2306} INFO - Starting attempt 1 of 2
[2024-11-12T03:23:31.678+0000] {taskinstance.py:2330} INFO - Executing <Task(_PythonDecoratedOperator): extract_stock_data__1> on 2024-11-12 03:22:50.065327+00:00
[2024-11-12T03:23:31.724+0000] {logging_mixin.py:188} WARNING - /home/***/.local/lib/python3.12/site-packages/***/task/task_runner/standard_task_runner.py:61 DeprecationWarning: This process (pid=10782) is multi-threaded, use of fork() may lead to deadlocks in the child.
[2024-11-12T03:23:31.719+0000] {standard_task_runner.py:90} INFO - Running: ['***', 'tasks', 'run', 'stock_price_analytics_extended', 'extract_stock_data__1', 'manual__2024-11-12T03:22:50.065327+00:00', '--job-id', '128', '--raw', '--subdir', 'DAGS_FOLDER/Conn_Forcasting_DagFile.py', '--cfg-path', '/tmp/tmpmmuxkq_i']
[2024-11-12T03:23:31.727+0000] {standard_task_runner.py:63} INFO - Started process 10825 to run task
[2024-11-12T03:23:31.728+0000] {standard_task_runner.py:91} INFO - Job 128: Subtask extract_stock_data__1
[2024-11-12T03:23:31.949+0000] {task_command.py:426} INFO - Running <TaskInstance: stock_price_analytics_extended.extract_stock_data__1 manual__2024-11-12T03:22:50.065327+00:00 [running]> on host d99256b0cb87
[2024-11-12T03:23:32.324+0000] {taskinstance.py:2648} INFO - Exporting env vars: AIRFLOW_CTX_DAG_OWNER='***' AIRFLOW_CTX_DAG_ID='stock_price_analytics_extended' AIRFLOW_CTX_TASK_ID='extract_stock_data__1' AIRFLOW_CTX_EXECUTION_DATE='2024-11-12T03:22:50.065327+00:00' AIRFLOW_CTX_TRY_NUMBER='1' AIRFLOW_CTX_DAG_RUN_ID='manual__2024-11-12T03:22:50.065327+00:00'
[2024-11-12T03:23:32.333+0000] {taskinstance.py:430} INFO - ::endgroup::
[2024-11-12T03:23:33.908+0000] {python.py:237} INFO - Done. Returned value was:                         date        open  ...  Stock Splits  symbol
0  2024-08-14 00:00:00-04:00  118.519859  ...           0.0    NVDA
1  2024-08-15 00:00:00-04:00  118.749847  ...           0.0    NVDA
2  2024-08-16 00:00:00-04:00  121.929570  ...           0.0    NVDA
3  2024-08-19 00:00:00-04:00  124.269365  ...           0.0    NVDA
4  2024-08-20 00:00:00-04:00  128.389008  ...           0.0    NVDA
..                       ...         ...  ...           ...     ...
58 2024-11-05 00:00:00-05:00  137.449997  ...           0.0    NVDA
59 2024-11-06 00:00:00-05:00  142.960007  ...           0.0    NVDA
60 2024-11-07 00:00:00-05:00  146.389999  ...           0.0    NVDA
61 2024-11-08 00:00:00-05:00  148.770004  ...           0.0    NVDA
62 2024-11-11 00:00:00-05:00  148.679993  ...           0.0    NVDA

[63 rows x 9 columns]
[2024-11-12T03:23:34.201+0000] {taskinstance.py:441} INFO - ::group::Post task execution logs
[2024-11-12T03:23:35.610+0000] {taskinstance.py:1206} INFO - Marking task as SUCCESS. dag_id=stock_price_analytics_extended, task_id=extract_stock_data__1, run_id=manual__2024-11-12T03:22:50.065327+00:00, execution_date=20241112T032250, start_date=20241112T032331, end_date=20241112T032335
[2024-11-12T03:23:35.803+0000] {local_task_job_runner.py:240} INFO - Task exited with return code 0
[2024-11-12T03:23:35.968+0000] {taskinstance.py:3498} INFO - 1 downstream tasks scheduled from follow-on schedule check
[2024-11-12T03:23:35.975+0000] {local_task_job_runner.py:222} INFO - ::endgroup::
