[2024-11-14T20:48:52.440+0000] {local_task_job_runner.py:120} INFO - ::group::Pre task execution logs
[2024-11-14T20:48:52.656+0000] {taskinstance.py:2076} INFO - Dependencies all met for dep_context=non-requeueable deps ti=<TaskInstance: stock_price_analytics_extended.predictNext7Days__1 manual__2024-11-14T20:47:24.741829+00:00 [queued]>
[2024-11-14T20:48:52.686+0000] {taskinstance.py:2076} INFO - Dependencies all met for dep_context=requeueable deps ti=<TaskInstance: stock_price_analytics_extended.predictNext7Days__1 manual__2024-11-14T20:47:24.741829+00:00 [queued]>
[2024-11-14T20:48:52.783+0000] {taskinstance.py:2306} INFO - Starting attempt 1 of 2
[2024-11-14T20:48:52.847+0000] {taskinstance.py:2330} INFO - Executing <Task(_PythonDecoratedOperator): predictNext7Days__1> on 2024-11-14 20:47:24.741829+00:00
[2024-11-14T20:48:52.876+0000] {standard_task_runner.py:90} INFO - Running: ['***', 'tasks', 'run', 'stock_price_analytics_extended', 'predictNext7Days__1', 'manual__2024-11-14T20:47:24.741829+00:00', '--job-id', '264', '--raw', '--subdir', 'DAGS_FOLDER/Conn_Forcasting_DagFile.py', '--cfg-path', '/tmp/tmp95rielb1']
[2024-11-14T20:48:52.885+0000] {standard_task_runner.py:91} INFO - Job 264: Subtask predictNext7Days__1
[2024-11-14T20:48:52.891+0000] {logging_mixin.py:188} WARNING - /home/***/.local/lib/python3.12/site-packages/***/task/task_runner/standard_task_runner.py:61 DeprecationWarning: This process (pid=1393) is multi-threaded, use of fork() may lead to deadlocks in the child.
[2024-11-14T20:48:52.893+0000] {standard_task_runner.py:63} INFO - Started process 1420 to run task
[2024-11-14T20:48:53.166+0000] {task_command.py:426} INFO - Running <TaskInstance: stock_price_analytics_extended.predictNext7Days__1 manual__2024-11-14T20:47:24.741829+00:00 [running]> on host 885fea738fe5
[2024-11-14T20:48:55.234+0000] {taskinstance.py:2648} INFO - Exporting env vars: AIRFLOW_CTX_DAG_OWNER='***' AIRFLOW_CTX_DAG_ID='stock_price_analytics_extended' AIRFLOW_CTX_TASK_ID='predictNext7Days__1' AIRFLOW_CTX_EXECUTION_DATE='2024-11-14T20:47:24.741829+00:00' AIRFLOW_CTX_TRY_NUMBER='1' AIRFLOW_CTX_DAG_RUN_ID='manual__2024-11-14T20:47:24.741829+00:00'
[2024-11-14T20:48:55.237+0000] {taskinstance.py:430} INFO - ::endgroup::
[2024-11-14T20:49:56.547+0000] {python.py:237} INFO - Done. Returned value was:                         date    open    high  ...   close       volume  symbol
0 2024-11-15 20:49:56.055168  147.54  148.78  ...  146.69  185309930.0    NVDA
1 2024-11-16 20:49:56.055382  147.77  148.59  ...  145.79  180991210.0    NVDA
2 2024-11-17 20:49:56.055389  147.65  148.63  ...  146.32  181434625.0    NVDA
3 2024-11-18 20:49:56.055393  147.45  148.65  ...  146.27  185026228.0    NVDA
4 2024-11-19 20:49:56.055396  147.70  148.68  ...  146.20  182625560.0    NVDA
5 2024-11-20 20:49:56.055400  147.63  148.71  ...  146.46  180411325.0    NVDA
6 2024-11-21 20:49:56.055403  147.63  148.71  ...  146.34  182589792.0    NVDA

[7 rows x 7 columns]
[2024-11-14T20:49:56.824+0000] {taskinstance.py:441} INFO - ::group::Post task execution logs
[2024-11-14T20:49:57.289+0000] {taskinstance.py:1206} INFO - Marking task as SUCCESS. dag_id=stock_price_analytics_extended, task_id=predictNext7Days__1, run_id=manual__2024-11-14T20:47:24.741829+00:00, execution_date=20241114T204724, start_date=20241114T204852, end_date=20241114T204957
[2024-11-14T20:49:57.734+0000] {local_task_job_runner.py:240} INFO - Task exited with return code 0
[2024-11-14T20:49:58.187+0000] {taskinstance.py:3498} INFO - 0 downstream tasks scheduled from follow-on schedule check
[2024-11-14T20:49:58.202+0000] {local_task_job_runner.py:222} INFO - ::endgroup::
