[2024-11-13T00:00:19.427+0000] {local_task_job_runner.py:120} INFO - ::group::Pre task execution logs
[2024-11-13T00:00:19.711+0000] {taskinstance.py:2076} INFO - Dependencies all met for dep_context=non-requeueable deps ti=<TaskInstance: stock_price_analytics_extended.extract_stock_data__1 scheduled__2024-11-12T00:00:00+00:00 [queued]>
[2024-11-13T00:00:19.744+0000] {taskinstance.py:2076} INFO - Dependencies all met for dep_context=requeueable deps ti=<TaskInstance: stock_price_analytics_extended.extract_stock_data__1 scheduled__2024-11-12T00:00:00+00:00 [queued]>
[2024-11-13T00:00:19.748+0000] {taskinstance.py:2306} INFO - Starting attempt 1 of 2
[2024-11-13T00:00:19.812+0000] {taskinstance.py:2330} INFO - Executing <Task(_PythonDecoratedOperator): extract_stock_data__1> on 2024-11-12 00:00:00+00:00
[2024-11-13T00:00:19.946+0000] {logging_mixin.py:188} WARNING - /home/***/.local/lib/python3.12/site-packages/***/task/task_runner/standard_task_runner.py:61 DeprecationWarning: This process (pid=35616) is multi-threaded, use of fork() may lead to deadlocks in the child.
[2024-11-13T00:00:20.013+0000] {standard_task_runner.py:63} INFO - Started process 35638 to run task
[2024-11-13T00:00:19.921+0000] {standard_task_runner.py:90} INFO - Running: ['***', 'tasks', 'run', 'stock_price_analytics_extended', 'extract_stock_data__1', 'scheduled__2024-11-12T00:00:00+00:00', '--job-id', '157', '--raw', '--subdir', 'DAGS_FOLDER/Conn_Forcasting_DagFile.py', '--cfg-path', '/tmp/tmpk98n4hyy']
[2024-11-13T00:00:20.039+0000] {standard_task_runner.py:91} INFO - Job 157: Subtask extract_stock_data__1
[2024-11-13T00:00:20.577+0000] {task_command.py:426} INFO - Running <TaskInstance: stock_price_analytics_extended.extract_stock_data__1 scheduled__2024-11-12T00:00:00+00:00 [running]> on host d99256b0cb87
[2024-11-13T00:00:21.098+0000] {taskinstance.py:2648} INFO - Exporting env vars: AIRFLOW_CTX_DAG_OWNER='***' AIRFLOW_CTX_DAG_ID='stock_price_analytics_extended' AIRFLOW_CTX_TASK_ID='extract_stock_data__1' AIRFLOW_CTX_EXECUTION_DATE='2024-11-12T00:00:00+00:00' AIRFLOW_CTX_TRY_NUMBER='1' AIRFLOW_CTX_DAG_RUN_ID='scheduled__2024-11-12T00:00:00+00:00'
[2024-11-13T00:00:21.103+0000] {taskinstance.py:430} INFO - ::endgroup::
[2024-11-13T00:00:30.043+0000] {python.py:237} INFO - Done. Returned value was:                         date        open  ...  Stock Splits  symbol
0  2024-08-15 00:00:00-04:00  118.749847  ...           0.0    NVDA
1  2024-08-16 00:00:00-04:00  121.929570  ...           0.0    NVDA
2  2024-08-19 00:00:00-04:00  124.269365  ...           0.0    NVDA
3  2024-08-20 00:00:00-04:00  128.389008  ...           0.0    NVDA
4  2024-08-21 00:00:00-04:00  127.309114  ...           0.0    NVDA
..                       ...         ...  ...           ...     ...
58 2024-11-06 00:00:00-05:00  142.960007  ...           0.0    NVDA
59 2024-11-07 00:00:00-05:00  146.389999  ...           0.0    NVDA
60 2024-11-08 00:00:00-05:00  148.770004  ...           0.0    NVDA
61 2024-11-11 00:00:00-05:00  148.679993  ...           0.0    NVDA
62 2024-11-12 00:00:00-05:00  146.720001  ...           0.0    NVDA

[63 rows x 9 columns]
[2024-11-13T00:00:31.038+0000] {taskinstance.py:441} INFO - ::group::Post task execution logs
[2024-11-13T00:00:46.009+0000] {taskinstance.py:1206} INFO - Marking task as SUCCESS. dag_id=stock_price_analytics_extended, task_id=extract_stock_data__1, run_id=scheduled__2024-11-12T00:00:00+00:00, execution_date=20241112T000000, start_date=20241113T000019, end_date=20241113T000046
[2024-11-13T00:00:46.135+0000] {local_task_job_runner.py:240} INFO - Task exited with return code 0
[2024-11-13T00:00:46.244+0000] {taskinstance.py:3498} INFO - 1 downstream tasks scheduled from follow-on schedule check
[2024-11-13T00:00:46.248+0000] {local_task_job_runner.py:222} INFO - ::endgroup::
