[2024-11-15T05:03:39.017+0000] {local_task_job_runner.py:120} INFO - ::group::Pre task execution logs
[2024-11-15T05:03:39.141+0000] {taskinstance.py:2076} INFO - Dependencies all met for dep_context=non-requeueable deps ti=<TaskInstance: YfinanceToSnowflake.dbt_run manual__2024-11-15T05:01:44.502751+00:00 [queued]>
[2024-11-15T05:03:39.175+0000] {taskinstance.py:2076} INFO - Dependencies all met for dep_context=requeueable deps ti=<TaskInstance: YfinanceToSnowflake.dbt_run manual__2024-11-15T05:01:44.502751+00:00 [queued]>
[2024-11-15T05:03:39.176+0000] {taskinstance.py:2306} INFO - Starting attempt 1 of 1
[2024-11-15T05:03:39.217+0000] {taskinstance.py:2330} INFO - Executing <Task(BashOperator): dbt_run> on 2024-11-15 05:01:44.502751+00:00
[2024-11-15T05:03:39.233+0000] {logging_mixin.py:188} WARNING - /home/***/.local/lib/python3.12/site-packages/***/task/task_runner/standard_task_runner.py:61 DeprecationWarning: This process (pid=18186) is multi-threaded, use of fork() may lead to deadlocks in the child.
[2024-11-15T05:03:39.235+0000] {standard_task_runner.py:63} INFO - Started process 18197 to run task
[2024-11-15T05:03:39.233+0000] {standard_task_runner.py:90} INFO - Running: ['***', 'tasks', 'run', 'YfinanceToSnowflake', 'dbt_run', 'manual__2024-11-15T05:01:44.502751+00:00', '--job-id', '361', '--raw', '--subdir', 'DAGS_FOLDER/Conn_Forcasting_DagFile.py', '--cfg-path', '/tmp/tmpm5rcrux_']
[2024-11-15T05:03:39.237+0000] {standard_task_runner.py:91} INFO - Job 361: Subtask dbt_run
[2024-11-15T05:03:39.332+0000] {task_command.py:426} INFO - Running <TaskInstance: YfinanceToSnowflake.dbt_run manual__2024-11-15T05:01:44.502751+00:00 [running]> on host 5bbe89177473
[2024-11-15T05:03:39.903+0000] {taskinstance.py:2648} INFO - Exporting env vars: AIRFLOW_CTX_DAG_OWNER='***' AIRFLOW_CTX_DAG_ID='YfinanceToSnowflake' AIRFLOW_CTX_TASK_ID='dbt_run' AIRFLOW_CTX_EXECUTION_DATE='2024-11-15T05:01:44.502751+00:00' AIRFLOW_CTX_TRY_NUMBER='1' AIRFLOW_CTX_DAG_RUN_ID='manual__2024-11-15T05:01:44.502751+00:00'
[2024-11-15T05:03:39.929+0000] {taskinstance.py:430} INFO - ::endgroup::
[2024-11-15T05:03:39.935+0000] {subprocess.py:63} INFO - Tmp dir root location: /tmp
[2024-11-15T05:03:39.937+0000] {subprocess.py:75} INFO - Running command: ['/usr/bin/bash', '-c', 'cd /opt/***/stocks_mau && dbt run --profiles-dir /opt/***/stocks_mau']
[2024-11-15T05:03:39.989+0000] {subprocess.py:86} INFO - Output:
[2024-11-15T05:03:53.782+0000] {subprocess.py:93} INFO - [0m05:03:53  Running with dbt=1.8.7
[2024-11-15T05:04:04.836+0000] {subprocess.py:93} INFO - [0m05:04:04  Registered adapter: snowflake=1.8.4
[2024-11-15T05:04:14.366+0000] {subprocess.py:93} INFO - [0m05:04:14  Found 2 snapshots, 2 models, 4 data tests, 1 source, 459 macros
[2024-11-15T05:04:14.422+0000] {subprocess.py:93} INFO - [0m05:04:14
[2024-11-15T05:04:17.031+0000] {subprocess.py:93} INFO - [0m05:04:17  Concurrency: 1 threads (target='dev')
[2024-11-15T05:04:17.035+0000] {subprocess.py:93} INFO - [0m05:04:17
[2024-11-15T05:04:17.067+0000] {subprocess.py:93} INFO - [0m05:04:17  1 of 2 START sql incremental model analytics.moving_average .................... [RUN]
[2024-11-15T05:04:20.225+0000] {subprocess.py:93} INFO - [0m05:04:20  1 of 2 OK created sql incremental model analytics.moving_average ............... [[32mSUCCESS 0[0m in 3.14s]
[2024-11-15T05:04:20.235+0000] {subprocess.py:93} INFO - [0m05:04:20  2 of 2 START sql incremental model analytics.rsi ............................... [RUN]
[2024-11-15T05:04:22.862+0000] {subprocess.py:93} INFO - [0m05:04:22  2 of 2 OK created sql incremental model analytics.rsi .......................... [[32mSUCCESS 0[0m in 2.61s]
[2024-11-15T05:04:22.885+0000] {subprocess.py:93} INFO - [0m05:04:22
[2024-11-15T05:04:22.889+0000] {subprocess.py:93} INFO - [0m05:04:22  Finished running 2 incremental models in 0 hours 0 minutes and 8.47 seconds (8.47s).
[2024-11-15T05:04:23.174+0000] {subprocess.py:93} INFO - [0m05:04:23
[2024-11-15T05:04:23.181+0000] {subprocess.py:93} INFO - [0m05:04:23  [32mCompleted successfully[0m
[2024-11-15T05:04:23.393+0000] {subprocess.py:93} INFO - [0m05:04:23
[2024-11-15T05:04:23.441+0000] {subprocess.py:93} INFO - [0m05:04:23  Done. PASS=2 WARN=0 ERROR=0 SKIP=0 TOTAL=2
[2024-11-15T05:04:26.148+0000] {subprocess.py:97} INFO - Command exited with return code 0
[2024-11-15T05:04:26.153+0000] {taskinstance.py:441} INFO - ::group::Post task execution logs
[2024-11-15T05:04:26.374+0000] {taskinstance.py:1206} INFO - Marking task as SUCCESS. dag_id=YfinanceToSnowflake, task_id=dbt_run, run_id=manual__2024-11-15T05:01:44.502751+00:00, execution_date=20241115T050144, start_date=20241115T050339, end_date=20241115T050426
[2024-11-15T05:04:26.759+0000] {local_task_job_runner.py:240} INFO - Task exited with return code 0
[2024-11-15T05:04:26.877+0000] {taskinstance.py:3498} INFO - 1 downstream tasks scheduled from follow-on schedule check
[2024-11-15T05:04:26.888+0000] {local_task_job_runner.py:222} INFO - ::endgroup::
