[2024-11-15T05:13:05.826+0000] {local_task_job_runner.py:120} INFO - ::group::Pre task execution logs
[2024-11-15T05:13:06.197+0000] {taskinstance.py:2076} INFO - Dependencies all met for dep_context=non-requeueable deps ti=<TaskInstance: YfinanceToSnowflake.dbt_run manual__2024-11-15T05:01:44.502751+00:00 [queued]>
[2024-11-15T05:13:06.352+0000] {taskinstance.py:2076} INFO - Dependencies all met for dep_context=requeueable deps ti=<TaskInstance: YfinanceToSnowflake.dbt_run manual__2024-11-15T05:01:44.502751+00:00 [queued]>
[2024-11-15T05:13:06.364+0000] {taskinstance.py:2306} INFO - Starting attempt 2 of 2
[2024-11-15T05:13:06.428+0000] {taskinstance.py:2330} INFO - Executing <Task(BashOperator): dbt_run> on 2024-11-15 05:01:44.502751+00:00
[2024-11-15T05:13:06.459+0000] {logging_mixin.py:188} WARNING - /home/***/.local/lib/python3.12/site-packages/***/task/task_runner/standard_task_runner.py:61 DeprecationWarning: This process (pid=18641) is multi-threaded, use of fork() may lead to deadlocks in the child.
[2024-11-15T05:13:06.463+0000] {standard_task_runner.py:63} INFO - Started process 18657 to run task
[2024-11-15T05:13:06.471+0000] {standard_task_runner.py:90} INFO - Running: ['***', 'tasks', 'run', 'YfinanceToSnowflake', 'dbt_run', 'manual__2024-11-15T05:01:44.502751+00:00', '--job-id', '364', '--raw', '--subdir', 'DAGS_FOLDER/Conn_Forcasting_DagFile.py', '--cfg-path', '/tmp/tmpkptq3ui7']
[2024-11-15T05:13:06.477+0000] {standard_task_runner.py:91} INFO - Job 364: Subtask dbt_run
[2024-11-15T05:13:06.749+0000] {task_command.py:426} INFO - Running <TaskInstance: YfinanceToSnowflake.dbt_run manual__2024-11-15T05:01:44.502751+00:00 [running]> on host 5bbe89177473
[2024-11-15T05:13:08.127+0000] {taskinstance.py:2648} INFO - Exporting env vars: AIRFLOW_CTX_DAG_OWNER='***' AIRFLOW_CTX_DAG_ID='YfinanceToSnowflake' AIRFLOW_CTX_TASK_ID='dbt_run' AIRFLOW_CTX_EXECUTION_DATE='2024-11-15T05:01:44.502751+00:00' AIRFLOW_CTX_TRY_NUMBER='2' AIRFLOW_CTX_DAG_RUN_ID='manual__2024-11-15T05:01:44.502751+00:00'
[2024-11-15T05:13:08.143+0000] {taskinstance.py:430} INFO - ::endgroup::
[2024-11-15T05:13:08.179+0000] {subprocess.py:63} INFO - Tmp dir root location: /tmp
[2024-11-15T05:13:08.182+0000] {subprocess.py:75} INFO - Running command: ['/usr/bin/bash', '-c', 'cd /opt/***/stocks_mau && dbt run --profiles-dir /opt/***/stocks_mau']
[2024-11-15T05:13:08.252+0000] {subprocess.py:86} INFO - Output:
[2024-11-15T05:13:27.212+0000] {subprocess.py:93} INFO - [0m05:13:27  Running with dbt=1.8.7
[2024-11-15T05:13:31.051+0000] {subprocess.py:93} INFO - [0m05:13:31  Registered adapter: snowflake=1.8.4
[2024-11-15T05:13:34.029+0000] {subprocess.py:93} INFO - [0m05:13:34  Found 2 snapshots, 2 models, 4 data tests, 1 source, 459 macros
[2024-11-15T05:13:34.138+0000] {subprocess.py:93} INFO - [0m05:13:34
[2024-11-15T05:13:35.814+0000] {subprocess.py:93} INFO - [0m05:13:35  Concurrency: 1 threads (target='dev')
[2024-11-15T05:13:35.827+0000] {subprocess.py:93} INFO - [0m05:13:35
[2024-11-15T05:13:35.990+0000] {subprocess.py:93} INFO - [0m05:13:35  1 of 2 START sql incremental model analytics.moving_average .................... [RUN]
[2024-11-15T05:13:42.727+0000] {subprocess.py:93} INFO - [0m05:13:42  1 of 2 OK created sql incremental model analytics.moving_average ............... [[32mSUCCESS 1[0m in 6.70s]
[2024-11-15T05:13:42.760+0000] {subprocess.py:93} INFO - [0m05:13:42  2 of 2 START sql incremental model analytics.rsi ............................... [RUN]
[2024-11-15T05:13:45.485+0000] {subprocess.py:93} INFO - [0m05:13:45  2 of 2 OK created sql incremental model analytics.rsi .......................... [[32mSUCCESS 1[0m in 2.74s]
[2024-11-15T05:13:45.500+0000] {subprocess.py:93} INFO - [0m05:13:45
[2024-11-15T05:13:45.505+0000] {subprocess.py:93} INFO - [0m05:13:45  Finished running 2 incremental models in 0 hours 0 minutes and 11.36 seconds (11.36s).
[2024-11-15T05:13:45.772+0000] {subprocess.py:93} INFO - [0m05:13:45
[2024-11-15T05:13:45.774+0000] {subprocess.py:93} INFO - [0m05:13:45  [32mCompleted successfully[0m
[2024-11-15T05:13:45.776+0000] {subprocess.py:93} INFO - [0m05:13:45
[2024-11-15T05:13:45.778+0000] {subprocess.py:93} INFO - [0m05:13:45  Done. PASS=2 WARN=0 ERROR=0 SKIP=0 TOTAL=2
[2024-11-15T05:13:47.928+0000] {subprocess.py:97} INFO - Command exited with return code 0
[2024-11-15T05:13:47.931+0000] {taskinstance.py:441} INFO - ::group::Post task execution logs
[2024-11-15T05:13:48.017+0000] {taskinstance.py:1206} INFO - Marking task as SUCCESS. dag_id=YfinanceToSnowflake, task_id=dbt_run, run_id=manual__2024-11-15T05:01:44.502751+00:00, execution_date=20241115T050144, start_date=20241115T051306, end_date=20241115T051348
[2024-11-15T05:13:48.108+0000] {local_task_job_runner.py:240} INFO - Task exited with return code 0
[2024-11-15T05:13:48.226+0000] {taskinstance.py:3498} INFO - 1 downstream tasks scheduled from follow-on schedule check
[2024-11-15T05:13:48.229+0000] {local_task_job_runner.py:222} INFO - ::endgroup::
