[2024-11-14T19:59:33.681+0000] {local_task_job_runner.py:120} INFO - ::group::Pre task execution logs
[2024-11-14T19:59:34.073+0000] {taskinstance.py:2076} INFO - Dependencies all met for dep_context=non-requeueable deps ti=<TaskInstance: stock_price_analytics_extended.predictNext7Days__1 manual__2024-11-14T19:58:34.596128+00:00 [queued]>
[2024-11-14T19:59:34.185+0000] {taskinstance.py:2076} INFO - Dependencies all met for dep_context=requeueable deps ti=<TaskInstance: stock_price_analytics_extended.predictNext7Days__1 manual__2024-11-14T19:58:34.596128+00:00 [queued]>
[2024-11-14T19:59:34.194+0000] {taskinstance.py:2306} INFO - Starting attempt 1 of 2
[2024-11-14T19:59:34.299+0000] {taskinstance.py:2330} INFO - Executing <Task(_PythonDecoratedOperator): predictNext7Days__1> on 2024-11-14 19:58:34.596128+00:00
[2024-11-14T19:59:34.386+0000] {standard_task_runner.py:90} INFO - Running: ['***', 'tasks', 'run', 'stock_price_analytics_extended', 'predictNext7Days__1', 'manual__2024-11-14T19:58:34.596128+00:00', '--job-id', '255', '--raw', '--subdir', 'DAGS_FOLDER/Conn_Forcasting_DagFile.py', '--cfg-path', '/tmp/tmp1vn0_zjf']
[2024-11-14T19:59:34.417+0000] {standard_task_runner.py:91} INFO - Job 255: Subtask predictNext7Days__1
[2024-11-14T19:59:34.395+0000] {logging_mixin.py:188} WARNING - /home/***/.local/lib/python3.12/site-packages/***/task/task_runner/standard_task_runner.py:61 DeprecationWarning: This process (pid=4386) is multi-threaded, use of fork() may lead to deadlocks in the child.
[2024-11-14T19:59:34.444+0000] {standard_task_runner.py:63} INFO - Started process 4416 to run task
[2024-11-14T19:59:35.071+0000] {task_command.py:426} INFO - Running <TaskInstance: stock_price_analytics_extended.predictNext7Days__1 manual__2024-11-14T19:58:34.596128+00:00 [running]> on host 885fea738fe5
[2024-11-14T19:59:37.205+0000] {taskinstance.py:2648} INFO - Exporting env vars: AIRFLOW_CTX_DAG_OWNER='***' AIRFLOW_CTX_DAG_ID='stock_price_analytics_extended' AIRFLOW_CTX_TASK_ID='predictNext7Days__1' AIRFLOW_CTX_EXECUTION_DATE='2024-11-14T19:58:34.596128+00:00' AIRFLOW_CTX_TRY_NUMBER='1' AIRFLOW_CTX_DAG_RUN_ID='manual__2024-11-14T19:58:34.596128+00:00'
[2024-11-14T19:59:37.212+0000] {taskinstance.py:430} INFO - ::endgroup::
[2024-11-14T20:00:02.497+0000] {python.py:237} INFO - Done. Returned value was:                         date    open    high  ...   close       volume  symbol
0 2024-11-15 20:00:02.361514  147.54  148.83  ...  147.13  178042182.0    NVDA
1 2024-11-16 20:00:02.361539  147.81  148.62  ...  146.66  177652447.0    NVDA
2 2024-11-17 20:00:02.361544  147.62  148.68  ...  146.99  176957011.0    NVDA
3 2024-11-18 20:00:02.361548  147.48  148.69  ...  146.91  175245426.0    NVDA
4 2024-11-19 20:00:02.361552  147.70  148.72  ...  146.86  177775166.0    NVDA
5 2024-11-20 20:00:02.361556  147.63  148.74  ...  146.94  172115501.0    NVDA
6 2024-11-21 20:00:02.361559  147.63  148.73  ...  146.89  175531271.0    NVDA

[7 rows x 7 columns]
[2024-11-14T20:00:02.807+0000] {taskinstance.py:441} INFO - ::group::Post task execution logs
[2024-11-14T20:00:03.555+0000] {taskinstance.py:1206} INFO - Marking task as SUCCESS. dag_id=stock_price_analytics_extended, task_id=predictNext7Days__1, run_id=manual__2024-11-14T19:58:34.596128+00:00, execution_date=20241114T195834, start_date=20241114T195934, end_date=20241114T200003
[2024-11-14T20:00:03.835+0000] {local_task_job_runner.py:240} INFO - Task exited with return code 0
[2024-11-14T20:00:04.078+0000] {taskinstance.py:3498} INFO - 0 downstream tasks scheduled from follow-on schedule check
[2024-11-14T20:00:04.119+0000] {local_task_job_runner.py:222} INFO - ::endgroup::
