[2024-11-12T05:01:08.114+0000] {local_task_job_runner.py:120} INFO - ::group::Pre task execution logs
[2024-11-12T05:01:08.185+0000] {taskinstance.py:2076} INFO - Dependencies all met for dep_context=non-requeueable deps ti=<TaskInstance: stock_price_analytics_extended.predictNext7Days manual__2024-11-12T05:00:17.412384+00:00 [queued]>
[2024-11-12T05:01:08.209+0000] {taskinstance.py:2076} INFO - Dependencies all met for dep_context=requeueable deps ti=<TaskInstance: stock_price_analytics_extended.predictNext7Days manual__2024-11-12T05:00:17.412384+00:00 [queued]>
[2024-11-12T05:01:08.210+0000] {taskinstance.py:2306} INFO - Starting attempt 1 of 2
[2024-11-12T05:01:08.241+0000] {taskinstance.py:2330} INFO - Executing <Task(_PythonDecoratedOperator): predictNext7Days> on 2024-11-12 05:00:17.412384+00:00
[2024-11-12T05:01:08.270+0000] {logging_mixin.py:188} WARNING - /home/***/.local/lib/python3.12/site-packages/***/task/task_runner/standard_task_runner.py:61 DeprecationWarning: This process (pid=13715) is multi-threaded, use of fork() may lead to deadlocks in the child.
[2024-11-12T05:01:08.273+0000] {standard_task_runner.py:63} INFO - Started process 13738 to run task
[2024-11-12T05:01:08.272+0000] {standard_task_runner.py:90} INFO - Running: ['***', 'tasks', 'run', 'stock_price_analytics_extended', 'predictNext7Days', 'manual__2024-11-12T05:00:17.412384+00:00', '--job-id', '152', '--raw', '--subdir', 'DAGS_FOLDER/Conn_Forcasting_DagFile.py', '--cfg-path', '/tmp/tmpguwnb_67']
[2024-11-12T05:01:08.280+0000] {standard_task_runner.py:91} INFO - Job 152: Subtask predictNext7Days
[2024-11-12T05:01:08.594+0000] {task_command.py:426} INFO - Running <TaskInstance: stock_price_analytics_extended.predictNext7Days manual__2024-11-12T05:00:17.412384+00:00 [running]> on host d99256b0cb87
[2024-11-12T05:01:10.390+0000] {taskinstance.py:2648} INFO - Exporting env vars: AIRFLOW_CTX_DAG_OWNER='***' AIRFLOW_CTX_DAG_ID='stock_price_analytics_extended' AIRFLOW_CTX_TASK_ID='predictNext7Days' AIRFLOW_CTX_EXECUTION_DATE='2024-11-12T05:00:17.412384+00:00' AIRFLOW_CTX_TRY_NUMBER='1' AIRFLOW_CTX_DAG_RUN_ID='manual__2024-11-12T05:00:17.412384+00:00'
[2024-11-12T05:01:10.396+0000] {taskinstance.py:430} INFO - ::endgroup::
[2024-11-12T05:01:23.345+0000] {python.py:237} INFO - Done. Returned value was:                         date    open    high     low   close      volume symbol
0 2024-11-13 05:01:23.335419  168.15  169.47  165.58  167.51   9549337.0   QCOM
1 2024-11-14 05:01:23.335434  166.37  167.77  164.45  167.74  12535086.0   QCOM
2 2024-11-15 05:01:23.335438  168.79  170.46  165.04  168.93  14005305.0   QCOM
3 2024-11-16 05:01:23.335442  170.50  173.98  166.36  169.61  14354934.0   QCOM
4 2024-11-17 05:01:23.335445  170.97  174.30  166.65  169.67  12073186.0   QCOM
5 2024-11-18 05:01:23.335449  170.94  173.73  166.82  169.33  11014754.0   QCOM
6 2024-11-19 05:01:23.335452  169.98  172.72  166.77  168.93  11505750.0   QCOM
[2024-11-12T05:01:23.372+0000] {taskinstance.py:441} INFO - ::group::Post task execution logs
[2024-11-12T05:01:23.494+0000] {taskinstance.py:1206} INFO - Marking task as SUCCESS. dag_id=stock_price_analytics_extended, task_id=predictNext7Days, run_id=manual__2024-11-12T05:00:17.412384+00:00, execution_date=20241112T050017, start_date=20241112T050108, end_date=20241112T050123
[2024-11-12T05:01:23.576+0000] {local_task_job_runner.py:240} INFO - Task exited with return code 0
[2024-11-12T05:01:23.628+0000] {taskinstance.py:3498} INFO - 1 downstream tasks scheduled from follow-on schedule check
[2024-11-12T05:01:23.632+0000] {local_task_job_runner.py:222} INFO - ::endgroup::
