[2024-11-15T05:44:57.273+0000] {local_task_job_runner.py:120} INFO - ::group::Pre task execution logs
[2024-11-15T05:44:57.410+0000] {taskinstance.py:2076} INFO - Dependencies all met for dep_context=non-requeueable deps ti=<TaskInstance: YfinanceToSnowflake.dbt_run manual__2024-11-15T05:42:01.376136+00:00 [queued]>
[2024-11-15T05:44:57.439+0000] {taskinstance.py:2076} INFO - Dependencies all met for dep_context=requeueable deps ti=<TaskInstance: YfinanceToSnowflake.dbt_run manual__2024-11-15T05:42:01.376136+00:00 [queued]>
[2024-11-15T05:44:57.442+0000] {taskinstance.py:2306} INFO - Starting attempt 1 of 1
[2024-11-15T05:44:57.527+0000] {taskinstance.py:2330} INFO - Executing <Task(BashOperator): dbt_run> on 2024-11-15 05:42:01.376136+00:00
[2024-11-15T05:44:57.565+0000] {standard_task_runner.py:90} INFO - Running: ['***', 'tasks', 'run', 'YfinanceToSnowflake', 'dbt_run', 'manual__2024-11-15T05:42:01.376136+00:00', '--job-id', '377', '--raw', '--subdir', 'DAGS_FOLDER/yfinance_to_snowflake.py', '--cfg-path', '/tmp/tmpp80jzuxa']
[2024-11-15T05:44:57.575+0000] {standard_task_runner.py:91} INFO - Job 377: Subtask dbt_run
[2024-11-15T05:44:57.565+0000] {logging_mixin.py:188} WARNING - /home/***/.local/lib/python3.12/site-packages/***/task/task_runner/standard_task_runner.py:61 DeprecationWarning: This process (pid=20172) is multi-threaded, use of fork() may lead to deadlocks in the child.
[2024-11-15T05:44:57.579+0000] {standard_task_runner.py:63} INFO - Started process 20211 to run task
[2024-11-15T05:44:57.982+0000] {task_command.py:426} INFO - Running <TaskInstance: YfinanceToSnowflake.dbt_run manual__2024-11-15T05:42:01.376136+00:00 [running]> on host 5bbe89177473
[2024-11-15T05:44:58.404+0000] {taskinstance.py:2648} INFO - Exporting env vars: AIRFLOW_CTX_DAG_OWNER='***' AIRFLOW_CTX_DAG_ID='YfinanceToSnowflake' AIRFLOW_CTX_TASK_ID='dbt_run' AIRFLOW_CTX_EXECUTION_DATE='2024-11-15T05:42:01.376136+00:00' AIRFLOW_CTX_TRY_NUMBER='1' AIRFLOW_CTX_DAG_RUN_ID='manual__2024-11-15T05:42:01.376136+00:00'
[2024-11-15T05:44:58.409+0000] {taskinstance.py:430} INFO - ::endgroup::
[2024-11-15T05:44:58.411+0000] {subprocess.py:63} INFO - Tmp dir root location: /tmp
[2024-11-15T05:44:58.414+0000] {subprocess.py:75} INFO - Running command: ['/usr/bin/bash', '-c', 'cd /opt/***/stocks_mau && dbt run --profiles-dir /opt/***/stocks_mau']
[2024-11-15T05:44:58.461+0000] {subprocess.py:86} INFO - Output:
[2024-11-15T05:45:23.228+0000] {subprocess.py:93} INFO - [0m05:45:23  Running with dbt=1.8.7
[2024-11-15T05:45:44.347+0000] {subprocess.py:93} INFO - [0m05:45:44  Registered adapter: snowflake=1.8.4
[2024-11-15T05:45:56.547+0000] {subprocess.py:93} INFO - [0m05:45:56  Found 2 snapshots, 2 models, 6 data tests, 1 source, 459 macros
[2024-11-15T05:45:56.814+0000] {subprocess.py:93} INFO - [0m05:45:56
[2024-11-15T05:46:01.081+0000] {subprocess.py:93} INFO - [0m05:46:01  Concurrency: 1 threads (target='dev')
[2024-11-15T05:46:01.086+0000] {subprocess.py:93} INFO - [0m05:46:01
[2024-11-15T05:46:01.126+0000] {subprocess.py:93} INFO - [0m05:46:01  1 of 2 START sql incremental model analytics.moving_average .................... [RUN]
[2024-11-15T05:46:07.101+0000] {subprocess.py:93} INFO - [0m05:46:07  1 of 2 OK created sql incremental model analytics.moving_average ............... [[32mSUCCESS 0[0m in 5.96s]
[2024-11-15T05:46:07.115+0000] {subprocess.py:93} INFO - [0m05:46:07  2 of 2 START sql incremental model analytics.rsi ............................... [RUN]
[2024-11-15T05:46:12.294+0000] {subprocess.py:93} INFO - [0m05:46:12  2 of 2 OK created sql incremental model analytics.rsi .......................... [[32mSUCCESS 0[0m in 5.12s]
[2024-11-15T05:46:12.370+0000] {subprocess.py:93} INFO - [0m05:46:12
[2024-11-15T05:46:12.381+0000] {subprocess.py:93} INFO - [0m05:46:12  Finished running 2 incremental models in 0 hours 0 minutes and 15.56 seconds (15.56s).
[2024-11-15T05:46:13.813+0000] {subprocess.py:93} INFO - [0m05:46:13
[2024-11-15T05:46:13.820+0000] {subprocess.py:93} INFO - [0m05:46:13  [32mCompleted successfully[0m
[2024-11-15T05:46:13.831+0000] {subprocess.py:93} INFO - [0m05:46:13
[2024-11-15T05:46:13.834+0000] {subprocess.py:93} INFO - [0m05:46:13  Done. PASS=2 WARN=0 ERROR=0 SKIP=0 TOTAL=2
[2024-11-15T05:46:21.160+0000] {subprocess.py:97} INFO - Command exited with return code 0
[2024-11-15T05:46:21.180+0000] {taskinstance.py:441} INFO - ::group::Post task execution logs
[2024-11-15T05:46:22.143+0000] {taskinstance.py:1206} INFO - Marking task as SUCCESS. dag_id=YfinanceToSnowflake, task_id=dbt_run, run_id=manual__2024-11-15T05:42:01.376136+00:00, execution_date=20241115T054201, start_date=20241115T054457, end_date=20241115T054622
[2024-11-15T05:46:22.995+0000] {local_task_job_runner.py:240} INFO - Task exited with return code 0
[2024-11-15T05:46:23.476+0000] {taskinstance.py:3498} INFO - 1 downstream tasks scheduled from follow-on schedule check
[2024-11-15T05:46:23.520+0000] {local_task_job_runner.py:222} INFO - ::endgroup::
