[2024-11-12T01:37:31.743+0000] {local_task_job_runner.py:120} INFO - ::group::Pre task execution logs
[2024-11-12T01:37:31.805+0000] {taskinstance.py:2076} INFO - Dependencies all met for dep_context=non-requeueable deps ti=<TaskInstance: YfinanceToSnowflake.extract_stock_data manual__2024-11-12T01:37:27.120835+00:00 [queued]>
[2024-11-12T01:37:31.826+0000] {taskinstance.py:2076} INFO - Dependencies all met for dep_context=requeueable deps ti=<TaskInstance: YfinanceToSnowflake.extract_stock_data manual__2024-11-12T01:37:27.120835+00:00 [queued]>
[2024-11-12T01:37:31.827+0000] {taskinstance.py:2306} INFO - Starting attempt 1 of 1
[2024-11-12T01:37:31.861+0000] {taskinstance.py:2330} INFO - Executing <Task(_PythonDecoratedOperator): extract_stock_data> on 2024-11-12 01:37:27.120835+00:00
[2024-11-12T01:37:31.895+0000] {standard_task_runner.py:90} INFO - Running: ['***', 'tasks', 'run', 'YfinanceToSnowflake', 'extract_stock_data', 'manual__2024-11-12T01:37:27.120835+00:00', '--job-id', '85', '--raw', '--subdir', 'DAGS_FOLDER/yfinance_to_snowflake.py', '--cfg-path', '/tmp/tmp71qpl499']
[2024-11-12T01:37:31.906+0000] {standard_task_runner.py:91} INFO - Job 85: Subtask extract_stock_data
[2024-11-12T01:37:31.912+0000] {logging_mixin.py:188} WARNING - /home/***/.local/lib/python3.12/site-packages/***/task/task_runner/standard_task_runner.py:61 DeprecationWarning: This process (pid=6086) is multi-threaded, use of fork() may lead to deadlocks in the child.
[2024-11-12T01:37:31.915+0000] {standard_task_runner.py:63} INFO - Started process 6089 to run task
[2024-11-12T01:37:32.039+0000] {task_command.py:426} INFO - Running <TaskInstance: YfinanceToSnowflake.extract_stock_data manual__2024-11-12T01:37:27.120835+00:00 [running]> on host d99256b0cb87
[2024-11-12T01:37:32.301+0000] {taskinstance.py:2648} INFO - Exporting env vars: AIRFLOW_CTX_DAG_OWNER='***' AIRFLOW_CTX_DAG_ID='YfinanceToSnowflake' AIRFLOW_CTX_TASK_ID='extract_stock_data' AIRFLOW_CTX_EXECUTION_DATE='2024-11-12T01:37:27.120835+00:00' AIRFLOW_CTX_TRY_NUMBER='1' AIRFLOW_CTX_DAG_RUN_ID='manual__2024-11-12T01:37:27.120835+00:00'
[2024-11-12T01:37:32.327+0000] {taskinstance.py:430} INFO - ::endgroup::
[2024-11-12T01:37:34.163+0000] {python.py:237} INFO - Done. Returned value was:                         date        open  ...  Stock Splits  symbol
0  2024-08-14 00:00:00-04:00  220.327604  ...           0.0    AAPL
1  2024-08-15 00:00:00-04:00  224.353174  ...           0.0    AAPL
2  2024-08-16 00:00:00-04:00  223.673911  ...           0.0    AAPL
3  2024-08-19 00:00:00-04:00  225.471943  ...           0.0    AAPL
4  2024-08-20 00:00:00-04:00  225.521886  ...           0.0    AAPL
..                       ...         ...  ...           ...     ...
58 2024-11-05 00:00:00-05:00  221.556241  ...           0.0    AAPL
59 2024-11-06 00:00:00-05:00  222.365355  ...           0.0    AAPL
60 2024-11-07 00:00:00-05:00  224.383137  ...           0.0    AAPL
61 2024-11-08 00:00:00-05:00  227.169998  ...           0.0    AAPL
62 2024-11-11 00:00:00-05:00  225.054993  ...           0.0    AAPL

[63 rows x 9 columns]
[2024-11-12T01:37:34.280+0000] {taskinstance.py:441} INFO - ::group::Post task execution logs
[2024-11-12T01:37:35.005+0000] {taskinstance.py:1206} INFO - Marking task as SUCCESS. dag_id=YfinanceToSnowflake, task_id=extract_stock_data, run_id=manual__2024-11-12T01:37:27.120835+00:00, execution_date=20241112T013727, start_date=20241112T013731, end_date=20241112T013735
[2024-11-12T01:37:35.176+0000] {local_task_job_runner.py:240} INFO - Task exited with return code 0
[2024-11-12T01:37:35.417+0000] {taskinstance.py:3498} INFO - 1 downstream tasks scheduled from follow-on schedule check
[2024-11-12T01:37:35.433+0000] {local_task_job_runner.py:222} INFO - ::endgroup::
