[2024-11-15T04:43:38.844+0000] {local_task_job_runner.py:120} INFO - ::group::Pre task execution logs
[2024-11-15T04:43:38.919+0000] {taskinstance.py:2076} INFO - Dependencies all met for dep_context=non-requeueable deps ti=<TaskInstance: YfinanceToSnowflake.dbt_run manual__2024-11-15T04:42:23.863638+00:00 [queued]>
[2024-11-15T04:43:38.947+0000] {taskinstance.py:2076} INFO - Dependencies all met for dep_context=requeueable deps ti=<TaskInstance: YfinanceToSnowflake.dbt_run manual__2024-11-15T04:42:23.863638+00:00 [queued]>
[2024-11-15T04:43:38.948+0000] {taskinstance.py:2306} INFO - Starting attempt 1 of 1
[2024-11-15T04:43:38.988+0000] {taskinstance.py:2330} INFO - Executing <Task(BashOperator): dbt_run> on 2024-11-15 04:42:23.863638+00:00
[2024-11-15T04:43:39.012+0000] {logging_mixin.py:188} WARNING - /home/***/.local/lib/python3.12/site-packages/***/task/task_runner/standard_task_runner.py:61 DeprecationWarning: This process (pid=17154) is multi-threaded, use of fork() may lead to deadlocks in the child.
[2024-11-15T04:43:39.014+0000] {standard_task_runner.py:63} INFO - Started process 17177 to run task
[2024-11-15T04:43:39.013+0000] {standard_task_runner.py:90} INFO - Running: ['***', 'tasks', 'run', 'YfinanceToSnowflake', 'dbt_run', 'manual__2024-11-15T04:42:23.863638+00:00', '--job-id', '346', '--raw', '--subdir', 'DAGS_FOLDER/Conn_Forcasting_DagFile.py', '--cfg-path', '/tmp/tmpnnycua3b']
[2024-11-15T04:43:39.020+0000] {standard_task_runner.py:91} INFO - Job 346: Subtask dbt_run
[2024-11-15T04:43:39.144+0000] {task_command.py:426} INFO - Running <TaskInstance: YfinanceToSnowflake.dbt_run manual__2024-11-15T04:42:23.863638+00:00 [running]> on host 5bbe89177473
[2024-11-15T04:43:40.033+0000] {taskinstance.py:2648} INFO - Exporting env vars: AIRFLOW_CTX_DAG_OWNER='***' AIRFLOW_CTX_DAG_ID='YfinanceToSnowflake' AIRFLOW_CTX_TASK_ID='dbt_run' AIRFLOW_CTX_EXECUTION_DATE='2024-11-15T04:42:23.863638+00:00' AIRFLOW_CTX_TRY_NUMBER='1' AIRFLOW_CTX_DAG_RUN_ID='manual__2024-11-15T04:42:23.863638+00:00'
[2024-11-15T04:43:40.037+0000] {taskinstance.py:430} INFO - ::endgroup::
[2024-11-15T04:43:40.039+0000] {subprocess.py:63} INFO - Tmp dir root location: /tmp
[2024-11-15T04:43:40.043+0000] {subprocess.py:75} INFO - Running command: ['/usr/bin/bash', '-c', 'cd /opt/***/stocks_mau && dbt run --profiles-dir /opt/***/stocks_mau']
[2024-11-15T04:43:40.119+0000] {subprocess.py:86} INFO - Output:
[2024-11-15T04:44:17.047+0000] {subprocess.py:93} INFO - [0m04:44:17  Running with dbt=1.8.7
[2024-11-15T04:44:58.262+0000] {subprocess.py:93} INFO - [0m04:44:58  Registered adapter: snowflake=1.8.4
[2024-11-15T04:45:05.368+0000] {subprocess.py:93} INFO - [0m04:45:05  Found 2 snapshots, 2 models, 4 data tests, 1 source, 459 macros
[2024-11-15T04:45:05.390+0000] {subprocess.py:93} INFO - [0m04:45:05
[2024-11-15T04:45:10.288+0000] {subprocess.py:93} INFO - [0m04:45:10  Concurrency: 1 threads (target='dev')
[2024-11-15T04:45:10.339+0000] {subprocess.py:93} INFO - [0m04:45:10
[2024-11-15T04:45:10.660+0000] {subprocess.py:93} INFO - [0m04:45:10  1 of 2 START sql incremental model analytics.moving_average .................... [RUN]
[2024-11-15T04:45:26.863+0000] {subprocess.py:93} INFO - [0m04:45:26  1 of 2 OK created sql incremental model analytics.moving_average ............... [[32mSUCCESS 0[0m in 15.80s]
[2024-11-15T04:45:27.008+0000] {subprocess.py:93} INFO - [0m04:45:27  2 of 2 START sql incremental model analytics.rsi ............................... [RUN]
[2024-11-15T04:45:36.037+0000] {subprocess.py:93} INFO - [0m04:45:36  2 of 2 OK created sql incremental model analytics.rsi .......................... [[32mSUCCESS 0[0m in 9.00s]
[2024-11-15T04:45:36.098+0000] {subprocess.py:93} INFO - [0m04:45:36
[2024-11-15T04:45:36.111+0000] {subprocess.py:93} INFO - [0m04:45:36  Finished running 2 incremental models in 0 hours 0 minutes and 30.70 seconds (30.70s).
[2024-11-15T04:45:36.703+0000] {subprocess.py:93} INFO - [0m04:45:36
[2024-11-15T04:45:36.792+0000] {subprocess.py:93} INFO - [0m04:45:36  [32mCompleted successfully[0m
[2024-11-15T04:45:36.808+0000] {subprocess.py:93} INFO - [0m04:45:36
[2024-11-15T04:45:36.813+0000] {subprocess.py:93} INFO - [0m04:45:36  Done. PASS=2 WARN=0 ERROR=0 SKIP=0 TOTAL=2
[2024-11-15T04:45:46.249+0000] {subprocess.py:97} INFO - Command exited with return code 0
[2024-11-15T04:45:46.296+0000] {taskinstance.py:441} INFO - ::group::Post task execution logs
[2024-11-15T04:45:46.969+0000] {taskinstance.py:1206} INFO - Marking task as SUCCESS. dag_id=YfinanceToSnowflake, task_id=dbt_run, run_id=manual__2024-11-15T04:42:23.863638+00:00, execution_date=20241115T044223, start_date=20241115T044338, end_date=20241115T044546
[2024-11-15T04:45:47.563+0000] {local_task_job_runner.py:240} INFO - Task exited with return code 0
[2024-11-15T04:45:47.974+0000] {taskinstance.py:3498} INFO - 1 downstream tasks scheduled from follow-on schedule check
[2024-11-15T04:45:48.017+0000] {local_task_job_runner.py:222} INFO - ::endgroup::
