[2024-11-15T00:15:26.416+0000] {local_task_job_runner.py:120} INFO - ::group::Pre task execution logs
[2024-11-15T00:15:26.587+0000] {taskinstance.py:2076} INFO - Dependencies all met for dep_context=non-requeueable deps ti=<TaskInstance: YfinanceToSnowflake.dbt_run manual__2024-11-15T00:15:18.692801+00:00 [queued]>
[2024-11-15T00:15:26.659+0000] {taskinstance.py:2076} INFO - Dependencies all met for dep_context=requeueable deps ti=<TaskInstance: YfinanceToSnowflake.dbt_run manual__2024-11-15T00:15:18.692801+00:00 [queued]>
[2024-11-15T00:15:26.661+0000] {taskinstance.py:2306} INFO - Starting attempt 1 of 1
[2024-11-15T00:15:26.704+0000] {taskinstance.py:2330} INFO - Executing <Task(BashOperator): dbt_run> on 2024-11-15 00:15:18.692801+00:00
[2024-11-15T00:15:26.725+0000] {standard_task_runner.py:90} INFO - Running: ['***', 'tasks', 'run', 'YfinanceToSnowflake', 'dbt_run', 'manual__2024-11-15T00:15:18.692801+00:00', '--job-id', '301', '--raw', '--subdir', 'DAGS_FOLDER/yfinance_to_snowflake.py', '--cfg-path', '/tmp/tmpcai4thcg']
[2024-11-15T00:15:26.740+0000] {standard_task_runner.py:91} INFO - Job 301: Subtask dbt_run
[2024-11-15T00:15:26.745+0000] {logging_mixin.py:188} WARNING - /home/***/.local/lib/python3.12/site-packages/***/task/task_runner/standard_task_runner.py:61 DeprecationWarning: This process (pid=5189) is multi-threaded, use of fork() may lead to deadlocks in the child.
[2024-11-15T00:15:26.754+0000] {standard_task_runner.py:63} INFO - Started process 5194 to run task
[2024-11-15T00:15:26.975+0000] {task_command.py:426} INFO - Running <TaskInstance: YfinanceToSnowflake.dbt_run manual__2024-11-15T00:15:18.692801+00:00 [running]> on host 5bbe89177473
[2024-11-15T00:15:27.469+0000] {taskinstance.py:2648} INFO - Exporting env vars: AIRFLOW_CTX_DAG_OWNER='***' AIRFLOW_CTX_DAG_ID='YfinanceToSnowflake' AIRFLOW_CTX_TASK_ID='dbt_run' AIRFLOW_CTX_EXECUTION_DATE='2024-11-15T00:15:18.692801+00:00' AIRFLOW_CTX_TRY_NUMBER='1' AIRFLOW_CTX_DAG_RUN_ID='manual__2024-11-15T00:15:18.692801+00:00'
[2024-11-15T00:15:27.500+0000] {taskinstance.py:430} INFO - ::endgroup::
[2024-11-15T00:15:27.504+0000] {subprocess.py:63} INFO - Tmp dir root location: /tmp
[2024-11-15T00:15:27.506+0000] {subprocess.py:75} INFO - Running command: ['/usr/bin/bash', '-c', 'cd /opt/***/stocks_mau && dbt run --profiles-dir /opt/***/stocks_mau']
[2024-11-15T00:15:27.539+0000] {subprocess.py:86} INFO - Output:
[2024-11-15T00:15:59.574+0000] {subprocess.py:93} INFO - [0m00:15:59  Running with dbt=1.8.7
[2024-11-15T00:16:11.298+0000] {subprocess.py:93} INFO - [0m00:16:11  Registered adapter: snowflake=1.8.4
[2024-11-15T00:16:15.200+0000] {subprocess.py:93} INFO - [0m00:16:15  [[33mWARNING[0m]: Deprecated functionality
[2024-11-15T00:16:15.203+0000] {subprocess.py:93} INFO - The `tests` config has been renamed to `data_tests`. Please see
[2024-11-15T00:16:15.204+0000] {subprocess.py:93} INFO - https://docs.getdbt.com/docs/build/data-tests#new-data_tests-syntax for more
[2024-11-15T00:16:15.227+0000] {subprocess.py:93} INFO - information.
[2024-11-15T00:16:17.972+0000] {subprocess.py:93} INFO - [0m00:16:17  Found 4 models, 8 data tests, 2 snapshots, 1 source, 459 macros
[2024-11-15T00:16:17.990+0000] {subprocess.py:93} INFO - [0m00:16:17
[2024-11-15T00:16:20.694+0000] {subprocess.py:93} INFO - [0m00:16:20  Concurrency: 1 threads (target='dev')
[2024-11-15T00:16:20.696+0000] {subprocess.py:93} INFO - [0m00:16:20
[2024-11-15T00:16:20.740+0000] {subprocess.py:93} INFO - [0m00:16:20  1 of 4 START sql incremental model analytics.moving_average .................... [RUN]
[2024-11-15T00:16:36.335+0000] {subprocess.py:93} INFO - [0m00:16:36  1 of 4 OK created sql incremental model analytics.moving_average ............... [[32mSUCCESS 0[0m in 15.53s]
[2024-11-15T00:16:36.388+0000] {subprocess.py:93} INFO - [0m00:16:36  2 of 4 START sql table model analytics.my_first_dbt_model ...................... [RUN]
[2024-11-15T00:16:38.909+0000] {subprocess.py:93} INFO - [0m00:16:38  2 of 4 OK created sql table model analytics.my_first_dbt_model ................. [[32mSUCCESS 1[0m in 2.50s]
[2024-11-15T00:16:38.920+0000] {subprocess.py:93} INFO - [0m00:16:38  3 of 4 START sql incremental model analytics.rsi ............................... [RUN]
[2024-11-15T00:16:43.195+0000] {subprocess.py:93} INFO - [0m00:16:43  3 of 4 OK created sql incremental model analytics.rsi .......................... [[32mSUCCESS 0[0m in 4.26s]
[2024-11-15T00:16:43.225+0000] {subprocess.py:93} INFO - [0m00:16:43  4 of 4 START sql view model analytics.my_second_dbt_model ...................... [RUN]
[2024-11-15T00:16:45.121+0000] {subprocess.py:93} INFO - [0m00:16:45  4 of 4 OK created sql view model analytics.my_second_dbt_model ................. [[32mSUCCESS 1[0m in 1.89s]
[2024-11-15T00:16:45.179+0000] {subprocess.py:93} INFO - [0m00:16:45
[2024-11-15T00:16:45.196+0000] {subprocess.py:93} INFO - [0m00:16:45  Finished running 2 incremental models, 1 table model, 1 view model in 0 hours 0 minutes and 27.18 seconds (27.18s).
[2024-11-15T00:16:46.713+0000] {subprocess.py:93} INFO - [0m00:16:46
[2024-11-15T00:16:46.718+0000] {subprocess.py:93} INFO - [0m00:16:46  [32mCompleted successfully[0m
[2024-11-15T00:16:46.728+0000] {subprocess.py:93} INFO - [0m00:16:46
[2024-11-15T00:16:46.743+0000] {subprocess.py:93} INFO - [0m00:16:46  Done. PASS=4 WARN=0 ERROR=0 SKIP=0 TOTAL=4
[2024-11-15T00:16:49.307+0000] {subprocess.py:97} INFO - Command exited with return code 0
[2024-11-15T00:16:49.310+0000] {taskinstance.py:441} INFO - ::group::Post task execution logs
[2024-11-15T00:16:49.390+0000] {taskinstance.py:1206} INFO - Marking task as SUCCESS. dag_id=YfinanceToSnowflake, task_id=dbt_run, run_id=manual__2024-11-15T00:15:18.692801+00:00, execution_date=20241115T001518, start_date=20241115T001526, end_date=20241115T001649
[2024-11-15T00:16:49.460+0000] {local_task_job_runner.py:240} INFO - Task exited with return code 0
[2024-11-15T00:16:49.529+0000] {taskinstance.py:3498} INFO - 1 downstream tasks scheduled from follow-on schedule check
[2024-11-15T00:16:49.533+0000] {local_task_job_runner.py:222} INFO - ::endgroup::
