[2024-11-11T23:23:59.860+0000] {processor.py:161} INFO - Started process (PID=1186) to work on /opt/airflow/dags/yfinance_to_snowflake.py
[2024-11-11T23:23:59.868+0000] {processor.py:830} INFO - Processing file /opt/airflow/dags/yfinance_to_snowflake.py for tasks to queue
[2024-11-11T23:23:59.878+0000] {logging_mixin.py:188} INFO - [2024-11-11T23:23:59.877+0000] {dagbag.py:545} INFO - Filling up the DagBag from /opt/airflow/dags/yfinance_to_snowflake.py
[2024-11-11T23:24:00.890+0000] {processor.py:840} INFO - DAG(s) 'YfinanceToSnowflake' retrieved from /opt/airflow/dags/yfinance_to_snowflake.py
[2024-11-11T23:24:01.296+0000] {logging_mixin.py:188} INFO - [2024-11-11T23:24:01.294+0000] {dag.py:3096} INFO - Sync 1 DAGs
[2024-11-11T23:24:01.354+0000] {logging_mixin.py:188} INFO - [2024-11-11T23:24:01.354+0000] {dag.py:3954} INFO - Setting next_dagrun for YfinanceToSnowflake to 2024-11-10 02:30:00+00:00, run_after=2024-11-11 02:30:00+00:00
[2024-11-11T23:24:01.442+0000] {processor.py:183} INFO - Processing /opt/airflow/dags/yfinance_to_snowflake.py took 1.598 seconds
[2024-11-11T23:24:31.786+0000] {processor.py:161} INFO - Started process (PID=1217) to work on /opt/airflow/dags/yfinance_to_snowflake.py
[2024-11-11T23:24:31.789+0000] {processor.py:830} INFO - Processing file /opt/airflow/dags/yfinance_to_snowflake.py for tasks to queue
[2024-11-11T23:24:31.797+0000] {logging_mixin.py:188} INFO - [2024-11-11T23:24:31.796+0000] {dagbag.py:545} INFO - Filling up the DagBag from /opt/airflow/dags/yfinance_to_snowflake.py
[2024-11-11T23:24:32.064+0000] {processor.py:840} INFO - DAG(s) 'YfinanceToSnowflake' retrieved from /opt/airflow/dags/yfinance_to_snowflake.py
[2024-11-11T23:24:32.298+0000] {logging_mixin.py:188} INFO - [2024-11-11T23:24:32.297+0000] {dag.py:3096} INFO - Sync 1 DAGs
[2024-11-11T23:24:32.326+0000] {logging_mixin.py:188} INFO - [2024-11-11T23:24:32.325+0000] {dag.py:3954} INFO - Setting next_dagrun for YfinanceToSnowflake to 2024-11-11 02:30:00+00:00, run_after=2024-11-12 02:30:00+00:00
[2024-11-11T23:24:32.353+0000] {processor.py:183} INFO - Processing /opt/airflow/dags/yfinance_to_snowflake.py took 0.584 seconds
[2024-11-11T23:25:02.624+0000] {processor.py:161} INFO - Started process (PID=1237) to work on /opt/airflow/dags/yfinance_to_snowflake.py
[2024-11-11T23:25:02.626+0000] {processor.py:830} INFO - Processing file /opt/airflow/dags/yfinance_to_snowflake.py for tasks to queue
[2024-11-11T23:25:02.629+0000] {logging_mixin.py:188} INFO - [2024-11-11T23:25:02.629+0000] {dagbag.py:545} INFO - Filling up the DagBag from /opt/airflow/dags/yfinance_to_snowflake.py
[2024-11-11T23:25:03.171+0000] {processor.py:840} INFO - DAG(s) 'YfinanceToSnowflake' retrieved from /opt/airflow/dags/yfinance_to_snowflake.py
[2024-11-11T23:25:03.206+0000] {logging_mixin.py:188} INFO - [2024-11-11T23:25:03.206+0000] {dag.py:3096} INFO - Sync 1 DAGs
[2024-11-11T23:25:03.236+0000] {logging_mixin.py:188} INFO - [2024-11-11T23:25:03.236+0000] {dag.py:3954} INFO - Setting next_dagrun for YfinanceToSnowflake to 2024-11-11 02:30:00+00:00, run_after=2024-11-12 02:30:00+00:00
[2024-11-11T23:25:03.317+0000] {processor.py:183} INFO - Processing /opt/airflow/dags/yfinance_to_snowflake.py took 0.705 seconds
[2024-11-11T23:25:34.091+0000] {processor.py:161} INFO - Started process (PID=1269) to work on /opt/airflow/dags/yfinance_to_snowflake.py
[2024-11-11T23:25:34.099+0000] {processor.py:830} INFO - Processing file /opt/airflow/dags/yfinance_to_snowflake.py for tasks to queue
[2024-11-11T23:25:34.122+0000] {logging_mixin.py:188} INFO - [2024-11-11T23:25:34.122+0000] {dagbag.py:545} INFO - Filling up the DagBag from /opt/airflow/dags/yfinance_to_snowflake.py
[2024-11-11T23:25:34.686+0000] {processor.py:840} INFO - DAG(s) 'YfinanceToSnowflake' retrieved from /opt/airflow/dags/yfinance_to_snowflake.py
[2024-11-11T23:25:34.759+0000] {logging_mixin.py:188} INFO - [2024-11-11T23:25:34.758+0000] {dag.py:3096} INFO - Sync 1 DAGs
[2024-11-11T23:25:34.796+0000] {logging_mixin.py:188} INFO - [2024-11-11T23:25:34.795+0000] {dag.py:3954} INFO - Setting next_dagrun for YfinanceToSnowflake to 2024-11-11 02:30:00+00:00, run_after=2024-11-12 02:30:00+00:00
[2024-11-11T23:25:34.841+0000] {processor.py:183} INFO - Processing /opt/airflow/dags/yfinance_to_snowflake.py took 0.774 seconds
[2024-11-11T23:26:05.511+0000] {processor.py:161} INFO - Started process (PID=1290) to work on /opt/airflow/dags/yfinance_to_snowflake.py
[2024-11-11T23:26:05.513+0000] {processor.py:830} INFO - Processing file /opt/airflow/dags/yfinance_to_snowflake.py for tasks to queue
[2024-11-11T23:26:05.516+0000] {logging_mixin.py:188} INFO - [2024-11-11T23:26:05.516+0000] {dagbag.py:545} INFO - Filling up the DagBag from /opt/airflow/dags/yfinance_to_snowflake.py
[2024-11-11T23:26:05.719+0000] {processor.py:840} INFO - DAG(s) 'YfinanceToSnowflake' retrieved from /opt/airflow/dags/yfinance_to_snowflake.py
[2024-11-11T23:26:05.758+0000] {logging_mixin.py:188} INFO - [2024-11-11T23:26:05.757+0000] {dag.py:3096} INFO - Sync 1 DAGs
[2024-11-11T23:26:05.997+0000] {logging_mixin.py:188} INFO - [2024-11-11T23:26:05.997+0000] {dag.py:3954} INFO - Setting next_dagrun for YfinanceToSnowflake to 2024-11-11 02:30:00+00:00, run_after=2024-11-12 02:30:00+00:00
[2024-11-11T23:26:06.027+0000] {processor.py:183} INFO - Processing /opt/airflow/dags/yfinance_to_snowflake.py took 0.526 seconds
[2024-11-11T23:26:36.323+0000] {processor.py:161} INFO - Started process (PID=1317) to work on /opt/airflow/dags/yfinance_to_snowflake.py
[2024-11-11T23:26:36.325+0000] {processor.py:830} INFO - Processing file /opt/airflow/dags/yfinance_to_snowflake.py for tasks to queue
[2024-11-11T23:26:36.330+0000] {logging_mixin.py:188} INFO - [2024-11-11T23:26:36.329+0000] {dagbag.py:545} INFO - Filling up the DagBag from /opt/airflow/dags/yfinance_to_snowflake.py
[2024-11-11T23:26:36.645+0000] {processor.py:840} INFO - DAG(s) 'YfinanceToSnowflake' retrieved from /opt/airflow/dags/yfinance_to_snowflake.py
[2024-11-11T23:26:36.956+0000] {logging_mixin.py:188} INFO - [2024-11-11T23:26:36.953+0000] {dag.py:3096} INFO - Sync 1 DAGs
[2024-11-11T23:26:37.036+0000] {logging_mixin.py:188} INFO - [2024-11-11T23:26:37.033+0000] {dag.py:3954} INFO - Setting next_dagrun for YfinanceToSnowflake to 2024-11-11 02:30:00+00:00, run_after=2024-11-12 02:30:00+00:00
[2024-11-11T23:26:37.104+0000] {processor.py:183} INFO - Processing /opt/airflow/dags/yfinance_to_snowflake.py took 0.803 seconds
[2024-11-11T23:27:07.671+0000] {processor.py:161} INFO - Started process (PID=1347) to work on /opt/airflow/dags/yfinance_to_snowflake.py
[2024-11-11T23:27:07.673+0000] {processor.py:830} INFO - Processing file /opt/airflow/dags/yfinance_to_snowflake.py for tasks to queue
[2024-11-11T23:27:07.678+0000] {logging_mixin.py:188} INFO - [2024-11-11T23:27:07.678+0000] {dagbag.py:545} INFO - Filling up the DagBag from /opt/airflow/dags/yfinance_to_snowflake.py
[2024-11-11T23:27:08.063+0000] {processor.py:840} INFO - DAG(s) 'YfinanceToSnowflake' retrieved from /opt/airflow/dags/yfinance_to_snowflake.py
[2024-11-11T23:27:08.163+0000] {logging_mixin.py:188} INFO - [2024-11-11T23:27:08.162+0000] {dag.py:3096} INFO - Sync 1 DAGs
[2024-11-11T23:27:08.310+0000] {logging_mixin.py:188} INFO - [2024-11-11T23:27:08.310+0000] {dag.py:3954} INFO - Setting next_dagrun for YfinanceToSnowflake to 2024-11-11 02:30:00+00:00, run_after=2024-11-12 02:30:00+00:00
[2024-11-11T23:27:08.366+0000] {processor.py:183} INFO - Processing /opt/airflow/dags/yfinance_to_snowflake.py took 0.707 seconds
[2024-11-11T23:27:38.705+0000] {processor.py:161} INFO - Started process (PID=1368) to work on /opt/airflow/dags/yfinance_to_snowflake.py
[2024-11-11T23:27:38.722+0000] {processor.py:830} INFO - Processing file /opt/airflow/dags/yfinance_to_snowflake.py for tasks to queue
[2024-11-11T23:27:38.733+0000] {logging_mixin.py:188} INFO - [2024-11-11T23:27:38.731+0000] {dagbag.py:545} INFO - Filling up the DagBag from /opt/airflow/dags/yfinance_to_snowflake.py
[2024-11-11T23:27:41.076+0000] {processor.py:840} INFO - DAG(s) 'YfinanceToSnowflake' retrieved from /opt/airflow/dags/yfinance_to_snowflake.py
[2024-11-11T23:27:41.186+0000] {logging_mixin.py:188} INFO - [2024-11-11T23:27:41.185+0000] {dag.py:3096} INFO - Sync 1 DAGs
[2024-11-11T23:27:41.251+0000] {logging_mixin.py:188} INFO - [2024-11-11T23:27:41.250+0000] {dag.py:3954} INFO - Setting next_dagrun for YfinanceToSnowflake to 2024-11-11 02:30:00+00:00, run_after=2024-11-12 02:30:00+00:00
[2024-11-11T23:27:41.401+0000] {processor.py:183} INFO - Processing /opt/airflow/dags/yfinance_to_snowflake.py took 2.735 seconds
[2024-11-11T23:28:11.883+0000] {processor.py:161} INFO - Started process (PID=1389) to work on /opt/airflow/dags/yfinance_to_snowflake.py
[2024-11-11T23:28:11.896+0000] {processor.py:830} INFO - Processing file /opt/airflow/dags/yfinance_to_snowflake.py for tasks to queue
[2024-11-11T23:28:11.906+0000] {logging_mixin.py:188} INFO - [2024-11-11T23:28:11.905+0000] {dagbag.py:545} INFO - Filling up the DagBag from /opt/airflow/dags/yfinance_to_snowflake.py
[2024-11-11T23:28:13.025+0000] {processor.py:840} INFO - DAG(s) 'YfinanceToSnowflake' retrieved from /opt/airflow/dags/yfinance_to_snowflake.py
[2024-11-11T23:28:13.162+0000] {logging_mixin.py:188} INFO - [2024-11-11T23:28:13.161+0000] {dag.py:3096} INFO - Sync 1 DAGs
[2024-11-11T23:28:13.257+0000] {logging_mixin.py:188} INFO - [2024-11-11T23:28:13.256+0000] {dag.py:3954} INFO - Setting next_dagrun for YfinanceToSnowflake to 2024-11-11 02:30:00+00:00, run_after=2024-11-12 02:30:00+00:00
[2024-11-11T23:28:13.702+0000] {processor.py:183} INFO - Processing /opt/airflow/dags/yfinance_to_snowflake.py took 1.862 seconds
[2024-11-11T23:28:44.294+0000] {processor.py:161} INFO - Started process (PID=1410) to work on /opt/airflow/dags/yfinance_to_snowflake.py
[2024-11-11T23:28:44.306+0000] {processor.py:830} INFO - Processing file /opt/airflow/dags/yfinance_to_snowflake.py for tasks to queue
[2024-11-11T23:28:44.332+0000] {logging_mixin.py:188} INFO - [2024-11-11T23:28:44.321+0000] {dagbag.py:545} INFO - Filling up the DagBag from /opt/airflow/dags/yfinance_to_snowflake.py
[2024-11-11T23:28:45.496+0000] {processor.py:840} INFO - DAG(s) 'YfinanceToSnowflake' retrieved from /opt/airflow/dags/yfinance_to_snowflake.py
[2024-11-11T23:28:45.569+0000] {logging_mixin.py:188} INFO - [2024-11-11T23:28:45.567+0000] {dag.py:3096} INFO - Sync 1 DAGs
[2024-11-11T23:28:45.924+0000] {logging_mixin.py:188} INFO - [2024-11-11T23:28:45.924+0000] {dag.py:3954} INFO - Setting next_dagrun for YfinanceToSnowflake to 2024-11-11 02:30:00+00:00, run_after=2024-11-12 02:30:00+00:00
[2024-11-11T23:28:46.028+0000] {processor.py:183} INFO - Processing /opt/airflow/dags/yfinance_to_snowflake.py took 1.857 seconds
[2024-11-11T23:29:16.776+0000] {processor.py:161} INFO - Started process (PID=1431) to work on /opt/airflow/dags/yfinance_to_snowflake.py
[2024-11-11T23:29:16.779+0000] {processor.py:830} INFO - Processing file /opt/airflow/dags/yfinance_to_snowflake.py for tasks to queue
[2024-11-11T23:29:16.784+0000] {logging_mixin.py:188} INFO - [2024-11-11T23:29:16.783+0000] {dagbag.py:545} INFO - Filling up the DagBag from /opt/airflow/dags/yfinance_to_snowflake.py
[2024-11-11T23:29:17.665+0000] {processor.py:840} INFO - DAG(s) 'YfinanceToSnowflake' retrieved from /opt/airflow/dags/yfinance_to_snowflake.py
[2024-11-11T23:29:17.753+0000] {logging_mixin.py:188} INFO - [2024-11-11T23:29:17.752+0000] {dag.py:3096} INFO - Sync 1 DAGs
[2024-11-11T23:29:17.822+0000] {logging_mixin.py:188} INFO - [2024-11-11T23:29:17.822+0000] {dag.py:3954} INFO - Setting next_dagrun for YfinanceToSnowflake to 2024-11-11 02:30:00+00:00, run_after=2024-11-12 02:30:00+00:00
[2024-11-11T23:29:17.862+0000] {processor.py:183} INFO - Processing /opt/airflow/dags/yfinance_to_snowflake.py took 1.102 seconds
[2024-11-11T23:29:48.360+0000] {processor.py:161} INFO - Started process (PID=1452) to work on /opt/airflow/dags/yfinance_to_snowflake.py
[2024-11-11T23:29:48.362+0000] {processor.py:830} INFO - Processing file /opt/airflow/dags/yfinance_to_snowflake.py for tasks to queue
[2024-11-11T23:29:48.365+0000] {logging_mixin.py:188} INFO - [2024-11-11T23:29:48.364+0000] {dagbag.py:545} INFO - Filling up the DagBag from /opt/airflow/dags/yfinance_to_snowflake.py
[2024-11-11T23:29:48.872+0000] {processor.py:840} INFO - DAG(s) 'YfinanceToSnowflake' retrieved from /opt/airflow/dags/yfinance_to_snowflake.py
[2024-11-11T23:29:48.922+0000] {logging_mixin.py:188} INFO - [2024-11-11T23:29:48.921+0000] {dag.py:3096} INFO - Sync 1 DAGs
[2024-11-11T23:29:48.965+0000] {logging_mixin.py:188} INFO - [2024-11-11T23:29:48.965+0000] {dag.py:3954} INFO - Setting next_dagrun for YfinanceToSnowflake to 2024-11-11 02:30:00+00:00, run_after=2024-11-12 02:30:00+00:00
[2024-11-11T23:29:49.014+0000] {processor.py:183} INFO - Processing /opt/airflow/dags/yfinance_to_snowflake.py took 0.663 seconds
[2024-11-11T23:30:19.646+0000] {processor.py:161} INFO - Started process (PID=1472) to work on /opt/airflow/dags/yfinance_to_snowflake.py
[2024-11-11T23:30:19.649+0000] {processor.py:830} INFO - Processing file /opt/airflow/dags/yfinance_to_snowflake.py for tasks to queue
[2024-11-11T23:30:19.656+0000] {logging_mixin.py:188} INFO - [2024-11-11T23:30:19.655+0000] {dagbag.py:545} INFO - Filling up the DagBag from /opt/airflow/dags/yfinance_to_snowflake.py
[2024-11-11T23:30:20.527+0000] {processor.py:840} INFO - DAG(s) 'YfinanceToSnowflake' retrieved from /opt/airflow/dags/yfinance_to_snowflake.py
[2024-11-11T23:30:20.562+0000] {logging_mixin.py:188} INFO - [2024-11-11T23:30:20.561+0000] {dag.py:3096} INFO - Sync 1 DAGs
[2024-11-11T23:30:20.600+0000] {logging_mixin.py:188} INFO - [2024-11-11T23:30:20.599+0000] {dag.py:3954} INFO - Setting next_dagrun for YfinanceToSnowflake to 2024-11-11 02:30:00+00:00, run_after=2024-11-12 02:30:00+00:00
[2024-11-11T23:30:20.634+0000] {processor.py:183} INFO - Processing /opt/airflow/dags/yfinance_to_snowflake.py took 1.006 seconds
[2024-11-11T23:30:51.142+0000] {processor.py:161} INFO - Started process (PID=1493) to work on /opt/airflow/dags/yfinance_to_snowflake.py
[2024-11-11T23:30:51.145+0000] {processor.py:830} INFO - Processing file /opt/airflow/dags/yfinance_to_snowflake.py for tasks to queue
[2024-11-11T23:30:51.148+0000] {logging_mixin.py:188} INFO - [2024-11-11T23:30:51.148+0000] {dagbag.py:545} INFO - Filling up the DagBag from /opt/airflow/dags/yfinance_to_snowflake.py
[2024-11-11T23:30:51.407+0000] {processor.py:840} INFO - DAG(s) 'YfinanceToSnowflake' retrieved from /opt/airflow/dags/yfinance_to_snowflake.py
[2024-11-11T23:30:51.450+0000] {logging_mixin.py:188} INFO - [2024-11-11T23:30:51.449+0000] {dag.py:3096} INFO - Sync 1 DAGs
[2024-11-11T23:30:51.717+0000] {logging_mixin.py:188} INFO - [2024-11-11T23:30:51.716+0000] {dag.py:3954} INFO - Setting next_dagrun for YfinanceToSnowflake to 2024-11-11 02:30:00+00:00, run_after=2024-11-12 02:30:00+00:00
[2024-11-11T23:30:51.746+0000] {processor.py:183} INFO - Processing /opt/airflow/dags/yfinance_to_snowflake.py took 0.615 seconds
[2024-11-11T23:31:22.325+0000] {processor.py:161} INFO - Started process (PID=1514) to work on /opt/airflow/dags/yfinance_to_snowflake.py
[2024-11-11T23:31:22.327+0000] {processor.py:830} INFO - Processing file /opt/airflow/dags/yfinance_to_snowflake.py for tasks to queue
[2024-11-11T23:31:22.335+0000] {logging_mixin.py:188} INFO - [2024-11-11T23:31:22.334+0000] {dagbag.py:545} INFO - Filling up the DagBag from /opt/airflow/dags/yfinance_to_snowflake.py
[2024-11-11T23:31:23.345+0000] {processor.py:840} INFO - DAG(s) 'YfinanceToSnowflake' retrieved from /opt/airflow/dags/yfinance_to_snowflake.py
[2024-11-11T23:31:23.452+0000] {logging_mixin.py:188} INFO - [2024-11-11T23:31:23.452+0000] {dag.py:3096} INFO - Sync 1 DAGs
[2024-11-11T23:31:23.483+0000] {logging_mixin.py:188} INFO - [2024-11-11T23:31:23.482+0000] {dag.py:3954} INFO - Setting next_dagrun for YfinanceToSnowflake to 2024-11-11 02:30:00+00:00, run_after=2024-11-12 02:30:00+00:00
[2024-11-11T23:31:23.526+0000] {processor.py:183} INFO - Processing /opt/airflow/dags/yfinance_to_snowflake.py took 1.221 seconds
[2024-11-11T23:31:54.150+0000] {processor.py:161} INFO - Started process (PID=1535) to work on /opt/airflow/dags/yfinance_to_snowflake.py
[2024-11-11T23:31:54.153+0000] {processor.py:830} INFO - Processing file /opt/airflow/dags/yfinance_to_snowflake.py for tasks to queue
[2024-11-11T23:31:54.159+0000] {logging_mixin.py:188} INFO - [2024-11-11T23:31:54.158+0000] {dagbag.py:545} INFO - Filling up the DagBag from /opt/airflow/dags/yfinance_to_snowflake.py
[2024-11-11T23:31:55.383+0000] {processor.py:840} INFO - DAG(s) 'YfinanceToSnowflake' retrieved from /opt/airflow/dags/yfinance_to_snowflake.py
[2024-11-11T23:31:55.439+0000] {logging_mixin.py:188} INFO - [2024-11-11T23:31:55.438+0000] {dag.py:3096} INFO - Sync 1 DAGs
[2024-11-11T23:31:55.503+0000] {logging_mixin.py:188} INFO - [2024-11-11T23:31:55.503+0000] {dag.py:3954} INFO - Setting next_dagrun for YfinanceToSnowflake to 2024-11-11 02:30:00+00:00, run_after=2024-11-12 02:30:00+00:00
[2024-11-11T23:31:55.546+0000] {processor.py:183} INFO - Processing /opt/airflow/dags/yfinance_to_snowflake.py took 1.414 seconds
[2024-11-11T23:32:25.914+0000] {processor.py:161} INFO - Started process (PID=1556) to work on /opt/airflow/dags/yfinance_to_snowflake.py
[2024-11-11T23:32:25.916+0000] {processor.py:830} INFO - Processing file /opt/airflow/dags/yfinance_to_snowflake.py for tasks to queue
[2024-11-11T23:32:25.927+0000] {logging_mixin.py:188} INFO - [2024-11-11T23:32:25.924+0000] {dagbag.py:545} INFO - Filling up the DagBag from /opt/airflow/dags/yfinance_to_snowflake.py
[2024-11-11T23:32:26.534+0000] {processor.py:840} INFO - DAG(s) 'YfinanceToSnowflake' retrieved from /opt/airflow/dags/yfinance_to_snowflake.py
[2024-11-11T23:32:26.585+0000] {logging_mixin.py:188} INFO - [2024-11-11T23:32:26.584+0000] {dag.py:3096} INFO - Sync 1 DAGs
[2024-11-11T23:32:26.653+0000] {logging_mixin.py:188} INFO - [2024-11-11T23:32:26.652+0000] {dag.py:3954} INFO - Setting next_dagrun for YfinanceToSnowflake to 2024-11-11 02:30:00+00:00, run_after=2024-11-12 02:30:00+00:00
[2024-11-11T23:32:26.729+0000] {processor.py:183} INFO - Processing /opt/airflow/dags/yfinance_to_snowflake.py took 0.829 seconds
[2024-11-11T23:32:57.408+0000] {processor.py:161} INFO - Started process (PID=1578) to work on /opt/airflow/dags/yfinance_to_snowflake.py
[2024-11-11T23:32:57.410+0000] {processor.py:830} INFO - Processing file /opt/airflow/dags/yfinance_to_snowflake.py for tasks to queue
[2024-11-11T23:32:57.415+0000] {logging_mixin.py:188} INFO - [2024-11-11T23:32:57.414+0000] {dagbag.py:545} INFO - Filling up the DagBag from /opt/airflow/dags/yfinance_to_snowflake.py
[2024-11-11T23:32:58.814+0000] {processor.py:840} INFO - DAG(s) 'YfinanceToSnowflake' retrieved from /opt/airflow/dags/yfinance_to_snowflake.py
[2024-11-11T23:32:59.091+0000] {logging_mixin.py:188} INFO - [2024-11-11T23:32:59.089+0000] {dag.py:3096} INFO - Sync 1 DAGs
[2024-11-11T23:33:01.668+0000] {logging_mixin.py:188} INFO - [2024-11-11T23:33:01.667+0000] {dag.py:3954} INFO - Setting next_dagrun for YfinanceToSnowflake to 2024-11-11 02:30:00+00:00, run_after=2024-11-12 02:30:00+00:00
[2024-11-11T23:33:01.815+0000] {processor.py:183} INFO - Processing /opt/airflow/dags/yfinance_to_snowflake.py took 4.421 seconds
[2024-11-11T23:33:32.448+0000] {processor.py:161} INFO - Started process (PID=1599) to work on /opt/airflow/dags/yfinance_to_snowflake.py
[2024-11-11T23:33:32.492+0000] {processor.py:830} INFO - Processing file /opt/airflow/dags/yfinance_to_snowflake.py for tasks to queue
[2024-11-11T23:33:32.499+0000] {logging_mixin.py:188} INFO - [2024-11-11T23:33:32.497+0000] {dagbag.py:545} INFO - Filling up the DagBag from /opt/airflow/dags/yfinance_to_snowflake.py
[2024-11-11T23:33:34.784+0000] {processor.py:840} INFO - DAG(s) 'YfinanceToSnowflake' retrieved from /opt/airflow/dags/yfinance_to_snowflake.py
[2024-11-11T23:33:34.919+0000] {logging_mixin.py:188} INFO - [2024-11-11T23:33:34.918+0000] {dag.py:3096} INFO - Sync 1 DAGs
[2024-11-11T23:33:35.082+0000] {logging_mixin.py:188} INFO - [2024-11-11T23:33:35.078+0000] {dag.py:3954} INFO - Setting next_dagrun for YfinanceToSnowflake to 2024-11-11 02:30:00+00:00, run_after=2024-11-12 02:30:00+00:00
[2024-11-11T23:33:35.233+0000] {processor.py:183} INFO - Processing /opt/airflow/dags/yfinance_to_snowflake.py took 2.804 seconds
[2024-11-11T23:34:06.074+0000] {processor.py:161} INFO - Started process (PID=1626) to work on /opt/airflow/dags/yfinance_to_snowflake.py
[2024-11-11T23:34:06.076+0000] {processor.py:830} INFO - Processing file /opt/airflow/dags/yfinance_to_snowflake.py for tasks to queue
[2024-11-11T23:34:06.080+0000] {logging_mixin.py:188} INFO - [2024-11-11T23:34:06.079+0000] {dagbag.py:545} INFO - Filling up the DagBag from /opt/airflow/dags/yfinance_to_snowflake.py
[2024-11-11T23:34:06.821+0000] {processor.py:840} INFO - DAG(s) 'YfinanceToSnowflake' retrieved from /opt/airflow/dags/yfinance_to_snowflake.py
[2024-11-11T23:34:06.889+0000] {logging_mixin.py:188} INFO - [2024-11-11T23:34:06.888+0000] {dag.py:3096} INFO - Sync 1 DAGs
[2024-11-11T23:34:06.938+0000] {logging_mixin.py:188} INFO - [2024-11-11T23:34:06.938+0000] {dag.py:3954} INFO - Setting next_dagrun for YfinanceToSnowflake to 2024-11-11 02:30:00+00:00, run_after=2024-11-12 02:30:00+00:00
[2024-11-11T23:34:06.986+0000] {processor.py:183} INFO - Processing /opt/airflow/dags/yfinance_to_snowflake.py took 0.925 seconds
[2024-11-11T23:34:37.539+0000] {processor.py:161} INFO - Started process (PID=1647) to work on /opt/airflow/dags/yfinance_to_snowflake.py
[2024-11-11T23:34:37.542+0000] {processor.py:830} INFO - Processing file /opt/airflow/dags/yfinance_to_snowflake.py for tasks to queue
[2024-11-11T23:34:37.546+0000] {logging_mixin.py:188} INFO - [2024-11-11T23:34:37.545+0000] {dagbag.py:545} INFO - Filling up the DagBag from /opt/airflow/dags/yfinance_to_snowflake.py
[2024-11-11T23:34:38.221+0000] {processor.py:840} INFO - DAG(s) 'YfinanceToSnowflake' retrieved from /opt/airflow/dags/yfinance_to_snowflake.py
[2024-11-11T23:34:38.276+0000] {logging_mixin.py:188} INFO - [2024-11-11T23:34:38.275+0000] {dag.py:3096} INFO - Sync 1 DAGs
[2024-11-11T23:34:38.329+0000] {logging_mixin.py:188} INFO - [2024-11-11T23:34:38.329+0000] {dag.py:3954} INFO - Setting next_dagrun for YfinanceToSnowflake to 2024-11-11 02:30:00+00:00, run_after=2024-11-12 02:30:00+00:00
[2024-11-11T23:34:38.376+0000] {processor.py:183} INFO - Processing /opt/airflow/dags/yfinance_to_snowflake.py took 0.850 seconds
[2024-11-11T23:35:09.287+0000] {processor.py:161} INFO - Started process (PID=1668) to work on /opt/airflow/dags/yfinance_to_snowflake.py
[2024-11-11T23:35:09.310+0000] {processor.py:830} INFO - Processing file /opt/airflow/dags/yfinance_to_snowflake.py for tasks to queue
[2024-11-11T23:35:09.326+0000] {logging_mixin.py:188} INFO - [2024-11-11T23:35:09.326+0000] {dagbag.py:545} INFO - Filling up the DagBag from /opt/airflow/dags/yfinance_to_snowflake.py
[2024-11-11T23:35:11.692+0000] {processor.py:840} INFO - DAG(s) 'YfinanceToSnowflake' retrieved from /opt/airflow/dags/yfinance_to_snowflake.py
[2024-11-11T23:35:12.062+0000] {logging_mixin.py:188} INFO - [2024-11-11T23:35:12.058+0000] {dag.py:3096} INFO - Sync 1 DAGs
[2024-11-11T23:35:13.511+0000] {logging_mixin.py:188} INFO - [2024-11-11T23:35:13.510+0000] {dag.py:3954} INFO - Setting next_dagrun for YfinanceToSnowflake to 2024-11-11 02:30:00+00:00, run_after=2024-11-12 02:30:00+00:00
[2024-11-11T23:35:13.635+0000] {processor.py:183} INFO - Processing /opt/airflow/dags/yfinance_to_snowflake.py took 4.519 seconds
[2024-11-11T23:35:44.240+0000] {processor.py:161} INFO - Started process (PID=1689) to work on /opt/airflow/dags/yfinance_to_snowflake.py
[2024-11-11T23:35:44.245+0000] {processor.py:830} INFO - Processing file /opt/airflow/dags/yfinance_to_snowflake.py for tasks to queue
[2024-11-11T23:35:44.251+0000] {logging_mixin.py:188} INFO - [2024-11-11T23:35:44.250+0000] {dagbag.py:545} INFO - Filling up the DagBag from /opt/airflow/dags/yfinance_to_snowflake.py
[2024-11-11T23:35:44.991+0000] {processor.py:840} INFO - DAG(s) 'YfinanceToSnowflake' retrieved from /opt/airflow/dags/yfinance_to_snowflake.py
[2024-11-11T23:35:46.069+0000] {logging_mixin.py:188} INFO - [2024-11-11T23:35:46.067+0000] {dag.py:3096} INFO - Sync 1 DAGs
[2024-11-11T23:35:46.139+0000] {logging_mixin.py:188} INFO - [2024-11-11T23:35:46.139+0000] {dag.py:3954} INFO - Setting next_dagrun for YfinanceToSnowflake to 2024-11-11 02:30:00+00:00, run_after=2024-11-12 02:30:00+00:00
[2024-11-11T23:35:46.214+0000] {processor.py:183} INFO - Processing /opt/airflow/dags/yfinance_to_snowflake.py took 2.028 seconds
[2024-11-11T23:36:16.937+0000] {processor.py:161} INFO - Started process (PID=1710) to work on /opt/airflow/dags/yfinance_to_snowflake.py
[2024-11-11T23:36:16.947+0000] {processor.py:830} INFO - Processing file /opt/airflow/dags/yfinance_to_snowflake.py for tasks to queue
[2024-11-11T23:36:16.957+0000] {logging_mixin.py:188} INFO - [2024-11-11T23:36:16.956+0000] {dagbag.py:545} INFO - Filling up the DagBag from /opt/airflow/dags/yfinance_to_snowflake.py
[2024-11-11T23:36:17.983+0000] {processor.py:840} INFO - DAG(s) 'YfinanceToSnowflake' retrieved from /opt/airflow/dags/yfinance_to_snowflake.py
[2024-11-11T23:36:18.035+0000] {logging_mixin.py:188} INFO - [2024-11-11T23:36:18.034+0000] {dag.py:3096} INFO - Sync 1 DAGs
[2024-11-11T23:36:18.086+0000] {logging_mixin.py:188} INFO - [2024-11-11T23:36:18.086+0000] {dag.py:3954} INFO - Setting next_dagrun for YfinanceToSnowflake to 2024-11-11 02:30:00+00:00, run_after=2024-11-12 02:30:00+00:00
[2024-11-11T23:36:18.151+0000] {processor.py:183} INFO - Processing /opt/airflow/dags/yfinance_to_snowflake.py took 1.235 seconds
[2024-11-11T23:36:49.090+0000] {processor.py:161} INFO - Started process (PID=1736) to work on /opt/airflow/dags/yfinance_to_snowflake.py
[2024-11-11T23:36:49.101+0000] {processor.py:830} INFO - Processing file /opt/airflow/dags/yfinance_to_snowflake.py for tasks to queue
[2024-11-11T23:36:49.110+0000] {logging_mixin.py:188} INFO - [2024-11-11T23:36:49.109+0000] {dagbag.py:545} INFO - Filling up the DagBag from /opt/airflow/dags/yfinance_to_snowflake.py
[2024-11-11T23:36:50.611+0000] {processor.py:840} INFO - DAG(s) 'YfinanceToSnowflake' retrieved from /opt/airflow/dags/yfinance_to_snowflake.py
[2024-11-11T23:36:50.753+0000] {logging_mixin.py:188} INFO - [2024-11-11T23:36:50.750+0000] {dag.py:3096} INFO - Sync 1 DAGs
[2024-11-11T23:36:50.908+0000] {logging_mixin.py:188} INFO - [2024-11-11T23:36:50.907+0000] {dag.py:3954} INFO - Setting next_dagrun for YfinanceToSnowflake to 2024-11-11 02:30:00+00:00, run_after=2024-11-12 02:30:00+00:00
[2024-11-11T23:36:51.018+0000] {processor.py:183} INFO - Processing /opt/airflow/dags/yfinance_to_snowflake.py took 1.949 seconds
[2024-11-11T23:37:21.518+0000] {processor.py:161} INFO - Started process (PID=1757) to work on /opt/airflow/dags/yfinance_to_snowflake.py
[2024-11-11T23:37:21.520+0000] {processor.py:830} INFO - Processing file /opt/airflow/dags/yfinance_to_snowflake.py for tasks to queue
[2024-11-11T23:37:21.524+0000] {logging_mixin.py:188} INFO - [2024-11-11T23:37:21.524+0000] {dagbag.py:545} INFO - Filling up the DagBag from /opt/airflow/dags/yfinance_to_snowflake.py
[2024-11-11T23:37:22.057+0000] {processor.py:840} INFO - DAG(s) 'YfinanceToSnowflake' retrieved from /opt/airflow/dags/yfinance_to_snowflake.py
[2024-11-11T23:37:22.119+0000] {logging_mixin.py:188} INFO - [2024-11-11T23:37:22.116+0000] {dag.py:3096} INFO - Sync 1 DAGs
[2024-11-11T23:37:22.197+0000] {logging_mixin.py:188} INFO - [2024-11-11T23:37:22.196+0000] {dag.py:3954} INFO - Setting next_dagrun for YfinanceToSnowflake to 2024-11-11 02:30:00+00:00, run_after=2024-11-12 02:30:00+00:00
[2024-11-11T23:37:22.303+0000] {processor.py:183} INFO - Processing /opt/airflow/dags/yfinance_to_snowflake.py took 0.798 seconds
[2024-11-11T23:37:53.493+0000] {processor.py:161} INFO - Started process (PID=1778) to work on /opt/airflow/dags/yfinance_to_snowflake.py
[2024-11-11T23:37:53.533+0000] {processor.py:830} INFO - Processing file /opt/airflow/dags/yfinance_to_snowflake.py for tasks to queue
[2024-11-11T23:37:53.546+0000] {logging_mixin.py:188} INFO - [2024-11-11T23:37:53.545+0000] {dagbag.py:545} INFO - Filling up the DagBag from /opt/airflow/dags/yfinance_to_snowflake.py
[2024-11-11T23:37:55.264+0000] {processor.py:840} INFO - DAG(s) 'YfinanceToSnowflake' retrieved from /opt/airflow/dags/yfinance_to_snowflake.py
[2024-11-11T23:37:55.380+0000] {logging_mixin.py:188} INFO - [2024-11-11T23:37:55.379+0000] {dag.py:3096} INFO - Sync 1 DAGs
[2024-11-11T23:37:56.669+0000] {logging_mixin.py:188} INFO - [2024-11-11T23:37:56.668+0000] {dag.py:3954} INFO - Setting next_dagrun for YfinanceToSnowflake to 2024-11-11 02:30:00+00:00, run_after=2024-11-12 02:30:00+00:00
[2024-11-11T23:37:56.833+0000] {processor.py:183} INFO - Processing /opt/airflow/dags/yfinance_to_snowflake.py took 3.422 seconds
[2024-11-11T23:38:27.597+0000] {processor.py:161} INFO - Started process (PID=1799) to work on /opt/airflow/dags/yfinance_to_snowflake.py
[2024-11-11T23:38:27.603+0000] {processor.py:830} INFO - Processing file /opt/airflow/dags/yfinance_to_snowflake.py for tasks to queue
[2024-11-11T23:38:27.612+0000] {logging_mixin.py:188} INFO - [2024-11-11T23:38:27.611+0000] {dagbag.py:545} INFO - Filling up the DagBag from /opt/airflow/dags/yfinance_to_snowflake.py
[2024-11-11T23:38:30.361+0000] {processor.py:840} INFO - DAG(s) 'YfinanceToSnowflake' retrieved from /opt/airflow/dags/yfinance_to_snowflake.py
[2024-11-11T23:38:30.449+0000] {logging_mixin.py:188} INFO - [2024-11-11T23:38:30.448+0000] {dag.py:3096} INFO - Sync 1 DAGs
[2024-11-11T23:38:30.586+0000] {logging_mixin.py:188} INFO - [2024-11-11T23:38:30.584+0000] {dag.py:3954} INFO - Setting next_dagrun for YfinanceToSnowflake to 2024-11-11 02:30:00+00:00, run_after=2024-11-12 02:30:00+00:00
[2024-11-11T23:38:30.737+0000] {processor.py:183} INFO - Processing /opt/airflow/dags/yfinance_to_snowflake.py took 3.161 seconds
[2024-11-11T23:39:00.886+0000] {processor.py:161} INFO - Started process (PID=1825) to work on /opt/airflow/dags/yfinance_to_snowflake.py
[2024-11-11T23:39:00.889+0000] {processor.py:830} INFO - Processing file /opt/airflow/dags/yfinance_to_snowflake.py for tasks to queue
[2024-11-11T23:39:00.892+0000] {logging_mixin.py:188} INFO - [2024-11-11T23:39:00.892+0000] {dagbag.py:545} INFO - Filling up the DagBag from /opt/airflow/dags/yfinance_to_snowflake.py
[2024-11-11T23:39:01.337+0000] {processor.py:840} INFO - DAG(s) 'YfinanceToSnowflake' retrieved from /opt/airflow/dags/yfinance_to_snowflake.py
[2024-11-11T23:39:01.376+0000] {logging_mixin.py:188} INFO - [2024-11-11T23:39:01.375+0000] {dag.py:3096} INFO - Sync 1 DAGs
[2024-11-11T23:39:01.406+0000] {logging_mixin.py:188} INFO - [2024-11-11T23:39:01.405+0000] {dag.py:3954} INFO - Setting next_dagrun for YfinanceToSnowflake to 2024-11-11 02:30:00+00:00, run_after=2024-11-12 02:30:00+00:00
[2024-11-11T23:39:01.436+0000] {processor.py:183} INFO - Processing /opt/airflow/dags/yfinance_to_snowflake.py took 0.562 seconds
[2024-11-11T23:39:31.891+0000] {processor.py:161} INFO - Started process (PID=1846) to work on /opt/airflow/dags/yfinance_to_snowflake.py
[2024-11-11T23:39:31.893+0000] {processor.py:830} INFO - Processing file /opt/airflow/dags/yfinance_to_snowflake.py for tasks to queue
[2024-11-11T23:39:31.896+0000] {logging_mixin.py:188} INFO - [2024-11-11T23:39:31.895+0000] {dagbag.py:545} INFO - Filling up the DagBag from /opt/airflow/dags/yfinance_to_snowflake.py
[2024-11-11T23:39:32.345+0000] {processor.py:840} INFO - DAG(s) 'YfinanceToSnowflake' retrieved from /opt/airflow/dags/yfinance_to_snowflake.py
[2024-11-11T23:39:32.380+0000] {logging_mixin.py:188} INFO - [2024-11-11T23:39:32.380+0000] {dag.py:3096} INFO - Sync 1 DAGs
[2024-11-11T23:39:32.409+0000] {logging_mixin.py:188} INFO - [2024-11-11T23:39:32.409+0000] {dag.py:3954} INFO - Setting next_dagrun for YfinanceToSnowflake to 2024-11-11 02:30:00+00:00, run_after=2024-11-12 02:30:00+00:00
[2024-11-11T23:39:32.438+0000] {processor.py:183} INFO - Processing /opt/airflow/dags/yfinance_to_snowflake.py took 0.557 seconds
[2024-11-11T23:40:03.142+0000] {processor.py:161} INFO - Started process (PID=1867) to work on /opt/airflow/dags/yfinance_to_snowflake.py
[2024-11-11T23:40:03.144+0000] {processor.py:830} INFO - Processing file /opt/airflow/dags/yfinance_to_snowflake.py for tasks to queue
[2024-11-11T23:40:03.152+0000] {logging_mixin.py:188} INFO - [2024-11-11T23:40:03.149+0000] {dagbag.py:545} INFO - Filling up the DagBag from /opt/airflow/dags/yfinance_to_snowflake.py
[2024-11-11T23:40:03.471+0000] {processor.py:840} INFO - DAG(s) 'YfinanceToSnowflake' retrieved from /opt/airflow/dags/yfinance_to_snowflake.py
[2024-11-11T23:40:03.528+0000] {logging_mixin.py:188} INFO - [2024-11-11T23:40:03.528+0000] {dag.py:3096} INFO - Sync 1 DAGs
[2024-11-11T23:40:03.812+0000] {logging_mixin.py:188} INFO - [2024-11-11T23:40:03.811+0000] {dag.py:3954} INFO - Setting next_dagrun for YfinanceToSnowflake to 2024-11-11 02:30:00+00:00, run_after=2024-11-12 02:30:00+00:00
[2024-11-11T23:40:04.002+0000] {processor.py:183} INFO - Processing /opt/airflow/dags/yfinance_to_snowflake.py took 0.973 seconds
[2024-11-11T23:40:34.572+0000] {processor.py:161} INFO - Started process (PID=1888) to work on /opt/airflow/dags/yfinance_to_snowflake.py
[2024-11-11T23:40:34.575+0000] {processor.py:830} INFO - Processing file /opt/airflow/dags/yfinance_to_snowflake.py for tasks to queue
[2024-11-11T23:40:34.581+0000] {logging_mixin.py:188} INFO - [2024-11-11T23:40:34.581+0000] {dagbag.py:545} INFO - Filling up the DagBag from /opt/airflow/dags/yfinance_to_snowflake.py
[2024-11-11T23:40:35.541+0000] {processor.py:840} INFO - DAG(s) 'YfinanceToSnowflake' retrieved from /opt/airflow/dags/yfinance_to_snowflake.py
[2024-11-11T23:40:35.677+0000] {logging_mixin.py:188} INFO - [2024-11-11T23:40:35.676+0000] {dag.py:3096} INFO - Sync 1 DAGs
[2024-11-11T23:40:35.758+0000] {logging_mixin.py:188} INFO - [2024-11-11T23:40:35.758+0000] {dag.py:3954} INFO - Setting next_dagrun for YfinanceToSnowflake to 2024-11-11 02:30:00+00:00, run_after=2024-11-12 02:30:00+00:00
[2024-11-11T23:40:35.925+0000] {processor.py:183} INFO - Processing /opt/airflow/dags/yfinance_to_snowflake.py took 1.367 seconds
[2024-11-11T23:41:06.550+0000] {processor.py:161} INFO - Started process (PID=1915) to work on /opt/airflow/dags/yfinance_to_snowflake.py
[2024-11-11T23:41:06.554+0000] {processor.py:830} INFO - Processing file /opt/airflow/dags/yfinance_to_snowflake.py for tasks to queue
[2024-11-11T23:41:06.559+0000] {logging_mixin.py:188} INFO - [2024-11-11T23:41:06.559+0000] {dagbag.py:545} INFO - Filling up the DagBag from /opt/airflow/dags/yfinance_to_snowflake.py
[2024-11-11T23:41:08.355+0000] {processor.py:840} INFO - DAG(s) 'YfinanceToSnowflake' retrieved from /opt/airflow/dags/yfinance_to_snowflake.py
[2024-11-11T23:41:08.452+0000] {logging_mixin.py:188} INFO - [2024-11-11T23:41:08.451+0000] {dag.py:3096} INFO - Sync 1 DAGs
[2024-11-11T23:41:08.492+0000] {logging_mixin.py:188} INFO - [2024-11-11T23:41:08.492+0000] {dag.py:3954} INFO - Setting next_dagrun for YfinanceToSnowflake to 2024-11-11 02:30:00+00:00, run_after=2024-11-12 02:30:00+00:00
[2024-11-11T23:41:08.529+0000] {processor.py:183} INFO - Processing /opt/airflow/dags/yfinance_to_snowflake.py took 1.996 seconds
[2024-11-11T23:41:39.165+0000] {processor.py:161} INFO - Started process (PID=1936) to work on /opt/airflow/dags/yfinance_to_snowflake.py
[2024-11-11T23:41:39.167+0000] {processor.py:830} INFO - Processing file /opt/airflow/dags/yfinance_to_snowflake.py for tasks to queue
[2024-11-11T23:41:39.170+0000] {logging_mixin.py:188} INFO - [2024-11-11T23:41:39.170+0000] {dagbag.py:545} INFO - Filling up the DagBag from /opt/airflow/dags/yfinance_to_snowflake.py
[2024-11-11T23:41:39.957+0000] {processor.py:840} INFO - DAG(s) 'YfinanceToSnowflake' retrieved from /opt/airflow/dags/yfinance_to_snowflake.py
[2024-11-11T23:41:40.076+0000] {logging_mixin.py:188} INFO - [2024-11-11T23:41:40.076+0000] {dag.py:3096} INFO - Sync 1 DAGs
[2024-11-11T23:41:40.180+0000] {logging_mixin.py:188} INFO - [2024-11-11T23:41:40.179+0000] {dag.py:3954} INFO - Setting next_dagrun for YfinanceToSnowflake to 2024-11-11 02:30:00+00:00, run_after=2024-11-12 02:30:00+00:00
[2024-11-11T23:41:40.259+0000] {processor.py:183} INFO - Processing /opt/airflow/dags/yfinance_to_snowflake.py took 1.103 seconds
[2024-11-11T23:42:10.713+0000] {processor.py:161} INFO - Started process (PID=1957) to work on /opt/airflow/dags/yfinance_to_snowflake.py
[2024-11-11T23:42:10.716+0000] {processor.py:830} INFO - Processing file /opt/airflow/dags/yfinance_to_snowflake.py for tasks to queue
[2024-11-11T23:42:10.721+0000] {logging_mixin.py:188} INFO - [2024-11-11T23:42:10.720+0000] {dagbag.py:545} INFO - Filling up the DagBag from /opt/airflow/dags/yfinance_to_snowflake.py
[2024-11-11T23:42:11.089+0000] {processor.py:840} INFO - DAG(s) 'YfinanceToSnowflake' retrieved from /opt/airflow/dags/yfinance_to_snowflake.py
[2024-11-11T23:42:11.159+0000] {logging_mixin.py:188} INFO - [2024-11-11T23:42:11.159+0000] {dag.py:3096} INFO - Sync 1 DAGs
[2024-11-11T23:42:11.437+0000] {logging_mixin.py:188} INFO - [2024-11-11T23:42:11.436+0000] {dag.py:3954} INFO - Setting next_dagrun for YfinanceToSnowflake to 2024-11-11 02:30:00+00:00, run_after=2024-11-12 02:30:00+00:00
[2024-11-11T23:42:11.468+0000] {processor.py:183} INFO - Processing /opt/airflow/dags/yfinance_to_snowflake.py took 0.776 seconds
[2024-11-11T23:42:42.023+0000] {processor.py:161} INFO - Started process (PID=1977) to work on /opt/airflow/dags/yfinance_to_snowflake.py
[2024-11-11T23:42:42.025+0000] {processor.py:830} INFO - Processing file /opt/airflow/dags/yfinance_to_snowflake.py for tasks to queue
[2024-11-11T23:42:42.028+0000] {logging_mixin.py:188} INFO - [2024-11-11T23:42:42.028+0000] {dagbag.py:545} INFO - Filling up the DagBag from /opt/airflow/dags/yfinance_to_snowflake.py
[2024-11-11T23:42:42.361+0000] {processor.py:840} INFO - DAG(s) 'YfinanceToSnowflake' retrieved from /opt/airflow/dags/yfinance_to_snowflake.py
[2024-11-11T23:42:42.742+0000] {logging_mixin.py:188} INFO - [2024-11-11T23:42:42.741+0000] {dag.py:3096} INFO - Sync 1 DAGs
[2024-11-11T23:42:42.853+0000] {logging_mixin.py:188} INFO - [2024-11-11T23:42:42.851+0000] {dag.py:3954} INFO - Setting next_dagrun for YfinanceToSnowflake to 2024-11-11 02:30:00+00:00, run_after=2024-11-12 02:30:00+00:00
[2024-11-11T23:42:42.910+0000] {processor.py:183} INFO - Processing /opt/airflow/dags/yfinance_to_snowflake.py took 0.897 seconds
[2024-11-11T23:43:13.053+0000] {processor.py:161} INFO - Started process (PID=1998) to work on /opt/airflow/dags/yfinance_to_snowflake.py
[2024-11-11T23:43:13.056+0000] {processor.py:830} INFO - Processing file /opt/airflow/dags/yfinance_to_snowflake.py for tasks to queue
[2024-11-11T23:43:13.060+0000] {logging_mixin.py:188} INFO - [2024-11-11T23:43:13.059+0000] {dagbag.py:545} INFO - Filling up the DagBag from /opt/airflow/dags/yfinance_to_snowflake.py
[2024-11-11T23:43:13.907+0000] {processor.py:840} INFO - DAG(s) 'YfinanceToSnowflake' retrieved from /opt/airflow/dags/yfinance_to_snowflake.py
[2024-11-11T23:43:14.221+0000] {logging_mixin.py:188} INFO - [2024-11-11T23:43:14.220+0000] {dag.py:3096} INFO - Sync 1 DAGs
[2024-11-11T23:43:14.307+0000] {logging_mixin.py:188} INFO - [2024-11-11T23:43:14.307+0000] {dag.py:3954} INFO - Setting next_dagrun for YfinanceToSnowflake to 2024-11-11 02:30:00+00:00, run_after=2024-11-12 02:30:00+00:00
[2024-11-11T23:43:14.347+0000] {processor.py:183} INFO - Processing /opt/airflow/dags/yfinance_to_snowflake.py took 1.313 seconds
[2024-11-11T23:43:44.607+0000] {processor.py:161} INFO - Started process (PID=2018) to work on /opt/airflow/dags/yfinance_to_snowflake.py
[2024-11-11T23:43:44.608+0000] {processor.py:830} INFO - Processing file /opt/airflow/dags/yfinance_to_snowflake.py for tasks to queue
[2024-11-11T23:43:44.612+0000] {logging_mixin.py:188} INFO - [2024-11-11T23:43:44.612+0000] {dagbag.py:545} INFO - Filling up the DagBag from /opt/airflow/dags/yfinance_to_snowflake.py
[2024-11-11T23:43:45.191+0000] {processor.py:840} INFO - DAG(s) 'YfinanceToSnowflake' retrieved from /opt/airflow/dags/yfinance_to_snowflake.py
[2024-11-11T23:43:45.235+0000] {logging_mixin.py:188} INFO - [2024-11-11T23:43:45.234+0000] {dag.py:3096} INFO - Sync 1 DAGs
[2024-11-11T23:43:45.274+0000] {logging_mixin.py:188} INFO - [2024-11-11T23:43:45.274+0000] {dag.py:3954} INFO - Setting next_dagrun for YfinanceToSnowflake to 2024-11-11 02:30:00+00:00, run_after=2024-11-12 02:30:00+00:00
[2024-11-11T23:43:45.307+0000] {processor.py:183} INFO - Processing /opt/airflow/dags/yfinance_to_snowflake.py took 0.710 seconds
[2024-11-11T23:44:15.434+0000] {processor.py:161} INFO - Started process (PID=2038) to work on /opt/airflow/dags/yfinance_to_snowflake.py
[2024-11-11T23:44:15.437+0000] {processor.py:830} INFO - Processing file /opt/airflow/dags/yfinance_to_snowflake.py for tasks to queue
[2024-11-11T23:44:15.441+0000] {logging_mixin.py:188} INFO - [2024-11-11T23:44:15.441+0000] {dagbag.py:545} INFO - Filling up the DagBag from /opt/airflow/dags/yfinance_to_snowflake.py
[2024-11-11T23:44:16.078+0000] {processor.py:840} INFO - DAG(s) 'YfinanceToSnowflake' retrieved from /opt/airflow/dags/yfinance_to_snowflake.py
[2024-11-11T23:44:16.121+0000] {logging_mixin.py:188} INFO - [2024-11-11T23:44:16.120+0000] {dag.py:3096} INFO - Sync 1 DAGs
[2024-11-11T23:44:16.150+0000] {logging_mixin.py:188} INFO - [2024-11-11T23:44:16.150+0000] {dag.py:3954} INFO - Setting next_dagrun for YfinanceToSnowflake to 2024-11-11 02:30:00+00:00, run_after=2024-11-12 02:30:00+00:00
[2024-11-11T23:44:16.180+0000] {processor.py:183} INFO - Processing /opt/airflow/dags/yfinance_to_snowflake.py took 0.757 seconds
[2024-11-11T23:44:46.697+0000] {processor.py:161} INFO - Started process (PID=2059) to work on /opt/airflow/dags/yfinance_to_snowflake.py
[2024-11-11T23:44:46.699+0000] {processor.py:830} INFO - Processing file /opt/airflow/dags/yfinance_to_snowflake.py for tasks to queue
[2024-11-11T23:44:46.703+0000] {logging_mixin.py:188} INFO - [2024-11-11T23:44:46.702+0000] {dagbag.py:545} INFO - Filling up the DagBag from /opt/airflow/dags/yfinance_to_snowflake.py
[2024-11-11T23:44:47.015+0000] {processor.py:840} INFO - DAG(s) 'YfinanceToSnowflake' retrieved from /opt/airflow/dags/yfinance_to_snowflake.py
[2024-11-11T23:44:47.299+0000] {logging_mixin.py:188} INFO - [2024-11-11T23:44:47.298+0000] {dag.py:3096} INFO - Sync 1 DAGs
[2024-11-11T23:44:47.328+0000] {logging_mixin.py:188} INFO - [2024-11-11T23:44:47.327+0000] {dag.py:3954} INFO - Setting next_dagrun for YfinanceToSnowflake to 2024-11-11 02:30:00+00:00, run_after=2024-11-12 02:30:00+00:00
[2024-11-11T23:44:47.358+0000] {processor.py:183} INFO - Processing /opt/airflow/dags/yfinance_to_snowflake.py took 0.676 seconds
[2024-11-11T23:45:17.737+0000] {processor.py:161} INFO - Started process (PID=2079) to work on /opt/airflow/dags/yfinance_to_snowflake.py
[2024-11-11T23:45:17.739+0000] {processor.py:830} INFO - Processing file /opt/airflow/dags/yfinance_to_snowflake.py for tasks to queue
[2024-11-11T23:45:17.742+0000] {logging_mixin.py:188} INFO - [2024-11-11T23:45:17.742+0000] {dagbag.py:545} INFO - Filling up the DagBag from /opt/airflow/dags/yfinance_to_snowflake.py
[2024-11-11T23:45:18.191+0000] {processor.py:840} INFO - DAG(s) 'YfinanceToSnowflake' retrieved from /opt/airflow/dags/yfinance_to_snowflake.py
[2024-11-11T23:45:18.230+0000] {logging_mixin.py:188} INFO - [2024-11-11T23:45:18.229+0000] {dag.py:3096} INFO - Sync 1 DAGs
[2024-11-11T23:45:18.261+0000] {logging_mixin.py:188} INFO - [2024-11-11T23:45:18.261+0000] {dag.py:3954} INFO - Setting next_dagrun for YfinanceToSnowflake to 2024-11-11 02:30:00+00:00, run_after=2024-11-12 02:30:00+00:00
[2024-11-11T23:45:18.289+0000] {processor.py:183} INFO - Processing /opt/airflow/dags/yfinance_to_snowflake.py took 0.566 seconds
[2024-11-11T23:45:48.882+0000] {processor.py:161} INFO - Started process (PID=2105) to work on /opt/airflow/dags/yfinance_to_snowflake.py
[2024-11-11T23:45:48.887+0000] {processor.py:830} INFO - Processing file /opt/airflow/dags/yfinance_to_snowflake.py for tasks to queue
[2024-11-11T23:45:48.906+0000] {logging_mixin.py:188} INFO - [2024-11-11T23:45:48.903+0000] {dagbag.py:545} INFO - Filling up the DagBag from /opt/airflow/dags/yfinance_to_snowflake.py
[2024-11-11T23:45:52.411+0000] {processor.py:840} INFO - DAG(s) 'YfinanceToSnowflake' retrieved from /opt/airflow/dags/yfinance_to_snowflake.py
[2024-11-11T23:45:52.558+0000] {logging_mixin.py:188} INFO - [2024-11-11T23:45:52.556+0000] {dag.py:3096} INFO - Sync 1 DAGs
[2024-11-11T23:45:52.654+0000] {logging_mixin.py:188} INFO - [2024-11-11T23:45:52.653+0000] {dag.py:3954} INFO - Setting next_dagrun for YfinanceToSnowflake to 2024-11-11 02:30:00+00:00, run_after=2024-11-12 02:30:00+00:00
[2024-11-11T23:45:52.725+0000] {processor.py:183} INFO - Processing /opt/airflow/dags/yfinance_to_snowflake.py took 3.868 seconds
[2024-11-11T23:46:22.928+0000] {processor.py:161} INFO - Started process (PID=2130) to work on /opt/airflow/dags/yfinance_to_snowflake.py
[2024-11-11T23:46:22.930+0000] {processor.py:830} INFO - Processing file /opt/airflow/dags/yfinance_to_snowflake.py for tasks to queue
[2024-11-11T23:46:22.935+0000] {logging_mixin.py:188} INFO - [2024-11-11T23:46:22.934+0000] {dagbag.py:545} INFO - Filling up the DagBag from /opt/airflow/dags/yfinance_to_snowflake.py
[2024-11-11T23:46:23.701+0000] {processor.py:840} INFO - DAG(s) 'YfinanceToSnowflake' retrieved from /opt/airflow/dags/yfinance_to_snowflake.py
[2024-11-11T23:46:23.751+0000] {logging_mixin.py:188} INFO - [2024-11-11T23:46:23.750+0000] {dag.py:3096} INFO - Sync 1 DAGs
[2024-11-11T23:46:23.780+0000] {logging_mixin.py:188} INFO - [2024-11-11T23:46:23.780+0000] {dag.py:3954} INFO - Setting next_dagrun for YfinanceToSnowflake to 2024-11-11 02:30:00+00:00, run_after=2024-11-12 02:30:00+00:00
[2024-11-11T23:46:23.811+0000] {processor.py:183} INFO - Processing /opt/airflow/dags/yfinance_to_snowflake.py took 0.886 seconds
[2024-11-11T23:46:54.116+0000] {processor.py:161} INFO - Started process (PID=2151) to work on /opt/airflow/dags/yfinance_to_snowflake.py
[2024-11-11T23:46:54.118+0000] {processor.py:830} INFO - Processing file /opt/airflow/dags/yfinance_to_snowflake.py for tasks to queue
[2024-11-11T23:46:54.121+0000] {logging_mixin.py:188} INFO - [2024-11-11T23:46:54.120+0000] {dagbag.py:545} INFO - Filling up the DagBag from /opt/airflow/dags/yfinance_to_snowflake.py
[2024-11-11T23:46:54.597+0000] {processor.py:840} INFO - DAG(s) 'YfinanceToSnowflake' retrieved from /opt/airflow/dags/yfinance_to_snowflake.py
[2024-11-11T23:46:57.476+0000] {logging_mixin.py:188} INFO - [2024-11-11T23:46:57.469+0000] {dag.py:3096} INFO - Sync 1 DAGs
[2024-11-11T23:46:57.569+0000] {logging_mixin.py:188} INFO - [2024-11-11T23:46:57.568+0000] {dag.py:3954} INFO - Setting next_dagrun for YfinanceToSnowflake to 2024-11-11 02:30:00+00:00, run_after=2024-11-12 02:30:00+00:00
[2024-11-11T23:46:57.691+0000] {processor.py:183} INFO - Processing /opt/airflow/dags/yfinance_to_snowflake.py took 3.595 seconds
[2024-11-11T23:47:28.001+0000] {processor.py:161} INFO - Started process (PID=2172) to work on /opt/airflow/dags/yfinance_to_snowflake.py
[2024-11-11T23:47:28.004+0000] {processor.py:830} INFO - Processing file /opt/airflow/dags/yfinance_to_snowflake.py for tasks to queue
[2024-11-11T23:47:28.009+0000] {logging_mixin.py:188} INFO - [2024-11-11T23:47:28.008+0000] {dagbag.py:545} INFO - Filling up the DagBag from /opt/airflow/dags/yfinance_to_snowflake.py
[2024-11-11T23:47:28.552+0000] {processor.py:840} INFO - DAG(s) 'YfinanceToSnowflake' retrieved from /opt/airflow/dags/yfinance_to_snowflake.py
[2024-11-11T23:47:28.645+0000] {logging_mixin.py:188} INFO - [2024-11-11T23:47:28.636+0000] {dag.py:3096} INFO - Sync 1 DAGs
[2024-11-11T23:47:28.804+0000] {logging_mixin.py:188} INFO - [2024-11-11T23:47:28.804+0000] {dag.py:3954} INFO - Setting next_dagrun for YfinanceToSnowflake to 2024-11-11 02:30:00+00:00, run_after=2024-11-12 02:30:00+00:00
[2024-11-11T23:47:28.840+0000] {processor.py:183} INFO - Processing /opt/airflow/dags/yfinance_to_snowflake.py took 0.852 seconds
[2024-11-11T23:47:59.615+0000] {processor.py:161} INFO - Started process (PID=2193) to work on /opt/airflow/dags/yfinance_to_snowflake.py
[2024-11-11T23:47:59.617+0000] {processor.py:830} INFO - Processing file /opt/airflow/dags/yfinance_to_snowflake.py for tasks to queue
[2024-11-11T23:47:59.622+0000] {logging_mixin.py:188} INFO - [2024-11-11T23:47:59.622+0000] {dagbag.py:545} INFO - Filling up the DagBag from /opt/airflow/dags/yfinance_to_snowflake.py
[2024-11-11T23:48:01.029+0000] {processor.py:840} INFO - DAG(s) 'YfinanceToSnowflake' retrieved from /opt/airflow/dags/yfinance_to_snowflake.py
[2024-11-11T23:48:01.170+0000] {logging_mixin.py:188} INFO - [2024-11-11T23:48:01.168+0000] {dag.py:3096} INFO - Sync 1 DAGs
[2024-11-11T23:48:01.275+0000] {logging_mixin.py:188} INFO - [2024-11-11T23:48:01.274+0000] {dag.py:3954} INFO - Setting next_dagrun for YfinanceToSnowflake to 2024-11-11 02:30:00+00:00, run_after=2024-11-12 02:30:00+00:00
[2024-11-11T23:48:01.332+0000] {processor.py:183} INFO - Processing /opt/airflow/dags/yfinance_to_snowflake.py took 1.729 seconds
[2024-11-11T23:48:32.097+0000] {processor.py:161} INFO - Started process (PID=2214) to work on /opt/airflow/dags/yfinance_to_snowflake.py
[2024-11-11T23:48:32.099+0000] {processor.py:830} INFO - Processing file /opt/airflow/dags/yfinance_to_snowflake.py for tasks to queue
[2024-11-11T23:48:32.103+0000] {logging_mixin.py:188} INFO - [2024-11-11T23:48:32.102+0000] {dagbag.py:545} INFO - Filling up the DagBag from /opt/airflow/dags/yfinance_to_snowflake.py
[2024-11-11T23:48:32.555+0000] {processor.py:840} INFO - DAG(s) 'YfinanceToSnowflake' retrieved from /opt/airflow/dags/yfinance_to_snowflake.py
[2024-11-11T23:48:32.599+0000] {logging_mixin.py:188} INFO - [2024-11-11T23:48:32.599+0000] {dag.py:3096} INFO - Sync 1 DAGs
[2024-11-11T23:48:32.631+0000] {logging_mixin.py:188} INFO - [2024-11-11T23:48:32.630+0000] {dag.py:3954} INFO - Setting next_dagrun for YfinanceToSnowflake to 2024-11-11 02:30:00+00:00, run_after=2024-11-12 02:30:00+00:00
[2024-11-11T23:48:32.661+0000] {processor.py:183} INFO - Processing /opt/airflow/dags/yfinance_to_snowflake.py took 0.574 seconds
[2024-11-11T23:49:03.787+0000] {processor.py:161} INFO - Started process (PID=2235) to work on /opt/airflow/dags/yfinance_to_snowflake.py
[2024-11-11T23:49:03.810+0000] {processor.py:830} INFO - Processing file /opt/airflow/dags/yfinance_to_snowflake.py for tasks to queue
[2024-11-11T23:49:03.852+0000] {logging_mixin.py:188} INFO - [2024-11-11T23:49:03.851+0000] {dagbag.py:545} INFO - Filling up the DagBag from /opt/airflow/dags/yfinance_to_snowflake.py
[2024-11-11T23:49:04.604+0000] {processor.py:840} INFO - DAG(s) 'YfinanceToSnowflake' retrieved from /opt/airflow/dags/yfinance_to_snowflake.py
[2024-11-11T23:49:04.651+0000] {logging_mixin.py:188} INFO - [2024-11-11T23:49:04.649+0000] {dag.py:3096} INFO - Sync 1 DAGs
[2024-11-11T23:49:04.728+0000] {logging_mixin.py:188} INFO - [2024-11-11T23:49:04.720+0000] {dag.py:3954} INFO - Setting next_dagrun for YfinanceToSnowflake to 2024-11-11 02:30:00+00:00, run_after=2024-11-12 02:30:00+00:00
[2024-11-11T23:49:04.806+0000] {processor.py:183} INFO - Processing /opt/airflow/dags/yfinance_to_snowflake.py took 1.073 seconds
[2024-11-11T23:49:35.335+0000] {processor.py:161} INFO - Started process (PID=2255) to work on /opt/airflow/dags/yfinance_to_snowflake.py
[2024-11-11T23:49:35.339+0000] {processor.py:830} INFO - Processing file /opt/airflow/dags/yfinance_to_snowflake.py for tasks to queue
[2024-11-11T23:49:35.347+0000] {logging_mixin.py:188} INFO - [2024-11-11T23:49:35.344+0000] {dagbag.py:545} INFO - Filling up the DagBag from /opt/airflow/dags/yfinance_to_snowflake.py
[2024-11-11T23:49:36.298+0000] {processor.py:840} INFO - DAG(s) 'YfinanceToSnowflake' retrieved from /opt/airflow/dags/yfinance_to_snowflake.py
[2024-11-11T23:49:36.359+0000] {logging_mixin.py:188} INFO - [2024-11-11T23:49:36.358+0000] {dag.py:3096} INFO - Sync 1 DAGs
[2024-11-11T23:49:36.395+0000] {logging_mixin.py:188} INFO - [2024-11-11T23:49:36.395+0000] {dag.py:3954} INFO - Setting next_dagrun for YfinanceToSnowflake to 2024-11-11 02:30:00+00:00, run_after=2024-11-12 02:30:00+00:00
[2024-11-11T23:49:36.433+0000] {processor.py:183} INFO - Processing /opt/airflow/dags/yfinance_to_snowflake.py took 1.117 seconds
[2024-11-11T23:50:07.132+0000] {processor.py:161} INFO - Started process (PID=2281) to work on /opt/airflow/dags/yfinance_to_snowflake.py
[2024-11-11T23:50:07.133+0000] {processor.py:830} INFO - Processing file /opt/airflow/dags/yfinance_to_snowflake.py for tasks to queue
[2024-11-11T23:50:07.137+0000] {logging_mixin.py:188} INFO - [2024-11-11T23:50:07.137+0000] {dagbag.py:545} INFO - Filling up the DagBag from /opt/airflow/dags/yfinance_to_snowflake.py
[2024-11-11T23:50:07.712+0000] {processor.py:840} INFO - DAG(s) 'YfinanceToSnowflake' retrieved from /opt/airflow/dags/yfinance_to_snowflake.py
[2024-11-11T23:50:07.746+0000] {logging_mixin.py:188} INFO - [2024-11-11T23:50:07.745+0000] {dag.py:3096} INFO - Sync 1 DAGs
[2024-11-11T23:50:07.775+0000] {logging_mixin.py:188} INFO - [2024-11-11T23:50:07.775+0000] {dag.py:3954} INFO - Setting next_dagrun for YfinanceToSnowflake to 2024-11-11 02:30:00+00:00, run_after=2024-11-12 02:30:00+00:00
[2024-11-11T23:50:07.802+0000] {processor.py:183} INFO - Processing /opt/airflow/dags/yfinance_to_snowflake.py took 0.682 seconds
[2024-11-11T23:50:37.987+0000] {processor.py:161} INFO - Started process (PID=2302) to work on /opt/airflow/dags/yfinance_to_snowflake.py
[2024-11-11T23:50:37.988+0000] {processor.py:830} INFO - Processing file /opt/airflow/dags/yfinance_to_snowflake.py for tasks to queue
[2024-11-11T23:50:37.992+0000] {logging_mixin.py:188} INFO - [2024-11-11T23:50:37.992+0000] {dagbag.py:545} INFO - Filling up the DagBag from /opt/airflow/dags/yfinance_to_snowflake.py
[2024-11-11T23:50:38.591+0000] {processor.py:840} INFO - DAG(s) 'YfinanceToSnowflake' retrieved from /opt/airflow/dags/yfinance_to_snowflake.py
[2024-11-11T23:50:38.635+0000] {logging_mixin.py:188} INFO - [2024-11-11T23:50:38.634+0000] {dag.py:3096} INFO - Sync 1 DAGs
[2024-11-11T23:50:38.665+0000] {logging_mixin.py:188} INFO - [2024-11-11T23:50:38.665+0000] {dag.py:3954} INFO - Setting next_dagrun for YfinanceToSnowflake to 2024-11-11 02:30:00+00:00, run_after=2024-11-12 02:30:00+00:00
[2024-11-11T23:50:38.694+0000] {processor.py:183} INFO - Processing /opt/airflow/dags/yfinance_to_snowflake.py took 0.719 seconds
[2024-11-11T23:51:09.908+0000] {processor.py:161} INFO - Started process (PID=2323) to work on /opt/airflow/dags/yfinance_to_snowflake.py
[2024-11-11T23:51:09.910+0000] {processor.py:830} INFO - Processing file /opt/airflow/dags/yfinance_to_snowflake.py for tasks to queue
[2024-11-11T23:51:09.916+0000] {logging_mixin.py:188} INFO - [2024-11-11T23:51:09.915+0000] {dagbag.py:545} INFO - Filling up the DagBag from /opt/airflow/dags/yfinance_to_snowflake.py
[2024-11-11T23:51:12.558+0000] {processor.py:840} INFO - DAG(s) 'YfinanceToSnowflake' retrieved from /opt/airflow/dags/yfinance_to_snowflake.py
[2024-11-11T23:51:12.728+0000] {logging_mixin.py:188} INFO - [2024-11-11T23:51:12.727+0000] {dag.py:3096} INFO - Sync 1 DAGs
[2024-11-11T23:51:12.916+0000] {logging_mixin.py:188} INFO - [2024-11-11T23:51:12.914+0000] {dag.py:3954} INFO - Setting next_dagrun for YfinanceToSnowflake to 2024-11-11 02:30:00+00:00, run_after=2024-11-12 02:30:00+00:00
[2024-11-11T23:51:13.050+0000] {processor.py:183} INFO - Processing /opt/airflow/dags/yfinance_to_snowflake.py took 3.176 seconds
[2024-11-11T23:51:43.349+0000] {processor.py:161} INFO - Started process (PID=2349) to work on /opt/airflow/dags/yfinance_to_snowflake.py
[2024-11-11T23:51:43.352+0000] {processor.py:830} INFO - Processing file /opt/airflow/dags/yfinance_to_snowflake.py for tasks to queue
[2024-11-11T23:51:43.358+0000] {logging_mixin.py:188} INFO - [2024-11-11T23:51:43.357+0000] {dagbag.py:545} INFO - Filling up the DagBag from /opt/airflow/dags/yfinance_to_snowflake.py
[2024-11-11T23:51:44.062+0000] {processor.py:840} INFO - DAG(s) 'YfinanceToSnowflake' retrieved from /opt/airflow/dags/yfinance_to_snowflake.py
[2024-11-11T23:51:44.182+0000] {logging_mixin.py:188} INFO - [2024-11-11T23:51:44.180+0000] {dag.py:3096} INFO - Sync 1 DAGs
[2024-11-11T23:51:44.283+0000] {logging_mixin.py:188} INFO - [2024-11-11T23:51:44.283+0000] {dag.py:3954} INFO - Setting next_dagrun for YfinanceToSnowflake to 2024-11-11 02:30:00+00:00, run_after=2024-11-12 02:30:00+00:00
[2024-11-11T23:51:44.403+0000] {processor.py:183} INFO - Processing /opt/airflow/dags/yfinance_to_snowflake.py took 1.075 seconds
[2024-11-11T23:52:15.541+0000] {processor.py:161} INFO - Started process (PID=2369) to work on /opt/airflow/dags/yfinance_to_snowflake.py
[2024-11-11T23:52:15.546+0000] {processor.py:830} INFO - Processing file /opt/airflow/dags/yfinance_to_snowflake.py for tasks to queue
[2024-11-11T23:52:15.553+0000] {logging_mixin.py:188} INFO - [2024-11-11T23:52:15.552+0000] {dagbag.py:545} INFO - Filling up the DagBag from /opt/airflow/dags/yfinance_to_snowflake.py
[2024-11-11T23:52:16.167+0000] {processor.py:840} INFO - DAG(s) 'YfinanceToSnowflake' retrieved from /opt/airflow/dags/yfinance_to_snowflake.py
[2024-11-11T23:52:16.223+0000] {logging_mixin.py:188} INFO - [2024-11-11T23:52:16.222+0000] {dag.py:3096} INFO - Sync 1 DAGs
[2024-11-11T23:52:16.270+0000] {logging_mixin.py:188} INFO - [2024-11-11T23:52:16.270+0000] {dag.py:3954} INFO - Setting next_dagrun for YfinanceToSnowflake to 2024-11-11 02:30:00+00:00, run_after=2024-11-12 02:30:00+00:00
[2024-11-11T23:52:16.314+0000] {processor.py:183} INFO - Processing /opt/airflow/dags/yfinance_to_snowflake.py took 0.799 seconds
[2024-11-11T23:52:47.147+0000] {processor.py:161} INFO - Started process (PID=2390) to work on /opt/airflow/dags/yfinance_to_snowflake.py
[2024-11-11T23:52:47.150+0000] {processor.py:830} INFO - Processing file /opt/airflow/dags/yfinance_to_snowflake.py for tasks to queue
[2024-11-11T23:52:47.155+0000] {logging_mixin.py:188} INFO - [2024-11-11T23:52:47.154+0000] {dagbag.py:545} INFO - Filling up the DagBag from /opt/airflow/dags/yfinance_to_snowflake.py
[2024-11-11T23:52:47.922+0000] {processor.py:840} INFO - DAG(s) 'YfinanceToSnowflake' retrieved from /opt/airflow/dags/yfinance_to_snowflake.py
[2024-11-11T23:52:47.978+0000] {logging_mixin.py:188} INFO - [2024-11-11T23:52:47.976+0000] {dag.py:3096} INFO - Sync 1 DAGs
[2024-11-11T23:52:48.037+0000] {logging_mixin.py:188} INFO - [2024-11-11T23:52:48.037+0000] {dag.py:3954} INFO - Setting next_dagrun for YfinanceToSnowflake to 2024-11-11 02:30:00+00:00, run_after=2024-11-12 02:30:00+00:00
[2024-11-11T23:52:48.085+0000] {processor.py:183} INFO - Processing /opt/airflow/dags/yfinance_to_snowflake.py took 0.956 seconds
[2024-11-11T23:53:18.986+0000] {processor.py:161} INFO - Started process (PID=2411) to work on /opt/airflow/dags/yfinance_to_snowflake.py
[2024-11-11T23:53:18.989+0000] {processor.py:830} INFO - Processing file /opt/airflow/dags/yfinance_to_snowflake.py for tasks to queue
[2024-11-11T23:53:18.995+0000] {logging_mixin.py:188} INFO - [2024-11-11T23:53:18.994+0000] {dagbag.py:545} INFO - Filling up the DagBag from /opt/airflow/dags/yfinance_to_snowflake.py
[2024-11-11T23:53:21.326+0000] {processor.py:840} INFO - DAG(s) 'YfinanceToSnowflake' retrieved from /opt/airflow/dags/yfinance_to_snowflake.py
[2024-11-11T23:53:21.694+0000] {logging_mixin.py:188} INFO - [2024-11-11T23:53:21.691+0000] {dag.py:3096} INFO - Sync 1 DAGs
[2024-11-11T23:53:21.901+0000] {logging_mixin.py:188} INFO - [2024-11-11T23:53:21.900+0000] {dag.py:3954} INFO - Setting next_dagrun for YfinanceToSnowflake to 2024-11-11 02:30:00+00:00, run_after=2024-11-12 02:30:00+00:00
[2024-11-11T23:53:22.144+0000] {processor.py:183} INFO - Processing /opt/airflow/dags/yfinance_to_snowflake.py took 3.178 seconds
[2024-11-11T23:53:52.852+0000] {processor.py:161} INFO - Started process (PID=2432) to work on /opt/airflow/dags/yfinance_to_snowflake.py
[2024-11-11T23:53:52.854+0000] {processor.py:830} INFO - Processing file /opt/airflow/dags/yfinance_to_snowflake.py for tasks to queue
[2024-11-11T23:53:52.860+0000] {logging_mixin.py:188} INFO - [2024-11-11T23:53:52.859+0000] {dagbag.py:545} INFO - Filling up the DagBag from /opt/airflow/dags/yfinance_to_snowflake.py
[2024-11-11T23:53:55.597+0000] {processor.py:840} INFO - DAG(s) 'YfinanceToSnowflake' retrieved from /opt/airflow/dags/yfinance_to_snowflake.py
[2024-11-11T23:53:55.787+0000] {logging_mixin.py:188} INFO - [2024-11-11T23:53:55.785+0000] {dag.py:3096} INFO - Sync 1 DAGs
[2024-11-11T23:53:55.859+0000] {logging_mixin.py:188} INFO - [2024-11-11T23:53:55.858+0000] {dag.py:3954} INFO - Setting next_dagrun for YfinanceToSnowflake to 2024-11-11 02:30:00+00:00, run_after=2024-11-12 02:30:00+00:00
[2024-11-11T23:53:55.919+0000] {processor.py:183} INFO - Processing /opt/airflow/dags/yfinance_to_snowflake.py took 3.073 seconds
[2024-11-11T23:54:26.738+0000] {processor.py:161} INFO - Started process (PID=2453) to work on /opt/airflow/dags/yfinance_to_snowflake.py
[2024-11-11T23:54:26.740+0000] {processor.py:830} INFO - Processing file /opt/airflow/dags/yfinance_to_snowflake.py for tasks to queue
[2024-11-11T23:54:26.745+0000] {logging_mixin.py:188} INFO - [2024-11-11T23:54:26.744+0000] {dagbag.py:545} INFO - Filling up the DagBag from /opt/airflow/dags/yfinance_to_snowflake.py
[2024-11-11T23:54:27.411+0000] {processor.py:840} INFO - DAG(s) 'YfinanceToSnowflake' retrieved from /opt/airflow/dags/yfinance_to_snowflake.py
[2024-11-11T23:54:27.490+0000] {logging_mixin.py:188} INFO - [2024-11-11T23:54:27.489+0000] {dag.py:3096} INFO - Sync 1 DAGs
[2024-11-11T23:54:27.566+0000] {logging_mixin.py:188} INFO - [2024-11-11T23:54:27.566+0000] {dag.py:3954} INFO - Setting next_dagrun for YfinanceToSnowflake to 2024-11-11 02:30:00+00:00, run_after=2024-11-12 02:30:00+00:00
[2024-11-11T23:54:27.612+0000] {processor.py:183} INFO - Processing /opt/airflow/dags/yfinance_to_snowflake.py took 0.890 seconds
[2024-11-11T23:54:58.103+0000] {processor.py:161} INFO - Started process (PID=2473) to work on /opt/airflow/dags/yfinance_to_snowflake.py
[2024-11-11T23:54:58.118+0000] {processor.py:830} INFO - Processing file /opt/airflow/dags/yfinance_to_snowflake.py for tasks to queue
[2024-11-11T23:54:58.146+0000] {logging_mixin.py:188} INFO - [2024-11-11T23:54:58.145+0000] {dagbag.py:545} INFO - Filling up the DagBag from /opt/airflow/dags/yfinance_to_snowflake.py
[2024-11-11T23:54:59.846+0000] {processor.py:840} INFO - DAG(s) 'YfinanceToSnowflake' retrieved from /opt/airflow/dags/yfinance_to_snowflake.py
[2024-11-11T23:54:59.969+0000] {logging_mixin.py:188} INFO - [2024-11-11T23:54:59.968+0000] {dag.py:3096} INFO - Sync 1 DAGs
[2024-11-11T23:55:00.127+0000] {logging_mixin.py:188} INFO - [2024-11-11T23:55:00.127+0000] {dag.py:3954} INFO - Setting next_dagrun for YfinanceToSnowflake to 2024-11-11 02:30:00+00:00, run_after=2024-11-12 02:30:00+00:00
[2024-11-11T23:55:00.204+0000] {processor.py:183} INFO - Processing /opt/airflow/dags/yfinance_to_snowflake.py took 2.140 seconds
[2024-11-11T23:55:30.374+0000] {processor.py:161} INFO - Started process (PID=2494) to work on /opt/airflow/dags/yfinance_to_snowflake.py
[2024-11-11T23:55:30.375+0000] {processor.py:830} INFO - Processing file /opt/airflow/dags/yfinance_to_snowflake.py for tasks to queue
[2024-11-11T23:55:30.380+0000] {logging_mixin.py:188} INFO - [2024-11-11T23:55:30.378+0000] {dagbag.py:545} INFO - Filling up the DagBag from /opt/airflow/dags/yfinance_to_snowflake.py
[2024-11-11T23:55:30.941+0000] {processor.py:840} INFO - DAG(s) 'YfinanceToSnowflake' retrieved from /opt/airflow/dags/yfinance_to_snowflake.py
[2024-11-11T23:55:31.004+0000] {logging_mixin.py:188} INFO - [2024-11-11T23:55:31.003+0000] {dag.py:3096} INFO - Sync 1 DAGs
[2024-11-11T23:55:31.045+0000] {logging_mixin.py:188} INFO - [2024-11-11T23:55:31.044+0000] {dag.py:3954} INFO - Setting next_dagrun for YfinanceToSnowflake to 2024-11-11 02:30:00+00:00, run_after=2024-11-12 02:30:00+00:00
[2024-11-11T23:55:31.088+0000] {processor.py:183} INFO - Processing /opt/airflow/dags/yfinance_to_snowflake.py took 0.726 seconds
[2024-11-11T23:56:01.905+0000] {processor.py:161} INFO - Started process (PID=2515) to work on /opt/airflow/dags/yfinance_to_snowflake.py
[2024-11-11T23:56:01.908+0000] {processor.py:830} INFO - Processing file /opt/airflow/dags/yfinance_to_snowflake.py for tasks to queue
[2024-11-11T23:56:01.913+0000] {logging_mixin.py:188} INFO - [2024-11-11T23:56:01.912+0000] {dagbag.py:545} INFO - Filling up the DagBag from /opt/airflow/dags/yfinance_to_snowflake.py
[2024-11-11T23:56:03.536+0000] {processor.py:840} INFO - DAG(s) 'YfinanceToSnowflake' retrieved from /opt/airflow/dags/yfinance_to_snowflake.py
[2024-11-11T23:56:03.671+0000] {logging_mixin.py:188} INFO - [2024-11-11T23:56:03.669+0000] {dag.py:3096} INFO - Sync 1 DAGs
[2024-11-11T23:56:03.761+0000] {logging_mixin.py:188} INFO - [2024-11-11T23:56:03.760+0000] {dag.py:3954} INFO - Setting next_dagrun for YfinanceToSnowflake to 2024-11-11 02:30:00+00:00, run_after=2024-11-12 02:30:00+00:00
[2024-11-11T23:56:03.811+0000] {processor.py:183} INFO - Processing /opt/airflow/dags/yfinance_to_snowflake.py took 1.920 seconds
[2024-11-11T23:56:34.296+0000] {processor.py:161} INFO - Started process (PID=2536) to work on /opt/airflow/dags/yfinance_to_snowflake.py
[2024-11-11T23:56:34.300+0000] {processor.py:830} INFO - Processing file /opt/airflow/dags/yfinance_to_snowflake.py for tasks to queue
[2024-11-11T23:56:34.304+0000] {logging_mixin.py:188} INFO - [2024-11-11T23:56:34.303+0000] {dagbag.py:545} INFO - Filling up the DagBag from /opt/airflow/dags/yfinance_to_snowflake.py
[2024-11-11T23:56:35.484+0000] {processor.py:840} INFO - DAG(s) 'YfinanceToSnowflake' retrieved from /opt/airflow/dags/yfinance_to_snowflake.py
[2024-11-11T23:56:35.538+0000] {logging_mixin.py:188} INFO - [2024-11-11T23:56:35.538+0000] {dag.py:3096} INFO - Sync 1 DAGs
[2024-11-11T23:56:35.574+0000] {logging_mixin.py:188} INFO - [2024-11-11T23:56:35.573+0000] {dag.py:3954} INFO - Setting next_dagrun for YfinanceToSnowflake to 2024-11-11 02:30:00+00:00, run_after=2024-11-12 02:30:00+00:00
[2024-11-11T23:56:35.605+0000] {processor.py:183} INFO - Processing /opt/airflow/dags/yfinance_to_snowflake.py took 1.325 seconds
[2024-11-11T23:57:05.938+0000] {processor.py:161} INFO - Started process (PID=2562) to work on /opt/airflow/dags/yfinance_to_snowflake.py
[2024-11-11T23:57:05.941+0000] {processor.py:830} INFO - Processing file /opt/airflow/dags/yfinance_to_snowflake.py for tasks to queue
[2024-11-11T23:57:05.945+0000] {logging_mixin.py:188} INFO - [2024-11-11T23:57:05.945+0000] {dagbag.py:545} INFO - Filling up the DagBag from /opt/airflow/dags/yfinance_to_snowflake.py
[2024-11-11T23:57:07.013+0000] {processor.py:840} INFO - DAG(s) 'YfinanceToSnowflake' retrieved from /opt/airflow/dags/yfinance_to_snowflake.py
[2024-11-11T23:57:07.100+0000] {logging_mixin.py:188} INFO - [2024-11-11T23:57:07.099+0000] {dag.py:3096} INFO - Sync 1 DAGs
[2024-11-11T23:57:07.172+0000] {logging_mixin.py:188} INFO - [2024-11-11T23:57:07.171+0000] {dag.py:3954} INFO - Setting next_dagrun for YfinanceToSnowflake to 2024-11-11 02:30:00+00:00, run_after=2024-11-12 02:30:00+00:00
[2024-11-11T23:57:07.225+0000] {processor.py:183} INFO - Processing /opt/airflow/dags/yfinance_to_snowflake.py took 1.302 seconds
[2024-11-11T23:57:37.721+0000] {processor.py:161} INFO - Started process (PID=2583) to work on /opt/airflow/dags/yfinance_to_snowflake.py
[2024-11-11T23:57:37.722+0000] {processor.py:830} INFO - Processing file /opt/airflow/dags/yfinance_to_snowflake.py for tasks to queue
[2024-11-11T23:57:37.729+0000] {logging_mixin.py:188} INFO - [2024-11-11T23:57:37.728+0000] {dagbag.py:545} INFO - Filling up the DagBag from /opt/airflow/dags/yfinance_to_snowflake.py
[2024-11-11T23:57:38.067+0000] {processor.py:840} INFO - DAG(s) 'YfinanceToSnowflake' retrieved from /opt/airflow/dags/yfinance_to_snowflake.py
[2024-11-11T23:57:38.110+0000] {logging_mixin.py:188} INFO - [2024-11-11T23:57:38.109+0000] {dag.py:3096} INFO - Sync 1 DAGs
[2024-11-11T23:57:38.149+0000] {logging_mixin.py:188} INFO - [2024-11-11T23:57:38.149+0000] {dag.py:3954} INFO - Setting next_dagrun for YfinanceToSnowflake to 2024-11-11 02:30:00+00:00, run_after=2024-11-12 02:30:00+00:00
[2024-11-11T23:57:38.203+0000] {processor.py:183} INFO - Processing /opt/airflow/dags/yfinance_to_snowflake.py took 0.498 seconds
[2024-11-11T23:58:08.465+0000] {processor.py:161} INFO - Started process (PID=2610) to work on /opt/airflow/dags/yfinance_to_snowflake.py
[2024-11-11T23:58:08.469+0000] {processor.py:830} INFO - Processing file /opt/airflow/dags/yfinance_to_snowflake.py for tasks to queue
[2024-11-11T23:58:08.475+0000] {logging_mixin.py:188} INFO - [2024-11-11T23:58:08.474+0000] {dagbag.py:545} INFO - Filling up the DagBag from /opt/airflow/dags/yfinance_to_snowflake.py
[2024-11-11T23:58:09.466+0000] {processor.py:840} INFO - DAG(s) 'YfinanceToSnowflake' retrieved from /opt/airflow/dags/yfinance_to_snowflake.py
[2024-11-11T23:58:09.556+0000] {logging_mixin.py:188} INFO - [2024-11-11T23:58:09.555+0000] {dag.py:3096} INFO - Sync 1 DAGs
[2024-11-11T23:58:09.678+0000] {logging_mixin.py:188} INFO - [2024-11-11T23:58:09.678+0000] {dag.py:3954} INFO - Setting next_dagrun for YfinanceToSnowflake to 2024-11-11 02:30:00+00:00, run_after=2024-11-12 02:30:00+00:00
[2024-11-11T23:58:09.744+0000] {processor.py:183} INFO - Processing /opt/airflow/dags/yfinance_to_snowflake.py took 1.308 seconds
[2024-11-11T23:58:40.176+0000] {processor.py:161} INFO - Started process (PID=2633) to work on /opt/airflow/dags/yfinance_to_snowflake.py
[2024-11-11T23:58:40.180+0000] {processor.py:830} INFO - Processing file /opt/airflow/dags/yfinance_to_snowflake.py for tasks to queue
[2024-11-11T23:58:40.185+0000] {logging_mixin.py:188} INFO - [2024-11-11T23:58:40.185+0000] {dagbag.py:545} INFO - Filling up the DagBag from /opt/airflow/dags/yfinance_to_snowflake.py
[2024-11-11T23:58:40.690+0000] {processor.py:840} INFO - DAG(s) 'YfinanceToSnowflake' retrieved from /opt/airflow/dags/yfinance_to_snowflake.py
[2024-11-11T23:58:40.757+0000] {logging_mixin.py:188} INFO - [2024-11-11T23:58:40.756+0000] {dag.py:3096} INFO - Sync 1 DAGs
[2024-11-11T23:58:40.816+0000] {logging_mixin.py:188} INFO - [2024-11-11T23:58:40.815+0000] {dag.py:3954} INFO - Setting next_dagrun for YfinanceToSnowflake to 2024-11-11 02:30:00+00:00, run_after=2024-11-12 02:30:00+00:00
[2024-11-11T23:58:40.865+0000] {processor.py:183} INFO - Processing /opt/airflow/dags/yfinance_to_snowflake.py took 0.703 seconds
[2024-11-11T23:59:10.939+0000] {processor.py:161} INFO - Started process (PID=2654) to work on /opt/airflow/dags/yfinance_to_snowflake.py
[2024-11-11T23:59:10.941+0000] {processor.py:830} INFO - Processing file /opt/airflow/dags/yfinance_to_snowflake.py for tasks to queue
[2024-11-11T23:59:10.945+0000] {logging_mixin.py:188} INFO - [2024-11-11T23:59:10.944+0000] {dagbag.py:545} INFO - Filling up the DagBag from /opt/airflow/dags/yfinance_to_snowflake.py
[2024-11-11T23:59:11.311+0000] {processor.py:840} INFO - DAG(s) 'YfinanceToSnowflake' retrieved from /opt/airflow/dags/yfinance_to_snowflake.py
[2024-11-11T23:59:11.413+0000] {logging_mixin.py:188} INFO - [2024-11-11T23:59:11.412+0000] {dag.py:3096} INFO - Sync 1 DAGs
[2024-11-11T23:59:11.556+0000] {logging_mixin.py:188} INFO - [2024-11-11T23:59:11.554+0000] {dag.py:3954} INFO - Setting next_dagrun for YfinanceToSnowflake to 2024-11-11 02:30:00+00:00, run_after=2024-11-12 02:30:00+00:00
[2024-11-11T23:59:11.652+0000] {processor.py:183} INFO - Processing /opt/airflow/dags/yfinance_to_snowflake.py took 0.724 seconds
[2024-11-11T23:59:42.592+0000] {processor.py:161} INFO - Started process (PID=2675) to work on /opt/airflow/dags/yfinance_to_snowflake.py
[2024-11-11T23:59:42.594+0000] {processor.py:830} INFO - Processing file /opt/airflow/dags/yfinance_to_snowflake.py for tasks to queue
[2024-11-11T23:59:42.597+0000] {logging_mixin.py:188} INFO - [2024-11-11T23:59:42.596+0000] {dagbag.py:545} INFO - Filling up the DagBag from /opt/airflow/dags/yfinance_to_snowflake.py
[2024-11-11T23:59:42.849+0000] {processor.py:840} INFO - DAG(s) 'YfinanceToSnowflake' retrieved from /opt/airflow/dags/yfinance_to_snowflake.py
[2024-11-11T23:59:42.984+0000] {logging_mixin.py:188} INFO - [2024-11-11T23:59:42.982+0000] {dag.py:3096} INFO - Sync 1 DAGs
[2024-11-11T23:59:43.071+0000] {logging_mixin.py:188} INFO - [2024-11-11T23:59:43.070+0000] {dag.py:3954} INFO - Setting next_dagrun for YfinanceToSnowflake to 2024-11-11 02:30:00+00:00, run_after=2024-11-12 02:30:00+00:00
[2024-11-11T23:59:43.127+0000] {processor.py:183} INFO - Processing /opt/airflow/dags/yfinance_to_snowflake.py took 0.545 seconds
