[2024-10-25T02:30:11.541+0000] {local_task_job_runner.py:120} INFO - ::group::Pre task execution logs
[2024-10-25T02:30:11.591+0000] {taskinstance.py:2076} INFO - Dependencies all met for dep_context=non-requeueable deps ti=<TaskInstance: YfinanceToSnowflake.load scheduled__2024-10-24T02:30:00+00:00 [queued]>
[2024-10-25T02:30:11.608+0000] {taskinstance.py:2076} INFO - Dependencies all met for dep_context=requeueable deps ti=<TaskInstance: YfinanceToSnowflake.load scheduled__2024-10-24T02:30:00+00:00 [queued]>
[2024-10-25T02:30:11.609+0000] {taskinstance.py:2306} INFO - Starting attempt 1 of 1
[2024-10-25T02:30:11.633+0000] {taskinstance.py:2330} INFO - Executing <Task(_PythonDecoratedOperator): load> on 2024-10-24 02:30:00+00:00
[2024-10-25T02:30:11.647+0000] {standard_task_runner.py:90} INFO - Running: ['***', 'tasks', 'run', 'YfinanceToSnowflake', 'load', 'scheduled__2024-10-24T02:30:00+00:00', '--job-id', '39', '--raw', '--subdir', 'DAGS_FOLDER/yfinance_to_snowflake.py', '--cfg-path', '/tmp/tmpukdlbxv9']
[2024-10-25T02:30:11.653+0000] {logging_mixin.py:188} WARNING - /home/***/.local/lib/python3.12/site-packages/***/task/task_runner/standard_task_runner.py:61 DeprecationWarning: This process (pid=11796) is multi-threaded, use of fork() may lead to deadlocks in the child.
[2024-10-25T02:30:11.654+0000] {standard_task_runner.py:91} INFO - Job 39: Subtask load
[2024-10-25T02:30:11.655+0000] {standard_task_runner.py:63} INFO - Started process 11799 to run task
[2024-10-25T02:30:11.758+0000] {task_command.py:426} INFO - Running <TaskInstance: YfinanceToSnowflake.load scheduled__2024-10-24T02:30:00+00:00 [running]> on host d99256b0cb87
[2024-10-25T02:30:11.967+0000] {taskinstance.py:2648} INFO - Exporting env vars: AIRFLOW_CTX_DAG_OWNER='***' AIRFLOW_CTX_DAG_ID='YfinanceToSnowflake' AIRFLOW_CTX_TASK_ID='load' AIRFLOW_CTX_EXECUTION_DATE='2024-10-24T02:30:00+00:00' AIRFLOW_CTX_TRY_NUMBER='1' AIRFLOW_CTX_DAG_RUN_ID='scheduled__2024-10-24T02:30:00+00:00'
[2024-10-25T02:30:11.971+0000] {taskinstance.py:430} INFO - ::endgroup::
[2024-10-25T02:30:11.999+0000] {base.py:84} INFO - Using connection ID 'snowflake_conn' for task execution.
[2024-10-25T02:30:12.001+0000] {connection.py:399} INFO - Snowflake Connector for Python Version: 3.10.0, Python Version: 3.12.3, Platform: Linux-6.10.4-linuxkit-x86_64-with-glibc2.36
[2024-10-25T02:30:12.004+0000] {connection.py:1239} INFO - This connection is in OCSP Fail Open Mode. TLS Certificates would be checked for validity and revocation status. Any other Certificate Revocation related exceptions or OCSP Responder failures would be disregarded in favor of connectivity.
[2024-10-25T02:30:12.839+0000] {cursor.py:1149} INFO - Number of results in first chunk: 1
[2024-10-25T02:30:12.998+0000] {cursor.py:1149} INFO - Number of results in first chunk: 1
[2024-10-25T02:30:14.144+0000] {logging_mixin.py:188} INFO - INSERT INTO stock_db.raw_data.stock_prices (date, open, close, high, low, volume, symbol) VALUES (
          '2024-10-24', 229.97999572753906, 230.57000732421875, 230.82000732421875, 228.41000366210938, 31071100, 'AAPL')
[2024-10-25T02:30:15.681+0000] {cursor.py:1149} INFO - Number of results in first chunk: 1
[2024-10-25T02:30:15.682+0000] {python.py:237} INFO - Done. Returned value was: None
[2024-10-25T02:30:15.683+0000] {taskinstance.py:441} INFO - ::group::Post task execution logs
[2024-10-25T02:30:15.711+0000] {taskinstance.py:1206} INFO - Marking task as SUCCESS. dag_id=YfinanceToSnowflake, task_id=load, run_id=scheduled__2024-10-24T02:30:00+00:00, execution_date=20241024T023000, start_date=20241025T023011, end_date=20241025T023015
[2024-10-25T02:30:15.827+0000] {local_task_job_runner.py:240} INFO - Task exited with return code 0
[2024-10-25T02:30:15.910+0000] {taskinstance.py:3498} INFO - 0 downstream tasks scheduled from follow-on schedule check
[2024-10-25T02:30:15.915+0000] {local_task_job_runner.py:222} INFO - ::endgroup::
