[2024-11-15T04:50:07.114+0000] {local_task_job_runner.py:120} INFO - ::group::Pre task execution logs
[2024-11-15T04:50:07.304+0000] {taskinstance.py:2076} INFO - Dependencies all met for dep_context=non-requeueable deps ti=<TaskInstance: YfinanceToSnowflake.dbt_run manual__2024-11-15T04:49:25.455781+00:00 [queued]>
[2024-11-15T04:50:07.340+0000] {taskinstance.py:2076} INFO - Dependencies all met for dep_context=requeueable deps ti=<TaskInstance: YfinanceToSnowflake.dbt_run manual__2024-11-15T04:49:25.455781+00:00 [queued]>
[2024-11-15T04:50:07.341+0000] {taskinstance.py:2306} INFO - Starting attempt 1 of 1
[2024-11-15T04:50:07.422+0000] {taskinstance.py:2330} INFO - Executing <Task(BashOperator): dbt_run> on 2024-11-15 04:49:25.455781+00:00
[2024-11-15T04:50:07.443+0000] {logging_mixin.py:188} WARNING - /home/***/.local/lib/python3.12/site-packages/***/task/task_runner/standard_task_runner.py:61 DeprecationWarning: This process (pid=17495) is multi-threaded, use of fork() may lead to deadlocks in the child.
[2024-11-15T04:50:07.445+0000] {standard_task_runner.py:63} INFO - Started process 17503 to run task
[2024-11-15T04:50:07.446+0000] {standard_task_runner.py:90} INFO - Running: ['***', 'tasks', 'run', 'YfinanceToSnowflake', 'dbt_run', 'manual__2024-11-15T04:49:25.455781+00:00', '--job-id', '351', '--raw', '--subdir', 'DAGS_FOLDER/yfinance_to_snowflake.py', '--cfg-path', '/tmp/tmpvgvce05a']
[2024-11-15T04:50:07.454+0000] {standard_task_runner.py:91} INFO - Job 351: Subtask dbt_run
[2024-11-15T04:50:07.594+0000] {task_command.py:426} INFO - Running <TaskInstance: YfinanceToSnowflake.dbt_run manual__2024-11-15T04:49:25.455781+00:00 [running]> on host 5bbe89177473
[2024-11-15T04:50:08.051+0000] {taskinstance.py:2648} INFO - Exporting env vars: AIRFLOW_CTX_DAG_OWNER='***' AIRFLOW_CTX_DAG_ID='YfinanceToSnowflake' AIRFLOW_CTX_TASK_ID='dbt_run' AIRFLOW_CTX_EXECUTION_DATE='2024-11-15T04:49:25.455781+00:00' AIRFLOW_CTX_TRY_NUMBER='1' AIRFLOW_CTX_DAG_RUN_ID='manual__2024-11-15T04:49:25.455781+00:00'
[2024-11-15T04:50:08.055+0000] {taskinstance.py:430} INFO - ::endgroup::
[2024-11-15T04:50:08.057+0000] {subprocess.py:63} INFO - Tmp dir root location: /tmp
[2024-11-15T04:50:08.058+0000] {subprocess.py:75} INFO - Running command: ['/usr/bin/bash', '-c', 'cd /opt/***/stocks_mau && dbt run --profiles-dir /opt/***/stocks_mau']
[2024-11-15T04:50:08.181+0000] {subprocess.py:86} INFO - Output:
[2024-11-15T04:50:30.797+0000] {subprocess.py:93} INFO - [0m04:50:30  Running with dbt=1.8.7
[2024-11-15T04:50:35.215+0000] {subprocess.py:93} INFO - [0m04:50:35  Registered adapter: snowflake=1.8.4
[2024-11-15T04:50:37.748+0000] {subprocess.py:93} INFO - [0m04:50:37  Found 2 snapshots, 2 models, 4 data tests, 1 source, 459 macros
[2024-11-15T04:50:37.767+0000] {subprocess.py:93} INFO - [0m04:50:37
[2024-11-15T04:50:39.477+0000] {subprocess.py:93} INFO - [0m04:50:39  Concurrency: 1 threads (target='dev')
[2024-11-15T04:50:39.479+0000] {subprocess.py:93} INFO - [0m04:50:39
[2024-11-15T04:50:39.512+0000] {subprocess.py:93} INFO - [0m04:50:39  1 of 2 START sql incremental model analytics.moving_average .................... [RUN]
[2024-11-15T04:50:42.979+0000] {subprocess.py:93} INFO - [0m04:50:42  1 of 2 OK created sql incremental model analytics.moving_average ............... [[32mSUCCESS 0[0m in 3.42s]
[2024-11-15T04:50:43.014+0000] {subprocess.py:93} INFO - [0m04:50:43  2 of 2 START sql incremental model analytics.rsi ............................... [RUN]
[2024-11-15T04:50:47.046+0000] {subprocess.py:93} INFO - [0m04:50:47  2 of 2 OK created sql incremental model analytics.rsi .......................... [[32mSUCCESS 0[0m in 3.98s]
[2024-11-15T04:50:47.155+0000] {subprocess.py:93} INFO - [0m04:50:47
[2024-11-15T04:50:47.207+0000] {subprocess.py:93} INFO - [0m04:50:47  Finished running 2 incremental models in 0 hours 0 minutes and 9.37 seconds (9.37s).
[2024-11-15T04:50:48.071+0000] {subprocess.py:93} INFO - [0m04:50:48
[2024-11-15T04:50:48.091+0000] {subprocess.py:93} INFO - [0m04:50:48  [32mCompleted successfully[0m
[2024-11-15T04:50:48.115+0000] {subprocess.py:93} INFO - [0m04:50:48
[2024-11-15T04:50:48.119+0000] {subprocess.py:93} INFO - [0m04:50:48  Done. PASS=2 WARN=0 ERROR=0 SKIP=0 TOTAL=2
[2024-11-15T04:50:50.366+0000] {subprocess.py:97} INFO - Command exited with return code 0
[2024-11-15T04:50:50.381+0000] {taskinstance.py:441} INFO - ::group::Post task execution logs
[2024-11-15T04:50:50.501+0000] {taskinstance.py:1206} INFO - Marking task as SUCCESS. dag_id=YfinanceToSnowflake, task_id=dbt_run, run_id=manual__2024-11-15T04:49:25.455781+00:00, execution_date=20241115T044925, start_date=20241115T045007, end_date=20241115T045050
[2024-11-15T04:50:50.583+0000] {local_task_job_runner.py:240} INFO - Task exited with return code 0
[2024-11-15T04:50:50.717+0000] {local_task_job_runner.py:222} INFO - ::endgroup::
