[2024-11-15T06:37:31.455+0000] {local_task_job_runner.py:120} INFO - ::group::Pre task execution logs
[2024-11-15T06:37:31.581+0000] {taskinstance.py:2076} INFO - Dependencies all met for dep_context=non-requeueable deps ti=<TaskInstance: stock_price_analytics_extended.predictNext7Days__1 manual__2024-11-15T01:19:15.266863+00:00 [queued]>
[2024-11-15T06:37:31.645+0000] {taskinstance.py:2076} INFO - Dependencies all met for dep_context=requeueable deps ti=<TaskInstance: stock_price_analytics_extended.predictNext7Days__1 manual__2024-11-15T01:19:15.266863+00:00 [queued]>
[2024-11-15T06:37:31.669+0000] {taskinstance.py:2306} INFO - Starting attempt 2 of 2
[2024-11-15T06:37:31.737+0000] {taskinstance.py:2330} INFO - Executing <Task(_PythonDecoratedOperator): predictNext7Days__1> on 2024-11-15 01:19:15.266863+00:00
[2024-11-15T06:37:31.799+0000] {logging_mixin.py:188} WARNING - /home/***/.local/lib/python3.12/site-packages/***/task/task_runner/standard_task_runner.py:61 DeprecationWarning: This process (pid=22915) is multi-threaded, use of fork() may lead to deadlocks in the child.
[2024-11-15T06:37:31.809+0000] {standard_task_runner.py:63} INFO - Started process 22928 to run task
[2024-11-15T06:37:31.812+0000] {standard_task_runner.py:90} INFO - Running: ['***', 'tasks', 'run', 'stock_price_analytics_extended', 'predictNext7Days__1', 'manual__2024-11-15T01:19:15.266863+00:00', '--job-id', '411', '--raw', '--subdir', 'DAGS_FOLDER/Conn_Forcasting_DagFile.py', '--cfg-path', '/tmp/tmpvmhi_8tz']
[2024-11-15T06:37:31.820+0000] {standard_task_runner.py:91} INFO - Job 411: Subtask predictNext7Days__1
[2024-11-15T06:37:32.343+0000] {task_command.py:426} INFO - Running <TaskInstance: stock_price_analytics_extended.predictNext7Days__1 manual__2024-11-15T01:19:15.266863+00:00 [running]> on host 5bbe89177473
[2024-11-15T06:37:33.654+0000] {taskinstance.py:2648} INFO - Exporting env vars: AIRFLOW_CTX_DAG_OWNER='***' AIRFLOW_CTX_DAG_ID='stock_price_analytics_extended' AIRFLOW_CTX_TASK_ID='predictNext7Days__1' AIRFLOW_CTX_EXECUTION_DATE='2024-11-15T01:19:15.266863+00:00' AIRFLOW_CTX_TRY_NUMBER='2' AIRFLOW_CTX_DAG_RUN_ID='manual__2024-11-15T01:19:15.266863+00:00'
[2024-11-15T06:37:33.657+0000] {taskinstance.py:430} INFO - ::endgroup::
[2024-11-15T06:37:49.226+0000] {python.py:237} INFO - Done. Returned value was:                         date    open    high  ...   close       volume  symbol
0 2024-11-16 06:37:49.201646  147.54  148.89  ...  147.22  194175713.0    NVDA
1 2024-11-17 06:37:49.201678  147.77  148.72  ...  146.46  189751725.0    NVDA
2 2024-11-18 06:37:49.201684  147.65  148.76  ...  147.02  191241941.0    NVDA
3 2024-11-19 06:37:49.201688  147.45  148.78  ...  146.84  192806849.0    NVDA
4 2024-11-20 06:37:49.201693  147.70  148.81  ...  146.77  191939355.0    NVDA
5 2024-11-21 06:37:49.201697  147.63  148.82  ...  146.95  192445880.0    NVDA
6 2024-11-22 06:37:49.201701  147.63  148.82  ...  146.80  192360218.0    NVDA

[7 rows x 7 columns]
[2024-11-15T06:37:49.266+0000] {taskinstance.py:441} INFO - ::group::Post task execution logs
[2024-11-15T06:37:49.312+0000] {taskinstance.py:1206} INFO - Marking task as SUCCESS. dag_id=stock_price_analytics_extended, task_id=predictNext7Days__1, run_id=manual__2024-11-15T01:19:15.266863+00:00, execution_date=20241115T011915, start_date=20241115T063731, end_date=20241115T063749
[2024-11-15T06:37:49.391+0000] {local_task_job_runner.py:240} INFO - Task exited with return code 0
[2024-11-15T06:37:49.420+0000] {taskinstance.py:3498} INFO - 0 downstream tasks scheduled from follow-on schedule check
[2024-11-15T06:37:49.424+0000] {local_task_job_runner.py:222} INFO - ::endgroup::
