[2024-11-15T00:21:28.523+0000] {local_task_job_runner.py:120} INFO - ::group::Pre task execution logs
[2024-11-15T00:21:29.055+0000] {taskinstance.py:2076} INFO - Dependencies all met for dep_context=non-requeueable deps ti=<TaskInstance: YfinanceToSnowflake.dbt_snapshot manual__2024-11-15T00:19:10.299911+00:00 [queued]>
[2024-11-15T00:21:29.158+0000] {taskinstance.py:2076} INFO - Dependencies all met for dep_context=requeueable deps ti=<TaskInstance: YfinanceToSnowflake.dbt_snapshot manual__2024-11-15T00:19:10.299911+00:00 [queued]>
[2024-11-15T00:21:29.168+0000] {taskinstance.py:2306} INFO - Starting attempt 1 of 1
[2024-11-15T00:21:29.451+0000] {taskinstance.py:2330} INFO - Executing <Task(BashOperator): dbt_snapshot> on 2024-11-15 00:19:10.299911+00:00
[2024-11-15T00:21:29.607+0000] {logging_mixin.py:188} WARNING - /home/***/.local/lib/python3.12/site-packages/***/task/task_runner/standard_task_runner.py:61 DeprecationWarning: This process (pid=5530) is multi-threaded, use of fork() may lead to deadlocks in the child.
[2024-11-15T00:21:29.619+0000] {standard_task_runner.py:63} INFO - Started process 5543 to run task
[2024-11-15T00:21:29.628+0000] {standard_task_runner.py:90} INFO - Running: ['***', 'tasks', 'run', 'YfinanceToSnowflake', 'dbt_snapshot', 'manual__2024-11-15T00:19:10.299911+00:00', '--job-id', '309', '--raw', '--subdir', 'DAGS_FOLDER/yfinance_to_snowflake.py', '--cfg-path', '/tmp/tmpv_t74gjt']
[2024-11-15T00:21:29.739+0000] {standard_task_runner.py:91} INFO - Job 309: Subtask dbt_snapshot
[2024-11-15T00:21:30.167+0000] {task_command.py:426} INFO - Running <TaskInstance: YfinanceToSnowflake.dbt_snapshot manual__2024-11-15T00:19:10.299911+00:00 [running]> on host 5bbe89177473
[2024-11-15T00:21:30.552+0000] {taskinstance.py:2648} INFO - Exporting env vars: AIRFLOW_CTX_DAG_OWNER='***' AIRFLOW_CTX_DAG_ID='YfinanceToSnowflake' AIRFLOW_CTX_TASK_ID='dbt_snapshot' AIRFLOW_CTX_EXECUTION_DATE='2024-11-15T00:19:10.299911+00:00' AIRFLOW_CTX_TRY_NUMBER='1' AIRFLOW_CTX_DAG_RUN_ID='manual__2024-11-15T00:19:10.299911+00:00'
[2024-11-15T00:21:30.557+0000] {taskinstance.py:430} INFO - ::endgroup::
[2024-11-15T00:21:30.561+0000] {subprocess.py:63} INFO - Tmp dir root location: /tmp
[2024-11-15T00:21:30.567+0000] {subprocess.py:75} INFO - Running command: ['/usr/bin/bash', '-c', 'cd /opt/***/stocks_mau && dbt snapshot --profiles-dir /opt/***/stocks_mau']
[2024-11-15T00:21:30.600+0000] {subprocess.py:86} INFO - Output:
[2024-11-15T00:21:45.144+0000] {subprocess.py:93} INFO - [0m00:21:45  Running with dbt=1.8.7
[2024-11-15T00:21:48.854+0000] {subprocess.py:93} INFO - [0m00:21:48  Registered adapter: snowflake=1.8.4
[2024-11-15T00:21:51.421+0000] {subprocess.py:93} INFO - [0m00:21:51  Found 2 snapshots, 2 models, 4 data tests, 1 source, 459 macros
[2024-11-15T00:21:51.434+0000] {subprocess.py:93} INFO - [0m00:21:51
[2024-11-15T00:21:53.158+0000] {subprocess.py:93} INFO - [0m00:21:53  Concurrency: 1 threads (target='dev')
[2024-11-15T00:21:53.160+0000] {subprocess.py:93} INFO - [0m00:21:53
[2024-11-15T00:21:53.193+0000] {subprocess.py:93} INFO - [0m00:21:53  1 of 2 START snapshot analytics.dma_snapshot ................................... [RUN]
[2024-11-15T00:21:55.448+0000] {subprocess.py:93} INFO - [0m00:21:55  1 of 2 OK snapshotted analytics.dma_snapshot ................................... [[32mSUCCESS 1[0m in 2.23s]
[2024-11-15T00:21:55.470+0000] {subprocess.py:93} INFO - [0m00:21:55  2 of 2 START snapshot analytics.rsi_snapshot ................................... [RUN]
[2024-11-15T00:21:57.564+0000] {subprocess.py:93} INFO - [0m00:21:57  2 of 2 OK snapshotted analytics.rsi_snapshot ................................... [[32mSUCCESS 1[0m in 2.06s]
[2024-11-15T00:21:57.655+0000] {subprocess.py:93} INFO - [0m00:21:57
[2024-11-15T00:21:57.670+0000] {subprocess.py:93} INFO - [0m00:21:57  Finished running 2 snapshots in 0 hours 0 minutes and 6.22 seconds (6.22s).
[2024-11-15T00:21:58.477+0000] {subprocess.py:93} INFO - [0m00:21:58
[2024-11-15T00:21:58.495+0000] {subprocess.py:93} INFO - [0m00:21:58  [32mCompleted successfully[0m
[2024-11-15T00:21:58.529+0000] {subprocess.py:93} INFO - [0m00:21:58
[2024-11-15T00:21:58.538+0000] {subprocess.py:93} INFO - [0m00:21:58  Done. PASS=2 WARN=0 ERROR=0 SKIP=0 TOTAL=2
[2024-11-15T00:22:03.372+0000] {subprocess.py:97} INFO - Command exited with return code 0
[2024-11-15T00:22:03.383+0000] {taskinstance.py:441} INFO - ::group::Post task execution logs
[2024-11-15T00:22:03.655+0000] {taskinstance.py:1206} INFO - Marking task as SUCCESS. dag_id=YfinanceToSnowflake, task_id=dbt_snapshot, run_id=manual__2024-11-15T00:19:10.299911+00:00, execution_date=20241115T001910, start_date=20241115T002129, end_date=20241115T002203
[2024-11-15T00:22:03.846+0000] {local_task_job_runner.py:240} INFO - Task exited with return code 0
[2024-11-15T00:22:03.918+0000] {taskinstance.py:3498} INFO - 0 downstream tasks scheduled from follow-on schedule check
[2024-11-15T00:22:03.944+0000] {local_task_job_runner.py:222} INFO - ::endgroup::
