[2024-11-12T02:07:59.447+0000] {local_task_job_runner.py:120} INFO - ::group::Pre task execution logs
[2024-11-12T02:07:59.807+0000] {taskinstance.py:2076} INFO - Dependencies all met for dep_context=non-requeueable deps ti=<TaskInstance: StockForcastingNext7WorkingDaysTodayOnward.load90DaysDataToSnowflake__1 manual__2024-11-12T02:07:17.027838+00:00 [queued]>
[2024-11-12T02:07:59.859+0000] {taskinstance.py:2076} INFO - Dependencies all met for dep_context=requeueable deps ti=<TaskInstance: StockForcastingNext7WorkingDaysTodayOnward.load90DaysDataToSnowflake__1 manual__2024-11-12T02:07:17.027838+00:00 [queued]>
[2024-11-12T02:07:59.885+0000] {taskinstance.py:2306} INFO - Starting attempt 1 of 1
[2024-11-12T02:08:00.071+0000] {taskinstance.py:2330} INFO - Executing <Task(_PythonDecoratedOperator): load90DaysDataToSnowflake__1> on 2024-11-12 02:07:17.027838+00:00
[2024-11-12T02:08:00.176+0000] {logging_mixin.py:188} WARNING - /home/***/.local/lib/python3.12/site-packages/***/task/task_runner/standard_task_runner.py:61 DeprecationWarning: This process (pid=7686) is multi-threaded, use of fork() may lead to deadlocks in the child.
[2024-11-12T02:08:00.173+0000] {standard_task_runner.py:90} INFO - Running: ['***', 'tasks', 'run', 'StockForcastingNext7WorkingDaysTodayOnward', 'load90DaysDataToSnowflake__1', 'manual__2024-11-12T02:07:17.027838+00:00', '--job-id', '118', '--raw', '--subdir', 'DAGS_FOLDER/Conn_Forcasting_DagFile.py', '--cfg-path', '/tmp/tmpurb7fjbr']
[2024-11-12T02:08:00.271+0000] {standard_task_runner.py:91} INFO - Job 118: Subtask load90DaysDataToSnowflake__1
[2024-11-12T02:08:00.196+0000] {standard_task_runner.py:63} INFO - Started process 7727 to run task
[2024-11-12T02:08:15.650+0000] {task_command.py:426} INFO - Running <TaskInstance: StockForcastingNext7WorkingDaysTodayOnward.load90DaysDataToSnowflake__1 manual__2024-11-12T02:07:17.027838+00:00 [running]> on host d99256b0cb87
[2024-11-12T02:08:20.842+0000] {taskinstance.py:2648} INFO - Exporting env vars: AIRFLOW_CTX_DAG_OWNER='***' AIRFLOW_CTX_DAG_ID='StockForcastingNext7WorkingDaysTodayOnward' AIRFLOW_CTX_TASK_ID='load90DaysDataToSnowflake__1' AIRFLOW_CTX_EXECUTION_DATE='2024-11-12T02:07:17.027838+00:00' AIRFLOW_CTX_TRY_NUMBER='1' AIRFLOW_CTX_DAG_RUN_ID='manual__2024-11-12T02:07:17.027838+00:00'
[2024-11-12T02:08:20.884+0000] {taskinstance.py:430} INFO - ::endgroup::
[2024-11-12T02:08:20.990+0000] {base.py:84} INFO - Using connection ID 'snowflake_conn' for task execution.
[2024-11-12T02:08:20.998+0000] {connection.py:399} INFO - Snowflake Connector for Python Version: 3.10.0, Python Version: 3.12.3, Platform: Linux-6.10.11-linuxkit-x86_64-with-glibc2.36
[2024-11-12T02:08:21.004+0000] {connection.py:1239} INFO - This connection is in OCSP Fail Open Mode. TLS Certificates would be checked for validity and revocation status. Any other Certificate Revocation related exceptions or OCSP Responder failures would be disregarded in favor of connectivity.
[2024-11-12T02:08:26.647+0000] {cursor.py:1149} INFO - Number of results in first chunk: 1
[2024-11-12T02:08:28.083+0000] {cursor.py:1149} INFO - Number of results in first chunk: 1
[2024-11-12T02:08:29.429+0000] {cursor.py:1149} INFO - Number of results in first chunk: 1
[2024-11-12T02:08:30.557+0000] {cursor.py:1149} INFO - Number of results in first chunk: 1
[2024-11-12T02:08:32.481+0000] {cursor.py:1149} INFO - Number of results in first chunk: 1
[2024-11-12T02:08:33.480+0000] {cursor.py:1149} INFO - Number of results in first chunk: 1
[2024-11-12T02:08:34.542+0000] {cursor.py:1149} INFO - Number of results in first chunk: 1
[2024-11-12T02:08:35.506+0000] {cursor.py:1149} INFO - Number of results in first chunk: 1
[2024-11-12T02:08:36.811+0000] {cursor.py:1149} INFO - Number of results in first chunk: 1
[2024-11-12T02:08:37.608+0000] {cursor.py:1149} INFO - Number of results in first chunk: 1
[2024-11-12T02:08:38.764+0000] {cursor.py:1149} INFO - Number of results in first chunk: 1
[2024-11-12T02:08:39.669+0000] {cursor.py:1149} INFO - Number of results in first chunk: 1
[2024-11-12T02:08:41.048+0000] {cursor.py:1149} INFO - Number of results in first chunk: 1
[2024-11-12T02:08:42.339+0000] {cursor.py:1149} INFO - Number of results in first chunk: 1
[2024-11-12T02:08:43.922+0000] {cursor.py:1149} INFO - Number of results in first chunk: 1
[2024-11-12T02:08:46.131+0000] {cursor.py:1149} INFO - Number of results in first chunk: 1
[2024-11-12T02:08:48.178+0000] {cursor.py:1149} INFO - Number of results in first chunk: 1
[2024-11-12T02:08:49.321+0000] {cursor.py:1149} INFO - Number of results in first chunk: 1
[2024-11-12T02:08:53.621+0000] {cursor.py:1149} INFO - Number of results in first chunk: 1
[2024-11-12T02:08:54.690+0000] {cursor.py:1149} INFO - Number of results in first chunk: 1
[2024-11-12T02:08:55.873+0000] {cursor.py:1149} INFO - Number of results in first chunk: 1
[2024-11-12T02:08:56.732+0000] {cursor.py:1149} INFO - Number of results in first chunk: 1
[2024-11-12T02:08:57.583+0000] {cursor.py:1149} INFO - Number of results in first chunk: 1
[2024-11-12T02:08:58.790+0000] {cursor.py:1149} INFO - Number of results in first chunk: 1
[2024-11-12T02:08:59.634+0000] {cursor.py:1149} INFO - Number of results in first chunk: 1
[2024-11-12T02:09:00.302+0000] {cursor.py:1149} INFO - Number of results in first chunk: 1
[2024-11-12T02:09:01.001+0000] {cursor.py:1149} INFO - Number of results in first chunk: 1
[2024-11-12T02:09:01.810+0000] {cursor.py:1149} INFO - Number of results in first chunk: 1
[2024-11-12T02:09:02.705+0000] {cursor.py:1149} INFO - Number of results in first chunk: 1
[2024-11-12T02:09:03.528+0000] {cursor.py:1149} INFO - Number of results in first chunk: 1
[2024-11-12T02:09:04.223+0000] {cursor.py:1149} INFO - Number of results in first chunk: 1
[2024-11-12T02:09:05.164+0000] {cursor.py:1149} INFO - Number of results in first chunk: 1
[2024-11-12T02:09:06.248+0000] {cursor.py:1149} INFO - Number of results in first chunk: 1
[2024-11-12T02:09:07.073+0000] {cursor.py:1149} INFO - Number of results in first chunk: 1
[2024-11-12T02:09:07.669+0000] {cursor.py:1149} INFO - Number of results in first chunk: 1
[2024-11-12T02:09:08.241+0000] {cursor.py:1149} INFO - Number of results in first chunk: 1
[2024-11-12T02:09:09.287+0000] {cursor.py:1149} INFO - Number of results in first chunk: 1
[2024-11-12T02:09:10.042+0000] {cursor.py:1149} INFO - Number of results in first chunk: 1
[2024-11-12T02:09:10.646+0000] {cursor.py:1149} INFO - Number of results in first chunk: 1
[2024-11-12T02:09:11.240+0000] {cursor.py:1149} INFO - Number of results in first chunk: 1
[2024-11-12T02:09:12.145+0000] {cursor.py:1149} INFO - Number of results in first chunk: 1
[2024-11-12T02:09:12.629+0000] {cursor.py:1149} INFO - Number of results in first chunk: 1
[2024-11-12T02:09:13.099+0000] {cursor.py:1149} INFO - Number of results in first chunk: 1
[2024-11-12T02:09:13.627+0000] {cursor.py:1149} INFO - Number of results in first chunk: 1
[2024-11-12T02:09:14.339+0000] {cursor.py:1149} INFO - Number of results in first chunk: 1
[2024-11-12T02:09:15.116+0000] {cursor.py:1149} INFO - Number of results in first chunk: 1
[2024-11-12T02:09:15.593+0000] {cursor.py:1149} INFO - Number of results in first chunk: 1
[2024-11-12T02:09:16.151+0000] {cursor.py:1149} INFO - Number of results in first chunk: 1
[2024-11-12T02:09:17.152+0000] {cursor.py:1149} INFO - Number of results in first chunk: 1
[2024-11-12T02:09:18.078+0000] {cursor.py:1149} INFO - Number of results in first chunk: 1
[2024-11-12T02:09:18.572+0000] {cursor.py:1149} INFO - Number of results in first chunk: 1
[2024-11-12T02:09:19.328+0000] {cursor.py:1149} INFO - Number of results in first chunk: 1
[2024-11-12T02:09:19.832+0000] {cursor.py:1149} INFO - Number of results in first chunk: 1
[2024-11-12T02:09:20.474+0000] {cursor.py:1149} INFO - Number of results in first chunk: 1
[2024-11-12T02:09:21.420+0000] {cursor.py:1149} INFO - Number of results in first chunk: 1
[2024-11-12T02:09:22.309+0000] {cursor.py:1149} INFO - Number of results in first chunk: 1
[2024-11-12T02:09:22.941+0000] {cursor.py:1149} INFO - Number of results in first chunk: 1
[2024-11-12T02:09:23.480+0000] {cursor.py:1149} INFO - Number of results in first chunk: 1
[2024-11-12T02:09:24.036+0000] {cursor.py:1149} INFO - Number of results in first chunk: 1
[2024-11-12T02:09:24.781+0000] {cursor.py:1149} INFO - Number of results in first chunk: 1
[2024-11-12T02:09:25.777+0000] {cursor.py:1149} INFO - Number of results in first chunk: 1
[2024-11-12T02:09:26.643+0000] {cursor.py:1149} INFO - Number of results in first chunk: 1
[2024-11-12T02:09:27.362+0000] {cursor.py:1149} INFO - Number of results in first chunk: 1
[2024-11-12T02:09:28.153+0000] {cursor.py:1149} INFO - Number of results in first chunk: 1
[2024-11-12T02:09:28.178+0000] {python.py:237} INFO - Done. Returned value was: None
[2024-11-12T02:09:28.186+0000] {taskinstance.py:441} INFO - ::group::Post task execution logs
[2024-11-12T02:09:28.409+0000] {taskinstance.py:1206} INFO - Marking task as SUCCESS. dag_id=StockForcastingNext7WorkingDaysTodayOnward, task_id=load90DaysDataToSnowflake__1, run_id=manual__2024-11-12T02:07:17.027838+00:00, execution_date=20241112T020717, start_date=20241112T020759, end_date=20241112T020928
[2024-11-12T02:09:28.795+0000] {local_task_job_runner.py:240} INFO - Task exited with return code 0
[2024-11-12T02:09:29.211+0000] {taskinstance.py:3498} INFO - 1 downstream tasks scheduled from follow-on schedule check
[2024-11-12T02:09:29.233+0000] {local_task_job_runner.py:222} INFO - ::endgroup::
