[2024-11-12T02:04:51.129+0000] {local_task_job_runner.py:120} INFO - ::group::Pre task execution logs
[2024-11-12T02:04:51.210+0000] {taskinstance.py:2076} INFO - Dependencies all met for dep_context=non-requeueable deps ti=<TaskInstance: StockForcastingNext7WorkingDaysTodayOnward.extract_stock_data manual__2024-11-12T02:00:53.215720+00:00 [queued]>
[2024-11-12T02:04:51.236+0000] {taskinstance.py:2076} INFO - Dependencies all met for dep_context=requeueable deps ti=<TaskInstance: StockForcastingNext7WorkingDaysTodayOnward.extract_stock_data manual__2024-11-12T02:00:53.215720+00:00 [queued]>
[2024-11-12T02:04:51.237+0000] {taskinstance.py:2306} INFO - Starting attempt 2 of 2
[2024-11-12T02:04:51.273+0000] {taskinstance.py:2330} INFO - Executing <Task(_PythonDecoratedOperator): extract_stock_data> on 2024-11-12 02:00:53.215720+00:00
[2024-11-12T02:04:51.296+0000] {standard_task_runner.py:90} INFO - Running: ['***', 'tasks', 'run', 'StockForcastingNext7WorkingDaysTodayOnward', 'extract_stock_data', 'manual__2024-11-12T02:00:53.215720+00:00', '--job-id', '111', '--raw', '--subdir', 'DAGS_FOLDER/Conn_Forcasting_DagFile.py', '--cfg-path', '/tmp/tmpo662my8c']
[2024-11-12T02:04:51.299+0000] {logging_mixin.py:188} WARNING - /home/***/.local/lib/python3.12/site-packages/***/task/task_runner/standard_task_runner.py:61 DeprecationWarning: This process (pid=7476) is multi-threaded, use of fork() may lead to deadlocks in the child.
[2024-11-12T02:04:51.308+0000] {standard_task_runner.py:91} INFO - Job 111: Subtask extract_stock_data
[2024-11-12T02:04:51.309+0000] {standard_task_runner.py:63} INFO - Started process 7500 to run task
[2024-11-12T02:04:52.243+0000] {task_command.py:426} INFO - Running <TaskInstance: StockForcastingNext7WorkingDaysTodayOnward.extract_stock_data manual__2024-11-12T02:00:53.215720+00:00 [running]> on host d99256b0cb87
[2024-11-12T02:04:52.505+0000] {taskinstance.py:2648} INFO - Exporting env vars: AIRFLOW_CTX_DAG_OWNER='***' AIRFLOW_CTX_DAG_ID='StockForcastingNext7WorkingDaysTodayOnward' AIRFLOW_CTX_TASK_ID='extract_stock_data' AIRFLOW_CTX_EXECUTION_DATE='2024-11-12T02:00:53.215720+00:00' AIRFLOW_CTX_TRY_NUMBER='2' AIRFLOW_CTX_DAG_RUN_ID='manual__2024-11-12T02:00:53.215720+00:00'
[2024-11-12T02:04:52.510+0000] {taskinstance.py:430} INFO - ::endgroup::
[2024-11-12T02:04:53.793+0000] {python.py:237} INFO - Done. Returned value was:                         date        open  ...  Stock Splits  symbol
0  2024-08-14 00:00:00-04:00  169.762697  ...           0.0    QCOM
1  2024-08-15 00:00:00-04:00  170.866985  ...           0.0    QCOM
2  2024-08-16 00:00:00-04:00  171.404204  ...           0.0    QCOM
3  2024-08-19 00:00:00-04:00  170.687918  ...           0.0    QCOM
4  2024-08-20 00:00:00-04:00  172.966146  ...           0.0    QCOM
..                       ...         ...  ...           ...     ...
58 2024-11-05 00:00:00-05:00  165.000000  ...           0.0    QCOM
59 2024-11-06 00:00:00-05:00  169.250000  ...           0.0    QCOM
60 2024-11-07 00:00:00-05:00  180.270004  ...           0.0    QCOM
61 2024-11-08 00:00:00-05:00  172.089996  ...           0.0    QCOM
62 2024-11-11 00:00:00-05:00  169.955002  ...           0.0    QCOM

[63 rows x 9 columns]
[2024-11-12T02:04:53.924+0000] {taskinstance.py:441} INFO - ::group::Post task execution logs
[2024-11-12T02:04:54.557+0000] {taskinstance.py:1206} INFO - Marking task as SUCCESS. dag_id=StockForcastingNext7WorkingDaysTodayOnward, task_id=extract_stock_data, run_id=manual__2024-11-12T02:00:53.215720+00:00, execution_date=20241112T020053, start_date=20241112T020451, end_date=20241112T020454
[2024-11-12T02:04:54.753+0000] {local_task_job_runner.py:240} INFO - Task exited with return code 0
[2024-11-12T02:04:55.339+0000] {taskinstance.py:3498} INFO - 2 downstream tasks scheduled from follow-on schedule check
[2024-11-12T02:04:55.344+0000] {local_task_job_runner.py:222} INFO - ::endgroup::
