[2024-11-14T19:59:32.963+0000] {local_task_job_runner.py:120} INFO - ::group::Pre task execution logs
[2024-11-14T19:59:33.548+0000] {taskinstance.py:2076} INFO - Dependencies all met for dep_context=non-requeueable deps ti=<TaskInstance: stock_price_analytics_extended.predictNext7Days manual__2024-11-14T19:58:34.596128+00:00 [queued]>
[2024-11-14T19:59:33.775+0000] {taskinstance.py:2076} INFO - Dependencies all met for dep_context=requeueable deps ti=<TaskInstance: stock_price_analytics_extended.predictNext7Days manual__2024-11-14T19:58:34.596128+00:00 [queued]>
[2024-11-14T19:59:33.790+0000] {taskinstance.py:2306} INFO - Starting attempt 1 of 2
[2024-11-14T19:59:33.897+0000] {taskinstance.py:2330} INFO - Executing <Task(_PythonDecoratedOperator): predictNext7Days> on 2024-11-14 19:58:34.596128+00:00
[2024-11-14T19:59:34.052+0000] {logging_mixin.py:188} WARNING - /home/***/.local/lib/python3.12/site-packages/***/task/task_runner/standard_task_runner.py:61 DeprecationWarning: This process (pid=4385) is multi-threaded, use of fork() may lead to deadlocks in the child.
[2024-11-14T19:59:34.077+0000] {standard_task_runner.py:63} INFO - Started process 4413 to run task
[2024-11-14T19:59:34.045+0000] {standard_task_runner.py:90} INFO - Running: ['***', 'tasks', 'run', 'stock_price_analytics_extended', 'predictNext7Days', 'manual__2024-11-14T19:58:34.596128+00:00', '--job-id', '254', '--raw', '--subdir', 'DAGS_FOLDER/Conn_Forcasting_DagFile.py', '--cfg-path', '/tmp/tmpi6hdrz50']
[2024-11-14T19:59:34.087+0000] {standard_task_runner.py:91} INFO - Job 254: Subtask predictNext7Days
[2024-11-14T19:59:34.501+0000] {task_command.py:426} INFO - Running <TaskInstance: stock_price_analytics_extended.predictNext7Days manual__2024-11-14T19:58:34.596128+00:00 [running]> on host 885fea738fe5
[2024-11-14T19:59:36.212+0000] {taskinstance.py:2648} INFO - Exporting env vars: AIRFLOW_CTX_DAG_OWNER='***' AIRFLOW_CTX_DAG_ID='stock_price_analytics_extended' AIRFLOW_CTX_TASK_ID='predictNext7Days' AIRFLOW_CTX_EXECUTION_DATE='2024-11-14T19:58:34.596128+00:00' AIRFLOW_CTX_TRY_NUMBER='1' AIRFLOW_CTX_DAG_RUN_ID='manual__2024-11-14T19:58:34.596128+00:00'
[2024-11-14T19:59:36.216+0000] {taskinstance.py:430} INFO - ::endgroup::
[2024-11-14T20:00:04.096+0000] {python.py:237} INFO - Done. Returned value was:                         date    open    high     low   close     volume symbol
0 2024-11-15 20:00:04.054495  165.94  169.79  163.31  165.41  9210394.0   QCOM
1 2024-11-16 20:00:04.054515  167.43  171.56  164.85  167.12  9706840.0   QCOM
2 2024-11-17 20:00:04.054594  168.69  172.43  165.74  167.38  8744343.0   QCOM
3 2024-11-18 20:00:04.054604  168.42  171.90  164.96  165.86  7655050.0   QCOM
4 2024-11-19 20:00:04.054608  167.01  169.28  164.11  165.13  8207250.0   QCOM
5 2024-11-20 20:00:04.054612  166.07  167.43  163.52  164.81  7640942.0   QCOM
6 2024-11-21 20:00:04.054615  165.80  167.45  163.19  164.98  8141106.0   QCOM
[2024-11-14T20:00:04.241+0000] {taskinstance.py:441} INFO - ::group::Post task execution logs
[2024-11-14T20:00:04.562+0000] {taskinstance.py:1206} INFO - Marking task as SUCCESS. dag_id=stock_price_analytics_extended, task_id=predictNext7Days, run_id=manual__2024-11-14T19:58:34.596128+00:00, execution_date=20241114T195834, start_date=20241114T195933, end_date=20241114T200004
[2024-11-14T20:00:04.920+0000] {local_task_job_runner.py:240} INFO - Task exited with return code 0
[2024-11-14T20:00:05.021+0000] {taskinstance.py:3498} INFO - 1 downstream tasks scheduled from follow-on schedule check
[2024-11-14T20:00:05.027+0000] {local_task_job_runner.py:222} INFO - ::endgroup::
