[2024-11-12T01:45:06.758+0000] {local_task_job_runner.py:120} INFO - ::group::Pre task execution logs
[2024-11-12T01:45:06.812+0000] {taskinstance.py:2076} INFO - Dependencies all met for dep_context=non-requeueable deps ti=<TaskInstance: YfinanceToSnowflake.load manual__2024-11-12T01:44:46.870142+00:00 [queued]>
[2024-11-12T01:45:06.828+0000] {taskinstance.py:2076} INFO - Dependencies all met for dep_context=requeueable deps ti=<TaskInstance: YfinanceToSnowflake.load manual__2024-11-12T01:44:46.870142+00:00 [queued]>
[2024-11-12T01:45:06.829+0000] {taskinstance.py:2306} INFO - Starting attempt 1 of 1
[2024-11-12T01:45:06.852+0000] {taskinstance.py:2330} INFO - Executing <Task(_PythonDecoratedOperator): load> on 2024-11-12 01:44:46.870142+00:00
[2024-11-12T01:45:06.874+0000] {standard_task_runner.py:90} INFO - Running: ['***', 'tasks', 'run', 'YfinanceToSnowflake', 'load', 'manual__2024-11-12T01:44:46.870142+00:00', '--job-id', '91', '--raw', '--subdir', 'DAGS_FOLDER/yfinance_to_snowflake.py', '--cfg-path', '/tmp/tmpioktt4_l']
[2024-11-12T01:45:06.882+0000] {standard_task_runner.py:91} INFO - Job 91: Subtask load
[2024-11-12T01:45:06.882+0000] {logging_mixin.py:188} WARNING - /home/***/.local/lib/python3.12/site-packages/***/task/task_runner/standard_task_runner.py:61 DeprecationWarning: This process (pid=6458) is multi-threaded, use of fork() may lead to deadlocks in the child.
[2024-11-12T01:45:06.885+0000] {standard_task_runner.py:63} INFO - Started process 6468 to run task
[2024-11-12T01:45:06.970+0000] {task_command.py:426} INFO - Running <TaskInstance: YfinanceToSnowflake.load manual__2024-11-12T01:44:46.870142+00:00 [running]> on host d99256b0cb87
[2024-11-12T01:45:07.306+0000] {taskinstance.py:2648} INFO - Exporting env vars: AIRFLOW_CTX_DAG_OWNER='***' AIRFLOW_CTX_DAG_ID='YfinanceToSnowflake' AIRFLOW_CTX_TASK_ID='load' AIRFLOW_CTX_EXECUTION_DATE='2024-11-12T01:44:46.870142+00:00' AIRFLOW_CTX_TRY_NUMBER='1' AIRFLOW_CTX_DAG_RUN_ID='manual__2024-11-12T01:44:46.870142+00:00'
[2024-11-12T01:45:07.309+0000] {taskinstance.py:430} INFO - ::endgroup::
[2024-11-12T01:45:07.332+0000] {base.py:84} INFO - Using connection ID 'snowflake_conn' for task execution.
[2024-11-12T01:45:07.334+0000] {connection.py:399} INFO - Snowflake Connector for Python Version: 3.10.0, Python Version: 3.12.3, Platform: Linux-6.10.11-linuxkit-x86_64-with-glibc2.36
[2024-11-12T01:45:07.336+0000] {connection.py:1239} INFO - This connection is in OCSP Fail Open Mode. TLS Certificates would be checked for validity and revocation status. Any other Certificate Revocation related exceptions or OCSP Responder failures would be disregarded in favor of connectivity.
[2024-11-12T01:45:08.090+0000] {logging_mixin.py:188} INFO - inside load:                         date        open  ...  Stock Splits  symbol
0  2024-08-14 00:00:00-04:00  220.327604  ...           0.0    AAPL
1  2024-08-15 00:00:00-04:00  224.353174  ...           0.0    AAPL
2  2024-08-16 00:00:00-04:00  223.673911  ...           0.0    AAPL
3  2024-08-19 00:00:00-04:00  225.471943  ...           0.0    AAPL
4  2024-08-20 00:00:00-04:00  225.521886  ...           0.0    AAPL
..                       ...         ...  ...           ...     ...
58 2024-11-05 00:00:00-05:00  221.556241  ...           0.0    AAPL
59 2024-11-06 00:00:00-05:00  222.365355  ...           0.0    AAPL
60 2024-11-07 00:00:00-05:00  224.383137  ...           0.0    AAPL
61 2024-11-08 00:00:00-05:00  227.169998  ...           0.0    AAPL
62 2024-11-11 00:00:00-05:00  225.054993  ...           0.0    AAPL

[63 rows x 9 columns]
[2024-11-12T01:45:08.238+0000] {cursor.py:1149} INFO - Number of results in first chunk: 1
[2024-11-12T01:45:08.395+0000] {cursor.py:1149} INFO - Number of results in first chunk: 1
[2024-11-12T01:45:08.918+0000] {logging_mixin.py:188} INFO - INSERT INTO stock_db.raw_data.stock_prices (date, open, close, high, low, volume, symbol) VALUES (
          '2024-11-12', 220.3276035510778, 221.47633361816406, 222.7848915052682, 219.45854930599305, 41960600, 'AAPL')
[2024-11-12T01:45:10.495+0000] {cursor.py:1149} INFO - Number of results in first chunk: 1
[2024-11-12T01:45:10.499+0000] {python.py:237} INFO - Done. Returned value was: None
[2024-11-12T01:45:10.501+0000] {taskinstance.py:441} INFO - ::group::Post task execution logs
[2024-11-12T01:45:10.587+0000] {taskinstance.py:1206} INFO - Marking task as SUCCESS. dag_id=YfinanceToSnowflake, task_id=load, run_id=manual__2024-11-12T01:44:46.870142+00:00, execution_date=20241112T014446, start_date=20241112T014506, end_date=20241112T014510
[2024-11-12T01:45:10.827+0000] {local_task_job_runner.py:240} INFO - Task exited with return code 0
[2024-11-12T01:45:11.046+0000] {taskinstance.py:3498} INFO - 0 downstream tasks scheduled from follow-on schedule check
[2024-11-12T01:45:11.057+0000] {local_task_job_runner.py:222} INFO - ::endgroup::
