[2024-11-12T03:33:46.421+0000] {local_task_job_runner.py:120} INFO - ::group::Pre task execution logs
[2024-11-12T03:33:46.544+0000] {taskinstance.py:2076} INFO - Dependencies all met for dep_context=non-requeueable deps ti=<TaskInstance: stock_price_analytics_extended.run_dbt_moving_average_NVDA scheduled__2024-11-11T00:00:00+00:00 [queued]>
[2024-11-12T03:33:46.571+0000] {taskinstance.py:2076} INFO - Dependencies all met for dep_context=requeueable deps ti=<TaskInstance: stock_price_analytics_extended.run_dbt_moving_average_NVDA scheduled__2024-11-11T00:00:00+00:00 [queued]>
[2024-11-12T03:33:46.574+0000] {taskinstance.py:2306} INFO - Starting attempt 2 of 2
[2024-11-12T03:33:46.656+0000] {taskinstance.py:2330} INFO - Executing <Task(BashOperator): run_dbt_moving_average_NVDA> on 2024-11-11 00:00:00+00:00
[2024-11-12T03:33:46.693+0000] {logging_mixin.py:188} WARNING - /home/***/.local/lib/python3.12/site-packages/***/task/task_runner/standard_task_runner.py:61 DeprecationWarning: This process (pid=11452) is multi-threaded, use of fork() may lead to deadlocks in the child.
[2024-11-12T03:33:46.696+0000] {standard_task_runner.py:63} INFO - Started process 11458 to run task
[2024-11-12T03:33:46.698+0000] {standard_task_runner.py:90} INFO - Running: ['***', 'tasks', 'run', 'stock_price_analytics_extended', 'run_dbt_moving_average_NVDA', 'scheduled__2024-11-11T00:00:00+00:00', '--job-id', '145', '--raw', '--subdir', 'DAGS_FOLDER/Conn_Forcasting_DagFile.py', '--cfg-path', '/tmp/tmpj3iaf4o9']
[2024-11-12T03:33:46.718+0000] {standard_task_runner.py:91} INFO - Job 145: Subtask run_dbt_moving_average_NVDA
[2024-11-12T03:33:46.824+0000] {task_command.py:426} INFO - Running <TaskInstance: stock_price_analytics_extended.run_dbt_moving_average_NVDA scheduled__2024-11-11T00:00:00+00:00 [running]> on host d99256b0cb87
[2024-11-12T03:33:46.978+0000] {taskinstance.py:2648} INFO - Exporting env vars: AIRFLOW_CTX_DAG_OWNER='***' AIRFLOW_CTX_DAG_ID='stock_price_analytics_extended' AIRFLOW_CTX_TASK_ID='run_dbt_moving_average_NVDA' AIRFLOW_CTX_EXECUTION_DATE='2024-11-11T00:00:00+00:00' AIRFLOW_CTX_TRY_NUMBER='2' AIRFLOW_CTX_DAG_RUN_ID='scheduled__2024-11-11T00:00:00+00:00'
[2024-11-12T03:33:46.982+0000] {taskinstance.py:430} INFO - ::endgroup::
[2024-11-12T03:33:46.983+0000] {subprocess.py:63} INFO - Tmp dir root location: /tmp
[2024-11-12T03:33:46.987+0000] {subprocess.py:75} INFO - Running command: ['/usr/bin/bash', '-c', 'dbt run --models moving_average']
[2024-11-12T03:33:47.023+0000] {subprocess.py:86} INFO - Output:
[2024-11-12T03:33:47.028+0000] {subprocess.py:93} INFO - /usr/bin/bash: line 1: dbt: command not found
[2024-11-12T03:33:47.029+0000] {subprocess.py:97} INFO - Command exited with return code 127
[2024-11-12T03:33:47.031+0000] {taskinstance.py:441} INFO - ::group::Post task execution logs
[2024-11-12T03:33:47.052+0000] {taskinstance.py:2905} ERROR - Task failed with exception
Traceback (most recent call last):
  File "/home/airflow/.local/lib/python3.12/site-packages/airflow/models/taskinstance.py", line 465, in _execute_task
    result = _execute_callable(context=context, **execute_callable_kwargs)
             ^^^^^^^^^^^^^^^^^^^^^^^^^^^^^^^^^^^^^^^^^^^^^^^^^^^^^^^^^^^^^
  File "/home/airflow/.local/lib/python3.12/site-packages/airflow/models/taskinstance.py", line 432, in _execute_callable
    return execute_callable(context=context, **execute_callable_kwargs)
           ^^^^^^^^^^^^^^^^^^^^^^^^^^^^^^^^^^^^^^^^^^^^^^^^^^^^^^^^^^^^
  File "/home/airflow/.local/lib/python3.12/site-packages/airflow/models/baseoperator.py", line 400, in wrapper
    return func(self, *args, **kwargs)
           ^^^^^^^^^^^^^^^^^^^^^^^^^^^
  File "/home/airflow/.local/lib/python3.12/site-packages/airflow/operators/bash.py", line 243, in execute
    raise AirflowException(
airflow.exceptions.AirflowException: Bash command failed. The command returned a non-zero exit code 127.
[2024-11-12T03:33:47.063+0000] {taskinstance.py:1206} INFO - Marking task as FAILED. dag_id=stock_price_analytics_extended, task_id=run_dbt_moving_average_NVDA, run_id=scheduled__2024-11-11T00:00:00+00:00, execution_date=20241111T000000, start_date=20241112T033346, end_date=20241112T033347
[2024-11-12T03:33:47.092+0000] {standard_task_runner.py:110} ERROR - Failed to execute job 145 for task run_dbt_moving_average_NVDA (Bash command failed. The command returned a non-zero exit code 127.; 11458)
[2024-11-12T03:33:47.146+0000] {local_task_job_runner.py:240} INFO - Task exited with return code 1
[2024-11-12T03:33:47.172+0000] {local_task_job_runner.py:222} INFO - ::endgroup::
