[2024-11-15T05:37:33.194+0000] {local_task_job_runner.py:120} INFO - ::group::Pre task execution logs
[2024-11-15T05:37:33.356+0000] {taskinstance.py:2076} INFO - Dependencies all met for dep_context=non-requeueable deps ti=<TaskInstance: YfinanceToSnowflake.dbt_run manual__2024-11-15T05:35:43.886171+00:00 [queued]>
[2024-11-15T05:37:33.404+0000] {taskinstance.py:2076} INFO - Dependencies all met for dep_context=requeueable deps ti=<TaskInstance: YfinanceToSnowflake.dbt_run manual__2024-11-15T05:35:43.886171+00:00 [queued]>
[2024-11-15T05:37:33.406+0000] {taskinstance.py:2306} INFO - Starting attempt 1 of 1
[2024-11-15T05:37:33.500+0000] {taskinstance.py:2330} INFO - Executing <Task(BashOperator): dbt_run> on 2024-11-15 05:35:43.886171+00:00
[2024-11-15T05:37:33.531+0000] {standard_task_runner.py:90} INFO - Running: ['***', 'tasks', 'run', 'YfinanceToSnowflake', 'dbt_run', 'manual__2024-11-15T05:35:43.886171+00:00', '--job-id', '373', '--raw', '--subdir', 'DAGS_FOLDER/Conn_Forcasting_DagFile.py', '--cfg-path', '/tmp/tmpi66txzsj']
[2024-11-15T05:37:33.538+0000] {standard_task_runner.py:91} INFO - Job 373: Subtask dbt_run
[2024-11-15T05:37:33.533+0000] {logging_mixin.py:188} WARNING - /home/***/.local/lib/python3.12/site-packages/***/task/task_runner/standard_task_runner.py:61 DeprecationWarning: This process (pid=19845) is multi-threaded, use of fork() may lead to deadlocks in the child.
[2024-11-15T05:37:33.544+0000] {standard_task_runner.py:63} INFO - Started process 19862 to run task
[2024-11-15T05:37:33.820+0000] {task_command.py:426} INFO - Running <TaskInstance: YfinanceToSnowflake.dbt_run manual__2024-11-15T05:35:43.886171+00:00 [running]> on host 5bbe89177473
[2024-11-15T05:37:35.065+0000] {taskinstance.py:2648} INFO - Exporting env vars: AIRFLOW_CTX_DAG_OWNER='***' AIRFLOW_CTX_DAG_ID='YfinanceToSnowflake' AIRFLOW_CTX_TASK_ID='dbt_run' AIRFLOW_CTX_EXECUTION_DATE='2024-11-15T05:35:43.886171+00:00' AIRFLOW_CTX_TRY_NUMBER='1' AIRFLOW_CTX_DAG_RUN_ID='manual__2024-11-15T05:35:43.886171+00:00'
[2024-11-15T05:37:35.068+0000] {taskinstance.py:430} INFO - ::endgroup::
[2024-11-15T05:37:35.070+0000] {subprocess.py:63} INFO - Tmp dir root location: /tmp
[2024-11-15T05:37:35.072+0000] {subprocess.py:75} INFO - Running command: ['/usr/bin/bash', '-c', 'cd /opt/***/stocks_mau && dbt run --profiles-dir /opt/***/stocks_mau']
[2024-11-15T05:37:35.104+0000] {subprocess.py:86} INFO - Output:
[2024-11-15T05:37:45.828+0000] {subprocess.py:93} INFO - [0m05:37:45  Running with dbt=1.8.7
[2024-11-15T05:37:52.462+0000] {subprocess.py:93} INFO - [0m05:37:52  Registered adapter: snowflake=1.8.4
[2024-11-15T05:37:57.923+0000] {subprocess.py:93} INFO - [0m05:37:57  Found 2 snapshots, 2 models, 6 data tests, 1 source, 459 macros
[2024-11-15T05:37:57.939+0000] {subprocess.py:93} INFO - [0m05:37:57
[2024-11-15T05:38:00.455+0000] {subprocess.py:93} INFO - [0m05:38:00  Concurrency: 1 threads (target='dev')
[2024-11-15T05:38:00.471+0000] {subprocess.py:93} INFO - [0m05:38:00
[2024-11-15T05:38:00.581+0000] {subprocess.py:93} INFO - [0m05:38:00  1 of 2 START sql incremental model analytics.moving_average .................... [RUN]
[2024-11-15T05:38:06.053+0000] {subprocess.py:93} INFO - [0m05:38:06  1 of 2 OK created sql incremental model analytics.moving_average ............... [[32mSUCCESS 0[0m in 5.45s]
[2024-11-15T05:38:06.074+0000] {subprocess.py:93} INFO - [0m05:38:06  2 of 2 START sql incremental model analytics.rsi ............................... [RUN]
[2024-11-15T05:38:10.321+0000] {subprocess.py:93} INFO - [0m05:38:10  2 of 2 OK created sql incremental model analytics.rsi .......................... [[32mSUCCESS 0[0m in 4.10s]
[2024-11-15T05:38:10.596+0000] {subprocess.py:93} INFO - [0m05:38:10
[2024-11-15T05:38:10.607+0000] {subprocess.py:93} INFO - [0m05:38:10  Finished running 2 incremental models in 0 hours 0 minutes and 12.65 seconds (12.65s).
[2024-11-15T05:38:12.175+0000] {subprocess.py:93} INFO - [0m05:38:12
[2024-11-15T05:38:12.221+0000] {subprocess.py:93} INFO - [0m05:38:12  [32mCompleted successfully[0m
[2024-11-15T05:38:12.258+0000] {subprocess.py:93} INFO - [0m05:38:12
[2024-11-15T05:38:12.273+0000] {subprocess.py:93} INFO - [0m05:38:12  Done. PASS=2 WARN=0 ERROR=0 SKIP=0 TOTAL=2
[2024-11-15T05:38:15.810+0000] {subprocess.py:97} INFO - Command exited with return code 0
[2024-11-15T05:38:15.817+0000] {taskinstance.py:441} INFO - ::group::Post task execution logs
[2024-11-15T05:38:15.953+0000] {taskinstance.py:1206} INFO - Marking task as SUCCESS. dag_id=YfinanceToSnowflake, task_id=dbt_run, run_id=manual__2024-11-15T05:35:43.886171+00:00, execution_date=20241115T053543, start_date=20241115T053733, end_date=20241115T053815
[2024-11-15T05:38:16.099+0000] {local_task_job_runner.py:240} INFO - Task exited with return code 0
[2024-11-15T05:38:16.176+0000] {taskinstance.py:3498} INFO - 1 downstream tasks scheduled from follow-on schedule check
[2024-11-15T05:38:16.181+0000] {local_task_job_runner.py:222} INFO - ::endgroup::
