[2024-11-15T01:24:16.520+0000] {local_task_job_runner.py:120} INFO - ::group::Pre task execution logs
[2024-11-15T01:24:16.593+0000] {taskinstance.py:2076} INFO - Dependencies all met for dep_context=non-requeueable deps ti=<TaskInstance: YfinanceToSnowflake.dbt_snapshot manual__2024-11-15T01:19:00.437497+00:00 [queued]>
[2024-11-15T01:24:16.618+0000] {taskinstance.py:2076} INFO - Dependencies all met for dep_context=requeueable deps ti=<TaskInstance: YfinanceToSnowflake.dbt_snapshot manual__2024-11-15T01:19:00.437497+00:00 [queued]>
[2024-11-15T01:24:16.620+0000] {taskinstance.py:2306} INFO - Starting attempt 1 of 1
[2024-11-15T01:24:16.651+0000] {taskinstance.py:2330} INFO - Executing <Task(BashOperator): dbt_snapshot> on 2024-11-15 01:19:00.437497+00:00
[2024-11-15T01:24:16.666+0000] {logging_mixin.py:188} WARNING - /home/***/.local/lib/python3.12/site-packages/***/task/task_runner/standard_task_runner.py:61 DeprecationWarning: This process (pid=8321) is multi-threaded, use of fork() may lead to deadlocks in the child.
[2024-11-15T01:24:16.670+0000] {standard_task_runner.py:63} INFO - Started process 8332 to run task
[2024-11-15T01:24:16.667+0000] {standard_task_runner.py:90} INFO - Running: ['***', 'tasks', 'run', 'YfinanceToSnowflake', 'dbt_snapshot', 'manual__2024-11-15T01:19:00.437497+00:00', '--job-id', '328', '--raw', '--subdir', 'DAGS_FOLDER/yfinance_to_snowflake.py', '--cfg-path', '/tmp/tmpze_tatjq']
[2024-11-15T01:24:16.673+0000] {standard_task_runner.py:91} INFO - Job 328: Subtask dbt_snapshot
[2024-11-15T01:24:16.807+0000] {task_command.py:426} INFO - Running <TaskInstance: YfinanceToSnowflake.dbt_snapshot manual__2024-11-15T01:19:00.437497+00:00 [running]> on host 5bbe89177473
[2024-11-15T01:24:17.178+0000] {taskinstance.py:2648} INFO - Exporting env vars: AIRFLOW_CTX_DAG_OWNER='***' AIRFLOW_CTX_DAG_ID='YfinanceToSnowflake' AIRFLOW_CTX_TASK_ID='dbt_snapshot' AIRFLOW_CTX_EXECUTION_DATE='2024-11-15T01:19:00.437497+00:00' AIRFLOW_CTX_TRY_NUMBER='1' AIRFLOW_CTX_DAG_RUN_ID='manual__2024-11-15T01:19:00.437497+00:00'
[2024-11-15T01:24:17.183+0000] {taskinstance.py:430} INFO - ::endgroup::
[2024-11-15T01:24:17.187+0000] {subprocess.py:63} INFO - Tmp dir root location: /tmp
[2024-11-15T01:24:17.189+0000] {subprocess.py:75} INFO - Running command: ['/usr/bin/bash', '-c', 'cd /opt/***/stocks_mau && dbt snapshot --profiles-dir /opt/***/stocks_mau']
[2024-11-15T01:24:17.225+0000] {subprocess.py:86} INFO - Output:
[2024-11-15T01:24:26.929+0000] {subprocess.py:93} INFO - [0m01:24:26  Running with dbt=1.8.7
[2024-11-15T01:24:31.389+0000] {subprocess.py:93} INFO - [0m01:24:31  Registered adapter: snowflake=1.8.4
[2024-11-15T01:24:34.152+0000] {subprocess.py:93} INFO - [0m01:24:34  Found 2 snapshots, 2 models, 4 data tests, 1 source, 459 macros
[2024-11-15T01:24:34.176+0000] {subprocess.py:93} INFO - [0m01:24:34
[2024-11-15T01:24:36.070+0000] {subprocess.py:93} INFO - [0m01:24:36  Concurrency: 1 threads (target='dev')
[2024-11-15T01:24:36.074+0000] {subprocess.py:93} INFO - [0m01:24:36
[2024-11-15T01:24:36.111+0000] {subprocess.py:93} INFO - [0m01:24:36  1 of 2 START snapshot analytics.dma_snapshot ................................... [RUN]
[2024-11-15T01:24:40.887+0000] {subprocess.py:93} INFO - [0m01:24:40  1 of 2 OK snapshotted analytics.dma_snapshot ................................... [[32mSUCCESS 0[0m in 4.76s]
[2024-11-15T01:24:40.934+0000] {subprocess.py:93} INFO - [0m01:24:40  2 of 2 START snapshot analytics.rsi_snapshot ................................... [RUN]
[2024-11-15T01:24:44.273+0000] {subprocess.py:93} INFO - [0m01:24:44  2 of 2 OK snapshotted analytics.rsi_snapshot ................................... [[32mSUCCESS 0[0m in 3.32s]
[2024-11-15T01:24:44.301+0000] {subprocess.py:93} INFO - [0m01:24:44
[2024-11-15T01:24:44.303+0000] {subprocess.py:93} INFO - [0m01:24:44  Finished running 2 snapshots in 0 hours 0 minutes and 10.12 seconds (10.12s).
[2024-11-15T01:24:44.584+0000] {subprocess.py:93} INFO - [0m01:24:44
[2024-11-15T01:24:44.595+0000] {subprocess.py:93} INFO - [0m01:24:44  [32mCompleted successfully[0m
[2024-11-15T01:24:44.598+0000] {subprocess.py:93} INFO - [0m01:24:44
[2024-11-15T01:24:44.604+0000] {subprocess.py:93} INFO - [0m01:24:44  Done. PASS=2 WARN=0 ERROR=0 SKIP=0 TOTAL=2
[2024-11-15T01:24:46.431+0000] {subprocess.py:97} INFO - Command exited with return code 0
[2024-11-15T01:24:46.433+0000] {taskinstance.py:441} INFO - ::group::Post task execution logs
[2024-11-15T01:24:46.483+0000] {taskinstance.py:1206} INFO - Marking task as SUCCESS. dag_id=YfinanceToSnowflake, task_id=dbt_snapshot, run_id=manual__2024-11-15T01:19:00.437497+00:00, execution_date=20241115T011900, start_date=20241115T012416, end_date=20241115T012446
[2024-11-15T01:24:46.573+0000] {local_task_job_runner.py:240} INFO - Task exited with return code 0
[2024-11-15T01:24:46.649+0000] {local_task_job_runner.py:222} INFO - ::endgroup::
