[2024-11-15T05:47:57.669+0000] {local_task_job_runner.py:120} INFO - ::group::Pre task execution logs
[2024-11-15T05:47:57.740+0000] {taskinstance.py:2076} INFO - Dependencies all met for dep_context=non-requeueable deps ti=<TaskInstance: YfinanceToSnowflake.dbt_run manual__2024-11-15T05:43:28.856593+00:00 [queued]>
[2024-11-15T05:47:57.764+0000] {taskinstance.py:2076} INFO - Dependencies all met for dep_context=requeueable deps ti=<TaskInstance: YfinanceToSnowflake.dbt_run manual__2024-11-15T05:43:28.856593+00:00 [queued]>
[2024-11-15T05:47:57.767+0000] {taskinstance.py:2306} INFO - Starting attempt 1 of 1
[2024-11-15T05:47:57.828+0000] {taskinstance.py:2330} INFO - Executing <Task(BashOperator): dbt_run> on 2024-11-15 05:43:28.856593+00:00
[2024-11-15T05:47:57.856+0000] {logging_mixin.py:188} WARNING - /home/***/.local/lib/python3.12/site-packages/***/task/task_runner/standard_task_runner.py:61 DeprecationWarning: This process (pid=20361) is multi-threaded, use of fork() may lead to deadlocks in the child.
[2024-11-15T05:47:57.859+0000] {standard_task_runner.py:63} INFO - Started process 20375 to run task
[2024-11-15T05:47:57.858+0000] {standard_task_runner.py:90} INFO - Running: ['***', 'tasks', 'run', 'YfinanceToSnowflake', 'dbt_run', 'manual__2024-11-15T05:43:28.856593+00:00', '--job-id', '381', '--raw', '--subdir', 'DAGS_FOLDER/yfinance_to_snowflake.py', '--cfg-path', '/tmp/tmpakv6x553']
[2024-11-15T05:47:57.871+0000] {standard_task_runner.py:91} INFO - Job 381: Subtask dbt_run
[2024-11-15T05:47:57.982+0000] {task_command.py:426} INFO - Running <TaskInstance: YfinanceToSnowflake.dbt_run manual__2024-11-15T05:43:28.856593+00:00 [running]> on host 5bbe89177473
[2024-11-15T05:47:58.584+0000] {taskinstance.py:2648} INFO - Exporting env vars: AIRFLOW_CTX_DAG_OWNER='***' AIRFLOW_CTX_DAG_ID='YfinanceToSnowflake' AIRFLOW_CTX_TASK_ID='dbt_run' AIRFLOW_CTX_EXECUTION_DATE='2024-11-15T05:43:28.856593+00:00' AIRFLOW_CTX_TRY_NUMBER='1' AIRFLOW_CTX_DAG_RUN_ID='manual__2024-11-15T05:43:28.856593+00:00'
[2024-11-15T05:47:58.589+0000] {taskinstance.py:430} INFO - ::endgroup::
[2024-11-15T05:47:58.605+0000] {subprocess.py:63} INFO - Tmp dir root location: /tmp
[2024-11-15T05:47:58.619+0000] {subprocess.py:75} INFO - Running command: ['/usr/bin/bash', '-c', 'cd /opt/***/stocks_mau && dbt run --profiles-dir /opt/***/stocks_mau']
[2024-11-15T05:47:58.667+0000] {subprocess.py:86} INFO - Output:
[2024-11-15T05:48:10.509+0000] {subprocess.py:93} INFO - [0m05:48:10  Running with dbt=1.8.7
[2024-11-15T05:48:17.740+0000] {subprocess.py:93} INFO - [0m05:48:17  Registered adapter: snowflake=1.8.4
[2024-11-15T05:48:19.627+0000] {subprocess.py:93} INFO - [0m05:48:19  Found 2 snapshots, 2 models, 6 data tests, 1 source, 459 macros
[2024-11-15T05:48:19.638+0000] {subprocess.py:93} INFO - [0m05:48:19
[2024-11-15T05:48:21.457+0000] {subprocess.py:93} INFO - [0m05:48:21  Concurrency: 1 threads (target='dev')
[2024-11-15T05:48:21.461+0000] {subprocess.py:93} INFO - [0m05:48:21
[2024-11-15T05:48:21.498+0000] {subprocess.py:93} INFO - [0m05:48:21  1 of 2 START sql incremental model analytics.moving_average .................... [RUN]
[2024-11-15T05:48:24.658+0000] {subprocess.py:93} INFO - [0m05:48:24  1 of 2 OK created sql incremental model analytics.moving_average ............... [[32mSUCCESS 0[0m in 3.15s]
[2024-11-15T05:48:24.685+0000] {subprocess.py:93} INFO - [0m05:48:24  2 of 2 START sql incremental model analytics.rsi ............................... [RUN]
[2024-11-15T05:48:27.762+0000] {subprocess.py:93} INFO - [0m05:48:27  2 of 2 OK created sql incremental model analytics.rsi .......................... [[32mSUCCESS 0[0m in 3.07s]
[2024-11-15T05:48:27.785+0000] {subprocess.py:93} INFO - [0m05:48:27
[2024-11-15T05:48:27.790+0000] {subprocess.py:93} INFO - [0m05:48:27  Finished running 2 incremental models in 0 hours 0 minutes and 8.10 seconds (8.10s).
[2024-11-15T05:48:28.641+0000] {subprocess.py:93} INFO - [0m05:48:28
[2024-11-15T05:48:28.644+0000] {subprocess.py:93} INFO - [0m05:48:28  [32mCompleted successfully[0m
[2024-11-15T05:48:28.668+0000] {subprocess.py:93} INFO - [0m05:48:28
[2024-11-15T05:48:28.676+0000] {subprocess.py:93} INFO - [0m05:48:28  Done. PASS=2 WARN=0 ERROR=0 SKIP=0 TOTAL=2
[2024-11-15T05:48:31.808+0000] {subprocess.py:97} INFO - Command exited with return code 0
[2024-11-15T05:48:31.810+0000] {taskinstance.py:441} INFO - ::group::Post task execution logs
[2024-11-15T05:48:31.906+0000] {taskinstance.py:1206} INFO - Marking task as SUCCESS. dag_id=YfinanceToSnowflake, task_id=dbt_run, run_id=manual__2024-11-15T05:43:28.856593+00:00, execution_date=20241115T054328, start_date=20241115T054757, end_date=20241115T054831
[2024-11-15T05:48:31.987+0000] {local_task_job_runner.py:240} INFO - Task exited with return code 0
[2024-11-15T05:48:32.047+0000] {taskinstance.py:3498} INFO - 1 downstream tasks scheduled from follow-on schedule check
[2024-11-15T05:48:32.052+0000] {local_task_job_runner.py:222} INFO - ::endgroup::
