[2024-11-13T00:01:20.371+0000] {local_task_job_runner.py:120} INFO - ::group::Pre task execution logs
[2024-11-13T00:01:20.762+0000] {taskinstance.py:2076} INFO - Dependencies all met for dep_context=non-requeueable deps ti=<TaskInstance: stock_price_analytics_extended.predictNext7Days scheduled__2024-11-12T00:00:00+00:00 [queued]>
[2024-11-13T00:01:21.070+0000] {taskinstance.py:2076} INFO - Dependencies all met for dep_context=requeueable deps ti=<TaskInstance: stock_price_analytics_extended.predictNext7Days scheduled__2024-11-12T00:00:00+00:00 [queued]>
[2024-11-13T00:01:21.081+0000] {taskinstance.py:2306} INFO - Starting attempt 1 of 2
[2024-11-13T00:01:21.212+0000] {taskinstance.py:2330} INFO - Executing <Task(_PythonDecoratedOperator): predictNext7Days> on 2024-11-12 00:00:00+00:00
[2024-11-13T00:01:21.291+0000] {standard_task_runner.py:90} INFO - Running: ['***', 'tasks', 'run', 'stock_price_analytics_extended', 'predictNext7Days', 'scheduled__2024-11-12T00:00:00+00:00', '--job-id', '161', '--raw', '--subdir', 'DAGS_FOLDER/Conn_Forcasting_DagFile.py', '--cfg-path', '/tmp/tmpdm_r_288']
[2024-11-13T00:01:21.284+0000] {logging_mixin.py:188} WARNING - /home/***/.local/lib/python3.12/site-packages/***/task/task_runner/standard_task_runner.py:61 DeprecationWarning: This process (pid=35689) is multi-threaded, use of fork() may lead to deadlocks in the child.
[2024-11-13T00:01:21.308+0000] {standard_task_runner.py:63} INFO - Started process 35718 to run task
[2024-11-13T00:01:21.300+0000] {standard_task_runner.py:91} INFO - Job 161: Subtask predictNext7Days
[2024-11-13T00:01:21.596+0000] {task_command.py:426} INFO - Running <TaskInstance: stock_price_analytics_extended.predictNext7Days scheduled__2024-11-12T00:00:00+00:00 [running]> on host d99256b0cb87
[2024-11-13T00:01:24.437+0000] {taskinstance.py:2648} INFO - Exporting env vars: AIRFLOW_CTX_DAG_OWNER='***' AIRFLOW_CTX_DAG_ID='stock_price_analytics_extended' AIRFLOW_CTX_TASK_ID='predictNext7Days' AIRFLOW_CTX_EXECUTION_DATE='2024-11-12T00:00:00+00:00' AIRFLOW_CTX_TRY_NUMBER='1' AIRFLOW_CTX_DAG_RUN_ID='scheduled__2024-11-12T00:00:00+00:00'
[2024-11-13T00:01:24.450+0000] {taskinstance.py:430} INFO - ::endgroup::
[2024-11-13T00:02:06.898+0000] {python.py:237} INFO - Done. Returned value was:                         date    open    high     low   close      volume symbol
0 2024-11-14 00:02:06.838853  165.56  165.79  161.30  165.46  11958278.0   QCOM
1 2024-11-15 00:02:06.838911  168.11  169.31  162.51  166.64  13820334.0   QCOM
2 2024-11-16 00:02:06.838920  170.04  173.13  163.87  167.91  14175147.0   QCOM
3 2024-11-17 00:02:06.838924  170.82  174.03  165.33  168.78  11745052.0   QCOM
4 2024-11-18 00:02:06.838928  170.69  173.74  165.68  167.83  10726896.0   QCOM
5 2024-11-19 00:02:06.838932  169.54  172.05  165.08  167.18  11044104.0   QCOM
6 2024-11-20 00:02:06.838936  168.71  169.92  164.45  166.86  12139640.0   QCOM
[2024-11-13T00:02:06.939+0000] {taskinstance.py:441} INFO - ::group::Post task execution logs
[2024-11-13T00:02:07.074+0000] {taskinstance.py:1206} INFO - Marking task as SUCCESS. dag_id=stock_price_analytics_extended, task_id=predictNext7Days, run_id=scheduled__2024-11-12T00:00:00+00:00, execution_date=20241112T000000, start_date=20241113T000120, end_date=20241113T000207
[2024-11-13T00:02:07.161+0000] {local_task_job_runner.py:240} INFO - Task exited with return code 0
[2024-11-13T00:02:07.213+0000] {taskinstance.py:3498} INFO - 1 downstream tasks scheduled from follow-on schedule check
[2024-11-13T00:02:07.217+0000] {local_task_job_runner.py:222} INFO - ::endgroup::
