[2024-11-14T09:40:41.855+0000] {local_task_job_runner.py:120} INFO - ::group::Pre task execution logs
[2024-11-14T09:40:42.447+0000] {taskinstance.py:2076} INFO - Dependencies all met for dep_context=non-requeueable deps ti=<TaskInstance: stock_price_analytics_extended.extract_stock_data__1 manual__2024-11-14T09:40:25.756007+00:00 [queued]>
[2024-11-14T09:40:42.657+0000] {taskinstance.py:2076} INFO - Dependencies all met for dep_context=requeueable deps ti=<TaskInstance: stock_price_analytics_extended.extract_stock_data__1 manual__2024-11-14T09:40:25.756007+00:00 [queued]>
[2024-11-14T09:40:42.674+0000] {taskinstance.py:2306} INFO - Starting attempt 1 of 2
[2024-11-14T09:40:43.059+0000] {taskinstance.py:2330} INFO - Executing <Task(_PythonDecoratedOperator): extract_stock_data__1> on 2024-11-14 09:40:25.756007+00:00
[2024-11-14T09:40:43.211+0000] {standard_task_runner.py:90} INFO - Running: ['***', 'tasks', 'run', 'stock_price_analytics_extended', 'extract_stock_data__1', 'manual__2024-11-14T09:40:25.756007+00:00', '--job-id', '221', '--raw', '--subdir', 'DAGS_FOLDER/Conn_Forcasting_DagFile.py', '--cfg-path', '/tmp/tmpl_cv7lnv']
[2024-11-14T09:40:43.223+0000] {standard_task_runner.py:91} INFO - Job 221: Subtask extract_stock_data__1
[2024-11-14T09:40:43.308+0000] {logging_mixin.py:188} WARNING - /home/***/.local/lib/python3.12/site-packages/***/task/task_runner/standard_task_runner.py:61 DeprecationWarning: This process (pid=1134) is multi-threaded, use of fork() may lead to deadlocks in the child.
[2024-11-14T09:40:43.390+0000] {standard_task_runner.py:63} INFO - Started process 1161 to run task
[2024-11-14T09:40:44.423+0000] {task_command.py:426} INFO - Running <TaskInstance: stock_price_analytics_extended.extract_stock_data__1 manual__2024-11-14T09:40:25.756007+00:00 [running]> on host 6ae3c51099ff
[2024-11-14T09:40:46.156+0000] {taskinstance.py:2648} INFO - Exporting env vars: AIRFLOW_CTX_DAG_OWNER='***' AIRFLOW_CTX_DAG_ID='stock_price_analytics_extended' AIRFLOW_CTX_TASK_ID='extract_stock_data__1' AIRFLOW_CTX_EXECUTION_DATE='2024-11-14T09:40:25.756007+00:00' AIRFLOW_CTX_TRY_NUMBER='1' AIRFLOW_CTX_DAG_RUN_ID='manual__2024-11-14T09:40:25.756007+00:00'
[2024-11-14T09:40:46.217+0000] {taskinstance.py:430} INFO - ::endgroup::
[2024-11-14T09:40:50.469+0000] {python.py:237} INFO - Done. Returned value was:                         date        open  ...  Stock Splits  symbol
0  2024-08-16 00:00:00-04:00  121.929570  ...           0.0    NVDA
1  2024-08-19 00:00:00-04:00  124.269365  ...           0.0    NVDA
2  2024-08-20 00:00:00-04:00  128.389008  ...           0.0    NVDA
3  2024-08-21 00:00:00-04:00  127.309114  ...           0.0    NVDA
4  2024-08-22 00:00:00-04:00  130.008885  ...           0.0    NVDA
..                       ...         ...  ...           ...     ...
58 2024-11-07 00:00:00-05:00  146.389999  ...           0.0    NVDA
59 2024-11-08 00:00:00-05:00  148.770004  ...           0.0    NVDA
60 2024-11-11 00:00:00-05:00  148.679993  ...           0.0    NVDA
61 2024-11-12 00:00:00-05:00  146.779999  ...           0.0    NVDA
62 2024-11-13 00:00:00-05:00  149.070007  ...           0.0    NVDA

[63 rows x 9 columns]
[2024-11-14T09:40:50.579+0000] {taskinstance.py:441} INFO - ::group::Post task execution logs
[2024-11-14T09:40:50.717+0000] {taskinstance.py:1206} INFO - Marking task as SUCCESS. dag_id=stock_price_analytics_extended, task_id=extract_stock_data__1, run_id=manual__2024-11-14T09:40:25.756007+00:00, execution_date=20241114T094025, start_date=20241114T094042, end_date=20241114T094050
[2024-11-14T09:40:50.789+0000] {local_task_job_runner.py:240} INFO - Task exited with return code 0
[2024-11-14T09:40:50.877+0000] {taskinstance.py:3498} INFO - 1 downstream tasks scheduled from follow-on schedule check
[2024-11-14T09:40:50.905+0000] {local_task_job_runner.py:222} INFO - ::endgroup::
