[2024-10-25T00:19:07.127+0000] {local_task_job_runner.py:120} INFO - ::group::Pre task execution logs
[2024-10-25T00:19:07.209+0000] {taskinstance.py:2076} INFO - Dependencies all met for dep_context=non-requeueable deps ti=<TaskInstance: Assignment8_ELT_DAG.combineTables scheduled__2024-10-24T00:00:00+00:00 [queued]>
[2024-10-25T00:19:07.235+0000] {taskinstance.py:2076} INFO - Dependencies all met for dep_context=requeueable deps ti=<TaskInstance: Assignment8_ELT_DAG.combineTables scheduled__2024-10-24T00:00:00+00:00 [queued]>
[2024-10-25T00:19:07.236+0000] {taskinstance.py:2306} INFO - Starting attempt 1 of 1
[2024-10-25T00:19:07.276+0000] {taskinstance.py:2330} INFO - Executing <Task(_PythonDecoratedOperator): combineTables> on 2024-10-24 00:00:00+00:00
[2024-10-25T00:19:07.304+0000] {standard_task_runner.py:90} INFO - Running: ['***', 'tasks', 'run', 'Assignment8_ELT_DAG', 'combineTables', 'scheduled__2024-10-24T00:00:00+00:00', '--job-id', '37', '--raw', '--subdir', 'DAGS_FOLDER/Assignment8_ELT_DAG.py', '--cfg-path', '/tmp/tmp6zlt_7vs']
[2024-10-25T00:19:07.336+0000] {standard_task_runner.py:91} INFO - Job 37: Subtask combineTables
[2024-10-25T00:19:07.359+0000] {logging_mixin.py:188} WARNING - /home/***/.local/lib/python3.12/site-packages/***/task/task_runner/standard_task_runner.py:61 DeprecationWarning: This process (pid=6401) is multi-threaded, use of fork() may lead to deadlocks in the child.
[2024-10-25T00:19:07.361+0000] {standard_task_runner.py:63} INFO - Started process 6414 to run task
[2024-10-25T00:19:07.819+0000] {task_command.py:426} INFO - Running <TaskInstance: Assignment8_ELT_DAG.combineTables scheduled__2024-10-24T00:00:00+00:00 [running]> on host d99256b0cb87
[2024-10-25T00:19:08.403+0000] {taskinstance.py:2648} INFO - Exporting env vars: AIRFLOW_CTX_DAG_OWNER='***' AIRFLOW_CTX_DAG_ID='Assignment8_ELT_DAG' AIRFLOW_CTX_TASK_ID='combineTables' AIRFLOW_CTX_EXECUTION_DATE='2024-10-24T00:00:00+00:00' AIRFLOW_CTX_TRY_NUMBER='1' AIRFLOW_CTX_DAG_RUN_ID='scheduled__2024-10-24T00:00:00+00:00'
[2024-10-25T00:19:08.411+0000] {taskinstance.py:430} INFO - ::endgroup::
[2024-10-25T00:19:08.415+0000] {connection.py:399} INFO - Snowflake Connector for Python Version: 3.10.0, Python Version: 3.12.3, Platform: Linux-6.10.4-linuxkit-x86_64-with-glibc2.36
[2024-10-25T00:19:08.423+0000] {connection.py:1239} INFO - This connection is in OCSP Fail Open Mode. TLS Certificates would be checked for validity and revocation status. Any other Certificate Revocation related exceptions or OCSP Responder failures would be disregarded in favor of connectivity.
[2024-10-25T00:19:14.064+0000] {cursor.py:1149} INFO - Number of results in first chunk: 1
[2024-10-25T00:19:14.066+0000] {python.py:237} INFO - Done. Returned value was: None
[2024-10-25T00:19:14.069+0000] {taskinstance.py:441} INFO - ::group::Post task execution logs
[2024-10-25T00:19:14.098+0000] {taskinstance.py:1206} INFO - Marking task as SUCCESS. dag_id=Assignment8_ELT_DAG, task_id=combineTables, run_id=scheduled__2024-10-24T00:00:00+00:00, execution_date=20241024T000000, start_date=20241025T001907, end_date=20241025T001914
[2024-10-25T00:19:14.179+0000] {local_task_job_runner.py:240} INFO - Task exited with return code 0
[2024-10-25T00:19:14.197+0000] {local_task_job_runner.py:222} INFO - ::endgroup::
