[2024-11-14T12:21:37.128+0000] {local_task_job_runner.py:120} INFO - ::group::Pre task execution logs
[2024-11-14T12:21:37.256+0000] {taskinstance.py:2076} INFO - Dependencies all met for dep_context=non-requeueable deps ti=<TaskInstance: stock_price_analytics_extended.predictNext7Days__1 manual__2024-11-14T12:16:42.919161+00:00 [queued]>
[2024-11-14T12:21:37.281+0000] {taskinstance.py:2076} INFO - Dependencies all met for dep_context=requeueable deps ti=<TaskInstance: stock_price_analytics_extended.predictNext7Days__1 manual__2024-11-14T12:16:42.919161+00:00 [queued]>
[2024-11-14T12:21:37.284+0000] {taskinstance.py:2306} INFO - Starting attempt 1 of 2
[2024-11-14T12:21:37.321+0000] {taskinstance.py:2330} INFO - Executing <Task(_PythonDecoratedOperator): predictNext7Days__1> on 2024-11-14 12:16:42.919161+00:00
[2024-11-14T12:21:37.344+0000] {standard_task_runner.py:90} INFO - Running: ['***', 'tasks', 'run', 'stock_price_analytics_extended', 'predictNext7Days__1', 'manual__2024-11-14T12:16:42.919161+00:00', '--job-id', '237', '--raw', '--subdir', 'DAGS_FOLDER/Conn_Forcasting_DagFile.py', '--cfg-path', '/tmp/tmpp8jz2xz6']
[2024-11-14T12:21:37.354+0000] {standard_task_runner.py:91} INFO - Job 237: Subtask predictNext7Days__1
[2024-11-14T12:21:37.360+0000] {logging_mixin.py:188} WARNING - /home/***/.local/lib/python3.12/site-packages/***/task/task_runner/standard_task_runner.py:61 DeprecationWarning: This process (pid=973) is multi-threaded, use of fork() may lead to deadlocks in the child.
[2024-11-14T12:21:37.363+0000] {standard_task_runner.py:63} INFO - Started process 1002 to run task
[2024-11-14T12:21:37.501+0000] {task_command.py:426} INFO - Running <TaskInstance: stock_price_analytics_extended.predictNext7Days__1 manual__2024-11-14T12:16:42.919161+00:00 [running]> on host 885fea738fe5
[2024-11-14T12:21:39.709+0000] {taskinstance.py:2648} INFO - Exporting env vars: AIRFLOW_CTX_DAG_OWNER='***' AIRFLOW_CTX_DAG_ID='stock_price_analytics_extended' AIRFLOW_CTX_TASK_ID='predictNext7Days__1' AIRFLOW_CTX_EXECUTION_DATE='2024-11-14T12:16:42.919161+00:00' AIRFLOW_CTX_TRY_NUMBER='1' AIRFLOW_CTX_DAG_RUN_ID='manual__2024-11-14T12:16:42.919161+00:00'
[2024-11-14T12:21:39.734+0000] {taskinstance.py:430} INFO - ::endgroup::
[2024-11-14T12:22:41.755+0000] {python.py:237} INFO - Done. Returned value was:                         date    open    high  ...   close       volume  symbol
0 2024-11-15 12:22:41.721024  147.88  149.54  ...  147.09  197457326.0    NVDA
1 2024-11-16 12:22:41.721071  147.77  149.61  ...  147.34  194686070.0    NVDA
2 2024-11-17 12:22:41.721079  148.08  149.54  ...  146.93  191846855.0    NVDA
3 2024-11-18 12:22:41.721082  147.91  149.61  ...  147.26  191791895.0    NVDA
4 2024-11-19 12:22:41.721086  147.76  149.56  ...  147.14  194284203.0    NVDA
5 2024-11-20 12:22:41.721089  147.96  149.57  ...  147.07  193243187.0    NVDA
6 2024-11-21 12:22:41.721092  147.88  149.57  ...  147.14  193713881.0    NVDA

[7 rows x 7 columns]
[2024-11-14T12:22:41.907+0000] {taskinstance.py:441} INFO - ::group::Post task execution logs
[2024-11-14T12:22:42.049+0000] {taskinstance.py:1206} INFO - Marking task as SUCCESS. dag_id=stock_price_analytics_extended, task_id=predictNext7Days__1, run_id=manual__2024-11-14T12:16:42.919161+00:00, execution_date=20241114T121642, start_date=20241114T122137, end_date=20241114T122242
[2024-11-14T12:22:42.207+0000] {local_task_job_runner.py:240} INFO - Task exited with return code 0
[2024-11-14T12:22:42.369+0000] {taskinstance.py:3498} INFO - 1 downstream tasks scheduled from follow-on schedule check
[2024-11-14T12:22:42.381+0000] {local_task_job_runner.py:222} INFO - ::endgroup::
