[2024-11-14T23:49:27.405+0000] {local_task_job_runner.py:120} INFO - ::group::Pre task execution logs
[2024-11-14T23:49:27.579+0000] {taskinstance.py:2076} INFO - Dependencies all met for dep_context=non-requeueable deps ti=<TaskInstance: YfinanceToSnowflake.extract_stock_data manual__2024-11-14T23:49:14.009703+00:00 [queued]>
[2024-11-14T23:49:27.647+0000] {taskinstance.py:2076} INFO - Dependencies all met for dep_context=requeueable deps ti=<TaskInstance: YfinanceToSnowflake.extract_stock_data manual__2024-11-14T23:49:14.009703+00:00 [queued]>
[2024-11-14T23:49:27.668+0000] {taskinstance.py:2306} INFO - Starting attempt 1 of 1
[2024-11-14T23:49:28.156+0000] {taskinstance.py:2330} INFO - Executing <Task(_PythonDecoratedOperator): extract_stock_data> on 2024-11-14 23:49:14.009703+00:00
[2024-11-14T23:49:28.252+0000] {standard_task_runner.py:90} INFO - Running: ['***', 'tasks', 'run', 'YfinanceToSnowflake', 'extract_stock_data', 'manual__2024-11-14T23:49:14.009703+00:00', '--job-id', '275', '--raw', '--subdir', 'DAGS_FOLDER/yfinance_to_snowflake.py', '--cfg-path', '/tmp/tmpuwbd1xi6']
[2024-11-14T23:49:28.266+0000] {standard_task_runner.py:91} INFO - Job 275: Subtask extract_stock_data
[2024-11-14T23:49:28.287+0000] {logging_mixin.py:188} WARNING - /home/***/.local/lib/python3.12/site-packages/***/task/task_runner/standard_task_runner.py:61 DeprecationWarning: This process (pid=3807) is multi-threaded, use of fork() may lead to deadlocks in the child.
[2024-11-14T23:49:28.299+0000] {standard_task_runner.py:63} INFO - Started process 3817 to run task
[2024-11-14T23:49:28.665+0000] {task_command.py:426} INFO - Running <TaskInstance: YfinanceToSnowflake.extract_stock_data manual__2024-11-14T23:49:14.009703+00:00 [running]> on host 5bbe89177473
[2024-11-14T23:49:29.218+0000] {taskinstance.py:2648} INFO - Exporting env vars: AIRFLOW_CTX_DAG_OWNER='***' AIRFLOW_CTX_DAG_ID='YfinanceToSnowflake' AIRFLOW_CTX_TASK_ID='extract_stock_data' AIRFLOW_CTX_EXECUTION_DATE='2024-11-14T23:49:14.009703+00:00' AIRFLOW_CTX_TRY_NUMBER='1' AIRFLOW_CTX_DAG_RUN_ID='manual__2024-11-14T23:49:14.009703+00:00'
[2024-11-14T23:49:29.222+0000] {taskinstance.py:430} INFO - ::endgroup::
[2024-11-14T23:49:29.954+0000] {python.py:237} INFO - Done. Returned value was:                         date        open  ...  Stock Splits  symbol
0  2024-08-19 00:00:00-04:00  225.471943  ...           0.0    AAPL
1  2024-08-20 00:00:00-04:00  225.521886  ...           0.0    AAPL
2  2024-08-21 00:00:00-04:00  226.271063  ...           0.0    AAPL
3  2024-08-22 00:00:00-04:00  227.539661  ...           0.0    AAPL
4  2024-08-23 00:00:00-04:00  225.412002  ...           0.0    AAPL
..                       ...         ...  ...           ...     ...
58 2024-11-08 00:00:00-05:00  227.169998  ...           0.0    AAPL
59 2024-11-11 00:00:00-05:00  225.000000  ...           0.0    AAPL
60 2024-11-12 00:00:00-05:00  224.550003  ...           0.0    AAPL
61 2024-11-13 00:00:00-05:00  224.009995  ...           0.0    AAPL
62 2024-11-14 00:00:00-05:00  225.070007  ...           0.0    AAPL

[63 rows x 9 columns]
[2024-11-14T23:49:30.036+0000] {taskinstance.py:441} INFO - ::group::Post task execution logs
[2024-11-14T23:49:30.409+0000] {taskinstance.py:1206} INFO - Marking task as SUCCESS. dag_id=YfinanceToSnowflake, task_id=extract_stock_data, run_id=manual__2024-11-14T23:49:14.009703+00:00, execution_date=20241114T234914, start_date=20241114T234927, end_date=20241114T234930
[2024-11-14T23:49:30.488+0000] {local_task_job_runner.py:240} INFO - Task exited with return code 0
[2024-11-14T23:49:30.553+0000] {taskinstance.py:3498} INFO - 1 downstream tasks scheduled from follow-on schedule check
[2024-11-14T23:49:30.556+0000] {local_task_job_runner.py:222} INFO - ::endgroup::
