[2024-11-15T06:30:25.803+0000] {local_task_job_runner.py:120} INFO - ::group::Pre task execution logs
[2024-11-15T06:30:26.341+0000] {taskinstance.py:2076} INFO - Dependencies all met for dep_context=non-requeueable deps ti=<TaskInstance: stock_price_analytics_extended.extract_stock_data__1 manual__2024-11-15T01:19:15.266863+00:00 [queued]>
[2024-11-15T06:30:26.498+0000] {taskinstance.py:2076} INFO - Dependencies all met for dep_context=requeueable deps ti=<TaskInstance: stock_price_analytics_extended.extract_stock_data__1 manual__2024-11-15T01:19:15.266863+00:00 [queued]>
[2024-11-15T06:30:26.540+0000] {taskinstance.py:2306} INFO - Starting attempt 1 of 2
[2024-11-15T06:30:26.621+0000] {taskinstance.py:2330} INFO - Executing <Task(_PythonDecoratedOperator): extract_stock_data__1> on 2024-11-15 01:19:15.266863+00:00
[2024-11-15T06:30:26.696+0000] {logging_mixin.py:188} WARNING - /home/***/.local/lib/python3.12/site-packages/***/task/task_runner/standard_task_runner.py:61 DeprecationWarning: This process (pid=22521) is multi-threaded, use of fork() may lead to deadlocks in the child.
[2024-11-15T06:30:26.712+0000] {standard_task_runner.py:63} INFO - Started process 22549 to run task
[2024-11-15T06:30:26.730+0000] {standard_task_runner.py:90} INFO - Running: ['***', 'tasks', 'run', 'stock_price_analytics_extended', 'extract_stock_data__1', 'manual__2024-11-15T01:19:15.266863+00:00', '--job-id', '402', '--raw', '--subdir', 'DAGS_FOLDER/Conn_Forcasting_DagFile.py', '--cfg-path', '/tmp/tmpfjbnfe56']
[2024-11-15T06:30:26.766+0000] {standard_task_runner.py:91} INFO - Job 402: Subtask extract_stock_data__1
[2024-11-15T06:30:28.019+0000] {task_command.py:426} INFO - Running <TaskInstance: stock_price_analytics_extended.extract_stock_data__1 manual__2024-11-15T01:19:15.266863+00:00 [running]> on host 5bbe89177473
[2024-11-15T06:30:32.625+0000] {taskinstance.py:2648} INFO - Exporting env vars: AIRFLOW_CTX_DAG_OWNER='***' AIRFLOW_CTX_DAG_ID='stock_price_analytics_extended' AIRFLOW_CTX_TASK_ID='extract_stock_data__1' AIRFLOW_CTX_EXECUTION_DATE='2024-11-15T01:19:15.266863+00:00' AIRFLOW_CTX_TRY_NUMBER='1' AIRFLOW_CTX_DAG_RUN_ID='manual__2024-11-15T01:19:15.266863+00:00'
[2024-11-15T06:30:32.629+0000] {taskinstance.py:430} INFO - ::endgroup::
[2024-11-15T06:30:35.258+0000] {python.py:237} INFO - Done. Returned value was:                         date        open  ...  Stock Splits  symbol
0  2024-08-19 00:00:00-04:00  124.269365  ...           0.0    NVDA
1  2024-08-20 00:00:00-04:00  128.389008  ...           0.0    NVDA
2  2024-08-21 00:00:00-04:00  127.309114  ...           0.0    NVDA
3  2024-08-22 00:00:00-04:00  130.008885  ...           0.0    NVDA
4  2024-08-23 00:00:00-04:00  125.849238  ...           0.0    NVDA
..                       ...         ...  ...           ...     ...
58 2024-11-08 00:00:00-05:00  148.770004  ...           0.0    NVDA
59 2024-11-11 00:00:00-05:00  148.679993  ...           0.0    NVDA
60 2024-11-12 00:00:00-05:00  146.779999  ...           0.0    NVDA
61 2024-11-13 00:00:00-05:00  149.070007  ...           0.0    NVDA
62 2024-11-14 00:00:00-05:00  147.639999  ...           0.0    NVDA

[63 rows x 9 columns]
[2024-11-15T06:30:35.640+0000] {taskinstance.py:441} INFO - ::group::Post task execution logs
[2024-11-15T06:30:36.405+0000] {taskinstance.py:1206} INFO - Marking task as SUCCESS. dag_id=stock_price_analytics_extended, task_id=extract_stock_data__1, run_id=manual__2024-11-15T01:19:15.266863+00:00, execution_date=20241115T011915, start_date=20241115T063026, end_date=20241115T063036
[2024-11-15T06:30:36.679+0000] {local_task_job_runner.py:240} INFO - Task exited with return code 0
[2024-11-15T06:30:36.851+0000] {taskinstance.py:3498} INFO - 1 downstream tasks scheduled from follow-on schedule check
[2024-11-15T06:30:36.856+0000] {local_task_job_runner.py:222} INFO - ::endgroup::
