[2024-11-12T03:24:10.334+0000] {local_task_job_runner.py:120} INFO - ::group::Pre task execution logs
[2024-11-12T03:24:10.405+0000] {taskinstance.py:2076} INFO - Dependencies all met for dep_context=non-requeueable deps ti=<TaskInstance: stock_price_analytics_extended.predictNext7Days__1 manual__2024-11-12T03:22:50.065327+00:00 [queued]>
[2024-11-12T03:24:10.431+0000] {taskinstance.py:2076} INFO - Dependencies all met for dep_context=requeueable deps ti=<TaskInstance: stock_price_analytics_extended.predictNext7Days__1 manual__2024-11-12T03:22:50.065327+00:00 [queued]>
[2024-11-12T03:24:10.432+0000] {taskinstance.py:2306} INFO - Starting attempt 1 of 2
[2024-11-12T03:24:10.459+0000] {taskinstance.py:2330} INFO - Executing <Task(_PythonDecoratedOperator): predictNext7Days__1> on 2024-11-12 03:22:50.065327+00:00
[2024-11-12T03:24:10.479+0000] {logging_mixin.py:188} WARNING - /home/***/.local/lib/python3.12/site-packages/***/task/task_runner/standard_task_runner.py:61 DeprecationWarning: This process (pid=10879) is multi-threaded, use of fork() may lead to deadlocks in the child.
[2024-11-12T03:24:10.482+0000] {standard_task_runner.py:63} INFO - Started process 10895 to run task
[2024-11-12T03:24:10.479+0000] {standard_task_runner.py:90} INFO - Running: ['***', 'tasks', 'run', 'stock_price_analytics_extended', 'predictNext7Days__1', 'manual__2024-11-12T03:22:50.065327+00:00', '--job-id', '132', '--raw', '--subdir', 'DAGS_FOLDER/Conn_Forcasting_DagFile.py', '--cfg-path', '/tmp/tmpjfix7e13']
[2024-11-12T03:24:10.486+0000] {standard_task_runner.py:91} INFO - Job 132: Subtask predictNext7Days__1
[2024-11-12T03:24:10.612+0000] {task_command.py:426} INFO - Running <TaskInstance: stock_price_analytics_extended.predictNext7Days__1 manual__2024-11-12T03:22:50.065327+00:00 [running]> on host d99256b0cb87
[2024-11-12T03:24:11.823+0000] {taskinstance.py:2648} INFO - Exporting env vars: AIRFLOW_CTX_DAG_OWNER='***' AIRFLOW_CTX_DAG_ID='stock_price_analytics_extended' AIRFLOW_CTX_TASK_ID='predictNext7Days__1' AIRFLOW_CTX_EXECUTION_DATE='2024-11-12T03:22:50.065327+00:00' AIRFLOW_CTX_TRY_NUMBER='1' AIRFLOW_CTX_DAG_RUN_ID='manual__2024-11-12T03:22:50.065327+00:00'
[2024-11-12T03:24:11.827+0000] {taskinstance.py:430} INFO - ::endgroup::
[2024-11-12T03:24:18.401+0000] {python.py:237} INFO - Done. Returned value was:                         date    open    high  ...   close       volume  symbol
0 2024-11-13 03:24:18.364319  149.10  147.65  ...  142.86  187724617.0    NVDA
1 2024-11-14 03:24:18.364334  148.10  147.13  ...  140.60  187064846.0    NVDA
2 2024-11-15 03:24:18.364339  147.38  146.91  ...  139.94  200732361.0    NVDA
3 2024-11-16 03:24:18.364342  146.85  147.09  ...  140.12  193734929.0    NVDA
4 2024-11-17 03:24:18.364345  146.57  147.26  ...  140.88  187987342.0    NVDA
5 2024-11-18 03:24:18.364349  146.39  147.36  ...  141.84  188913250.0    NVDA
6 2024-11-19 03:24:18.364353  146.51  147.40  ...  142.49  189849246.0    NVDA

[7 rows x 7 columns]
[2024-11-12T03:24:18.456+0000] {taskinstance.py:441} INFO - ::group::Post task execution logs
[2024-11-12T03:24:18.532+0000] {taskinstance.py:1206} INFO - Marking task as SUCCESS. dag_id=stock_price_analytics_extended, task_id=predictNext7Days__1, run_id=manual__2024-11-12T03:22:50.065327+00:00, execution_date=20241112T032250, start_date=20241112T032410, end_date=20241112T032418
[2024-11-12T03:24:18.625+0000] {local_task_job_runner.py:240} INFO - Task exited with return code 0
[2024-11-12T03:24:18.689+0000] {taskinstance.py:3498} INFO - 0 downstream tasks scheduled from follow-on schedule check
[2024-11-12T03:24:18.706+0000] {local_task_job_runner.py:222} INFO - ::endgroup::
