[2024-11-15T06:28:15.228+0000] {local_task_job_runner.py:120} INFO - ::group::Pre task execution logs
[2024-11-15T06:28:15.398+0000] {taskinstance.py:2076} INFO - Dependencies all met for dep_context=non-requeueable deps ti=<TaskInstance: YfinanceToSnowflake.extract_stock_data__1 manual__2024-11-15T06:27:27.612267+00:00 [queued]>
[2024-11-15T06:28:15.463+0000] {taskinstance.py:2076} INFO - Dependencies all met for dep_context=requeueable deps ti=<TaskInstance: YfinanceToSnowflake.extract_stock_data__1 manual__2024-11-15T06:27:27.612267+00:00 [queued]>
[2024-11-15T06:28:15.464+0000] {taskinstance.py:2306} INFO - Starting attempt 1 of 1
[2024-11-15T06:28:15.572+0000] {taskinstance.py:2330} INFO - Executing <Task(_PythonDecoratedOperator): extract_stock_data__1> on 2024-11-15 06:27:27.612267+00:00
[2024-11-15T06:28:15.657+0000] {standard_task_runner.py:90} INFO - Running: ['***', 'tasks', 'run', 'YfinanceToSnowflake', 'extract_stock_data__1', 'manual__2024-11-15T06:27:27.612267+00:00', '--job-id', '400', '--raw', '--subdir', 'DAGS_FOLDER/yfinance_to_snowflake.py', '--cfg-path', '/tmp/tmpjdm2ara6']
[2024-11-15T06:28:15.678+0000] {standard_task_runner.py:91} INFO - Job 400: Subtask extract_stock_data__1
[2024-11-15T06:28:15.699+0000] {logging_mixin.py:188} WARNING - /home/***/.local/lib/python3.12/site-packages/***/task/task_runner/standard_task_runner.py:61 DeprecationWarning: This process (pid=22418) is multi-threaded, use of fork() may lead to deadlocks in the child.
[2024-11-15T06:28:15.701+0000] {standard_task_runner.py:63} INFO - Started process 22439 to run task
[2024-11-15T06:28:15.991+0000] {task_command.py:426} INFO - Running <TaskInstance: YfinanceToSnowflake.extract_stock_data__1 manual__2024-11-15T06:27:27.612267+00:00 [running]> on host 5bbe89177473
[2024-11-15T06:28:17.026+0000] {taskinstance.py:2648} INFO - Exporting env vars: AIRFLOW_CTX_DAG_OWNER='***' AIRFLOW_CTX_DAG_ID='YfinanceToSnowflake' AIRFLOW_CTX_TASK_ID='extract_stock_data__1' AIRFLOW_CTX_EXECUTION_DATE='2024-11-15T06:27:27.612267+00:00' AIRFLOW_CTX_TRY_NUMBER='1' AIRFLOW_CTX_DAG_RUN_ID='manual__2024-11-15T06:27:27.612267+00:00'
[2024-11-15T06:28:17.040+0000] {taskinstance.py:430} INFO - ::endgroup::
[2024-11-15T06:28:18.231+0000] {python.py:237} INFO - Done. Returned value was:                         date        open  ...  Stock Splits  symbol
0  2024-08-19 00:00:00-04:00  170.687918  ...           0.0    QCOM
1  2024-08-20 00:00:00-04:00  172.966146  ...           0.0    QCOM
2  2024-08-21 00:00:00-04:00  172.100623  ...           0.0    QCOM
3  2024-08-22 00:00:00-04:00  173.403889  ...           0.0    QCOM
4  2024-08-23 00:00:00-04:00  170.876927  ...           0.0    QCOM
..                       ...         ...  ...           ...     ...
58 2024-11-08 00:00:00-05:00  172.089996  ...           0.0    QCOM
59 2024-11-11 00:00:00-05:00  170.000000  ...           0.0    QCOM
60 2024-11-12 00:00:00-05:00  167.050003  ...           0.0    QCOM
61 2024-11-13 00:00:00-05:00  162.789993  ...           0.0    QCOM
62 2024-11-14 00:00:00-05:00  162.949997  ...           0.0    QCOM

[63 rows x 9 columns]
[2024-11-15T06:28:18.298+0000] {taskinstance.py:441} INFO - ::group::Post task execution logs
[2024-11-15T06:28:18.465+0000] {taskinstance.py:1206} INFO - Marking task as SUCCESS. dag_id=YfinanceToSnowflake, task_id=extract_stock_data__1, run_id=manual__2024-11-15T06:27:27.612267+00:00, execution_date=20241115T062727, start_date=20241115T062815, end_date=20241115T062818
[2024-11-15T06:28:18.544+0000] {local_task_job_runner.py:240} INFO - Task exited with return code 0
[2024-11-15T06:28:18.617+0000] {taskinstance.py:3498} INFO - 1 downstream tasks scheduled from follow-on schedule check
[2024-11-15T06:28:18.622+0000] {local_task_job_runner.py:222} INFO - ::endgroup::
