[2024-11-15T06:02:47.047+0000] {local_task_job_runner.py:120} INFO - ::group::Pre task execution logs
[2024-11-15T06:02:47.253+0000] {taskinstance.py:2076} INFO - Dependencies all met for dep_context=non-requeueable deps ti=<TaskInstance: YfinanceToSnowflake.dbt_run manual__2024-11-15T05:56:05.666841+00:00 [queued]>
[2024-11-15T06:02:47.323+0000] {taskinstance.py:2076} INFO - Dependencies all met for dep_context=requeueable deps ti=<TaskInstance: YfinanceToSnowflake.dbt_run manual__2024-11-15T05:56:05.666841+00:00 [queued]>
[2024-11-15T06:02:47.334+0000] {taskinstance.py:2306} INFO - Starting attempt 2 of 2
[2024-11-15T06:02:47.437+0000] {taskinstance.py:2330} INFO - Executing <Task(BashOperator): dbt_run> on 2024-11-15 05:56:05.666841+00:00
[2024-11-15T06:02:47.479+0000] {standard_task_runner.py:90} INFO - Running: ['***', 'tasks', 'run', 'YfinanceToSnowflake', 'dbt_run', 'manual__2024-11-15T05:56:05.666841+00:00', '--job-id', '387', '--raw', '--subdir', 'DAGS_FOLDER/Conn_Forcasting_DagFile.py', '--cfg-path', '/tmp/tmp76m589ii']
[2024-11-15T06:02:47.494+0000] {standard_task_runner.py:91} INFO - Job 387: Subtask dbt_run
[2024-11-15T06:02:47.495+0000] {logging_mixin.py:188} WARNING - /home/***/.local/lib/python3.12/site-packages/***/task/task_runner/standard_task_runner.py:61 DeprecationWarning: This process (pid=21108) is multi-threaded, use of fork() may lead to deadlocks in the child.
[2024-11-15T06:02:47.499+0000] {standard_task_runner.py:63} INFO - Started process 21124 to run task
[2024-11-15T06:02:47.932+0000] {task_command.py:426} INFO - Running <TaskInstance: YfinanceToSnowflake.dbt_run manual__2024-11-15T05:56:05.666841+00:00 [running]> on host 5bbe89177473
[2024-11-15T06:02:48.970+0000] {taskinstance.py:2648} INFO - Exporting env vars: AIRFLOW_CTX_DAG_OWNER='***' AIRFLOW_CTX_DAG_ID='YfinanceToSnowflake' AIRFLOW_CTX_TASK_ID='dbt_run' AIRFLOW_CTX_EXECUTION_DATE='2024-11-15T05:56:05.666841+00:00' AIRFLOW_CTX_TRY_NUMBER='2' AIRFLOW_CTX_DAG_RUN_ID='manual__2024-11-15T05:56:05.666841+00:00'
[2024-11-15T06:02:48.974+0000] {taskinstance.py:430} INFO - ::endgroup::
[2024-11-15T06:02:48.977+0000] {subprocess.py:63} INFO - Tmp dir root location: /tmp
[2024-11-15T06:02:48.980+0000] {subprocess.py:75} INFO - Running command: ['/usr/bin/bash', '-c', 'cd /opt/***/stocks_mau && dbt run --profiles-dir /opt/***/stocks_mau']
[2024-11-15T06:02:49.019+0000] {subprocess.py:86} INFO - Output:
[2024-11-15T06:03:01.894+0000] {subprocess.py:93} INFO - [0m06:03:01  Running with dbt=1.8.7
[2024-11-15T06:03:11.465+0000] {subprocess.py:93} INFO - [0m06:03:11  Registered adapter: snowflake=1.8.4
[2024-11-15T06:03:15.046+0000] {subprocess.py:93} INFO - [0m06:03:15  Found 2 snapshots, 2 models, 6 data tests, 1 source, 459 macros
[2024-11-15T06:03:15.065+0000] {subprocess.py:93} INFO - [0m06:03:15
[2024-11-15T06:03:17.032+0000] {subprocess.py:93} INFO - [0m06:03:17  Concurrency: 1 threads (target='dev')
[2024-11-15T06:03:17.050+0000] {subprocess.py:93} INFO - [0m06:03:17
[2024-11-15T06:03:17.133+0000] {subprocess.py:93} INFO - [0m06:03:17  1 of 2 START sql incremental model analytics.moving_average .................... [RUN]
[2024-11-15T06:03:22.298+0000] {subprocess.py:93} INFO - [0m06:03:22  1 of 2 OK created sql incremental model analytics.moving_average ............... [[32mSUCCESS 0[0m in 5.15s]
[2024-11-15T06:03:22.307+0000] {subprocess.py:93} INFO - [0m06:03:22  2 of 2 START sql incremental model analytics.rsi ............................... [RUN]
[2024-11-15T06:03:25.005+0000] {subprocess.py:93} INFO - [0m06:03:25  2 of 2 OK created sql incremental model analytics.rsi .......................... [[32mSUCCESS 0[0m in 2.68s]
[2024-11-15T06:03:25.062+0000] {subprocess.py:93} INFO - [0m06:03:25
[2024-11-15T06:03:25.068+0000] {subprocess.py:93} INFO - [0m06:03:25  Finished running 2 incremental models in 0 hours 0 minutes and 9.91 seconds (9.91s).
[2024-11-15T06:03:25.434+0000] {subprocess.py:93} INFO - [0m06:03:25
[2024-11-15T06:03:25.438+0000] {subprocess.py:93} INFO - [0m06:03:25  [32mCompleted successfully[0m
[2024-11-15T06:03:25.452+0000] {subprocess.py:93} INFO - [0m06:03:25
[2024-11-15T06:03:25.470+0000] {subprocess.py:93} INFO - [0m06:03:25  Done. PASS=2 WARN=0 ERROR=0 SKIP=0 TOTAL=2
[2024-11-15T06:03:27.935+0000] {subprocess.py:97} INFO - Command exited with return code 0
[2024-11-15T06:03:27.962+0000] {taskinstance.py:441} INFO - ::group::Post task execution logs
[2024-11-15T06:03:28.283+0000] {taskinstance.py:1206} INFO - Marking task as SUCCESS. dag_id=YfinanceToSnowflake, task_id=dbt_run, run_id=manual__2024-11-15T05:56:05.666841+00:00, execution_date=20241115T055605, start_date=20241115T060247, end_date=20241115T060328
[2024-11-15T06:03:28.416+0000] {local_task_job_runner.py:240} INFO - Task exited with return code 0
[2024-11-15T06:03:28.566+0000] {taskinstance.py:3498} INFO - 1 downstream tasks scheduled from follow-on schedule check
[2024-11-15T06:03:28.572+0000] {local_task_job_runner.py:222} INFO - ::endgroup::
