[2024-11-15T05:23:33.732+0000] {local_task_job_runner.py:120} INFO - ::group::Pre task execution logs
[2024-11-15T05:23:33.876+0000] {taskinstance.py:2076} INFO - Dependencies all met for dep_context=non-requeueable deps ti=<TaskInstance: YfinanceToSnowflake.dbt_run manual__2024-11-15T05:21:36.478307+00:00 [queued]>
[2024-11-15T05:23:33.916+0000] {taskinstance.py:2076} INFO - Dependencies all met for dep_context=requeueable deps ti=<TaskInstance: YfinanceToSnowflake.dbt_run manual__2024-11-15T05:21:36.478307+00:00 [queued]>
[2024-11-15T05:23:33.928+0000] {taskinstance.py:2306} INFO - Starting attempt 1 of 1
[2024-11-15T05:23:33.973+0000] {taskinstance.py:2330} INFO - Executing <Task(BashOperator): dbt_run> on 2024-11-15 05:21:36.478307+00:00
[2024-11-15T05:23:33.998+0000] {logging_mixin.py:188} WARNING - /home/***/.local/lib/python3.12/site-packages/***/task/task_runner/standard_task_runner.py:61 DeprecationWarning: This process (pid=19145) is multi-threaded, use of fork() may lead to deadlocks in the child.
[2024-11-15T05:23:34.001+0000] {standard_task_runner.py:63} INFO - Started process 19173 to run task
[2024-11-15T05:23:34.004+0000] {standard_task_runner.py:90} INFO - Running: ['***', 'tasks', 'run', 'YfinanceToSnowflake', 'dbt_run', 'manual__2024-11-15T05:21:36.478307+00:00', '--job-id', '369', '--raw', '--subdir', 'DAGS_FOLDER/Conn_Forcasting_DagFile.py', '--cfg-path', '/tmp/tmp8lt636ul']
[2024-11-15T05:23:34.014+0000] {standard_task_runner.py:91} INFO - Job 369: Subtask dbt_run
[2024-11-15T05:23:34.154+0000] {task_command.py:426} INFO - Running <TaskInstance: YfinanceToSnowflake.dbt_run manual__2024-11-15T05:21:36.478307+00:00 [running]> on host 5bbe89177473
[2024-11-15T05:23:38.024+0000] {taskinstance.py:2648} INFO - Exporting env vars: AIRFLOW_CTX_DAG_OWNER='***' AIRFLOW_CTX_DAG_ID='YfinanceToSnowflake' AIRFLOW_CTX_TASK_ID='dbt_run' AIRFLOW_CTX_EXECUTION_DATE='2024-11-15T05:21:36.478307+00:00' AIRFLOW_CTX_TRY_NUMBER='1' AIRFLOW_CTX_DAG_RUN_ID='manual__2024-11-15T05:21:36.478307+00:00'
[2024-11-15T05:23:38.028+0000] {taskinstance.py:430} INFO - ::endgroup::
[2024-11-15T05:23:38.031+0000] {subprocess.py:63} INFO - Tmp dir root location: /tmp
[2024-11-15T05:23:38.035+0000] {subprocess.py:75} INFO - Running command: ['/usr/bin/bash', '-c', 'cd /opt/***/stocks_mau && dbt run --profiles-dir /opt/***/stocks_mau']
[2024-11-15T05:23:38.116+0000] {subprocess.py:86} INFO - Output:
[2024-11-15T05:24:14.892+0000] {subprocess.py:93} INFO - [0m05:24:14  Running with dbt=1.8.7
[2024-11-15T05:24:28.456+0000] {subprocess.py:93} INFO - [0m05:24:28  Registered adapter: snowflake=1.8.4
[2024-11-15T05:24:35.623+0000] {subprocess.py:93} INFO - [0m05:24:35  [[33mWARNING[0m]: Deprecated functionality
[2024-11-15T05:24:35.632+0000] {subprocess.py:93} INFO - The `tests` config has been renamed to `data_tests`. Please see
[2024-11-15T05:24:35.644+0000] {subprocess.py:93} INFO - https://docs.getdbt.com/docs/build/data-tests#new-data_tests-syntax for more
[2024-11-15T05:24:35.659+0000] {subprocess.py:93} INFO - information.
[2024-11-15T05:24:39.104+0000] {subprocess.py:93} INFO - [0m05:24:39  Found 2 snapshots, 2 models, 6 data tests, 1 source, 459 macros
[2024-11-15T05:24:39.118+0000] {subprocess.py:93} INFO - [0m05:24:39
[2024-11-15T05:24:41.905+0000] {subprocess.py:93} INFO - [0m05:24:41  Concurrency: 1 threads (target='dev')
[2024-11-15T05:24:41.907+0000] {subprocess.py:93} INFO - [0m05:24:41
[2024-11-15T05:24:41.975+0000] {subprocess.py:93} INFO - [0m05:24:41  1 of 2 START sql incremental model analytics.moving_average .................... [RUN]
[2024-11-15T05:24:46.203+0000] {subprocess.py:93} INFO - [0m05:24:46  1 of 2 OK created sql incremental model analytics.moving_average ............... [[32mSUCCESS 0[0m in 4.21s]
[2024-11-15T05:24:46.215+0000] {subprocess.py:93} INFO - [0m05:24:46  2 of 2 START sql incremental model analytics.rsi ............................... [RUN]
[2024-11-15T05:24:50.254+0000] {subprocess.py:93} INFO - [0m05:24:50  2 of 2 OK created sql incremental model analytics.rsi .......................... [[32mSUCCESS 0[0m in 4.00s]
[2024-11-15T05:24:50.341+0000] {subprocess.py:93} INFO - [0m05:24:50
[2024-11-15T05:24:50.412+0000] {subprocess.py:93} INFO - [0m05:24:50  Finished running 2 incremental models in 0 hours 0 minutes and 11.22 seconds (11.22s).
[2024-11-15T05:24:51.475+0000] {subprocess.py:93} INFO - [0m05:24:51
[2024-11-15T05:24:51.511+0000] {subprocess.py:93} INFO - [0m05:24:51  [32mCompleted successfully[0m
[2024-11-15T05:24:51.554+0000] {subprocess.py:93} INFO - [0m05:24:51
[2024-11-15T05:24:51.559+0000] {subprocess.py:93} INFO - [0m05:24:51  Done. PASS=2 WARN=0 ERROR=0 SKIP=0 TOTAL=2
[2024-11-15T05:24:54.217+0000] {subprocess.py:97} INFO - Command exited with return code 0
[2024-11-15T05:24:54.288+0000] {taskinstance.py:441} INFO - ::group::Post task execution logs
[2024-11-15T05:24:55.151+0000] {taskinstance.py:1206} INFO - Marking task as SUCCESS. dag_id=YfinanceToSnowflake, task_id=dbt_run, run_id=manual__2024-11-15T05:21:36.478307+00:00, execution_date=20241115T052136, start_date=20241115T052333, end_date=20241115T052455
[2024-11-15T05:24:55.554+0000] {local_task_job_runner.py:240} INFO - Task exited with return code 0
[2024-11-15T05:24:55.810+0000] {taskinstance.py:3498} INFO - 1 downstream tasks scheduled from follow-on schedule check
[2024-11-15T05:24:55.815+0000] {local_task_job_runner.py:222} INFO - ::endgroup::
