[2024-11-15T06:30:35.854+0000] {local_task_job_runner.py:120} INFO - ::group::Pre task execution logs
[2024-11-15T06:30:36.404+0000] {taskinstance.py:2076} INFO - Dependencies all met for dep_context=non-requeueable deps ti=<TaskInstance: YfinanceToSnowflake.dbt_run manual__2024-11-15T06:27:27.612267+00:00 [queued]>
[2024-11-15T06:30:36.509+0000] {taskinstance.py:2076} INFO - Dependencies all met for dep_context=requeueable deps ti=<TaskInstance: YfinanceToSnowflake.dbt_run manual__2024-11-15T06:27:27.612267+00:00 [queued]>
[2024-11-15T06:30:36.520+0000] {taskinstance.py:2306} INFO - Starting attempt 1 of 1
[2024-11-15T06:30:36.647+0000] {taskinstance.py:2330} INFO - Executing <Task(BashOperator): dbt_run> on 2024-11-15 06:27:27.612267+00:00
[2024-11-15T06:30:36.732+0000] {logging_mixin.py:188} WARNING - /home/***/.local/lib/python3.12/site-packages/***/task/task_runner/standard_task_runner.py:61 DeprecationWarning: This process (pid=22524) is multi-threaded, use of fork() may lead to deadlocks in the child.
[2024-11-15T06:30:36.736+0000] {standard_task_runner.py:63} INFO - Started process 22558 to run task
[2024-11-15T06:30:36.732+0000] {standard_task_runner.py:90} INFO - Running: ['***', 'tasks', 'run', 'YfinanceToSnowflake', 'dbt_run', 'manual__2024-11-15T06:27:27.612267+00:00', '--job-id', '403', '--raw', '--subdir', 'DAGS_FOLDER/Conn_Forcasting_DagFile.py', '--cfg-path', '/tmp/tmp_f0hnds0']
[2024-11-15T06:30:36.743+0000] {standard_task_runner.py:91} INFO - Job 403: Subtask dbt_run
[2024-11-15T06:30:36.974+0000] {task_command.py:426} INFO - Running <TaskInstance: YfinanceToSnowflake.dbt_run manual__2024-11-15T06:27:27.612267+00:00 [running]> on host 5bbe89177473
[2024-11-15T06:30:44.457+0000] {taskinstance.py:2648} INFO - Exporting env vars: AIRFLOW_CTX_DAG_OWNER='***' AIRFLOW_CTX_DAG_ID='YfinanceToSnowflake' AIRFLOW_CTX_TASK_ID='dbt_run' AIRFLOW_CTX_EXECUTION_DATE='2024-11-15T06:27:27.612267+00:00' AIRFLOW_CTX_TRY_NUMBER='1' AIRFLOW_CTX_DAG_RUN_ID='manual__2024-11-15T06:27:27.612267+00:00'
[2024-11-15T06:30:44.516+0000] {taskinstance.py:430} INFO - ::endgroup::
[2024-11-15T06:30:44.670+0000] {subprocess.py:63} INFO - Tmp dir root location: /tmp
[2024-11-15T06:30:44.932+0000] {subprocess.py:75} INFO - Running command: ['/usr/bin/bash', '-c', 'cd /opt/***/stocks_mau && dbt run --profiles-dir /opt/***/stocks_mau']
[2024-11-15T06:30:45.692+0000] {subprocess.py:86} INFO - Output:
[2024-11-15T06:31:43.997+0000] {subprocess.py:93} INFO - [0m06:31:43  Running with dbt=1.8.7
[2024-11-15T06:32:04.670+0000] {subprocess.py:93} INFO - [0m06:32:04  Registered adapter: snowflake=1.8.4
[2024-11-15T06:32:26.899+0000] {subprocess.py:93} INFO - [0m06:32:26  Found 2 snapshots, 2 models, 4 data tests, 1 source, 459 macros
[2024-11-15T06:32:26.994+0000] {subprocess.py:93} INFO - [0m06:32:26
[2024-11-15T06:32:31.679+0000] {subprocess.py:93} INFO - [0m06:32:31  Concurrency: 1 threads (target='dev')
[2024-11-15T06:32:31.723+0000] {subprocess.py:93} INFO - [0m06:32:31
[2024-11-15T06:32:31.986+0000] {subprocess.py:93} INFO - [0m06:32:31  1 of 2 START sql incremental model analytics.moving_average .................... [RUN]
[2024-11-15T06:32:38.063+0000] {subprocess.py:93} INFO - [0m06:32:38  1 of 2 OK created sql incremental model analytics.moving_average ............... [[32mSUCCESS 0[0m in 6.04s]
[2024-11-15T06:32:38.092+0000] {subprocess.py:93} INFO - [0m06:32:38  2 of 2 START sql incremental model analytics.rsi ............................... [RUN]
[2024-11-15T06:32:41.484+0000] {subprocess.py:93} INFO - [0m06:32:41  2 of 2 OK created sql incremental model analytics.rsi .......................... [[32mSUCCESS 0[0m in 3.38s]
[2024-11-15T06:32:41.578+0000] {subprocess.py:93} INFO - [0m06:32:41
[2024-11-15T06:32:41.618+0000] {subprocess.py:93} INFO - [0m06:32:41  Finished running 2 incremental models in 0 hours 0 minutes and 14.49 seconds (14.49s).
[2024-11-15T06:32:42.783+0000] {subprocess.py:93} INFO - [0m06:32:42
[2024-11-15T06:32:42.796+0000] {subprocess.py:93} INFO - [0m06:32:42  [32mCompleted successfully[0m
[2024-11-15T06:32:42.811+0000] {subprocess.py:93} INFO - [0m06:32:42
[2024-11-15T06:32:42.826+0000] {subprocess.py:93} INFO - [0m06:32:42  Done. PASS=2 WARN=0 ERROR=0 SKIP=0 TOTAL=2
[2024-11-15T06:32:45.935+0000] {subprocess.py:97} INFO - Command exited with return code 0
[2024-11-15T06:32:45.942+0000] {taskinstance.py:441} INFO - ::group::Post task execution logs
[2024-11-15T06:32:46.100+0000] {taskinstance.py:1206} INFO - Marking task as SUCCESS. dag_id=YfinanceToSnowflake, task_id=dbt_run, run_id=manual__2024-11-15T06:27:27.612267+00:00, execution_date=20241115T062727, start_date=20241115T063036, end_date=20241115T063246
[2024-11-15T06:32:46.393+0000] {local_task_job_runner.py:240} INFO - Task exited with return code 0
[2024-11-15T06:32:47.118+0000] {taskinstance.py:3498} INFO - 1 downstream tasks scheduled from follow-on schedule check
[2024-11-15T06:32:47.143+0000] {local_task_job_runner.py:222} INFO - ::endgroup::
