[2024-11-14T09:41:24.726+0000] {local_task_job_runner.py:120} INFO - ::group::Pre task execution logs
[2024-11-14T09:41:24.808+0000] {taskinstance.py:2076} INFO - Dependencies all met for dep_context=non-requeueable deps ti=<TaskInstance: stock_price_analytics_extended.predictNext7Days__1 manual__2024-11-14T09:40:25.756007+00:00 [queued]>
[2024-11-14T09:41:24.847+0000] {taskinstance.py:2076} INFO - Dependencies all met for dep_context=requeueable deps ti=<TaskInstance: stock_price_analytics_extended.predictNext7Days__1 manual__2024-11-14T09:40:25.756007+00:00 [queued]>
[2024-11-14T09:41:24.849+0000] {taskinstance.py:2306} INFO - Starting attempt 1 of 2
[2024-11-14T09:41:24.905+0000] {taskinstance.py:2330} INFO - Executing <Task(_PythonDecoratedOperator): predictNext7Days__1> on 2024-11-14 09:40:25.756007+00:00
[2024-11-14T09:41:24.943+0000] {logging_mixin.py:188} WARNING - /home/***/.local/lib/python3.12/site-packages/***/task/task_runner/standard_task_runner.py:61 DeprecationWarning: This process (pid=1200) is multi-threaded, use of fork() may lead to deadlocks in the child.
[2024-11-14T09:41:24.946+0000] {standard_task_runner.py:63} INFO - Started process 1228 to run task
[2024-11-14T09:41:24.936+0000] {standard_task_runner.py:90} INFO - Running: ['***', 'tasks', 'run', 'stock_price_analytics_extended', 'predictNext7Days__1', 'manual__2024-11-14T09:40:25.756007+00:00', '--job-id', '225', '--raw', '--subdir', 'DAGS_FOLDER/Conn_Forcasting_DagFile.py', '--cfg-path', '/tmp/tmpzjsdwbgn']
[2024-11-14T09:41:24.954+0000] {standard_task_runner.py:91} INFO - Job 225: Subtask predictNext7Days__1
[2024-11-14T09:41:25.139+0000] {task_command.py:426} INFO - Running <TaskInstance: stock_price_analytics_extended.predictNext7Days__1 manual__2024-11-14T09:40:25.756007+00:00 [running]> on host 6ae3c51099ff
[2024-11-14T09:41:27.070+0000] {taskinstance.py:2648} INFO - Exporting env vars: AIRFLOW_CTX_DAG_OWNER='***' AIRFLOW_CTX_DAG_ID='stock_price_analytics_extended' AIRFLOW_CTX_TASK_ID='predictNext7Days__1' AIRFLOW_CTX_EXECUTION_DATE='2024-11-14T09:40:25.756007+00:00' AIRFLOW_CTX_TRY_NUMBER='1' AIRFLOW_CTX_DAG_RUN_ID='manual__2024-11-14T09:40:25.756007+00:00'
[2024-11-14T09:41:27.073+0000] {taskinstance.py:430} INFO - ::endgroup::
[2024-11-14T09:41:49.362+0000] {python.py:237} INFO - Done. Returned value was:                         date    open    high  ...   close       volume  symbol
0 2024-11-15 09:41:49.239178  147.88  149.54  ...  147.09  197457326.0    NVDA
1 2024-11-16 09:41:49.239195  147.77  149.61  ...  147.34  194686070.0    NVDA
2 2024-11-17 09:41:49.239199  148.08  149.54  ...  146.93  191846855.0    NVDA
3 2024-11-18 09:41:49.239203  147.91  149.61  ...  147.26  191791895.0    NVDA
4 2024-11-19 09:41:49.239206  147.76  149.56  ...  147.14  194284203.0    NVDA
5 2024-11-20 09:41:49.239210  147.96  149.57  ...  147.07  193243187.0    NVDA
6 2024-11-21 09:41:49.239214  147.88  149.57  ...  147.14  193713881.0    NVDA

[7 rows x 7 columns]
[2024-11-14T09:41:49.563+0000] {taskinstance.py:441} INFO - ::group::Post task execution logs
[2024-11-14T09:41:49.660+0000] {taskinstance.py:1206} INFO - Marking task as SUCCESS. dag_id=stock_price_analytics_extended, task_id=predictNext7Days__1, run_id=manual__2024-11-14T09:40:25.756007+00:00, execution_date=20241114T094025, start_date=20241114T094124, end_date=20241114T094149
[2024-11-14T09:41:49.850+0000] {local_task_job_runner.py:240} INFO - Task exited with return code 0
[2024-11-14T09:41:50.013+0000] {taskinstance.py:3498} INFO - 0 downstream tasks scheduled from follow-on schedule check
[2024-11-14T09:41:50.018+0000] {local_task_job_runner.py:222} INFO - ::endgroup::
