[2024-11-15T01:11:59.100+0000] {local_task_job_runner.py:120} INFO - ::group::Pre task execution logs
[2024-11-15T01:11:59.523+0000] {taskinstance.py:2076} INFO - Dependencies all met for dep_context=non-requeueable deps ti=<TaskInstance: YfinanceToSnowflake.dbt_snapshot manual__2024-11-15T01:09:13.986110+00:00 [queued]>
[2024-11-15T01:11:59.575+0000] {taskinstance.py:2076} INFO - Dependencies all met for dep_context=requeueable deps ti=<TaskInstance: YfinanceToSnowflake.dbt_snapshot manual__2024-11-15T01:09:13.986110+00:00 [queued]>
[2024-11-15T01:11:59.578+0000] {taskinstance.py:2306} INFO - Starting attempt 1 of 1
[2024-11-15T01:11:59.625+0000] {taskinstance.py:2330} INFO - Executing <Task(BashOperator): dbt_snapshot> on 2024-11-15 01:09:13.986110+00:00
[2024-11-15T01:11:59.668+0000] {logging_mixin.py:188} WARNING - /home/***/.local/lib/python3.12/site-packages/***/task/task_runner/standard_task_runner.py:61 DeprecationWarning: This process (pid=7766) is multi-threaded, use of fork() may lead to deadlocks in the child.
[2024-11-15T01:11:59.676+0000] {standard_task_runner.py:63} INFO - Started process 7780 to run task
[2024-11-15T01:11:59.696+0000] {standard_task_runner.py:90} INFO - Running: ['***', 'tasks', 'run', 'YfinanceToSnowflake', 'dbt_snapshot', 'manual__2024-11-15T01:09:13.986110+00:00', '--job-id', '317', '--raw', '--subdir', 'DAGS_FOLDER/yfinance_to_snowflake.py', '--cfg-path', '/tmp/tmp3c9q7qst']
[2024-11-15T01:11:59.717+0000] {standard_task_runner.py:91} INFO - Job 317: Subtask dbt_snapshot
[2024-11-15T01:12:00.154+0000] {task_command.py:426} INFO - Running <TaskInstance: YfinanceToSnowflake.dbt_snapshot manual__2024-11-15T01:09:13.986110+00:00 [running]> on host 5bbe89177473
[2024-11-15T01:12:00.757+0000] {taskinstance.py:2648} INFO - Exporting env vars: AIRFLOW_CTX_DAG_OWNER='***' AIRFLOW_CTX_DAG_ID='YfinanceToSnowflake' AIRFLOW_CTX_TASK_ID='dbt_snapshot' AIRFLOW_CTX_EXECUTION_DATE='2024-11-15T01:09:13.986110+00:00' AIRFLOW_CTX_TRY_NUMBER='1' AIRFLOW_CTX_DAG_RUN_ID='manual__2024-11-15T01:09:13.986110+00:00'
[2024-11-15T01:12:00.763+0000] {taskinstance.py:430} INFO - ::endgroup::
[2024-11-15T01:12:00.765+0000] {subprocess.py:63} INFO - Tmp dir root location: /tmp
[2024-11-15T01:12:00.767+0000] {subprocess.py:75} INFO - Running command: ['/usr/bin/bash', '-c', 'cd /opt/***/stocks_mau && dbt snapshot --profiles-dir /opt/***/stocks_mau']
[2024-11-15T01:12:00.798+0000] {subprocess.py:86} INFO - Output:
[2024-11-15T01:12:16.510+0000] {subprocess.py:93} INFO - [0m01:12:16  Running with dbt=1.8.7
[2024-11-15T01:12:21.020+0000] {subprocess.py:93} INFO - [0m01:12:21  Registered adapter: snowflake=1.8.4
[2024-11-15T01:12:25.415+0000] {subprocess.py:93} INFO - [0m01:12:25  Found 2 snapshots, 2 models, 4 data tests, 1 source, 459 macros
[2024-11-15T01:12:25.436+0000] {subprocess.py:93} INFO - [0m01:12:25
[2024-11-15T01:12:27.949+0000] {subprocess.py:93} INFO - [0m01:12:27  Concurrency: 1 threads (target='dev')
[2024-11-15T01:12:27.953+0000] {subprocess.py:93} INFO - [0m01:12:27
[2024-11-15T01:12:27.991+0000] {subprocess.py:93} INFO - [0m01:12:27  1 of 2 START snapshot analytics.dma_snapshot ................................... [RUN]
[2024-11-15T01:12:33.322+0000] {subprocess.py:93} INFO - [0m01:12:33  1 of 2 OK snapshotted analytics.dma_snapshot ................................... [[32mSUCCESS 0[0m in 5.30s]
[2024-11-15T01:12:33.398+0000] {subprocess.py:93} INFO - [0m01:12:33  2 of 2 START snapshot analytics.rsi_snapshot ................................... [RUN]
[2024-11-15T01:12:38.552+0000] {subprocess.py:93} INFO - [0m01:12:38  2 of 2 OK snapshotted analytics.rsi_snapshot ................................... [[32mSUCCESS 0[0m in 5.14s]
[2024-11-15T01:12:38.571+0000] {subprocess.py:93} INFO - [0m01:12:38
[2024-11-15T01:12:38.580+0000] {subprocess.py:93} INFO - [0m01:12:38  Finished running 2 snapshots in 0 hours 0 minutes and 13.13 seconds (13.13s).
[2024-11-15T01:12:38.809+0000] {subprocess.py:93} INFO - [0m01:12:38
[2024-11-15T01:12:38.812+0000] {subprocess.py:93} INFO - [0m01:12:38  [32mCompleted successfully[0m
[2024-11-15T01:12:38.816+0000] {subprocess.py:93} INFO - [0m01:12:38
[2024-11-15T01:12:38.819+0000] {subprocess.py:93} INFO - [0m01:12:38  Done. PASS=2 WARN=0 ERROR=0 SKIP=0 TOTAL=2
[2024-11-15T01:12:41.106+0000] {subprocess.py:97} INFO - Command exited with return code 0
[2024-11-15T01:12:41.108+0000] {taskinstance.py:441} INFO - ::group::Post task execution logs
[2024-11-15T01:12:41.160+0000] {taskinstance.py:1206} INFO - Marking task as SUCCESS. dag_id=YfinanceToSnowflake, task_id=dbt_snapshot, run_id=manual__2024-11-15T01:09:13.986110+00:00, execution_date=20241115T010913, start_date=20241115T011159, end_date=20241115T011241
[2024-11-15T01:12:41.242+0000] {local_task_job_runner.py:240} INFO - Task exited with return code 0
[2024-11-15T01:12:41.295+0000] {taskinstance.py:3498} INFO - 0 downstream tasks scheduled from follow-on schedule check
[2024-11-15T01:12:41.301+0000] {local_task_job_runner.py:222} INFO - ::endgroup::
