[2024-11-14T08:44:48.199+0000] {local_task_job_runner.py:120} INFO - ::group::Pre task execution logs
[2024-11-14T08:44:48.375+0000] {taskinstance.py:2076} INFO - Dependencies all met for dep_context=non-requeueable deps ti=<TaskInstance: stock_price_analytics_extended.predictNext7Days__1 manual__2024-11-14T08:43:46.984344+00:00 [queued]>
[2024-11-14T08:44:48.438+0000] {taskinstance.py:2076} INFO - Dependencies all met for dep_context=requeueable deps ti=<TaskInstance: stock_price_analytics_extended.predictNext7Days__1 manual__2024-11-14T08:43:46.984344+00:00 [queued]>
[2024-11-14T08:44:48.444+0000] {taskinstance.py:2306} INFO - Starting attempt 1 of 2
[2024-11-14T08:44:48.598+0000] {taskinstance.py:2330} INFO - Executing <Task(_PythonDecoratedOperator): predictNext7Days__1> on 2024-11-14 08:43:46.984344+00:00
[2024-11-14T08:44:48.686+0000] {standard_task_runner.py:90} INFO - Running: ['***', 'tasks', 'run', 'stock_price_analytics_extended', 'predictNext7Days__1', 'manual__2024-11-14T08:43:46.984344+00:00', '--job-id', '204', '--raw', '--subdir', 'DAGS_FOLDER/Conn_Forcasting_DagFile.py', '--cfg-path', '/tmp/tmpx5xnrmvv']
[2024-11-14T08:44:48.708+0000] {standard_task_runner.py:91} INFO - Job 204: Subtask predictNext7Days__1
[2024-11-14T08:44:48.763+0000] {logging_mixin.py:188} WARNING - /home/***/.local/lib/python3.12/site-packages/***/task/task_runner/standard_task_runner.py:61 DeprecationWarning: This process (pid=31680) is multi-threaded, use of fork() may lead to deadlocks in the child.
[2024-11-14T08:44:48.779+0000] {standard_task_runner.py:63} INFO - Started process 31695 to run task
[2024-11-14T08:44:48.989+0000] {task_command.py:426} INFO - Running <TaskInstance: stock_price_analytics_extended.predictNext7Days__1 manual__2024-11-14T08:43:46.984344+00:00 [running]> on host df7837eb59f5
[2024-11-14T08:44:51.770+0000] {taskinstance.py:2648} INFO - Exporting env vars: AIRFLOW_CTX_DAG_OWNER='***' AIRFLOW_CTX_DAG_ID='stock_price_analytics_extended' AIRFLOW_CTX_TASK_ID='predictNext7Days__1' AIRFLOW_CTX_EXECUTION_DATE='2024-11-14T08:43:46.984344+00:00' AIRFLOW_CTX_TRY_NUMBER='1' AIRFLOW_CTX_DAG_RUN_ID='manual__2024-11-14T08:43:46.984344+00:00'
[2024-11-14T08:44:51.782+0000] {taskinstance.py:430} INFO - ::endgroup::
[2024-11-14T08:45:17.676+0000] {python.py:237} INFO - Done. Returned value was:                         date    open    high  ...   close       volume  symbol
0 2024-11-15 08:45:17.644085  147.88  149.54  ...  147.09  197457326.0    NVDA
1 2024-11-16 08:45:17.644104  147.77  149.61  ...  147.34  194686070.0    NVDA
2 2024-11-17 08:45:17.644109  148.08  149.54  ...  146.93  191846855.0    NVDA
3 2024-11-18 08:45:17.644112  147.91  149.61  ...  147.26  191791895.0    NVDA
4 2024-11-19 08:45:17.644116  147.76  149.56  ...  147.14  194284203.0    NVDA
5 2024-11-20 08:45:17.644120  147.96  149.57  ...  147.07  193243187.0    NVDA
6 2024-11-21 08:45:17.644123  147.88  149.57  ...  147.14  193713881.0    NVDA

[7 rows x 7 columns]
[2024-11-14T08:45:17.811+0000] {taskinstance.py:441} INFO - ::group::Post task execution logs
[2024-11-14T08:45:18.012+0000] {taskinstance.py:1206} INFO - Marking task as SUCCESS. dag_id=stock_price_analytics_extended, task_id=predictNext7Days__1, run_id=manual__2024-11-14T08:43:46.984344+00:00, execution_date=20241114T084346, start_date=20241114T084448, end_date=20241114T084518
[2024-11-14T08:45:18.146+0000] {local_task_job_runner.py:240} INFO - Task exited with return code 0
[2024-11-14T08:45:18.229+0000] {taskinstance.py:3498} INFO - 1 downstream tasks scheduled from follow-on schedule check
[2024-11-14T08:45:18.235+0000] {local_task_job_runner.py:222} INFO - ::endgroup::
