[2024-11-15T01:09:39.723+0000] {local_task_job_runner.py:120} INFO - ::group::Pre task execution logs
[2024-11-15T01:09:39.914+0000] {taskinstance.py:2076} INFO - Dependencies all met for dep_context=non-requeueable deps ti=<TaskInstance: YfinanceToSnowflake.dbt_run manual__2024-11-15T01:09:13.986110+00:00 [queued]>
[2024-11-15T01:09:40.058+0000] {taskinstance.py:2076} INFO - Dependencies all met for dep_context=requeueable deps ti=<TaskInstance: YfinanceToSnowflake.dbt_run manual__2024-11-15T01:09:13.986110+00:00 [queued]>
[2024-11-15T01:09:40.063+0000] {taskinstance.py:2306} INFO - Starting attempt 1 of 1
[2024-11-15T01:09:40.226+0000] {taskinstance.py:2330} INFO - Executing <Task(BashOperator): dbt_run> on 2024-11-15 01:09:13.986110+00:00
[2024-11-15T01:09:40.331+0000] {logging_mixin.py:188} WARNING - /home/***/.local/lib/python3.12/site-packages/***/task/task_runner/standard_task_runner.py:61 DeprecationWarning: This process (pid=7620) is multi-threaded, use of fork() may lead to deadlocks in the child.
[2024-11-15T01:09:40.334+0000] {standard_task_runner.py:63} INFO - Started process 7654 to run task
[2024-11-15T01:09:40.348+0000] {standard_task_runner.py:90} INFO - Running: ['***', 'tasks', 'run', 'YfinanceToSnowflake', 'dbt_run', 'manual__2024-11-15T01:09:13.986110+00:00', '--job-id', '315', '--raw', '--subdir', 'DAGS_FOLDER/Conn_Forcasting_DagFile.py', '--cfg-path', '/tmp/tmpc0einrm4']
[2024-11-15T01:09:40.800+0000] {standard_task_runner.py:91} INFO - Job 315: Subtask dbt_run
[2024-11-15T01:09:41.542+0000] {task_command.py:426} INFO - Running <TaskInstance: YfinanceToSnowflake.dbt_run manual__2024-11-15T01:09:13.986110+00:00 [running]> on host 5bbe89177473
[2024-11-15T01:10:11.865+0000] {taskinstance.py:2648} INFO - Exporting env vars: AIRFLOW_CTX_DAG_OWNER='***' AIRFLOW_CTX_DAG_ID='YfinanceToSnowflake' AIRFLOW_CTX_TASK_ID='dbt_run' AIRFLOW_CTX_EXECUTION_DATE='2024-11-15T01:09:13.986110+00:00' AIRFLOW_CTX_TRY_NUMBER='1' AIRFLOW_CTX_DAG_RUN_ID='manual__2024-11-15T01:09:13.986110+00:00'
[2024-11-15T01:10:11.897+0000] {taskinstance.py:430} INFO - ::endgroup::
[2024-11-15T01:10:11.920+0000] {subprocess.py:63} INFO - Tmp dir root location: /tmp
[2024-11-15T01:10:11.945+0000] {subprocess.py:75} INFO - Running command: ['/usr/bin/bash', '-c', 'cd /opt/***/stocks_mau && dbt run --profiles-dir /opt/***/stocks_mau']
[2024-11-15T01:10:12.360+0000] {subprocess.py:86} INFO - Output:
[2024-11-15T01:10:52.734+0000] {subprocess.py:93} INFO - [0m01:10:52  Running with dbt=1.8.7
[2024-11-15T01:10:56.859+0000] {subprocess.py:93} INFO - [0m01:10:56  Registered adapter: snowflake=1.8.4
[2024-11-15T01:10:59.098+0000] {subprocess.py:93} INFO - [0m01:10:59  Found 2 snapshots, 2 models, 4 data tests, 1 source, 459 macros
[2024-11-15T01:10:59.123+0000] {subprocess.py:93} INFO - [0m01:10:59
[2024-11-15T01:11:01.380+0000] {subprocess.py:93} INFO - [0m01:11:01  Concurrency: 1 threads (target='dev')
[2024-11-15T01:11:01.386+0000] {subprocess.py:93} INFO - [0m01:11:01
[2024-11-15T01:11:01.441+0000] {subprocess.py:93} INFO - [0m01:11:01  1 of 2 START sql incremental model analytics.moving_average .................... [RUN]
[2024-11-15T01:11:06.858+0000] {subprocess.py:93} INFO - [0m01:11:06  1 of 2 OK created sql incremental model analytics.moving_average ............... [[32mSUCCESS 0[0m in 5.35s]
[2024-11-15T01:11:06.928+0000] {subprocess.py:93} INFO - [0m01:11:06  2 of 2 START sql incremental model analytics.rsi ............................... [RUN]
[2024-11-15T01:11:09.960+0000] {subprocess.py:93} INFO - [0m01:11:09  2 of 2 OK created sql incremental model analytics.rsi .......................... [[32mSUCCESS 0[0m in 3.01s]
[2024-11-15T01:11:10.009+0000] {subprocess.py:93} INFO - [0m01:11:10
[2024-11-15T01:11:10.015+0000] {subprocess.py:93} INFO - [0m01:11:10  Finished running 2 incremental models in 0 hours 0 minutes and 10.88 seconds (10.88s).
[2024-11-15T01:11:10.903+0000] {subprocess.py:93} INFO - [0m01:11:10
[2024-11-15T01:11:10.907+0000] {subprocess.py:93} INFO - [0m01:11:10  [32mCompleted successfully[0m
[2024-11-15T01:11:10.933+0000] {subprocess.py:93} INFO - [0m01:11:10
[2024-11-15T01:11:10.971+0000] {subprocess.py:93} INFO - [0m01:11:10  Done. PASS=2 WARN=0 ERROR=0 SKIP=0 TOTAL=2
[2024-11-15T01:11:14.103+0000] {subprocess.py:97} INFO - Command exited with return code 0
[2024-11-15T01:11:14.107+0000] {taskinstance.py:441} INFO - ::group::Post task execution logs
[2024-11-15T01:11:14.187+0000] {taskinstance.py:1206} INFO - Marking task as SUCCESS. dag_id=YfinanceToSnowflake, task_id=dbt_run, run_id=manual__2024-11-15T01:09:13.986110+00:00, execution_date=20241115T010913, start_date=20241115T010939, end_date=20241115T011114
[2024-11-15T01:11:14.260+0000] {local_task_job_runner.py:240} INFO - Task exited with return code 0
[2024-11-15T01:11:14.382+0000] {taskinstance.py:3498} INFO - 1 downstream tasks scheduled from follow-on schedule check
[2024-11-15T01:11:14.390+0000] {local_task_job_runner.py:222} INFO - ::endgroup::
