[0m11:59:48.539732 [debug] [MainThread]: Sending event: {'category': 'dbt', 'action': 'invocation', 'label': 'start', 'context': [<snowplow_tracker.self_describing_json.SelfDescribingJson object at 0x7f22c585ad50>, <snowplow_tracker.self_describing_json.SelfDescribingJson object at 0x7f22c5967620>, <snowplow_tracker.self_describing_json.SelfDescribingJson object at 0x7f22c585ac00>]}


============================== 11:59:48.552600 | 2b718716-6b25-4342-9a94-a92c3ca9a9c0 ==============================
[0m11:59:48.552600 [info ] [MainThread]: Running with dbt=1.8.7
[0m11:59:48.555100 [debug] [MainThread]: running dbt with arguments {'printer_width': '80', 'indirect_selection': 'eager', 'write_json': 'True', 'log_cache_events': 'False', 'partial_parse': 'True', 'cache_selected_only': 'False', 'warn_error': 'None', 'debug': 'False', 'fail_fast': 'False', 'log_path': 'logs', 'version_check': 'True', 'profiles_dir': '/home/airflow/.dbt', 'use_colors': 'True', 'use_experimental_parser': 'False', 'empty': 'None', 'quiet': 'False', 'no_print': 'None', 'warn_error_options': 'WarnErrorOptions(include=[], exclude=[])', 'invocation_command': 'dbt debug', 'static_parser': 'True', 'introspect': 'True', 'target_path': 'None', 'log_format': 'default', 'send_anonymous_usage_stats': 'True'}
[0m11:59:48.627184 [info ] [MainThread]: dbt version: 1.8.7
[0m11:59:48.629136 [info ] [MainThread]: python version: 3.12.3
[0m11:59:48.631005 [info ] [MainThread]: python path: /home/airflow/.local/bin/python
[0m11:59:48.637711 [info ] [MainThread]: os info: Linux-6.10.11-linuxkit-x86_64-with-glibc2.36
[0m11:59:48.641134 [info ] [MainThread]: Using profiles dir at /home/airflow/.dbt
[0m11:59:48.643498 [info ] [MainThread]: Using profiles.yml file at /home/airflow/.dbt/profiles.yml
[0m11:59:48.645559 [info ] [MainThread]: Using dbt_project.yml file at /opt/airflow/stocks_mau/dbt_project.yml
[0m11:59:48.648164 [info ] [MainThread]: Configuration:
[0m11:59:48.650094 [info ] [MainThread]:   profiles.yml file [[31mERROR not found[0m]
[0m11:59:48.652089 [info ] [MainThread]:   dbt_project.yml file [[31mERROR not found[0m]
[0m11:59:48.654087 [info ] [MainThread]: Required dependencies:
[0m11:59:48.656078 [debug] [MainThread]: Executing "git --help"
[0m11:59:48.659489 [info ] [MainThread]:  - git [[31mERROR[0m]

[0m11:59:48.661743 [info ] [MainThread]: Connection test skipped since no profile was found
[0m11:59:48.664687 [info ] [MainThread]: [31m3 checks failed:[0m
[0m11:59:48.667593 [info ] [MainThread]: dbt looked for a profiles.yml file in /home/airflow/.dbt/profiles.yml, but did
not find one. For more information on configuring your profile, consult the
documentation:

https://docs.getdbt.com/docs/configure-your-profile


[0m11:59:48.672421 [info ] [MainThread]: Project loading failed for the following reason:
 project path </opt/airflow/stocks_mau/dbt_project.yml> not found

[0m11:59:48.675473 [info ] [MainThread]: Error from git --help: User does not have permissions for this command: "git"

[0m11:59:48.679087 [debug] [MainThread]: Resource report: {"command_name": "debug", "command_wall_clock_time": 0.2335742, "process_user_time": 4.602958, "process_kernel_time": 0.305191, "process_mem_max_rss": "100032", "process_in_blocks": "8648", "process_out_blocks": "2189", "command_success": false}
[0m11:59:48.681635 [debug] [MainThread]: Command `dbt debug` failed at 11:59:48.681418 after 0.24 seconds
[0m11:59:48.683704 [debug] [MainThread]: Sending event: {'category': 'dbt', 'action': 'invocation', 'label': 'end', 'context': [<snowplow_tracker.self_describing_json.SelfDescribingJson object at 0x7f22c51bddf0>, <snowplow_tracker.self_describing_json.SelfDescribingJson object at 0x7f22c51617f0>, <snowplow_tracker.self_describing_json.SelfDescribingJson object at 0x7f22c51634d0>]}
[0m11:59:48.685598 [debug] [MainThread]: Flushing usage events
