[2024-11-12T03:23:59.426+0000] {local_task_job_runner.py:120} INFO - ::group::Pre task execution logs
[2024-11-12T03:23:59.562+0000] {taskinstance.py:2076} INFO - Dependencies all met for dep_context=non-requeueable deps ti=<TaskInstance: stock_price_analytics_extended.predictNext7Days scheduled__2024-11-11T00:00:00+00:00 [queued]>
[2024-11-12T03:23:59.588+0000] {taskinstance.py:2076} INFO - Dependencies all met for dep_context=requeueable deps ti=<TaskInstance: stock_price_analytics_extended.predictNext7Days scheduled__2024-11-11T00:00:00+00:00 [queued]>
[2024-11-12T03:23:59.589+0000] {taskinstance.py:2306} INFO - Starting attempt 1 of 2
[2024-11-12T03:23:59.622+0000] {taskinstance.py:2330} INFO - Executing <Task(_PythonDecoratedOperator): predictNext7Days> on 2024-11-11 00:00:00+00:00
[2024-11-12T03:23:59.643+0000] {logging_mixin.py:188} WARNING - /home/***/.local/lib/python3.12/site-packages/***/task/task_runner/standard_task_runner.py:61 DeprecationWarning: This process (pid=10839) is multi-threaded, use of fork() may lead to deadlocks in the child.
[2024-11-12T03:23:59.647+0000] {standard_task_runner.py:63} INFO - Started process 10867 to run task
[2024-11-12T03:23:59.644+0000] {standard_task_runner.py:90} INFO - Running: ['***', 'tasks', 'run', 'stock_price_analytics_extended', 'predictNext7Days', 'scheduled__2024-11-11T00:00:00+00:00', '--job-id', '131', '--raw', '--subdir', 'DAGS_FOLDER/Conn_Forcasting_DagFile.py', '--cfg-path', '/tmp/tmpk_hiawpt']
[2024-11-12T03:23:59.652+0000] {standard_task_runner.py:91} INFO - Job 131: Subtask predictNext7Days
[2024-11-12T03:23:59.845+0000] {task_command.py:426} INFO - Running <TaskInstance: stock_price_analytics_extended.predictNext7Days scheduled__2024-11-11T00:00:00+00:00 [running]> on host d99256b0cb87
[2024-11-12T03:24:01.274+0000] {taskinstance.py:2648} INFO - Exporting env vars: AIRFLOW_CTX_DAG_OWNER='***' AIRFLOW_CTX_DAG_ID='stock_price_analytics_extended' AIRFLOW_CTX_TASK_ID='predictNext7Days' AIRFLOW_CTX_EXECUTION_DATE='2024-11-11T00:00:00+00:00' AIRFLOW_CTX_TRY_NUMBER='1' AIRFLOW_CTX_DAG_RUN_ID='scheduled__2024-11-11T00:00:00+00:00'
[2024-11-12T03:24:01.280+0000] {taskinstance.py:430} INFO - ::endgroup::
[2024-11-12T03:24:08.318+0000] {python.py:237} INFO - Done. Returned value was:                         date    open    high     low   close      volume symbol
0 2024-11-13 03:24:08.288613  168.15  169.47  165.58  167.51   9549337.0   QCOM
1 2024-11-14 03:24:08.288629  166.37  167.77  164.45  167.74  12535086.0   QCOM
2 2024-11-15 03:24:08.288633  168.79  170.46  165.04  168.93  14005305.0   QCOM
3 2024-11-16 03:24:08.288637  170.50  173.98  166.36  169.61  14354934.0   QCOM
4 2024-11-17 03:24:08.288640  170.97  174.30  166.65  169.67  12073186.0   QCOM
5 2024-11-18 03:24:08.288644  170.94  173.73  166.82  169.33  11014754.0   QCOM
6 2024-11-19 03:24:08.288648  169.98  172.72  166.77  168.93  11505750.0   QCOM
[2024-11-12T03:24:08.403+0000] {taskinstance.py:441} INFO - ::group::Post task execution logs
[2024-11-12T03:24:08.471+0000] {taskinstance.py:1206} INFO - Marking task as SUCCESS. dag_id=stock_price_analytics_extended, task_id=predictNext7Days, run_id=scheduled__2024-11-11T00:00:00+00:00, execution_date=20241111T000000, start_date=20241112T032359, end_date=20241112T032408
[2024-11-12T03:24:08.535+0000] {local_task_job_runner.py:240} INFO - Task exited with return code 0
[2024-11-12T03:24:08.591+0000] {taskinstance.py:3498} INFO - 1 downstream tasks scheduled from follow-on schedule check
[2024-11-12T03:24:08.596+0000] {local_task_job_runner.py:222} INFO - ::endgroup::
