[2024-11-15T04:58:29.439+0000] {local_task_job_runner.py:120} INFO - ::group::Pre task execution logs
[2024-11-15T04:58:29.675+0000] {taskinstance.py:2076} INFO - Dependencies all met for dep_context=non-requeueable deps ti=<TaskInstance: YfinanceToSnowflake.dbt_run manual__2024-11-15T04:56:57.261766+00:00 [queued]>
[2024-11-15T04:58:29.707+0000] {taskinstance.py:2076} INFO - Dependencies all met for dep_context=requeueable deps ti=<TaskInstance: YfinanceToSnowflake.dbt_run manual__2024-11-15T04:56:57.261766+00:00 [queued]>
[2024-11-15T04:58:29.708+0000] {taskinstance.py:2306} INFO - Starting attempt 1 of 1
[2024-11-15T04:58:29.773+0000] {taskinstance.py:2330} INFO - Executing <Task(BashOperator): dbt_run> on 2024-11-15 04:56:57.261766+00:00
[2024-11-15T04:58:29.838+0000] {logging_mixin.py:188} WARNING - /home/***/.local/lib/python3.12/site-packages/***/task/task_runner/standard_task_runner.py:61 DeprecationWarning: This process (pid=17916) is multi-threaded, use of fork() may lead to deadlocks in the child.
[2024-11-15T04:58:29.853+0000] {standard_task_runner.py:63} INFO - Started process 17922 to run task
[2024-11-15T04:58:29.847+0000] {standard_task_runner.py:90} INFO - Running: ['***', 'tasks', 'run', 'YfinanceToSnowflake', 'dbt_run', 'manual__2024-11-15T04:56:57.261766+00:00', '--job-id', '356', '--raw', '--subdir', 'DAGS_FOLDER/Conn_Forcasting_DagFile.py', '--cfg-path', '/tmp/tmpf5g013rq']
[2024-11-15T04:58:29.870+0000] {standard_task_runner.py:91} INFO - Job 356: Subtask dbt_run
[2024-11-15T04:58:30.074+0000] {task_command.py:426} INFO - Running <TaskInstance: YfinanceToSnowflake.dbt_run manual__2024-11-15T04:56:57.261766+00:00 [running]> on host 5bbe89177473
[2024-11-15T04:58:30.956+0000] {taskinstance.py:2648} INFO - Exporting env vars: AIRFLOW_CTX_DAG_OWNER='***' AIRFLOW_CTX_DAG_ID='YfinanceToSnowflake' AIRFLOW_CTX_TASK_ID='dbt_run' AIRFLOW_CTX_EXECUTION_DATE='2024-11-15T04:56:57.261766+00:00' AIRFLOW_CTX_TRY_NUMBER='1' AIRFLOW_CTX_DAG_RUN_ID='manual__2024-11-15T04:56:57.261766+00:00'
[2024-11-15T04:58:30.978+0000] {taskinstance.py:430} INFO - ::endgroup::
[2024-11-15T04:58:30.982+0000] {subprocess.py:63} INFO - Tmp dir root location: /tmp
[2024-11-15T04:58:30.985+0000] {subprocess.py:75} INFO - Running command: ['/usr/bin/bash', '-c', 'cd /opt/***/stocks_mau && dbt run --profiles-dir /opt/***/stocks_mau']
[2024-11-15T04:58:31.025+0000] {subprocess.py:86} INFO - Output:
[2024-11-15T04:58:45.046+0000] {subprocess.py:93} INFO - [0m04:58:45  Running with dbt=1.8.7
[2024-11-15T04:58:50.776+0000] {subprocess.py:93} INFO - [0m04:58:50  Registered adapter: snowflake=1.8.4
[2024-11-15T04:58:53.613+0000] {subprocess.py:93} INFO - [0m04:58:53  Found 2 snapshots, 2 models, 4 data tests, 1 source, 459 macros
[2024-11-15T04:58:53.991+0000] {subprocess.py:93} INFO - [0m04:58:53
[2024-11-15T04:58:56.034+0000] {subprocess.py:93} INFO - [0m04:58:56  Concurrency: 1 threads (target='dev')
[2024-11-15T04:58:56.037+0000] {subprocess.py:93} INFO - [0m04:58:56
[2024-11-15T04:58:56.067+0000] {subprocess.py:93} INFO - [0m04:58:56  1 of 2 START sql incremental model analytics.moving_average .................... [RUN]
[2024-11-15T04:58:59.585+0000] {subprocess.py:93} INFO - [0m04:58:59  1 of 2 OK created sql incremental model analytics.moving_average ............... [[32mSUCCESS 0[0m in 3.51s]
[2024-11-15T04:58:59.601+0000] {subprocess.py:93} INFO - [0m04:58:59  2 of 2 START sql incremental model analytics.rsi ............................... [RUN]
[2024-11-15T04:59:02.297+0000] {subprocess.py:93} INFO - [0m04:59:02  2 of 2 OK created sql incremental model analytics.rsi .......................... [[32mSUCCESS 0[0m in 2.69s]
[2024-11-15T04:59:02.326+0000] {subprocess.py:93} INFO - [0m04:59:02
[2024-11-15T04:59:02.330+0000] {subprocess.py:93} INFO - [0m04:59:02  Finished running 2 incremental models in 0 hours 0 minutes and 8.33 seconds (8.33s).
[2024-11-15T04:59:02.616+0000] {subprocess.py:93} INFO - [0m04:59:02
[2024-11-15T04:59:02.620+0000] {subprocess.py:93} INFO - [0m04:59:02  [32mCompleted successfully[0m
[2024-11-15T04:59:02.630+0000] {subprocess.py:93} INFO - [0m04:59:02
[2024-11-15T04:59:02.633+0000] {subprocess.py:93} INFO - [0m04:59:02  Done. PASS=2 WARN=0 ERROR=0 SKIP=0 TOTAL=2
[2024-11-15T04:59:05.312+0000] {subprocess.py:97} INFO - Command exited with return code 0
[2024-11-15T04:59:05.315+0000] {taskinstance.py:441} INFO - ::group::Post task execution logs
[2024-11-15T04:59:05.516+0000] {taskinstance.py:1206} INFO - Marking task as SUCCESS. dag_id=YfinanceToSnowflake, task_id=dbt_run, run_id=manual__2024-11-15T04:56:57.261766+00:00, execution_date=20241115T045657, start_date=20241115T045829, end_date=20241115T045905
[2024-11-15T04:59:05.658+0000] {local_task_job_runner.py:240} INFO - Task exited with return code 0
[2024-11-15T04:59:05.790+0000] {taskinstance.py:3498} INFO - 1 downstream tasks scheduled from follow-on schedule check
[2024-11-15T04:59:05.796+0000] {local_task_job_runner.py:222} INFO - ::endgroup::
