[2024-11-15T05:36:16.881+0000] {local_task_job_runner.py:120} INFO - ::group::Pre task execution logs
[2024-11-15T05:36:17.002+0000] {taskinstance.py:2076} INFO - Dependencies all met for dep_context=non-requeueable deps ti=<TaskInstance: YfinanceToSnowflake.load manual__2024-11-15T05:35:43.886171+00:00 [queued]>
[2024-11-15T05:36:17.037+0000] {taskinstance.py:2076} INFO - Dependencies all met for dep_context=requeueable deps ti=<TaskInstance: YfinanceToSnowflake.load manual__2024-11-15T05:35:43.886171+00:00 [queued]>
[2024-11-15T05:36:17.038+0000] {taskinstance.py:2306} INFO - Starting attempt 1 of 1
[2024-11-15T05:36:17.203+0000] {taskinstance.py:2330} INFO - Executing <Task(_PythonDecoratedOperator): load> on 2024-11-15 05:35:43.886171+00:00
[2024-11-15T05:36:17.243+0000] {standard_task_runner.py:90} INFO - Running: ['***', 'tasks', 'run', 'YfinanceToSnowflake', 'load', 'manual__2024-11-15T05:35:43.886171+00:00', '--job-id', '372', '--raw', '--subdir', 'DAGS_FOLDER/Conn_Forcasting_DagFile.py', '--cfg-path', '/tmp/tmp3c65p44m']
[2024-11-15T05:36:17.278+0000] {standard_task_runner.py:91} INFO - Job 372: Subtask load
[2024-11-15T05:36:17.287+0000] {logging_mixin.py:188} WARNING - /home/***/.local/lib/python3.12/site-packages/***/task/task_runner/standard_task_runner.py:61 DeprecationWarning: This process (pid=19781) is multi-threaded, use of fork() may lead to deadlocks in the child.
[2024-11-15T05:36:17.302+0000] {standard_task_runner.py:63} INFO - Started process 19792 to run task
[2024-11-15T05:36:17.553+0000] {task_command.py:426} INFO - Running <TaskInstance: YfinanceToSnowflake.load manual__2024-11-15T05:35:43.886171+00:00 [running]> on host 5bbe89177473
[2024-11-15T05:36:20.640+0000] {taskinstance.py:2648} INFO - Exporting env vars: AIRFLOW_CTX_DAG_OWNER='***' AIRFLOW_CTX_DAG_ID='YfinanceToSnowflake' AIRFLOW_CTX_TASK_ID='load' AIRFLOW_CTX_EXECUTION_DATE='2024-11-15T05:35:43.886171+00:00' AIRFLOW_CTX_TRY_NUMBER='1' AIRFLOW_CTX_DAG_RUN_ID='manual__2024-11-15T05:35:43.886171+00:00'
[2024-11-15T05:36:20.645+0000] {taskinstance.py:430} INFO - ::endgroup::
[2024-11-15T05:36:20.701+0000] {base.py:84} INFO - Using connection ID 'snowflake_conn' for task execution.
[2024-11-15T05:36:20.711+0000] {connection.py:399} INFO - Snowflake Connector for Python Version: 3.10.0, Python Version: 3.12.3, Platform: Linux-6.10.11-linuxkit-x86_64-with-glibc2.36
[2024-11-15T05:36:20.713+0000] {connection.py:1239} INFO - This connection is in OCSP Fail Open Mode. TLS Certificates would be checked for validity and revocation status. Any other Certificate Revocation related exceptions or OCSP Responder failures would be disregarded in favor of connectivity.
[2024-11-15T05:36:22.490+0000] {logging_mixin.py:188} INFO - inside load:                         date        open  ...  Stock Splits  symbol
0  2024-08-19 00:00:00-04:00  225.471943  ...           0.0    AAPL
1  2024-08-20 00:00:00-04:00  225.521886  ...           0.0    AAPL
2  2024-08-21 00:00:00-04:00  226.271063  ...           0.0    AAPL
3  2024-08-22 00:00:00-04:00  227.539661  ...           0.0    AAPL
4  2024-08-23 00:00:00-04:00  225.412002  ...           0.0    AAPL
..                       ...         ...  ...           ...     ...
58 2024-11-08 00:00:00-05:00  227.169998  ...           0.0    AAPL
59 2024-11-11 00:00:00-05:00  225.000000  ...           0.0    AAPL
60 2024-11-12 00:00:00-05:00  224.550003  ...           0.0    AAPL
61 2024-11-13 00:00:00-05:00  224.009995  ...           0.0    AAPL
62 2024-11-14 00:00:00-05:00  225.020004  ...           0.0    AAPL

[63 rows x 9 columns]
[2024-11-15T05:36:22.696+0000] {cursor.py:1149} INFO - Number of results in first chunk: 1
[2024-11-15T05:36:23.019+0000] {cursor.py:1149} INFO - Number of results in first chunk: 1
[2024-11-15T05:36:23.031+0000] {logging_mixin.py:188} INFO - Executing MERGE query: 
            MERGE INTO stock_db.raw_data.stock_prices AS target
            USING (
                SELECT '2024-08-19' AS date,
                       225.47 AS open,
                       225.74 AS high,
                       222.79 AS low,
                       225.64 AS close,
                       40687800 AS volume,
                       'AAPL' AS symbol
            ) AS source
            ON target.date = source.date AND target.symbol = source.symbol
            WHEN MATCHED THEN
                UPDATE SET
                    open = source.open,
                    high = source.high,
                    low = source.low,
                    close = source.close,
                    volume = source.volume
            WHEN NOT MATCHED THEN
                INSERT (date, open, high, low, close, volume, symbol)
                VALUES (source.date, source.open, source.high, source.low, source.close, source.volume, source.symbol);
            
[2024-11-15T05:36:23.851+0000] {logging_mixin.py:188} INFO - Executing MERGE query: 
            MERGE INTO stock_db.raw_data.stock_prices AS target
            USING (
                SELECT '2024-08-20' AS date,
                       225.52 AS open,
                       226.92 AS high,
                       225.2 AS low,
                       226.26 AS close,
                       30299000 AS volume,
                       'AAPL' AS symbol
            ) AS source
            ON target.date = source.date AND target.symbol = source.symbol
            WHEN MATCHED THEN
                UPDATE SET
                    open = source.open,
                    high = source.high,
                    low = source.low,
                    close = source.close,
                    volume = source.volume
            WHEN NOT MATCHED THEN
                INSERT (date, open, high, low, close, volume, symbol)
                VALUES (source.date, source.open, source.high, source.low, source.close, source.volume, source.symbol);
            
[2024-11-15T05:36:24.774+0000] {logging_mixin.py:188} INFO - Executing MERGE query: 
            MERGE INTO stock_db.raw_data.stock_prices AS target
            USING (
                SELECT '2024-08-21' AS date,
                       226.27 AS open,
                       227.73 AS high,
                       224.8 AS low,
                       226.15 AS close,
                       34765500 AS volume,
                       'AAPL' AS symbol
            ) AS source
            ON target.date = source.date AND target.symbol = source.symbol
            WHEN MATCHED THEN
                UPDATE SET
                    open = source.open,
                    high = source.high,
                    low = source.low,
                    close = source.close,
                    volume = source.volume
            WHEN NOT MATCHED THEN
                INSERT (date, open, high, low, close, volume, symbol)
                VALUES (source.date, source.open, source.high, source.low, source.close, source.volume, source.symbol);
            
[2024-11-15T05:36:25.388+0000] {logging_mixin.py:188} INFO - Executing MERGE query: 
            MERGE INTO stock_db.raw_data.stock_prices AS target
            USING (
                SELECT '2024-08-22' AS date,
                       227.54 AS open,
                       228.09 AS high,
                       223.65 AS low,
                       224.28 AS close,
                       43695300 AS volume,
                       'AAPL' AS symbol
            ) AS source
            ON target.date = source.date AND target.symbol = source.symbol
            WHEN MATCHED THEN
                UPDATE SET
                    open = source.open,
                    high = source.high,
                    low = source.low,
                    close = source.close,
                    volume = source.volume
            WHEN NOT MATCHED THEN
                INSERT (date, open, high, low, close, volume, symbol)
                VALUES (source.date, source.open, source.high, source.low, source.close, source.volume, source.symbol);
            
[2024-11-15T05:36:26.311+0000] {logging_mixin.py:188} INFO - Executing MERGE query: 
            MERGE INTO stock_db.raw_data.stock_prices AS target
            USING (
                SELECT '2024-08-23' AS date,
                       225.41 AS open,
                       227.97 AS high,
                       224.08 AS low,
                       226.59 AS close,
                       38677300 AS volume,
                       'AAPL' AS symbol
            ) AS source
            ON target.date = source.date AND target.symbol = source.symbol
            WHEN MATCHED THEN
                UPDATE SET
                    open = source.open,
                    high = source.high,
                    low = source.low,
                    close = source.close,
                    volume = source.volume
            WHEN NOT MATCHED THEN
                INSERT (date, open, high, low, close, volume, symbol)
                VALUES (source.date, source.open, source.high, source.low, source.close, source.volume, source.symbol);
            
[2024-11-15T05:36:27.233+0000] {logging_mixin.py:188} INFO - Executing MERGE query: 
            MERGE INTO stock_db.raw_data.stock_prices AS target
            USING (
                SELECT '2024-08-26' AS date,
                       226.51 AS open,
                       227.03 AS high,
                       223.64 AS low,
                       226.93 AS close,
                       30602200 AS volume,
                       'AAPL' AS symbol
            ) AS source
            ON target.date = source.date AND target.symbol = source.symbol
            WHEN MATCHED THEN
                UPDATE SET
                    open = source.open,
                    high = source.high,
                    low = source.low,
                    close = source.close,
                    volume = source.volume
            WHEN NOT MATCHED THEN
                INSERT (date, open, high, low, close, volume, symbol)
                VALUES (source.date, source.open, source.high, source.low, source.close, source.volume, source.symbol);
            
[2024-11-15T05:36:28.015+0000] {logging_mixin.py:188} INFO - Executing MERGE query: 
            MERGE INTO stock_db.raw_data.stock_prices AS target
            USING (
                SELECT '2024-08-27' AS date,
                       225.75 AS open,
                       228.6 AS high,
                       224.64 AS low,
                       227.78 AS close,
                       35934600 AS volume,
                       'AAPL' AS symbol
            ) AS source
            ON target.date = source.date AND target.symbol = source.symbol
            WHEN MATCHED THEN
                UPDATE SET
                    open = source.open,
                    high = source.high,
                    low = source.low,
                    close = source.close,
                    volume = source.volume
            WHEN NOT MATCHED THEN
                INSERT (date, open, high, low, close, volume, symbol)
                VALUES (source.date, source.open, source.high, source.low, source.close, source.volume, source.symbol);
            
[2024-11-15T05:36:29.081+0000] {logging_mixin.py:188} INFO - Executing MERGE query: 
            MERGE INTO stock_db.raw_data.stock_prices AS target
            USING (
                SELECT '2024-08-28' AS date,
                       227.67 AS open,
                       229.61 AS high,
                       225.43 AS low,
                       226.24 AS close,
                       38052200 AS volume,
                       'AAPL' AS symbol
            ) AS source
            ON target.date = source.date AND target.symbol = source.symbol
            WHEN MATCHED THEN
                UPDATE SET
                    open = source.open,
                    high = source.high,
                    low = source.low,
                    close = source.close,
                    volume = source.volume
            WHEN NOT MATCHED THEN
                INSERT (date, open, high, low, close, volume, symbol)
                VALUES (source.date, source.open, source.high, source.low, source.close, source.volume, source.symbol);
            
[2024-11-15T05:36:29.705+0000] {logging_mixin.py:188} INFO - Executing MERGE query: 
            MERGE INTO stock_db.raw_data.stock_prices AS target
            USING (
                SELECT '2024-08-29' AS date,
                       229.85 AS open,
                       232.66 AS high,
                       228.63 AS low,
                       229.54 AS close,
                       51906300 AS volume,
                       'AAPL' AS symbol
            ) AS source
            ON target.date = source.date AND target.symbol = source.symbol
            WHEN MATCHED THEN
                UPDATE SET
                    open = source.open,
                    high = source.high,
                    low = source.low,
                    close = source.close,
                    volume = source.volume
            WHEN NOT MATCHED THEN
                INSERT (date, open, high, low, close, volume, symbol)
                VALUES (source.date, source.open, source.high, source.low, source.close, source.volume, source.symbol);
            
[2024-11-15T05:36:30.404+0000] {logging_mixin.py:188} INFO - Executing MERGE query: 
            MERGE INTO stock_db.raw_data.stock_prices AS target
            USING (
                SELECT '2024-08-30' AS date,
                       229.94 AS open,
                       230.15 AS high,
                       227.23 AS low,
                       228.75 AS close,
                       52990800 AS volume,
                       'AAPL' AS symbol
            ) AS source
            ON target.date = source.date AND target.symbol = source.symbol
            WHEN MATCHED THEN
                UPDATE SET
                    open = source.open,
                    high = source.high,
                    low = source.low,
                    close = source.close,
                    volume = source.volume
            WHEN NOT MATCHED THEN
                INSERT (date, open, high, low, close, volume, symbol)
                VALUES (source.date, source.open, source.high, source.low, source.close, source.volume, source.symbol);
            
[2024-11-15T05:36:31.223+0000] {logging_mixin.py:188} INFO - Executing MERGE query: 
            MERGE INTO stock_db.raw_data.stock_prices AS target
            USING (
                SELECT '2024-09-03' AS date,
                       228.3 AS open,
                       228.75 AS high,
                       220.93 AS low,
                       222.53 AS close,
                       50190600 AS volume,
                       'AAPL' AS symbol
            ) AS source
            ON target.date = source.date AND target.symbol = source.symbol
            WHEN MATCHED THEN
                UPDATE SET
                    open = source.open,
                    high = source.high,
                    low = source.low,
                    close = source.close,
                    volume = source.volume
            WHEN NOT MATCHED THEN
                INSERT (date, open, high, low, close, volume, symbol)
                VALUES (source.date, source.open, source.high, source.low, source.close, source.volume, source.symbol);
            
[2024-11-15T05:36:31.838+0000] {logging_mixin.py:188} INFO - Executing MERGE query: 
            MERGE INTO stock_db.raw_data.stock_prices AS target
            USING (
                SELECT '2024-09-04' AS date,
                       221.42 AS open,
                       221.54 AS high,
                       217.24 AS low,
                       220.61 AS close,
                       43840200 AS volume,
                       'AAPL' AS symbol
            ) AS source
            ON target.date = source.date AND target.symbol = source.symbol
            WHEN MATCHED THEN
                UPDATE SET
                    open = source.open,
                    high = source.high,
                    low = source.low,
                    close = source.close,
                    volume = source.volume
            WHEN NOT MATCHED THEN
                INSERT (date, open, high, low, close, volume, symbol)
                VALUES (source.date, source.open, source.high, source.low, source.close, source.volume, source.symbol);
            
[2024-11-15T05:36:33.391+0000] {logging_mixin.py:188} INFO - Executing MERGE query: 
            MERGE INTO stock_db.raw_data.stock_prices AS target
            USING (
                SELECT '2024-09-05' AS date,
                       221.39 AS open,
                       225.23 AS high,
                       221.28 AS low,
                       222.14 AS close,
                       36615400 AS volume,
                       'AAPL' AS symbol
            ) AS source
            ON target.date = source.date AND target.symbol = source.symbol
            WHEN MATCHED THEN
                UPDATE SET
                    open = source.open,
                    high = source.high,
                    low = source.low,
                    close = source.close,
                    volume = source.volume
            WHEN NOT MATCHED THEN
                INSERT (date, open, high, low, close, volume, symbol)
                VALUES (source.date, source.open, source.high, source.low, source.close, source.volume, source.symbol);
            
[2024-11-15T05:36:34.297+0000] {logging_mixin.py:188} INFO - Executing MERGE query: 
            MERGE INTO stock_db.raw_data.stock_prices AS target
            USING (
                SELECT '2024-09-06' AS date,
                       223.7 AS open,
                       224.99 AS high,
                       219.53 AS low,
                       220.58 AS close,
                       48423000 AS volume,
                       'AAPL' AS symbol
            ) AS source
            ON target.date = source.date AND target.symbol = source.symbol
            WHEN MATCHED THEN
                UPDATE SET
                    open = source.open,
                    high = source.high,
                    low = source.low,
                    close = source.close,
                    volume = source.volume
            WHEN NOT MATCHED THEN
                INSERT (date, open, high, low, close, volume, symbol)
                VALUES (source.date, source.open, source.high, source.low, source.close, source.volume, source.symbol);
            
[2024-11-15T05:36:35.170+0000] {logging_mixin.py:188} INFO - Executing MERGE query: 
            MERGE INTO stock_db.raw_data.stock_prices AS target
            USING (
                SELECT '2024-09-09' AS date,
                       220.58 AS open,
                       221.03 AS high,
                       216.47 AS low,
                       220.67 AS close,
                       67180000 AS volume,
                       'AAPL' AS symbol
            ) AS source
            ON target.date = source.date AND target.symbol = source.symbol
            WHEN MATCHED THEN
                UPDATE SET
                    open = source.open,
                    high = source.high,
                    low = source.low,
                    close = source.close,
                    volume = source.volume
            WHEN NOT MATCHED THEN
                INSERT (date, open, high, low, close, volume, symbol)
                VALUES (source.date, source.open, source.high, source.low, source.close, source.volume, source.symbol);
            
[2024-11-15T05:36:36.139+0000] {logging_mixin.py:188} INFO - Executing MERGE query: 
            MERGE INTO stock_db.raw_data.stock_prices AS target
            USING (
                SELECT '2024-09-10' AS date,
                       218.68 AS open,
                       221.24 AS high,
                       216.49 AS low,
                       219.87 AS close,
                       51591000 AS volume,
                       'AAPL' AS symbol
            ) AS source
            ON target.date = source.date AND target.symbol = source.symbol
            WHEN MATCHED THEN
                UPDATE SET
                    open = source.open,
                    high = source.high,
                    low = source.low,
                    close = source.close,
                    volume = source.volume
            WHEN NOT MATCHED THEN
                INSERT (date, open, high, low, close, volume, symbol)
                VALUES (source.date, source.open, source.high, source.low, source.close, source.volume, source.symbol);
            
[2024-11-15T05:36:37.071+0000] {logging_mixin.py:188} INFO - Executing MERGE query: 
            MERGE INTO stock_db.raw_data.stock_prices AS target
            USING (
                SELECT '2024-09-11' AS date,
                       221.22 AS open,
                       222.84 AS high,
                       217.65 AS low,
                       222.42 AS close,
                       44587100 AS volume,
                       'AAPL' AS symbol
            ) AS source
            ON target.date = source.date AND target.symbol = source.symbol
            WHEN MATCHED THEN
                UPDATE SET
                    open = source.open,
                    high = source.high,
                    low = source.low,
                    close = source.close,
                    volume = source.volume
            WHEN NOT MATCHED THEN
                INSERT (date, open, high, low, close, volume, symbol)
                VALUES (source.date, source.open, source.high, source.low, source.close, source.volume, source.symbol);
            
[2024-11-15T05:36:37.874+0000] {logging_mixin.py:188} INFO - Executing MERGE query: 
            MERGE INTO stock_db.raw_data.stock_prices AS target
            USING (
                SELECT '2024-09-12' AS date,
                       222.26 AS open,
                       223.3 AS high,
                       219.58 AS low,
                       222.53 AS close,
                       37498200 AS volume,
                       'AAPL' AS symbol
            ) AS source
            ON target.date = source.date AND target.symbol = source.symbol
            WHEN MATCHED THEN
                UPDATE SET
                    open = source.open,
                    high = source.high,
                    low = source.low,
                    close = source.close,
                    volume = source.volume
            WHEN NOT MATCHED THEN
                INSERT (date, open, high, low, close, volume, symbol)
                VALUES (source.date, source.open, source.high, source.low, source.close, source.volume, source.symbol);
            
[2024-11-15T05:36:38.917+0000] {logging_mixin.py:188} INFO - Executing MERGE query: 
            MERGE INTO stock_db.raw_data.stock_prices AS target
            USING (
                SELECT '2024-09-13' AS date,
                       223.33 AS open,
                       223.79 AS high,
                       221.67 AS low,
                       222.26 AS close,
                       36766600 AS volume,
                       'AAPL' AS symbol
            ) AS source
            ON target.date = source.date AND target.symbol = source.symbol
            WHEN MATCHED THEN
                UPDATE SET
                    open = source.open,
                    high = source.high,
                    low = source.low,
                    close = source.close,
                    volume = source.volume
            WHEN NOT MATCHED THEN
                INSERT (date, open, high, low, close, volume, symbol)
                VALUES (source.date, source.open, source.high, source.low, source.close, source.volume, source.symbol);
            
[2024-11-15T05:36:39.826+0000] {logging_mixin.py:188} INFO - Executing MERGE query: 
            MERGE INTO stock_db.raw_data.stock_prices AS target
            USING (
                SELECT '2024-09-16' AS date,
                       216.3 AS open,
                       216.98 AS high,
                       213.68 AS low,
                       216.08 AS close,
                       59357400 AS volume,
                       'AAPL' AS symbol
            ) AS source
            ON target.date = source.date AND target.symbol = source.symbol
            WHEN MATCHED THEN
                UPDATE SET
                    open = source.open,
                    high = source.high,
                    low = source.low,
                    close = source.close,
                    volume = source.volume
            WHEN NOT MATCHED THEN
                INSERT (date, open, high, low, close, volume, symbol)
                VALUES (source.date, source.open, source.high, source.low, source.close, source.volume, source.symbol);
            
[2024-11-15T05:36:40.469+0000] {logging_mixin.py:188} INFO - Executing MERGE query: 
            MERGE INTO stock_db.raw_data.stock_prices AS target
            USING (
                SELECT '2024-09-17' AS date,
                       215.51 AS open,
                       216.66 AS high,
                       214.26 AS low,
                       216.55 AS close,
                       45519300 AS volume,
                       'AAPL' AS symbol
            ) AS source
            ON target.date = source.date AND target.symbol = source.symbol
            WHEN MATCHED THEN
                UPDATE SET
                    open = source.open,
                    high = source.high,
                    low = source.low,
                    close = source.close,
                    volume = source.volume
            WHEN NOT MATCHED THEN
                INSERT (date, open, high, low, close, volume, symbol)
                VALUES (source.date, source.open, source.high, source.low, source.close, source.volume, source.symbol);
            
[2024-11-15T05:36:41.376+0000] {logging_mixin.py:188} INFO - Executing MERGE query: 
            MERGE INTO stock_db.raw_data.stock_prices AS target
            USING (
                SELECT '2024-09-18' AS date,
                       217.31 AS open,
                       222.47 AS high,
                       217.3 AS low,
                       220.45 AS close,
                       59894900 AS volume,
                       'AAPL' AS symbol
            ) AS source
            ON target.date = source.date AND target.symbol = source.symbol
            WHEN MATCHED THEN
                UPDATE SET
                    open = source.open,
                    high = source.high,
                    low = source.low,
                    close = source.close,
                    volume = source.volume
            WHEN NOT MATCHED THEN
                INSERT (date, open, high, low, close, volume, symbol)
                VALUES (source.date, source.open, source.high, source.low, source.close, source.volume, source.symbol);
            
[2024-11-15T05:36:42.284+0000] {logging_mixin.py:188} INFO - Executing MERGE query: 
            MERGE INTO stock_db.raw_data.stock_prices AS target
            USING (
                SELECT '2024-09-19' AS date,
                       224.74 AS open,
                       229.57 AS high,
                       224.38 AS low,
                       228.62 AS close,
                       66781300 AS volume,
                       'AAPL' AS symbol
            ) AS source
            ON target.date = source.date AND target.symbol = source.symbol
            WHEN MATCHED THEN
                UPDATE SET
                    open = source.open,
                    high = source.high,
                    low = source.low,
                    close = source.close,
                    volume = source.volume
            WHEN NOT MATCHED THEN
                INSERT (date, open, high, low, close, volume, symbol)
                VALUES (source.date, source.open, source.high, source.low, source.close, source.volume, source.symbol);
            
[2024-11-15T05:36:43.102+0000] {logging_mixin.py:188} INFO - Executing MERGE query: 
            MERGE INTO stock_db.raw_data.stock_prices AS target
            USING (
                SELECT '2024-09-20' AS date,
                       229.72 AS open,
                       232.83 AS high,
                       227.37 AS low,
                       227.95 AS close,
                       318679900 AS volume,
                       'AAPL' AS symbol
            ) AS source
            ON target.date = source.date AND target.symbol = source.symbol
            WHEN MATCHED THEN
                UPDATE SET
                    open = source.open,
                    high = source.high,
                    low = source.low,
                    close = source.close,
                    volume = source.volume
            WHEN NOT MATCHED THEN
                INSERT (date, open, high, low, close, volume, symbol)
                VALUES (source.date, source.open, source.high, source.low, source.close, source.volume, source.symbol);
            
[2024-11-15T05:36:43.743+0000] {logging_mixin.py:188} INFO - Executing MERGE query: 
            MERGE INTO stock_db.raw_data.stock_prices AS target
            USING (
                SELECT '2024-09-23' AS date,
                       227.09 AS open,
                       229.2 AS high,
                       225.56 AS low,
                       226.22 AS close,
                       54146000 AS volume,
                       'AAPL' AS symbol
            ) AS source
            ON target.date = source.date AND target.symbol = source.symbol
            WHEN MATCHED THEN
                UPDATE SET
                    open = source.open,
                    high = source.high,
                    low = source.low,
                    close = source.close,
                    volume = source.volume
            WHEN NOT MATCHED THEN
                INSERT (date, open, high, low, close, volume, symbol)
                VALUES (source.date, source.open, source.high, source.low, source.close, source.volume, source.symbol);
            
[2024-11-15T05:36:44.752+0000] {logging_mixin.py:188} INFO - Executing MERGE query: 
            MERGE INTO stock_db.raw_data.stock_prices AS target
            USING (
                SELECT '2024-09-24' AS date,
                       228.4 AS open,
                       229.1 AS high,
                       225.48 AS low,
                       227.12 AS close,
                       43556100 AS volume,
                       'AAPL' AS symbol
            ) AS source
            ON target.date = source.date AND target.symbol = source.symbol
            WHEN MATCHED THEN
                UPDATE SET
                    open = source.open,
                    high = source.high,
                    low = source.low,
                    close = source.close,
                    volume = source.volume
            WHEN NOT MATCHED THEN
                INSERT (date, open, high, low, close, volume, symbol)
                VALUES (source.date, source.open, source.high, source.low, source.close, source.volume, source.symbol);
            
[2024-11-15T05:36:45.667+0000] {logging_mixin.py:188} INFO - Executing MERGE query: 
            MERGE INTO stock_db.raw_data.stock_prices AS target
            USING (
                SELECT '2024-09-25' AS date,
                       224.68 AS open,
                       227.04 AS high,
                       223.77 AS low,
                       226.12 AS close,
                       42308700 AS volume,
                       'AAPL' AS symbol
            ) AS source
            ON target.date = source.date AND target.symbol = source.symbol
            WHEN MATCHED THEN
                UPDATE SET
                    open = source.open,
                    high = source.high,
                    low = source.low,
                    close = source.close,
                    volume = source.volume
            WHEN NOT MATCHED THEN
                INSERT (date, open, high, low, close, volume, symbol)
                VALUES (source.date, source.open, source.high, source.low, source.close, source.volume, source.symbol);
            
[2024-11-15T05:36:46.891+0000] {logging_mixin.py:188} INFO - Executing MERGE query: 
            MERGE INTO stock_db.raw_data.stock_prices AS target
            USING (
                SELECT '2024-09-26' AS date,
                       227.05 AS open,
                       228.25 AS high,
                       225.16 AS low,
                       227.27 AS close,
                       36636700 AS volume,
                       'AAPL' AS symbol
            ) AS source
            ON target.date = source.date AND target.symbol = source.symbol
            WHEN MATCHED THEN
                UPDATE SET
                    open = source.open,
                    high = source.high,
                    low = source.low,
                    close = source.close,
                    volume = source.volume
            WHEN NOT MATCHED THEN
                INSERT (date, open, high, low, close, volume, symbol)
                VALUES (source.date, source.open, source.high, source.low, source.close, source.volume, source.symbol);
            
[2024-11-15T05:36:47.818+0000] {logging_mixin.py:188} INFO - Executing MERGE query: 
            MERGE INTO stock_db.raw_data.stock_prices AS target
            USING (
                SELECT '2024-09-27' AS date,
                       228.21 AS open,
                       229.27 AS high,
                       227.05 AS low,
                       227.54 AS close,
                       34026000 AS volume,
                       'AAPL' AS symbol
            ) AS source
            ON target.date = source.date AND target.symbol = source.symbol
            WHEN MATCHED THEN
                UPDATE SET
                    open = source.open,
                    high = source.high,
                    low = source.low,
                    close = source.close,
                    volume = source.volume
            WHEN NOT MATCHED THEN
                INSERT (date, open, high, low, close, volume, symbol)
                VALUES (source.date, source.open, source.high, source.low, source.close, source.volume, source.symbol);
            
[2024-11-15T05:36:48.735+0000] {logging_mixin.py:188} INFO - Executing MERGE query: 
            MERGE INTO stock_db.raw_data.stock_prices AS target
            USING (
                SELECT '2024-09-30' AS date,
                       229.79 AS open,
                       232.74 AS high,
                       229.4 AS low,
                       232.74 AS close,
                       54541900 AS volume,
                       'AAPL' AS symbol
            ) AS source
            ON target.date = source.date AND target.symbol = source.symbol
            WHEN MATCHED THEN
                UPDATE SET
                    open = source.open,
                    high = source.high,
                    low = source.low,
                    close = source.close,
                    volume = source.volume
            WHEN NOT MATCHED THEN
                INSERT (date, open, high, low, close, volume, symbol)
                VALUES (source.date, source.open, source.high, source.low, source.close, source.volume, source.symbol);
            
[2024-11-15T05:36:49.656+0000] {logging_mixin.py:188} INFO - Executing MERGE query: 
            MERGE INTO stock_db.raw_data.stock_prices AS target
            USING (
                SELECT '2024-10-01' AS date,
                       229.27 AS open,
                       229.4 AS high,
                       223.49 AS low,
                       225.96 AS close,
                       63285000 AS volume,
                       'AAPL' AS symbol
            ) AS source
            ON target.date = source.date AND target.symbol = source.symbol
            WHEN MATCHED THEN
                UPDATE SET
                    open = source.open,
                    high = source.high,
                    low = source.low,
                    close = source.close,
                    volume = source.volume
            WHEN NOT MATCHED THEN
                INSERT (date, open, high, low, close, volume, symbol)
                VALUES (source.date, source.open, source.high, source.low, source.close, source.volume, source.symbol);
            
[2024-11-15T05:36:50.599+0000] {logging_mixin.py:188} INFO - Executing MERGE query: 
            MERGE INTO stock_db.raw_data.stock_prices AS target
            USING (
                SELECT '2024-10-02' AS date,
                       225.64 AS open,
                       227.12 AS high,
                       222.77 AS low,
                       226.53 AS close,
                       32880600 AS volume,
                       'AAPL' AS symbol
            ) AS source
            ON target.date = source.date AND target.symbol = source.symbol
            WHEN MATCHED THEN
                UPDATE SET
                    open = source.open,
                    high = source.high,
                    low = source.low,
                    close = source.close,
                    volume = source.volume
            WHEN NOT MATCHED THEN
                INSERT (date, open, high, low, close, volume, symbol)
                VALUES (source.date, source.open, source.high, source.low, source.close, source.volume, source.symbol);
            
[2024-11-15T05:36:51.231+0000] {logging_mixin.py:188} INFO - Executing MERGE query: 
            MERGE INTO stock_db.raw_data.stock_prices AS target
            USING (
                SELECT '2024-10-03' AS date,
                       224.89 AS open,
                       226.56 AS high,
                       223.07 AS low,
                       225.42 AS close,
                       34044200 AS volume,
                       'AAPL' AS symbol
            ) AS source
            ON target.date = source.date AND target.symbol = source.symbol
            WHEN MATCHED THEN
                UPDATE SET
                    open = source.open,
                    high = source.high,
                    low = source.low,
                    close = source.close,
                    volume = source.volume
            WHEN NOT MATCHED THEN
                INSERT (date, open, high, low, close, volume, symbol)
                VALUES (source.date, source.open, source.high, source.low, source.close, source.volume, source.symbol);
            
[2024-11-15T05:36:52.153+0000] {logging_mixin.py:188} INFO - Executing MERGE query: 
            MERGE INTO stock_db.raw_data.stock_prices AS target
            USING (
                SELECT '2024-10-04' AS date,
                       227.65 AS open,
                       227.75 AS high,
                       223.88 AS low,
                       226.55 AS close,
                       37245100 AS volume,
                       'AAPL' AS symbol
            ) AS source
            ON target.date = source.date AND target.symbol = source.symbol
            WHEN MATCHED THEN
                UPDATE SET
                    open = source.open,
                    high = source.high,
                    low = source.low,
                    close = source.close,
                    volume = source.volume
            WHEN NOT MATCHED THEN
                INSERT (date, open, high, low, close, volume, symbol)
                VALUES (source.date, source.open, source.high, source.low, source.close, source.volume, source.symbol);
            
[2024-11-15T05:36:53.047+0000] {logging_mixin.py:188} INFO - Executing MERGE query: 
            MERGE INTO stock_db.raw_data.stock_prices AS target
            USING (
                SELECT '2024-10-07' AS date,
                       224.25 AS open,
                       225.44 AS high,
                       221.09 AS low,
                       221.45 AS close,
                       39505400 AS volume,
                       'AAPL' AS symbol
            ) AS source
            ON target.date = source.date AND target.symbol = source.symbol
            WHEN MATCHED THEN
                UPDATE SET
                    open = source.open,
                    high = source.high,
                    low = source.low,
                    close = source.close,
                    volume = source.volume
            WHEN NOT MATCHED THEN
                INSERT (date, open, high, low, close, volume, symbol)
                VALUES (source.date, source.open, source.high, source.low, source.close, source.volume, source.symbol);
            
[2024-11-15T05:36:53.958+0000] {logging_mixin.py:188} INFO - Executing MERGE query: 
            MERGE INTO stock_db.raw_data.stock_prices AS target
            USING (
                SELECT '2024-10-08' AS date,
                       224.05 AS open,
                       225.73 AS high,
                       223.0 AS low,
                       225.52 AS close,
                       31855700 AS volume,
                       'AAPL' AS symbol
            ) AS source
            ON target.date = source.date AND target.symbol = source.symbol
            WHEN MATCHED THEN
                UPDATE SET
                    open = source.open,
                    high = source.high,
                    low = source.low,
                    close = source.close,
                    volume = source.volume
            WHEN NOT MATCHED THEN
                INSERT (date, open, high, low, close, volume, symbol)
                VALUES (source.date, source.open, source.high, source.low, source.close, source.volume, source.symbol);
            
[2024-11-15T05:36:54.891+0000] {logging_mixin.py:188} INFO - Executing MERGE query: 
            MERGE INTO stock_db.raw_data.stock_prices AS target
            USING (
                SELECT '2024-10-09' AS date,
                       224.98 AS open,
                       229.5 AS high,
                       224.58 AS low,
                       229.29 AS close,
                       33591100 AS volume,
                       'AAPL' AS symbol
            ) AS source
            ON target.date = source.date AND target.symbol = source.symbol
            WHEN MATCHED THEN
                UPDATE SET
                    open = source.open,
                    high = source.high,
                    low = source.low,
                    close = source.close,
                    volume = source.volume
            WHEN NOT MATCHED THEN
                INSERT (date, open, high, low, close, volume, symbol)
                VALUES (source.date, source.open, source.high, source.low, source.close, source.volume, source.symbol);
            
[2024-11-15T05:36:55.799+0000] {logging_mixin.py:188} INFO - Executing MERGE query: 
            MERGE INTO stock_db.raw_data.stock_prices AS target
            USING (
                SELECT '2024-10-10' AS date,
                       227.53 AS open,
                       229.25 AS high,
                       226.92 AS low,
                       228.79 AS close,
                       28183500 AS volume,
                       'AAPL' AS symbol
            ) AS source
            ON target.date = source.date AND target.symbol = source.symbol
            WHEN MATCHED THEN
                UPDATE SET
                    open = source.open,
                    high = source.high,
                    low = source.low,
                    close = source.close,
                    volume = source.volume
            WHEN NOT MATCHED THEN
                INSERT (date, open, high, low, close, volume, symbol)
                VALUES (source.date, source.open, source.high, source.low, source.close, source.volume, source.symbol);
            
[2024-11-15T05:36:56.720+0000] {logging_mixin.py:188} INFO - Executing MERGE query: 
            MERGE INTO stock_db.raw_data.stock_prices AS target
            USING (
                SELECT '2024-10-11' AS date,
                       229.05 AS open,
                       229.16 AS high,
                       227.09 AS low,
                       227.3 AS close,
                       31759200 AS volume,
                       'AAPL' AS symbol
            ) AS source
            ON target.date = source.date AND target.symbol = source.symbol
            WHEN MATCHED THEN
                UPDATE SET
                    open = source.open,
                    high = source.high,
                    low = source.low,
                    close = source.close,
                    volume = source.volume
            WHEN NOT MATCHED THEN
                INSERT (date, open, high, low, close, volume, symbol)
                VALUES (source.date, source.open, source.high, source.low, source.close, source.volume, source.symbol);
            
[2024-11-15T05:36:57.646+0000] {logging_mixin.py:188} INFO - Executing MERGE query: 
            MERGE INTO stock_db.raw_data.stock_prices AS target
            USING (
                SELECT '2024-10-14' AS date,
                       228.45 AS open,
                       231.48 AS high,
                       228.35 AS low,
                       231.05 AS close,
                       39882100 AS volume,
                       'AAPL' AS symbol
            ) AS source
            ON target.date = source.date AND target.symbol = source.symbol
            WHEN MATCHED THEN
                UPDATE SET
                    open = source.open,
                    high = source.high,
                    low = source.low,
                    close = source.close,
                    volume = source.volume
            WHEN NOT MATCHED THEN
                INSERT (date, open, high, low, close, volume, symbol)
                VALUES (source.date, source.open, source.high, source.low, source.close, source.volume, source.symbol);
            
[2024-11-15T05:36:58.317+0000] {logging_mixin.py:188} INFO - Executing MERGE query: 
            MERGE INTO stock_db.raw_data.stock_prices AS target
            USING (
                SELECT '2024-10-15' AS date,
                       233.35 AS open,
                       237.23 AS high,
                       232.11 AS low,
                       233.59 AS close,
                       64751400 AS volume,
                       'AAPL' AS symbol
            ) AS source
            ON target.date = source.date AND target.symbol = source.symbol
            WHEN MATCHED THEN
                UPDATE SET
                    open = source.open,
                    high = source.high,
                    low = source.low,
                    close = source.close,
                    volume = source.volume
            WHEN NOT MATCHED THEN
                INSERT (date, open, high, low, close, volume, symbol)
                VALUES (source.date, source.open, source.high, source.low, source.close, source.volume, source.symbol);
            
[2024-11-15T05:36:59.192+0000] {logging_mixin.py:188} INFO - Executing MERGE query: 
            MERGE INTO stock_db.raw_data.stock_prices AS target
            USING (
                SELECT '2024-10-16' AS date,
                       231.35 AS open,
                       231.86 AS high,
                       229.59 AS low,
                       231.53 AS close,
                       34082200 AS volume,
                       'AAPL' AS symbol
            ) AS source
            ON target.date = source.date AND target.symbol = source.symbol
            WHEN MATCHED THEN
                UPDATE SET
                    open = source.open,
                    high = source.high,
                    low = source.low,
                    close = source.close,
                    volume = source.volume
            WHEN NOT MATCHED THEN
                INSERT (date, open, high, low, close, volume, symbol)
                VALUES (source.date, source.open, source.high, source.low, source.close, source.volume, source.symbol);
            
[2024-11-15T05:36:59.963+0000] {logging_mixin.py:188} INFO - Executing MERGE query: 
            MERGE INTO stock_db.raw_data.stock_prices AS target
            USING (
                SELECT '2024-10-17' AS date,
                       233.17 AS open,
                       233.59 AS high,
                       230.27 AS low,
                       231.89 AS close,
                       32993800 AS volume,
                       'AAPL' AS symbol
            ) AS source
            ON target.date = source.date AND target.symbol = source.symbol
            WHEN MATCHED THEN
                UPDATE SET
                    open = source.open,
                    high = source.high,
                    low = source.low,
                    close = source.close,
                    volume = source.volume
            WHEN NOT MATCHED THEN
                INSERT (date, open, high, low, close, volume, symbol)
                VALUES (source.date, source.open, source.high, source.low, source.close, source.volume, source.symbol);
            
[2024-11-15T05:37:00.716+0000] {logging_mixin.py:188} INFO - Executing MERGE query: 
            MERGE INTO stock_db.raw_data.stock_prices AS target
            USING (
                SELECT '2024-10-18' AS date,
                       235.92 AS open,
                       235.92 AS high,
                       233.75 AS low,
                       234.74 AS close,
                       46431500 AS volume,
                       'AAPL' AS symbol
            ) AS source
            ON target.date = source.date AND target.symbol = source.symbol
            WHEN MATCHED THEN
                UPDATE SET
                    open = source.open,
                    high = source.high,
                    low = source.low,
                    close = source.close,
                    volume = source.volume
            WHEN NOT MATCHED THEN
                INSERT (date, open, high, low, close, volume, symbol)
                VALUES (source.date, source.open, source.high, source.low, source.close, source.volume, source.symbol);
            
[2024-11-15T05:37:01.635+0000] {logging_mixin.py:188} INFO - Executing MERGE query: 
            MERGE INTO stock_db.raw_data.stock_prices AS target
            USING (
                SELECT '2024-10-21' AS date,
                       234.19 AS open,
                       236.59 AS high,
                       234.19 AS low,
                       236.22 AS close,
                       36254500 AS volume,
                       'AAPL' AS symbol
            ) AS source
            ON target.date = source.date AND target.symbol = source.symbol
            WHEN MATCHED THEN
                UPDATE SET
                    open = source.open,
                    high = source.high,
                    low = source.low,
                    close = source.close,
                    volume = source.volume
            WHEN NOT MATCHED THEN
                INSERT (date, open, high, low, close, volume, symbol)
                VALUES (source.date, source.open, source.high, source.low, source.close, source.volume, source.symbol);
            
[2024-11-15T05:37:02.578+0000] {logging_mixin.py:188} INFO - Executing MERGE query: 
            MERGE INTO stock_db.raw_data.stock_prices AS target
            USING (
                SELECT '2024-10-22' AS date,
                       233.63 AS open,
                       235.96 AS high,
                       232.34 AS low,
                       235.6 AS close,
                       38846600 AS volume,
                       'AAPL' AS symbol
            ) AS source
            ON target.date = source.date AND target.symbol = source.symbol
            WHEN MATCHED THEN
                UPDATE SET
                    open = source.open,
                    high = source.high,
                    low = source.low,
                    close = source.close,
                    volume = source.volume
            WHEN NOT MATCHED THEN
                INSERT (date, open, high, low, close, volume, symbol)
                VALUES (source.date, source.open, source.high, source.low, source.close, source.volume, source.symbol);
            
[2024-11-15T05:37:03.483+0000] {logging_mixin.py:188} INFO - Executing MERGE query: 
            MERGE INTO stock_db.raw_data.stock_prices AS target
            USING (
                SELECT '2024-10-23' AS date,
                       233.82 AS open,
                       234.88 AS high,
                       227.51 AS low,
                       230.51 AS close,
                       52287000 AS volume,
                       'AAPL' AS symbol
            ) AS source
            ON target.date = source.date AND target.symbol = source.symbol
            WHEN MATCHED THEN
                UPDATE SET
                    open = source.open,
                    high = source.high,
                    low = source.low,
                    close = source.close,
                    volume = source.volume
            WHEN NOT MATCHED THEN
                INSERT (date, open, high, low, close, volume, symbol)
                VALUES (source.date, source.open, source.high, source.low, source.close, source.volume, source.symbol);
            
[2024-11-15T05:37:04.404+0000] {logging_mixin.py:188} INFO - Executing MERGE query: 
            MERGE INTO stock_db.raw_data.stock_prices AS target
            USING (
                SELECT '2024-10-24' AS date,
                       229.73 AS open,
                       230.57 AS high,
                       228.16 AS low,
                       230.32 AS close,
                       31109500 AS volume,
                       'AAPL' AS symbol
            ) AS source
            ON target.date = source.date AND target.symbol = source.symbol
            WHEN MATCHED THEN
                UPDATE SET
                    open = source.open,
                    high = source.high,
                    low = source.low,
                    close = source.close,
                    volume = source.volume
            WHEN NOT MATCHED THEN
                INSERT (date, open, high, low, close, volume, symbol)
                VALUES (source.date, source.open, source.high, source.low, source.close, source.volume, source.symbol);
            
[2024-11-15T05:37:05.323+0000] {logging_mixin.py:188} INFO - Executing MERGE query: 
            MERGE INTO stock_db.raw_data.stock_prices AS target
            USING (
                SELECT '2024-10-25' AS date,
                       229.49 AS open,
                       232.96 AS high,
                       229.32 AS low,
                       231.16 AS close,
                       38802300 AS volume,
                       'AAPL' AS symbol
            ) AS source
            ON target.date = source.date AND target.symbol = source.symbol
            WHEN MATCHED THEN
                UPDATE SET
                    open = source.open,
                    high = source.high,
                    low = source.low,
                    close = source.close,
                    volume = source.volume
            WHEN NOT MATCHED THEN
                INSERT (date, open, high, low, close, volume, symbol)
                VALUES (source.date, source.open, source.high, source.low, source.close, source.volume, source.symbol);
            
[2024-11-15T05:37:06.243+0000] {logging_mixin.py:188} INFO - Executing MERGE query: 
            MERGE INTO stock_db.raw_data.stock_prices AS target
            USING (
                SELECT '2024-10-28' AS date,
                       233.06 AS open,
                       234.47 AS high,
                       232.29 AS low,
                       233.14 AS close,
                       36087100 AS volume,
                       'AAPL' AS symbol
            ) AS source
            ON target.date = source.date AND target.symbol = source.symbol
            WHEN MATCHED THEN
                UPDATE SET
                    open = source.open,
                    high = source.high,
                    low = source.low,
                    close = source.close,
                    volume = source.volume
            WHEN NOT MATCHED THEN
                INSERT (date, open, high, low, close, volume, symbol)
                VALUES (source.date, source.open, source.high, source.low, source.close, source.volume, source.symbol);
            
[2024-11-15T05:37:07.042+0000] {logging_mixin.py:188} INFO - Executing MERGE query: 
            MERGE INTO stock_db.raw_data.stock_prices AS target
            USING (
                SELECT '2024-10-29' AS date,
                       232.84 AS open,
                       234.07 AS high,
                       232.06 AS low,
                       233.41 AS close,
                       35417200 AS volume,
                       'AAPL' AS symbol
            ) AS source
            ON target.date = source.date AND target.symbol = source.symbol
            WHEN MATCHED THEN
                UPDATE SET
                    open = source.open,
                    high = source.high,
                    low = source.low,
                    close = source.close,
                    volume = source.volume
            WHEN NOT MATCHED THEN
                INSERT (date, open, high, low, close, volume, symbol)
                VALUES (source.date, source.open, source.high, source.low, source.close, source.volume, source.symbol);
            
[2024-11-15T05:37:07.900+0000] {logging_mixin.py:188} INFO - Executing MERGE query: 
            MERGE INTO stock_db.raw_data.stock_prices AS target
            USING (
                SELECT '2024-10-30' AS date,
                       232.35 AS open,
                       233.21 AS high,
                       229.3 AS low,
                       229.85 AS close,
                       47070900 AS volume,
                       'AAPL' AS symbol
            ) AS source
            ON target.date = source.date AND target.symbol = source.symbol
            WHEN MATCHED THEN
                UPDATE SET
                    open = source.open,
                    high = source.high,
                    low = source.low,
                    close = source.close,
                    volume = source.volume
            WHEN NOT MATCHED THEN
                INSERT (date, open, high, low, close, volume, symbol)
                VALUES (source.date, source.open, source.high, source.low, source.close, source.volume, source.symbol);
            
[2024-11-15T05:37:08.722+0000] {logging_mixin.py:188} INFO - Executing MERGE query: 
            MERGE INTO stock_db.raw_data.stock_prices AS target
            USING (
                SELECT '2024-10-31' AS date,
                       229.09 AS open,
                       229.58 AS high,
                       225.12 AS low,
                       225.66 AS close,
                       64370100 AS volume,
                       'AAPL' AS symbol
            ) AS source
            ON target.date = source.date AND target.symbol = source.symbol
            WHEN MATCHED THEN
                UPDATE SET
                    open = source.open,
                    high = source.high,
                    low = source.low,
                    close = source.close,
                    volume = source.volume
            WHEN NOT MATCHED THEN
                INSERT (date, open, high, low, close, volume, symbol)
                VALUES (source.date, source.open, source.high, source.low, source.close, source.volume, source.symbol);
            
[2024-11-15T05:37:09.624+0000] {logging_mixin.py:188} INFO - Executing MERGE query: 
            MERGE INTO stock_db.raw_data.stock_prices AS target
            USING (
                SELECT '2024-11-01' AS date,
                       220.73 AS open,
                       225.1 AS high,
                       220.03 AS low,
                       222.67 AS close,
                       65276700 AS volume,
                       'AAPL' AS symbol
            ) AS source
            ON target.date = source.date AND target.symbol = source.symbol
            WHEN MATCHED THEN
                UPDATE SET
                    open = source.open,
                    high = source.high,
                    low = source.low,
                    close = source.close,
                    volume = source.volume
            WHEN NOT MATCHED THEN
                INSERT (date, open, high, low, close, volume, symbol)
                VALUES (source.date, source.open, source.high, source.low, source.close, source.volume, source.symbol);
            
[2024-11-15T05:37:10.556+0000] {logging_mixin.py:188} INFO - Executing MERGE query: 
            MERGE INTO stock_db.raw_data.stock_prices AS target
            USING (
                SELECT '2024-11-04' AS date,
                       220.75 AS open,
                       222.55 AS high,
                       219.47 AS low,
                       221.77 AS close,
                       44944500 AS volume,
                       'AAPL' AS symbol
            ) AS source
            ON target.date = source.date AND target.symbol = source.symbol
            WHEN MATCHED THEN
                UPDATE SET
                    open = source.open,
                    high = source.high,
                    low = source.low,
                    close = source.close,
                    volume = source.volume
            WHEN NOT MATCHED THEN
                INSERT (date, open, high, low, close, volume, symbol)
                VALUES (source.date, source.open, source.high, source.low, source.close, source.volume, source.symbol);
            
[2024-11-15T05:37:11.483+0000] {logging_mixin.py:188} INFO - Executing MERGE query: 
            MERGE INTO stock_db.raw_data.stock_prices AS target
            USING (
                SELECT '2024-11-05' AS date,
                       221.56 AS open,
                       223.7 AS high,
                       220.9 AS low,
                       223.2 AS close,
                       28111300 AS volume,
                       'AAPL' AS symbol
            ) AS source
            ON target.date = source.date AND target.symbol = source.symbol
            WHEN MATCHED THEN
                UPDATE SET
                    open = source.open,
                    high = source.high,
                    low = source.low,
                    close = source.close,
                    volume = source.volume
            WHEN NOT MATCHED THEN
                INSERT (date, open, high, low, close, volume, symbol)
                VALUES (source.date, source.open, source.high, source.low, source.close, source.volume, source.symbol);
            
[2024-11-15T05:37:12.388+0000] {logging_mixin.py:188} INFO - Executing MERGE query: 
            MERGE INTO stock_db.raw_data.stock_prices AS target
            USING (
                SELECT '2024-11-06' AS date,
                       222.37 AS open,
                       225.82 AS high,
                       220.95 AS low,
                       222.48 AS close,
                       54561100 AS volume,
                       'AAPL' AS symbol
            ) AS source
            ON target.date = source.date AND target.symbol = source.symbol
            WHEN MATCHED THEN
                UPDATE SET
                    open = source.open,
                    high = source.high,
                    low = source.low,
                    close = source.close,
                    volume = source.volume
            WHEN NOT MATCHED THEN
                INSERT (date, open, high, low, close, volume, symbol)
                VALUES (source.date, source.open, source.high, source.low, source.close, source.volume, source.symbol);
            
[2024-11-15T05:37:13.266+0000] {logging_mixin.py:188} INFO - Executing MERGE query: 
            MERGE INTO stock_db.raw_data.stock_prices AS target
            USING (
                SELECT '2024-11-07' AS date,
                       224.38 AS open,
                       227.63 AS high,
                       224.32 AS low,
                       227.23 AS close,
                       42137700 AS volume,
                       'AAPL' AS symbol
            ) AS source
            ON target.date = source.date AND target.symbol = source.symbol
            WHEN MATCHED THEN
                UPDATE SET
                    open = source.open,
                    high = source.high,
                    low = source.low,
                    close = source.close,
                    volume = source.volume
            WHEN NOT MATCHED THEN
                INSERT (date, open, high, low, close, volume, symbol)
                VALUES (source.date, source.open, source.high, source.low, source.close, source.volume, source.symbol);
            
[2024-11-15T05:37:14.232+0000] {logging_mixin.py:188} INFO - Executing MERGE query: 
            MERGE INTO stock_db.raw_data.stock_prices AS target
            USING (
                SELECT '2024-11-08' AS date,
                       227.17 AS open,
                       228.66 AS high,
                       226.41 AS low,
                       226.96 AS close,
                       38328800 AS volume,
                       'AAPL' AS symbol
            ) AS source
            ON target.date = source.date AND target.symbol = source.symbol
            WHEN MATCHED THEN
                UPDATE SET
                    open = source.open,
                    high = source.high,
                    low = source.low,
                    close = source.close,
                    volume = source.volume
            WHEN NOT MATCHED THEN
                INSERT (date, open, high, low, close, volume, symbol)
                VALUES (source.date, source.open, source.high, source.low, source.close, source.volume, source.symbol);
            
[2024-11-15T05:37:15.459+0000] {logging_mixin.py:188} INFO - Executing MERGE query: 
            MERGE INTO stock_db.raw_data.stock_prices AS target
            USING (
                SELECT '2024-11-11' AS date,
                       225.0 AS open,
                       225.7 AS high,
                       221.5 AS low,
                       224.23 AS close,
                       42005600 AS volume,
                       'AAPL' AS symbol
            ) AS source
            ON target.date = source.date AND target.symbol = source.symbol
            WHEN MATCHED THEN
                UPDATE SET
                    open = source.open,
                    high = source.high,
                    low = source.low,
                    close = source.close,
                    volume = source.volume
            WHEN NOT MATCHED THEN
                INSERT (date, open, high, low, close, volume, symbol)
                VALUES (source.date, source.open, source.high, source.low, source.close, source.volume, source.symbol);
            
[2024-11-15T05:37:16.127+0000] {logging_mixin.py:188} INFO - Executing MERGE query: 
            MERGE INTO stock_db.raw_data.stock_prices AS target
            USING (
                SELECT '2024-11-12' AS date,
                       224.55 AS open,
                       225.59 AS high,
                       223.36 AS low,
                       224.23 AS close,
                       40398300 AS volume,
                       'AAPL' AS symbol
            ) AS source
            ON target.date = source.date AND target.symbol = source.symbol
            WHEN MATCHED THEN
                UPDATE SET
                    open = source.open,
                    high = source.high,
                    low = source.low,
                    close = source.close,
                    volume = source.volume
            WHEN NOT MATCHED THEN
                INSERT (date, open, high, low, close, volume, symbol)
                VALUES (source.date, source.open, source.high, source.low, source.close, source.volume, source.symbol);
            
[2024-11-15T05:37:16.999+0000] {logging_mixin.py:188} INFO - Executing MERGE query: 
            MERGE INTO stock_db.raw_data.stock_prices AS target
            USING (
                SELECT '2024-11-13' AS date,
                       224.01 AS open,
                       226.65 AS high,
                       222.76 AS low,
                       225.12 AS close,
                       48566200 AS volume,
                       'AAPL' AS symbol
            ) AS source
            ON target.date = source.date AND target.symbol = source.symbol
            WHEN MATCHED THEN
                UPDATE SET
                    open = source.open,
                    high = source.high,
                    low = source.low,
                    close = source.close,
                    volume = source.volume
            WHEN NOT MATCHED THEN
                INSERT (date, open, high, low, close, volume, symbol)
                VALUES (source.date, source.open, source.high, source.low, source.close, source.volume, source.symbol);
            
[2024-11-15T05:37:17.920+0000] {logging_mixin.py:188} INFO - Executing MERGE query: 
            MERGE INTO stock_db.raw_data.stock_prices AS target
            USING (
                SELECT '2024-11-14' AS date,
                       225.02 AS open,
                       228.87 AS high,
                       225.0 AS low,
                       228.22 AS close,
                       44880200 AS volume,
                       'AAPL' AS symbol
            ) AS source
            ON target.date = source.date AND target.symbol = source.symbol
            WHEN MATCHED THEN
                UPDATE SET
                    open = source.open,
                    high = source.high,
                    low = source.low,
                    close = source.close,
                    volume = source.volume
            WHEN NOT MATCHED THEN
                INSERT (date, open, high, low, close, volume, symbol)
                VALUES (source.date, source.open, source.high, source.low, source.close, source.volume, source.symbol);
            
[2024-11-15T05:37:24.675+0000] {cursor.py:1149} INFO - Number of results in first chunk: 1
[2024-11-15T05:37:24.676+0000] {python.py:237} INFO - Done. Returned value was: None
[2024-11-15T05:37:24.677+0000] {taskinstance.py:441} INFO - ::group::Post task execution logs
[2024-11-15T05:37:24.729+0000] {taskinstance.py:1206} INFO - Marking task as SUCCESS. dag_id=YfinanceToSnowflake, task_id=load, run_id=manual__2024-11-15T05:35:43.886171+00:00, execution_date=20241115T053543, start_date=20241115T053617, end_date=20241115T053724
[2024-11-15T05:37:24.843+0000] {local_task_job_runner.py:240} INFO - Task exited with return code 0
[2024-11-15T05:37:24.938+0000] {taskinstance.py:3498} INFO - 1 downstream tasks scheduled from follow-on schedule check
[2024-11-15T05:37:24.955+0000] {local_task_job_runner.py:222} INFO - ::endgroup::
