[2024-11-15T06:38:14.772+0000] {local_task_job_runner.py:120} INFO - ::group::Pre task execution logs
[2024-11-15T06:38:14.978+0000] {taskinstance.py:2076} INFO - Dependencies all met for dep_context=non-requeueable deps ti=<TaskInstance: YfinanceToSnowflake.dbt_run manual__2024-11-15T06:35:07.305691+00:00 [queued]>
[2024-11-15T06:38:15.028+0000] {taskinstance.py:2076} INFO - Dependencies all met for dep_context=requeueable deps ti=<TaskInstance: YfinanceToSnowflake.dbt_run manual__2024-11-15T06:35:07.305691+00:00 [queued]>
[2024-11-15T06:38:15.029+0000] {taskinstance.py:2306} INFO - Starting attempt 1 of 1
[2024-11-15T06:38:15.066+0000] {taskinstance.py:2330} INFO - Executing <Task(BashOperator): dbt_run> on 2024-11-15 06:35:07.305691+00:00
[2024-11-15T06:38:15.094+0000] {logging_mixin.py:188} WARNING - /home/***/.local/lib/python3.12/site-packages/***/task/task_runner/standard_task_runner.py:61 DeprecationWarning: This process (pid=22960) is multi-threaded, use of fork() may lead to deadlocks in the child.
[2024-11-15T06:38:15.097+0000] {standard_task_runner.py:63} INFO - Started process 22970 to run task
[2024-11-15T06:38:15.087+0000] {standard_task_runner.py:90} INFO - Running: ['***', 'tasks', 'run', 'YfinanceToSnowflake', 'dbt_run', 'manual__2024-11-15T06:35:07.305691+00:00', '--job-id', '412', '--raw', '--subdir', 'DAGS_FOLDER/yfinance_to_snowflake.py', '--cfg-path', '/tmp/tmpcfuxk_3n']
[2024-11-15T06:38:15.101+0000] {standard_task_runner.py:91} INFO - Job 412: Subtask dbt_run
[2024-11-15T06:38:15.256+0000] {task_command.py:426} INFO - Running <TaskInstance: YfinanceToSnowflake.dbt_run manual__2024-11-15T06:35:07.305691+00:00 [running]> on host 5bbe89177473
[2024-11-15T06:38:15.949+0000] {taskinstance.py:2648} INFO - Exporting env vars: AIRFLOW_CTX_DAG_OWNER='***' AIRFLOW_CTX_DAG_ID='YfinanceToSnowflake' AIRFLOW_CTX_TASK_ID='dbt_run' AIRFLOW_CTX_EXECUTION_DATE='2024-11-15T06:35:07.305691+00:00' AIRFLOW_CTX_TRY_NUMBER='1' AIRFLOW_CTX_DAG_RUN_ID='manual__2024-11-15T06:35:07.305691+00:00'
[2024-11-15T06:38:15.961+0000] {taskinstance.py:430} INFO - ::endgroup::
[2024-11-15T06:38:15.976+0000] {subprocess.py:63} INFO - Tmp dir root location: /tmp
[2024-11-15T06:38:15.978+0000] {subprocess.py:75} INFO - Running command: ['/usr/bin/bash', '-c', 'cd /opt/***/stocks_mau && dbt run --profiles-dir /opt/***/stocks_mau']
[2024-11-15T06:38:16.020+0000] {subprocess.py:86} INFO - Output:
[2024-11-15T06:38:32.792+0000] {subprocess.py:93} INFO - [0m06:38:32  Running with dbt=1.8.7
[2024-11-15T06:38:43.441+0000] {subprocess.py:93} INFO - [0m06:38:43  Registered adapter: snowflake=1.8.4
[2024-11-15T06:38:54.382+0000] {subprocess.py:93} INFO - [0m06:38:54  Found 2 snapshots, 2 models, 4 data tests, 1 source, 459 macros
[2024-11-15T06:38:54.407+0000] {subprocess.py:93} INFO - [0m06:38:54
[2024-11-15T06:38:58.606+0000] {subprocess.py:93} INFO - [0m06:38:58  Concurrency: 1 threads (target='dev')
[2024-11-15T06:38:58.662+0000] {subprocess.py:93} INFO - [0m06:38:58
[2024-11-15T06:38:58.807+0000] {subprocess.py:93} INFO - [0m06:38:58  1 of 2 START sql incremental model analytics.moving_average .................... [RUN]
[2024-11-15T06:39:11.860+0000] {subprocess.py:93} INFO - [0m06:39:11  1 of 2 OK created sql incremental model analytics.moving_average ............... [[32mSUCCESS 1[0m in 13.05s]
[2024-11-15T06:39:11.889+0000] {subprocess.py:93} INFO - [0m06:39:11  2 of 2 START sql incremental model analytics.rsi ............................... [RUN]
[2024-11-15T06:39:16.351+0000] {subprocess.py:93} INFO - [0m06:39:16  2 of 2 OK created sql incremental model analytics.rsi .......................... [[32mSUCCESS 1[0m in 4.44s]
[2024-11-15T06:39:16.480+0000] {subprocess.py:93} INFO - [0m06:39:16
[2024-11-15T06:39:16.516+0000] {subprocess.py:93} INFO - [0m06:39:16  Finished running 2 incremental models in 0 hours 0 minutes and 22.04 seconds (22.04s).
[2024-11-15T06:39:17.488+0000] {subprocess.py:93} INFO - [0m06:39:17
[2024-11-15T06:39:17.510+0000] {subprocess.py:93} INFO - [0m06:39:17  [32mCompleted successfully[0m
[2024-11-15T06:39:17.529+0000] {subprocess.py:93} INFO - [0m06:39:17
[2024-11-15T06:39:17.544+0000] {subprocess.py:93} INFO - [0m06:39:17  Done. PASS=2 WARN=0 ERROR=0 SKIP=0 TOTAL=2
[2024-11-15T06:39:21.015+0000] {subprocess.py:97} INFO - Command exited with return code 0
[2024-11-15T06:39:21.061+0000] {taskinstance.py:441} INFO - ::group::Post task execution logs
[2024-11-15T06:39:21.991+0000] {taskinstance.py:1206} INFO - Marking task as SUCCESS. dag_id=YfinanceToSnowflake, task_id=dbt_run, run_id=manual__2024-11-15T06:35:07.305691+00:00, execution_date=20241115T063507, start_date=20241115T063814, end_date=20241115T063921
[2024-11-15T06:39:22.468+0000] {local_task_job_runner.py:240} INFO - Task exited with return code 0
[2024-11-15T06:39:22.848+0000] {taskinstance.py:3498} INFO - 1 downstream tasks scheduled from follow-on schedule check
[2024-11-15T06:39:22.869+0000] {local_task_job_runner.py:222} INFO - ::endgroup::
