[2024-11-12T02:07:58.771+0000] {local_task_job_runner.py:120} INFO - ::group::Pre task execution logs
[2024-11-12T02:07:59.049+0000] {taskinstance.py:2076} INFO - Dependencies all met for dep_context=non-requeueable deps ti=<TaskInstance: StockForcastingNext7WorkingDaysTodayOnward.predictNext7Days__1 manual__2024-11-12T02:07:17.027838+00:00 [queued]>
[2024-11-12T02:07:59.101+0000] {taskinstance.py:2076} INFO - Dependencies all met for dep_context=requeueable deps ti=<TaskInstance: StockForcastingNext7WorkingDaysTodayOnward.predictNext7Days__1 manual__2024-11-12T02:07:17.027838+00:00 [queued]>
[2024-11-12T02:07:59.111+0000] {taskinstance.py:2306} INFO - Starting attempt 1 of 1
[2024-11-12T02:07:59.300+0000] {taskinstance.py:2330} INFO - Executing <Task(_PythonDecoratedOperator): predictNext7Days__1> on 2024-11-12 02:07:17.027838+00:00
[2024-11-12T02:07:59.338+0000] {standard_task_runner.py:90} INFO - Running: ['***', 'tasks', 'run', 'StockForcastingNext7WorkingDaysTodayOnward', 'predictNext7Days__1', 'manual__2024-11-12T02:07:17.027838+00:00', '--job-id', '117', '--raw', '--subdir', 'DAGS_FOLDER/Conn_Forcasting_DagFile.py', '--cfg-path', '/tmp/tmpxo9l_57j']
[2024-11-12T02:07:59.346+0000] {logging_mixin.py:188} WARNING - /home/***/.local/lib/python3.12/site-packages/***/task/task_runner/standard_task_runner.py:61 DeprecationWarning: This process (pid=7685) is multi-threaded, use of fork() may lead to deadlocks in the child.
[2024-11-12T02:07:59.366+0000] {standard_task_runner.py:63} INFO - Started process 7726 to run task
[2024-11-12T02:07:59.363+0000] {standard_task_runner.py:91} INFO - Job 117: Subtask predictNext7Days__1
[2024-11-12T02:08:06.880+0000] {task_command.py:426} INFO - Running <TaskInstance: StockForcastingNext7WorkingDaysTodayOnward.predictNext7Days__1 manual__2024-11-12T02:07:17.027838+00:00 [running]> on host d99256b0cb87
[2024-11-12T02:08:18.450+0000] {taskinstance.py:2648} INFO - Exporting env vars: AIRFLOW_CTX_DAG_OWNER='***' AIRFLOW_CTX_DAG_ID='StockForcastingNext7WorkingDaysTodayOnward' AIRFLOW_CTX_TASK_ID='predictNext7Days__1' AIRFLOW_CTX_EXECUTION_DATE='2024-11-12T02:07:17.027838+00:00' AIRFLOW_CTX_TRY_NUMBER='1' AIRFLOW_CTX_DAG_RUN_ID='manual__2024-11-12T02:07:17.027838+00:00'
[2024-11-12T02:08:18.501+0000] {taskinstance.py:430} INFO - ::endgroup::
[2024-11-12T02:09:08.532+0000] {python.py:237} INFO - Done. Returned value was:          date    open    high     low   close       volume symbol
0  2024-11-13  149.10  147.55  142.89  142.86  187122684.0   NVDA
1  2024-11-14  148.10  147.01  141.52  140.60  186526549.0   NVDA
2  2024-11-15  147.38  146.78  140.43  139.94  200197170.0   NVDA
3  2024-11-18  146.85  146.97  140.63  140.12  193200188.0   NVDA
4  2024-11-19  146.57  147.15  140.71  140.88  187299937.0   NVDA
5  2024-11-20  146.39  147.26  140.85  141.84  187989436.0   NVDA
6  2024-11-21  146.51  147.29  141.24  142.49  189169218.0   NVDA
[2024-11-12T02:09:08.582+0000] {taskinstance.py:441} INFO - ::group::Post task execution logs
[2024-11-12T02:09:09.151+0000] {taskinstance.py:1206} INFO - Marking task as SUCCESS. dag_id=StockForcastingNext7WorkingDaysTodayOnward, task_id=predictNext7Days__1, run_id=manual__2024-11-12T02:07:17.027838+00:00, execution_date=20241112T020717, start_date=20241112T020759, end_date=20241112T020909
[2024-11-12T02:09:09.446+0000] {local_task_job_runner.py:240} INFO - Task exited with return code 0
[2024-11-12T02:09:09.659+0000] {taskinstance.py:3498} INFO - 1 downstream tasks scheduled from follow-on schedule check
[2024-11-12T02:09:09.664+0000] {local_task_job_runner.py:222} INFO - ::endgroup::
