[2024-11-12T02:07:33.977+0000] {local_task_job_runner.py:120} INFO - ::group::Pre task execution logs
[2024-11-12T02:07:34.248+0000] {taskinstance.py:2076} INFO - Dependencies all met for dep_context=non-requeueable deps ti=<TaskInstance: StockForcastingNext7WorkingDaysTodayOnward.extract_stock_data__1 manual__2024-11-12T02:07:17.027838+00:00 [queued]>
[2024-11-12T02:07:34.281+0000] {taskinstance.py:2076} INFO - Dependencies all met for dep_context=requeueable deps ti=<TaskInstance: StockForcastingNext7WorkingDaysTodayOnward.extract_stock_data__1 manual__2024-11-12T02:07:17.027838+00:00 [queued]>
[2024-11-12T02:07:34.284+0000] {taskinstance.py:2306} INFO - Starting attempt 1 of 1
[2024-11-12T02:07:34.336+0000] {taskinstance.py:2330} INFO - Executing <Task(_PythonDecoratedOperator): extract_stock_data__1> on 2024-11-12 02:07:17.027838+00:00
[2024-11-12T02:07:34.369+0000] {logging_mixin.py:188} WARNING - /home/***/.local/lib/python3.12/site-packages/***/task/task_runner/standard_task_runner.py:61 DeprecationWarning: This process (pid=7651) is multi-threaded, use of fork() may lead to deadlocks in the child.
[2024-11-12T02:07:34.379+0000] {standard_task_runner.py:63} INFO - Started process 7676 to run task
[2024-11-12T02:07:34.367+0000] {standard_task_runner.py:90} INFO - Running: ['***', 'tasks', 'run', 'StockForcastingNext7WorkingDaysTodayOnward', 'extract_stock_data__1', 'manual__2024-11-12T02:07:17.027838+00:00', '--job-id', '115', '--raw', '--subdir', 'DAGS_FOLDER/Conn_Forcasting_DagFile.py', '--cfg-path', '/tmp/tmpzznwizcv']
[2024-11-12T02:07:34.410+0000] {standard_task_runner.py:91} INFO - Job 115: Subtask extract_stock_data__1
[2024-11-12T02:07:37.225+0000] {task_command.py:426} INFO - Running <TaskInstance: StockForcastingNext7WorkingDaysTodayOnward.extract_stock_data__1 manual__2024-11-12T02:07:17.027838+00:00 [running]> on host d99256b0cb87
[2024-11-12T02:07:37.916+0000] {taskinstance.py:2648} INFO - Exporting env vars: AIRFLOW_CTX_DAG_OWNER='***' AIRFLOW_CTX_DAG_ID='StockForcastingNext7WorkingDaysTodayOnward' AIRFLOW_CTX_TASK_ID='extract_stock_data__1' AIRFLOW_CTX_EXECUTION_DATE='2024-11-12T02:07:17.027838+00:00' AIRFLOW_CTX_TRY_NUMBER='1' AIRFLOW_CTX_DAG_RUN_ID='manual__2024-11-12T02:07:17.027838+00:00'
[2024-11-12T02:07:37.924+0000] {taskinstance.py:430} INFO - ::endgroup::
[2024-11-12T02:07:39.481+0000] {python.py:237} INFO - Done. Returned value was:                         date        open  ...  Stock Splits  symbol
0  2024-08-14 00:00:00-04:00  118.519859  ...           0.0    NVDA
1  2024-08-15 00:00:00-04:00  118.749847  ...           0.0    NVDA
2  2024-08-16 00:00:00-04:00  121.929570  ...           0.0    NVDA
3  2024-08-19 00:00:00-04:00  124.269365  ...           0.0    NVDA
4  2024-08-20 00:00:00-04:00  128.389008  ...           0.0    NVDA
..                       ...         ...  ...           ...     ...
58 2024-11-05 00:00:00-05:00  137.449997  ...           0.0    NVDA
59 2024-11-06 00:00:00-05:00  142.960007  ...           0.0    NVDA
60 2024-11-07 00:00:00-05:00  146.389999  ...           0.0    NVDA
61 2024-11-08 00:00:00-05:00  148.770004  ...           0.0    NVDA
62 2024-11-11 00:00:00-05:00  148.679993  ...           0.0    NVDA

[63 rows x 9 columns]
[2024-11-12T02:07:40.016+0000] {taskinstance.py:441} INFO - ::group::Post task execution logs
[2024-11-12T02:07:40.479+0000] {taskinstance.py:1206} INFO - Marking task as SUCCESS. dag_id=StockForcastingNext7WorkingDaysTodayOnward, task_id=extract_stock_data__1, run_id=manual__2024-11-12T02:07:17.027838+00:00, execution_date=20241112T020717, start_date=20241112T020734, end_date=20241112T020740
[2024-11-12T02:07:41.323+0000] {local_task_job_runner.py:240} INFO - Task exited with return code 0
[2024-11-12T02:07:41.480+0000] {taskinstance.py:3498} INFO - 2 downstream tasks scheduled from follow-on schedule check
[2024-11-12T02:07:41.507+0000] {local_task_job_runner.py:222} INFO - ::endgroup::
