[2024-11-12T02:05:20.736+0000] {local_task_job_runner.py:120} INFO - ::group::Pre task execution logs
[2024-11-12T02:05:20.800+0000] {taskinstance.py:2076} INFO - Dependencies all met for dep_context=non-requeueable deps ti=<TaskInstance: StockForcastingNext7WorkingDaysTodayOnward.loadForecastToSnowflake manual__2024-11-12T02:00:53.215720+00:00 [queued]>
[2024-11-12T02:05:20.821+0000] {taskinstance.py:2076} INFO - Dependencies all met for dep_context=requeueable deps ti=<TaskInstance: StockForcastingNext7WorkingDaysTodayOnward.loadForecastToSnowflake manual__2024-11-12T02:00:53.215720+00:00 [queued]>
[2024-11-12T02:05:20.822+0000] {taskinstance.py:2306} INFO - Starting attempt 1 of 1
[2024-11-12T02:05:20.848+0000] {taskinstance.py:2330} INFO - Executing <Task(_PythonDecoratedOperator): loadForecastToSnowflake> on 2024-11-12 02:00:53.215720+00:00
[2024-11-12T02:05:20.862+0000] {logging_mixin.py:188} WARNING - /home/***/.local/lib/python3.12/site-packages/***/task/task_runner/standard_task_runner.py:61 DeprecationWarning: This process (pid=7538) is multi-threaded, use of fork() may lead to deadlocks in the child.
[2024-11-12T02:05:20.865+0000] {standard_task_runner.py:63} INFO - Started process 7557 to run task
[2024-11-12T02:05:20.861+0000] {standard_task_runner.py:90} INFO - Running: ['***', 'tasks', 'run', 'StockForcastingNext7WorkingDaysTodayOnward', 'loadForecastToSnowflake', 'manual__2024-11-12T02:00:53.215720+00:00', '--job-id', '114', '--raw', '--subdir', 'DAGS_FOLDER/Conn_Forcasting_DagFile.py', '--cfg-path', '/tmp/tmpdclvaljh']
[2024-11-12T02:05:20.867+0000] {standard_task_runner.py:91} INFO - Job 114: Subtask loadForecastToSnowflake
[2024-11-12T02:05:21.681+0000] {task_command.py:426} INFO - Running <TaskInstance: StockForcastingNext7WorkingDaysTodayOnward.loadForecastToSnowflake manual__2024-11-12T02:00:53.215720+00:00 [running]> on host d99256b0cb87
[2024-11-12T02:05:23.113+0000] {taskinstance.py:2648} INFO - Exporting env vars: AIRFLOW_CTX_DAG_OWNER='***' AIRFLOW_CTX_DAG_ID='StockForcastingNext7WorkingDaysTodayOnward' AIRFLOW_CTX_TASK_ID='loadForecastToSnowflake' AIRFLOW_CTX_EXECUTION_DATE='2024-11-12T02:00:53.215720+00:00' AIRFLOW_CTX_TRY_NUMBER='1' AIRFLOW_CTX_DAG_RUN_ID='manual__2024-11-12T02:00:53.215720+00:00'
[2024-11-12T02:05:23.126+0000] {taskinstance.py:430} INFO - ::endgroup::
[2024-11-12T02:05:23.265+0000] {taskinstance.py:441} INFO - ::group::Post task execution logs
[2024-11-12T02:05:23.378+0000] {taskinstance.py:2905} ERROR - Task failed with exception
Traceback (most recent call last):
  File "/home/airflow/.local/lib/python3.12/site-packages/airflow/models/taskinstance.py", line 465, in _execute_task
    result = _execute_callable(context=context, **execute_callable_kwargs)
             ^^^^^^^^^^^^^^^^^^^^^^^^^^^^^^^^^^^^^^^^^^^^^^^^^^^^^^^^^^^^^
  File "/home/airflow/.local/lib/python3.12/site-packages/airflow/models/taskinstance.py", line 432, in _execute_callable
    return execute_callable(context=context, **execute_callable_kwargs)
           ^^^^^^^^^^^^^^^^^^^^^^^^^^^^^^^^^^^^^^^^^^^^^^^^^^^^^^^^^^^^
  File "/home/airflow/.local/lib/python3.12/site-packages/airflow/models/baseoperator.py", line 400, in wrapper
    return func(self, *args, **kwargs)
           ^^^^^^^^^^^^^^^^^^^^^^^^^^^
  File "/home/airflow/.local/lib/python3.12/site-packages/airflow/decorators/base.py", line 265, in execute
    return_value = super().execute(context)
                   ^^^^^^^^^^^^^^^^^^^^^^^^
  File "/home/airflow/.local/lib/python3.12/site-packages/airflow/models/baseoperator.py", line 400, in wrapper
    return func(self, *args, **kwargs)
           ^^^^^^^^^^^^^^^^^^^^^^^^^^^
  File "/home/airflow/.local/lib/python3.12/site-packages/airflow/operators/python.py", line 235, in execute
    return_value = self.execute_callable()
                   ^^^^^^^^^^^^^^^^^^^^^^^
  File "/home/airflow/.local/lib/python3.12/site-packages/airflow/operators/python.py", line 252, in execute_callable
    return self.python_callable(*self.op_args, **self.op_kwargs)
           ^^^^^^^^^^^^^^^^^^^^^^^^^^^^^^^^^^^^^^^^^^^^^^^^^^^^^
  File "/opt/airflow/dags/Conn_Forcasting_DagFile.py", line 92, in loadForecastToSnowflake
    cur = return_snowflake_conn()
          ^^^^^^^^^^^^^^^^^^^^^^^
  File "/opt/airflow/dags/Conn_Forcasting_DagFile.py", line 15, in return_snowflake_conn
    conn = hook.get_conn()
           ^^^^^^^^^^^^^^^
  File "/home/airflow/.local/lib/python3.12/site-packages/airflow/providers/snowflake/hooks/snowflake.py", line 286, in get_conn
    conn_config = self._get_conn_params()
                  ^^^^^^^^^^^^^^^^^^^^^^^
  File "/home/airflow/.local/lib/python3.12/site-packages/airflow/providers/snowflake/hooks/snowflake.py", line 185, in _get_conn_params
    conn = self.get_connection(self.snowflake_conn_id)  # type: ignore[attr-defined]
           ^^^^^^^^^^^^^^^^^^^^^^^^^^^^^^^^^^^^^^^^^^^
  File "/home/airflow/.local/lib/python3.12/site-packages/airflow/hooks/base.py", line 83, in get_connection
    conn = Connection.get_connection_from_secrets(conn_id)
           ^^^^^^^^^^^^^^^^^^^^^^^^^^^^^^^^^^^^^^^^^^^^^^^
  File "/home/airflow/.local/lib/python3.12/site-packages/airflow/models/connection.py", line 519, in get_connection_from_secrets
    raise AirflowNotFoundException(f"The conn_id `{conn_id}` isn't defined")
airflow.exceptions.AirflowNotFoundException: The conn_id `snowflake_Forcasting` isn't defined
[2024-11-12T02:05:23.417+0000] {taskinstance.py:1206} INFO - Marking task as FAILED. dag_id=StockForcastingNext7WorkingDaysTodayOnward, task_id=loadForecastToSnowflake, run_id=manual__2024-11-12T02:00:53.215720+00:00, execution_date=20241112T020053, start_date=20241112T020520, end_date=20241112T020523
[2024-11-12T02:05:23.498+0000] {standard_task_runner.py:110} ERROR - Failed to execute job 114 for task loadForecastToSnowflake (The conn_id `snowflake_Forcasting` isn't defined; 7557)
[2024-11-12T02:05:23.599+0000] {local_task_job_runner.py:240} INFO - Task exited with return code 1
[2024-11-12T02:05:23.751+0000] {taskinstance.py:3498} INFO - 0 downstream tasks scheduled from follow-on schedule check
[2024-11-12T02:05:23.762+0000] {local_task_job_runner.py:222} INFO - ::endgroup::
