[2024-11-14T09:18:47.254+0000] {local_task_job_runner.py:120} INFO - ::group::Pre task execution logs
[2024-11-14T09:18:47.343+0000] {taskinstance.py:2076} INFO - Dependencies all met for dep_context=non-requeueable deps ti=<TaskInstance: stock_price_analytics_extended.predictNext7Days__1 manual__2024-11-14T09:12:01.782987+00:00 [queued]>
[2024-11-14T09:18:47.369+0000] {taskinstance.py:2076} INFO - Dependencies all met for dep_context=requeueable deps ti=<TaskInstance: stock_price_analytics_extended.predictNext7Days__1 manual__2024-11-14T09:12:01.782987+00:00 [queued]>
[2024-11-14T09:18:47.371+0000] {taskinstance.py:2306} INFO - Starting attempt 1 of 2
[2024-11-14T09:18:47.414+0000] {taskinstance.py:2330} INFO - Executing <Task(_PythonDecoratedOperator): predictNext7Days__1> on 2024-11-14 09:12:01.782987+00:00
[2024-11-14T09:18:47.448+0000] {standard_task_runner.py:90} INFO - Running: ['***', 'tasks', 'run', 'stock_price_analytics_extended', 'predictNext7Days__1', 'manual__2024-11-14T09:12:01.782987+00:00', '--job-id', '216', '--raw', '--subdir', 'DAGS_FOLDER/Conn_Forcasting_DagFile.py', '--cfg-path', '/tmp/tmprdzuy55l']
[2024-11-14T09:18:47.458+0000] {standard_task_runner.py:91} INFO - Job 216: Subtask predictNext7Days__1
[2024-11-14T09:18:47.482+0000] {logging_mixin.py:188} WARNING - /home/***/.local/lib/python3.12/site-packages/***/task/task_runner/standard_task_runner.py:61 DeprecationWarning: This process (pid=873) is multi-threaded, use of fork() may lead to deadlocks in the child.
[2024-11-14T09:18:47.486+0000] {standard_task_runner.py:63} INFO - Started process 886 to run task
[2024-11-14T09:18:47.698+0000] {task_command.py:426} INFO - Running <TaskInstance: stock_price_analytics_extended.predictNext7Days__1 manual__2024-11-14T09:12:01.782987+00:00 [running]> on host 6ae3c51099ff
[2024-11-14T09:18:50.185+0000] {taskinstance.py:2648} INFO - Exporting env vars: AIRFLOW_CTX_DAG_OWNER='***' AIRFLOW_CTX_DAG_ID='stock_price_analytics_extended' AIRFLOW_CTX_TASK_ID='predictNext7Days__1' AIRFLOW_CTX_EXECUTION_DATE='2024-11-14T09:12:01.782987+00:00' AIRFLOW_CTX_TRY_NUMBER='1' AIRFLOW_CTX_DAG_RUN_ID='manual__2024-11-14T09:12:01.782987+00:00'
[2024-11-14T09:18:50.195+0000] {taskinstance.py:430} INFO - ::endgroup::
[2024-11-14T09:19:37.010+0000] {python.py:237} INFO - Done. Returned value was:                         date    open    high  ...   close       volume  symbol
0 2024-11-15 09:19:36.949166  147.88  149.54  ...  147.09  197457326.0    NVDA
1 2024-11-16 09:19:36.949186  147.77  149.61  ...  147.34  194686070.0    NVDA
2 2024-11-17 09:19:36.949191  148.08  149.54  ...  146.93  191846855.0    NVDA
3 2024-11-18 09:19:36.949194  147.91  149.61  ...  147.26  191791895.0    NVDA
4 2024-11-19 09:19:36.949198  147.76  149.56  ...  147.14  194284203.0    NVDA
5 2024-11-20 09:19:36.949202  147.96  149.57  ...  147.07  193243187.0    NVDA
6 2024-11-21 09:19:36.949205  147.88  149.57  ...  147.14  193713881.0    NVDA

[7 rows x 7 columns]
[2024-11-14T09:19:37.200+0000] {taskinstance.py:441} INFO - ::group::Post task execution logs
[2024-11-14T09:19:37.340+0000] {taskinstance.py:1206} INFO - Marking task as SUCCESS. dag_id=stock_price_analytics_extended, task_id=predictNext7Days__1, run_id=manual__2024-11-14T09:12:01.782987+00:00, execution_date=20241114T091201, start_date=20241114T091847, end_date=20241114T091937
[2024-11-14T09:19:37.509+0000] {local_task_job_runner.py:240} INFO - Task exited with return code 0
[2024-11-14T09:19:37.579+0000] {taskinstance.py:3498} INFO - 1 downstream tasks scheduled from follow-on schedule check
[2024-11-14T09:19:37.584+0000] {local_task_job_runner.py:222} INFO - ::endgroup::
