[2024-11-14T19:31:32.129+0000] {local_task_job_runner.py:120} INFO - ::group::Pre task execution logs
[2024-11-14T19:31:32.296+0000] {taskinstance.py:2076} INFO - Dependencies all met for dep_context=non-requeueable deps ti=<TaskInstance: stock_price_analytics_extended.predictNext7Days manual__2024-11-14T19:29:53.168834+00:00 [queued]>
[2024-11-14T19:31:32.380+0000] {taskinstance.py:2076} INFO - Dependencies all met for dep_context=requeueable deps ti=<TaskInstance: stock_price_analytics_extended.predictNext7Days manual__2024-11-14T19:29:53.168834+00:00 [queued]>
[2024-11-14T19:31:32.392+0000] {taskinstance.py:2306} INFO - Starting attempt 1 of 2
[2024-11-14T19:31:32.457+0000] {taskinstance.py:2330} INFO - Executing <Task(_PythonDecoratedOperator): predictNext7Days> on 2024-11-14 19:29:53.168834+00:00
[2024-11-14T19:31:32.494+0000] {standard_task_runner.py:90} INFO - Running: ['***', 'tasks', 'run', 'stock_price_analytics_extended', 'predictNext7Days', 'manual__2024-11-14T19:29:53.168834+00:00', '--job-id', '247', '--raw', '--subdir', 'DAGS_FOLDER/Conn_Forcasting_DagFile.py', '--cfg-path', '/tmp/tmp_zg7zmkd']
[2024-11-14T19:31:32.501+0000] {standard_task_runner.py:91} INFO - Job 247: Subtask predictNext7Days
[2024-11-14T19:31:32.539+0000] {logging_mixin.py:188} WARNING - /home/***/.local/lib/python3.12/site-packages/***/task/task_runner/standard_task_runner.py:61 DeprecationWarning: This process (pid=3779) is multi-threaded, use of fork() may lead to deadlocks in the child.
[2024-11-14T19:31:32.543+0000] {standard_task_runner.py:63} INFO - Started process 3802 to run task
[2024-11-14T19:31:32.706+0000] {task_command.py:426} INFO - Running <TaskInstance: stock_price_analytics_extended.predictNext7Days manual__2024-11-14T19:29:53.168834+00:00 [running]> on host 885fea738fe5
[2024-11-14T19:31:33.991+0000] {taskinstance.py:2648} INFO - Exporting env vars: AIRFLOW_CTX_DAG_OWNER='***' AIRFLOW_CTX_DAG_ID='stock_price_analytics_extended' AIRFLOW_CTX_TASK_ID='predictNext7Days' AIRFLOW_CTX_EXECUTION_DATE='2024-11-14T19:29:53.168834+00:00' AIRFLOW_CTX_TRY_NUMBER='1' AIRFLOW_CTX_DAG_RUN_ID='manual__2024-11-14T19:29:53.168834+00:00'
[2024-11-14T19:31:33.994+0000] {taskinstance.py:430} INFO - ::endgroup::
[2024-11-14T19:32:28.406+0000] {python.py:237} INFO - Done. Returned value was:                         date    open    high     low   close     volume symbol
0 2024-11-15 19:32:28.353459  165.94  169.79  163.31  165.52  9048103.0   QCOM
1 2024-11-16 19:32:28.353477  167.43  171.56  164.85  167.23  9625698.0   QCOM
2 2024-11-17 19:32:28.353481  168.69  172.43  165.74  167.46  8694219.0   QCOM
3 2024-11-18 19:32:28.353485  168.42  171.90  164.96  165.90  7565213.0   QCOM
4 2024-11-19 19:32:28.353488  167.01  169.28  164.11  165.18  8137808.0   QCOM
5 2024-11-20 19:32:28.353492  166.07  167.43  163.52  164.88  7534822.0   QCOM
6 2024-11-21 19:32:28.353496  165.80  167.45  163.19  165.06  8027318.0   QCOM
[2024-11-14T19:32:28.439+0000] {taskinstance.py:441} INFO - ::group::Post task execution logs
[2024-11-14T19:32:28.530+0000] {taskinstance.py:1206} INFO - Marking task as SUCCESS. dag_id=stock_price_analytics_extended, task_id=predictNext7Days, run_id=manual__2024-11-14T19:29:53.168834+00:00, execution_date=20241114T192953, start_date=20241114T193132, end_date=20241114T193228
[2024-11-14T19:32:28.722+0000] {local_task_job_runner.py:240} INFO - Task exited with return code 0
[2024-11-14T19:32:28.807+0000] {taskinstance.py:3498} INFO - 1 downstream tasks scheduled from follow-on schedule check
[2024-11-14T19:32:28.811+0000] {local_task_job_runner.py:222} INFO - ::endgroup::
