[2024-11-12T01:27:36.505+0000] {local_task_job_runner.py:120} INFO - ::group::Pre task execution logs
[2024-11-12T01:27:36.620+0000] {taskinstance.py:2076} INFO - Dependencies all met for dep_context=non-requeueable deps ti=<TaskInstance: YfinanceToSnowflake.extract manual__2024-11-12T01:27:27.823450+00:00 [queued]>
[2024-11-12T01:27:36.644+0000] {taskinstance.py:2076} INFO - Dependencies all met for dep_context=requeueable deps ti=<TaskInstance: YfinanceToSnowflake.extract manual__2024-11-12T01:27:27.823450+00:00 [queued]>
[2024-11-12T01:27:36.645+0000] {taskinstance.py:2306} INFO - Starting attempt 1 of 1
[2024-11-12T01:27:36.680+0000] {taskinstance.py:2330} INFO - Executing <Task(_PythonDecoratedOperator): extract> on 2024-11-12 01:27:27.823450+00:00
[2024-11-12T01:27:36.717+0000] {logging_mixin.py:188} WARNING - /home/***/.local/lib/python3.12/site-packages/***/task/task_runner/standard_task_runner.py:61 DeprecationWarning: This process (pid=5583) is multi-threaded, use of fork() may lead to deadlocks in the child.
[2024-11-12T01:27:36.724+0000] {standard_task_runner.py:63} INFO - Started process 5592 to run task
[2024-11-12T01:27:36.706+0000] {standard_task_runner.py:90} INFO - Running: ['***', 'tasks', 'run', 'YfinanceToSnowflake', 'extract', 'manual__2024-11-12T01:27:27.823450+00:00', '--job-id', '79', '--raw', '--subdir', 'DAGS_FOLDER/yfinance_to_snowflake.py', '--cfg-path', '/tmp/tmp7gjg9io6']
[2024-11-12T01:27:36.731+0000] {standard_task_runner.py:91} INFO - Job 79: Subtask extract
[2024-11-12T01:27:36.920+0000] {task_command.py:426} INFO - Running <TaskInstance: YfinanceToSnowflake.extract manual__2024-11-12T01:27:27.823450+00:00 [running]> on host d99256b0cb87
[2024-11-12T01:27:37.531+0000] {taskinstance.py:2648} INFO - Exporting env vars: AIRFLOW_CTX_DAG_OWNER='***' AIRFLOW_CTX_DAG_ID='YfinanceToSnowflake' AIRFLOW_CTX_TASK_ID='extract' AIRFLOW_CTX_EXECUTION_DATE='2024-11-12T01:27:27.823450+00:00' AIRFLOW_CTX_TRY_NUMBER='1' AIRFLOW_CTX_DAG_RUN_ID='manual__2024-11-12T01:27:27.823450+00:00'
[2024-11-12T01:27:37.539+0000] {taskinstance.py:430} INFO - ::endgroup::
[2024-11-12T01:27:37.546+0000] {logging_mixin.py:188} INFO - Fetching data for AAPL from 2024-11-12 to 2024-11-13
[2024-11-12T01:27:41.189+0000] {logging_mixin.py:188} WARNING - [*********************100%***********************]  1 of 1 completed
[2024-11-12T01:27:41.193+0000] {multi.py:171} ERROR - 
1 Failed download:
[2024-11-12T01:27:41.194+0000] {multi.py:184} ERROR - ['AAPL']: YFPricesMissingError('$%ticker%: possibly delisted; no price data found  (1d 2024-11-12 -> 2024-11-13) (Yahoo error = "Data doesn\'t exist for startDate = 1731387600, endDate = 1731474000")')
[2024-11-12T01:27:41.200+0000] {logging_mixin.py:188} INFO - No data found for AAPL from 2024-11-12 to 2024-11-13. Skipping.
[2024-11-12T01:27:41.222+0000] {python.py:237} INFO - Done. Returned value was: None
[2024-11-12T01:27:41.238+0000] {taskinstance.py:441} INFO - ::group::Post task execution logs
[2024-11-12T01:27:41.406+0000] {taskinstance.py:1206} INFO - Marking task as SUCCESS. dag_id=YfinanceToSnowflake, task_id=extract, run_id=manual__2024-11-12T01:27:27.823450+00:00, execution_date=20241112T012727, start_date=20241112T012736, end_date=20241112T012741
[2024-11-12T01:27:41.607+0000] {local_task_job_runner.py:240} INFO - Task exited with return code 0
[2024-11-12T01:27:41.886+0000] {taskinstance.py:3498} INFO - 1 downstream tasks scheduled from follow-on schedule check
[2024-11-12T01:27:41.904+0000] {local_task_job_runner.py:222} INFO - ::endgroup::
