[2024-11-15T02:33:26.517+0000] {local_task_job_runner.py:120} INFO - ::group::Pre task execution logs
[2024-11-15T02:33:26.587+0000] {taskinstance.py:2076} INFO - Dependencies all met for dep_context=non-requeueable deps ti=<TaskInstance: YfinanceToSnowflake.dbt_snapshot scheduled__2024-11-14T02:30:00+00:00 [queued]>
[2024-11-15T02:33:26.629+0000] {taskinstance.py:2076} INFO - Dependencies all met for dep_context=requeueable deps ti=<TaskInstance: YfinanceToSnowflake.dbt_snapshot scheduled__2024-11-14T02:30:00+00:00 [queued]>
[2024-11-15T02:33:26.634+0000] {taskinstance.py:2306} INFO - Starting attempt 1 of 1
[2024-11-15T02:33:26.672+0000] {taskinstance.py:2330} INFO - Executing <Task(BashOperator): dbt_snapshot> on 2024-11-14 02:30:00+00:00
[2024-11-15T02:33:26.693+0000] {logging_mixin.py:188} WARNING - /home/***/.local/lib/python3.12/site-packages/***/task/task_runner/standard_task_runner.py:61 DeprecationWarning: This process (pid=11514) is multi-threaded, use of fork() may lead to deadlocks in the child.
[2024-11-15T02:33:26.692+0000] {standard_task_runner.py:90} INFO - Running: ['***', 'tasks', 'run', 'YfinanceToSnowflake', 'dbt_snapshot', 'scheduled__2024-11-14T02:30:00+00:00', '--job-id', '343', '--raw', '--subdir', 'DAGS_FOLDER/yfinance_to_snowflake.py', '--cfg-path', '/tmp/tmpoc7omyw4']
[2024-11-15T02:33:26.696+0000] {standard_task_runner.py:63} INFO - Started process 11517 to run task
[2024-11-15T02:33:26.698+0000] {standard_task_runner.py:91} INFO - Job 343: Subtask dbt_snapshot
[2024-11-15T02:33:26.810+0000] {task_command.py:426} INFO - Running <TaskInstance: YfinanceToSnowflake.dbt_snapshot scheduled__2024-11-14T02:30:00+00:00 [running]> on host 5bbe89177473
[2024-11-15T02:33:27.112+0000] {taskinstance.py:2648} INFO - Exporting env vars: AIRFLOW_CTX_DAG_OWNER='***' AIRFLOW_CTX_DAG_ID='YfinanceToSnowflake' AIRFLOW_CTX_TASK_ID='dbt_snapshot' AIRFLOW_CTX_EXECUTION_DATE='2024-11-14T02:30:00+00:00' AIRFLOW_CTX_TRY_NUMBER='1' AIRFLOW_CTX_DAG_RUN_ID='scheduled__2024-11-14T02:30:00+00:00'
[2024-11-15T02:33:27.121+0000] {taskinstance.py:430} INFO - ::endgroup::
[2024-11-15T02:33:27.124+0000] {subprocess.py:63} INFO - Tmp dir root location: /tmp
[2024-11-15T02:33:27.127+0000] {subprocess.py:75} INFO - Running command: ['/usr/bin/bash', '-c', 'cd /opt/***/stocks_mau && dbt snapshot --profiles-dir /opt/***/stocks_mau']
[2024-11-15T02:33:27.158+0000] {subprocess.py:86} INFO - Output:
[2024-11-15T02:33:39.675+0000] {subprocess.py:93} INFO - [0m02:33:39  Running with dbt=1.8.7
[2024-11-15T02:33:46.418+0000] {subprocess.py:93} INFO - [0m02:33:46  Registered adapter: snowflake=1.8.4
[2024-11-15T02:33:50.180+0000] {subprocess.py:93} INFO - [0m02:33:50  Found 2 snapshots, 2 models, 4 data tests, 1 source, 459 macros
[2024-11-15T02:33:50.191+0000] {subprocess.py:93} INFO - [0m02:33:50
[2024-11-15T02:33:52.633+0000] {subprocess.py:93} INFO - [0m02:33:52  Concurrency: 1 threads (target='dev')
[2024-11-15T02:33:52.636+0000] {subprocess.py:93} INFO - [0m02:33:52
[2024-11-15T02:33:52.725+0000] {subprocess.py:93} INFO - [0m02:33:52  1 of 2 START snapshot analytics.dma_snapshot ................................... [RUN]
[2024-11-15T02:34:01.562+0000] {subprocess.py:93} INFO - [0m02:34:01  1 of 2 OK snapshotted analytics.dma_snapshot ................................... [[32mSUCCESS 0[0m in 8.83s]
[2024-11-15T02:34:01.581+0000] {subprocess.py:93} INFO - [0m02:34:01  2 of 2 START snapshot analytics.rsi_snapshot ................................... [RUN]
[2024-11-15T02:34:06.580+0000] {subprocess.py:93} INFO - [0m02:34:06  2 of 2 OK snapshotted analytics.rsi_snapshot ................................... [[32mSUCCESS 0[0m in 4.97s]
[2024-11-15T02:34:06.662+0000] {subprocess.py:93} INFO - [0m02:34:06
[2024-11-15T02:34:06.683+0000] {subprocess.py:93} INFO - [0m02:34:06  Finished running 2 snapshots in 0 hours 0 minutes and 16.47 seconds (16.47s).
[2024-11-15T02:34:07.424+0000] {subprocess.py:93} INFO - [0m02:34:07
[2024-11-15T02:34:07.425+0000] {subprocess.py:93} INFO - [0m02:34:07  [32mCompleted successfully[0m
[2024-11-15T02:34:07.554+0000] {subprocess.py:93} INFO - [0m02:34:07
[2024-11-15T02:34:07.611+0000] {subprocess.py:93} INFO - [0m02:34:07  Done. PASS=2 WARN=0 ERROR=0 SKIP=0 TOTAL=2
[2024-11-15T02:34:11.140+0000] {subprocess.py:97} INFO - Command exited with return code 0
[2024-11-15T02:34:11.142+0000] {taskinstance.py:441} INFO - ::group::Post task execution logs
[2024-11-15T02:34:11.217+0000] {taskinstance.py:1206} INFO - Marking task as SUCCESS. dag_id=YfinanceToSnowflake, task_id=dbt_snapshot, run_id=scheduled__2024-11-14T02:30:00+00:00, execution_date=20241114T023000, start_date=20241115T023326, end_date=20241115T023411
[2024-11-15T02:34:11.274+0000] {local_task_job_runner.py:240} INFO - Task exited with return code 0
[2024-11-15T02:34:11.320+0000] {taskinstance.py:3498} INFO - 0 downstream tasks scheduled from follow-on schedule check
[2024-11-15T02:34:11.324+0000] {local_task_job_runner.py:222} INFO - ::endgroup::
