[2024-11-15T00:05:37.387+0000] {local_task_job_runner.py:120} INFO - ::group::Pre task execution logs
[2024-11-15T00:05:38.011+0000] {taskinstance.py:2076} INFO - Dependencies all met for dep_context=non-requeueable deps ti=<TaskInstance: YfinanceToSnowflake.dbt_run manual__2024-11-15T00:05:18.373012+00:00 [queued]>
[2024-11-15T00:05:38.310+0000] {taskinstance.py:2076} INFO - Dependencies all met for dep_context=requeueable deps ti=<TaskInstance: YfinanceToSnowflake.dbt_run manual__2024-11-15T00:05:18.373012+00:00 [queued]>
[2024-11-15T00:05:38.343+0000] {taskinstance.py:2306} INFO - Starting attempt 1 of 1
[2024-11-15T00:05:38.983+0000] {taskinstance.py:2330} INFO - Executing <Task(BashOperator): dbt_run> on 2024-11-15 00:05:18.373012+00:00
[2024-11-15T00:05:39.199+0000] {standard_task_runner.py:90} INFO - Running: ['***', 'tasks', 'run', 'YfinanceToSnowflake', 'dbt_run', 'manual__2024-11-15T00:05:18.373012+00:00', '--job-id', '290', '--raw', '--subdir', 'DAGS_FOLDER/yfinance_to_snowflake.py', '--cfg-path', '/tmp/tmpjq13w6an']
[2024-11-15T00:05:39.245+0000] {standard_task_runner.py:91} INFO - Job 290: Subtask dbt_run
[2024-11-15T00:05:39.270+0000] {logging_mixin.py:188} WARNING - /home/***/.local/lib/python3.12/site-packages/***/task/task_runner/standard_task_runner.py:61 DeprecationWarning: This process (pid=4645) is multi-threaded, use of fork() may lead to deadlocks in the child.
[2024-11-15T00:05:39.273+0000] {standard_task_runner.py:63} INFO - Started process 4657 to run task
[2024-11-15T00:05:39.869+0000] {task_command.py:426} INFO - Running <TaskInstance: YfinanceToSnowflake.dbt_run manual__2024-11-15T00:05:18.373012+00:00 [running]> on host 5bbe89177473
[2024-11-15T00:05:40.857+0000] {taskinstance.py:2648} INFO - Exporting env vars: AIRFLOW_CTX_DAG_OWNER='***' AIRFLOW_CTX_DAG_ID='YfinanceToSnowflake' AIRFLOW_CTX_TASK_ID='dbt_run' AIRFLOW_CTX_EXECUTION_DATE='2024-11-15T00:05:18.373012+00:00' AIRFLOW_CTX_TRY_NUMBER='1' AIRFLOW_CTX_DAG_RUN_ID='manual__2024-11-15T00:05:18.373012+00:00'
[2024-11-15T00:05:40.865+0000] {taskinstance.py:430} INFO - ::endgroup::
[2024-11-15T00:05:40.880+0000] {subprocess.py:63} INFO - Tmp dir root location: /tmp
[2024-11-15T00:05:40.895+0000] {subprocess.py:75} INFO - Running command: ['/usr/bin/bash', '-c', 'cd /opt/***/stocks_mau && dbt run --profiles-dir /opt/***/stocks_mau']
[2024-11-15T00:05:41.338+0000] {subprocess.py:86} INFO - Output:
[2024-11-15T00:06:36.587+0000] {subprocess.py:93} INFO - [0m00:06:36  Running with dbt=1.8.7
[2024-11-15T00:07:11.720+0000] {subprocess.py:93} INFO - [0m00:07:11  Registered adapter: snowflake=1.8.4
[2024-11-15T00:07:34.502+0000] {subprocess.py:93} INFO - [0m00:07:34  Encountered an error:
[2024-11-15T00:07:35.487+0000] {subprocess.py:93} INFO - Compilation Error
[2024-11-15T00:07:35.616+0000] {subprocess.py:93} INFO -   Snapshot 'snapshot.stocks_mau.dma_snapshot' (snapshots/snaps.sql) depends on a node named 'DMA' which was not found
[2024-11-15T00:07:53.035+0000] {subprocess.py:97} INFO - Command exited with return code 2
[2024-11-15T00:07:53.055+0000] {taskinstance.py:441} INFO - ::group::Post task execution logs
[2024-11-15T00:07:53.369+0000] {taskinstance.py:2905} ERROR - Task failed with exception
Traceback (most recent call last):
  File "/home/airflow/.local/lib/python3.12/site-packages/airflow/models/taskinstance.py", line 465, in _execute_task
    result = _execute_callable(context=context, **execute_callable_kwargs)
             ^^^^^^^^^^^^^^^^^^^^^^^^^^^^^^^^^^^^^^^^^^^^^^^^^^^^^^^^^^^^^
  File "/home/airflow/.local/lib/python3.12/site-packages/airflow/models/taskinstance.py", line 432, in _execute_callable
    return execute_callable(context=context, **execute_callable_kwargs)
           ^^^^^^^^^^^^^^^^^^^^^^^^^^^^^^^^^^^^^^^^^^^^^^^^^^^^^^^^^^^^
  File "/home/airflow/.local/lib/python3.12/site-packages/airflow/models/baseoperator.py", line 400, in wrapper
    return func(self, *args, **kwargs)
           ^^^^^^^^^^^^^^^^^^^^^^^^^^^
  File "/home/airflow/.local/lib/python3.12/site-packages/airflow/operators/bash.py", line 243, in execute
    raise AirflowException(
airflow.exceptions.AirflowException: Bash command failed. The command returned a non-zero exit code 2.
[2024-11-15T00:07:53.472+0000] {taskinstance.py:1206} INFO - Marking task as FAILED. dag_id=YfinanceToSnowflake, task_id=dbt_run, run_id=manual__2024-11-15T00:05:18.373012+00:00, execution_date=20241115T000518, start_date=20241115T000538, end_date=20241115T000753
[2024-11-15T00:07:53.711+0000] {standard_task_runner.py:110} ERROR - Failed to execute job 290 for task dbt_run (Bash command failed. The command returned a non-zero exit code 2.; 4657)
[2024-11-15T00:07:53.804+0000] {local_task_job_runner.py:240} INFO - Task exited with return code 1
[2024-11-15T00:07:53.879+0000] {local_task_job_runner.py:222} INFO - ::endgroup::
