[2024-11-15T01:19:28.136+0000] {local_task_job_runner.py:120} INFO - ::group::Pre task execution logs
[2024-11-15T01:19:28.697+0000] {taskinstance.py:2076} INFO - Dependencies all met for dep_context=non-requeueable deps ti=<TaskInstance: YfinanceToSnowflake.dbt_run manual__2024-11-15T01:19:00.437497+00:00 [queued]>
[2024-11-15T01:19:28.788+0000] {taskinstance.py:2076} INFO - Dependencies all met for dep_context=requeueable deps ti=<TaskInstance: YfinanceToSnowflake.dbt_run manual__2024-11-15T01:19:00.437497+00:00 [queued]>
[2024-11-15T01:19:28.792+0000] {taskinstance.py:2306} INFO - Starting attempt 1 of 1
[2024-11-15T01:19:28.970+0000] {taskinstance.py:2330} INFO - Executing <Task(BashOperator): dbt_run> on 2024-11-15 01:19:00.437497+00:00
[2024-11-15T01:19:29.106+0000] {logging_mixin.py:188} WARNING - /home/***/.local/lib/python3.12/site-packages/***/task/task_runner/standard_task_runner.py:61 DeprecationWarning: This process (pid=8101) is multi-threaded, use of fork() may lead to deadlocks in the child.
[2024-11-15T01:19:29.121+0000] {standard_task_runner.py:63} INFO - Started process 8134 to run task
[2024-11-15T01:19:29.114+0000] {standard_task_runner.py:90} INFO - Running: ['***', 'tasks', 'run', 'YfinanceToSnowflake', 'dbt_run', 'manual__2024-11-15T01:19:00.437497+00:00', '--job-id', '325', '--raw', '--subdir', 'DAGS_FOLDER/Conn_Forcasting_DagFile.py', '--cfg-path', '/tmp/tmpoe2jd44t']
[2024-11-15T01:19:29.166+0000] {standard_task_runner.py:91} INFO - Job 325: Subtask dbt_run
[2024-11-15T01:19:30.029+0000] {task_command.py:426} INFO - Running <TaskInstance: YfinanceToSnowflake.dbt_run manual__2024-11-15T01:19:00.437497+00:00 [running]> on host 5bbe89177473
[2024-11-15T01:20:05.486+0000] {taskinstance.py:2648} INFO - Exporting env vars: AIRFLOW_CTX_DAG_OWNER='***' AIRFLOW_CTX_DAG_ID='YfinanceToSnowflake' AIRFLOW_CTX_TASK_ID='dbt_run' AIRFLOW_CTX_EXECUTION_DATE='2024-11-15T01:19:00.437497+00:00' AIRFLOW_CTX_TRY_NUMBER='1' AIRFLOW_CTX_DAG_RUN_ID='manual__2024-11-15T01:19:00.437497+00:00'
[2024-11-15T01:20:05.510+0000] {taskinstance.py:430} INFO - ::endgroup::
[2024-11-15T01:20:05.524+0000] {subprocess.py:63} INFO - Tmp dir root location: /tmp
[2024-11-15T01:20:05.540+0000] {subprocess.py:75} INFO - Running command: ['/usr/bin/bash', '-c', 'cd /opt/***/stocks_mau && dbt run --profiles-dir /opt/***/stocks_mau']
[2024-11-15T01:20:05.707+0000] {subprocess.py:86} INFO - Output:
[2024-11-15T01:21:24.277+0000] {subprocess.py:93} INFO - [0m01:21:24  Running with dbt=1.8.7
[2024-11-15T01:21:50.257+0000] {subprocess.py:93} INFO - [0m01:21:50  Registered adapter: snowflake=1.8.4
[2024-11-15T01:22:11.709+0000] {subprocess.py:93} INFO - [0m01:22:11  Found 2 snapshots, 2 models, 4 data tests, 1 source, 459 macros
[2024-11-15T01:22:11.811+0000] {subprocess.py:93} INFO - [0m01:22:11
[2024-11-15T01:22:21.682+0000] {subprocess.py:93} INFO - [0m01:22:21  Concurrency: 1 threads (target='dev')
[2024-11-15T01:22:21.816+0000] {subprocess.py:93} INFO - [0m01:22:21
[2024-11-15T01:22:22.204+0000] {subprocess.py:93} INFO - [0m01:22:22  1 of 2 START sql incremental model analytics.moving_average .................... [RUN]
[2024-11-15T01:22:34.227+0000] {subprocess.py:93} INFO - [0m01:22:34  1 of 2 OK created sql incremental model analytics.moving_average ............... [[32mSUCCESS 0[0m in 11.91s]
[2024-11-15T01:22:34.812+0000] {subprocess.py:93} INFO - [0m01:22:34  2 of 2 START sql incremental model analytics.rsi ............................... [RUN]
[2024-11-15T01:22:42.020+0000] {subprocess.py:93} INFO - [0m01:22:42  2 of 2 OK created sql incremental model analytics.rsi .......................... [[32mSUCCESS 0[0m in 7.17s]
[2024-11-15T01:22:42.150+0000] {subprocess.py:93} INFO - [0m01:22:42
[2024-11-15T01:22:42.161+0000] {subprocess.py:93} INFO - [0m01:22:42  Finished running 2 incremental models in 0 hours 0 minutes and 30.28 seconds (30.28s).
[2024-11-15T01:22:43.814+0000] {subprocess.py:93} INFO - [0m01:22:43
[2024-11-15T01:22:43.924+0000] {subprocess.py:93} INFO - [0m01:22:43  [32mCompleted successfully[0m
[2024-11-15T01:22:43.965+0000] {subprocess.py:93} INFO - [0m01:22:43
[2024-11-15T01:22:44.015+0000] {subprocess.py:93} INFO - [0m01:22:43  Done. PASS=2 WARN=0 ERROR=0 SKIP=0 TOTAL=2
[2024-11-15T01:23:04.368+0000] {subprocess.py:97} INFO - Command exited with return code 0
[2024-11-15T01:23:04.433+0000] {taskinstance.py:441} INFO - ::group::Post task execution logs
[2024-11-15T01:23:05.792+0000] {taskinstance.py:1206} INFO - Marking task as SUCCESS. dag_id=YfinanceToSnowflake, task_id=dbt_run, run_id=manual__2024-11-15T01:19:00.437497+00:00, execution_date=20241115T011900, start_date=20241115T011928, end_date=20241115T012305
[2024-11-15T01:23:06.327+0000] {local_task_job_runner.py:240} INFO - Task exited with return code 0
[2024-11-15T01:23:06.973+0000] {taskinstance.py:3498} INFO - 0 downstream tasks scheduled from follow-on schedule check
[2024-11-15T01:23:07.044+0000] {local_task_job_runner.py:222} INFO - ::endgroup::
