[2024-11-12T03:28:31.087+0000] {local_task_job_runner.py:120} INFO - ::group::Pre task execution logs
[2024-11-12T03:28:31.139+0000] {taskinstance.py:2076} INFO - Dependencies all met for dep_context=non-requeueable deps ti=<TaskInstance: stock_price_analytics_extended.predictNext7Days__1 scheduled__2024-11-11T00:00:00+00:00 [queued]>
[2024-11-12T03:28:31.156+0000] {taskinstance.py:2076} INFO - Dependencies all met for dep_context=requeueable deps ti=<TaskInstance: stock_price_analytics_extended.predictNext7Days__1 scheduled__2024-11-11T00:00:00+00:00 [queued]>
[2024-11-12T03:28:31.157+0000] {taskinstance.py:2306} INFO - Starting attempt 1 of 2
[2024-11-12T03:28:31.179+0000] {taskinstance.py:2330} INFO - Executing <Task(_PythonDecoratedOperator): predictNext7Days__1> on 2024-11-11 00:00:00+00:00
[2024-11-12T03:28:31.198+0000] {logging_mixin.py:188} WARNING - /home/***/.local/lib/python3.12/site-packages/***/task/task_runner/standard_task_runner.py:61 DeprecationWarning: This process (pid=11129) is multi-threaded, use of fork() may lead to deadlocks in the child.
[2024-11-12T03:28:31.200+0000] {standard_task_runner.py:63} INFO - Started process 11140 to run task
[2024-11-12T03:28:31.198+0000] {standard_task_runner.py:90} INFO - Running: ['***', 'tasks', 'run', 'stock_price_analytics_extended', 'predictNext7Days__1', 'scheduled__2024-11-11T00:00:00+00:00', '--job-id', '137', '--raw', '--subdir', 'DAGS_FOLDER/Conn_Forcasting_DagFile.py', '--cfg-path', '/tmp/tmpdkyhady5']
[2024-11-12T03:28:31.204+0000] {standard_task_runner.py:91} INFO - Job 137: Subtask predictNext7Days__1
[2024-11-12T03:28:31.298+0000] {task_command.py:426} INFO - Running <TaskInstance: stock_price_analytics_extended.predictNext7Days__1 scheduled__2024-11-11T00:00:00+00:00 [running]> on host d99256b0cb87
[2024-11-12T03:28:31.909+0000] {taskinstance.py:2648} INFO - Exporting env vars: AIRFLOW_CTX_DAG_OWNER='***' AIRFLOW_CTX_DAG_ID='stock_price_analytics_extended' AIRFLOW_CTX_TASK_ID='predictNext7Days__1' AIRFLOW_CTX_EXECUTION_DATE='2024-11-11T00:00:00+00:00' AIRFLOW_CTX_TRY_NUMBER='1' AIRFLOW_CTX_DAG_RUN_ID='scheduled__2024-11-11T00:00:00+00:00'
[2024-11-12T03:28:31.914+0000] {taskinstance.py:430} INFO - ::endgroup::
[2024-11-12T03:28:33.209+0000] {python.py:237} INFO - Done. Returned value was:                         date    open    high  ...   close       volume  symbol
0 2024-11-13 03:28:33.196149  149.10  147.65  ...  142.86  187724617.0    NVDA
1 2024-11-14 03:28:33.196164  148.10  147.13  ...  140.60  187064846.0    NVDA
2 2024-11-15 03:28:33.196168  147.38  146.91  ...  139.94  200732361.0    NVDA
3 2024-11-16 03:28:33.196172  146.85  147.09  ...  140.12  193734929.0    NVDA
4 2024-11-17 03:28:33.196175  146.57  147.26  ...  140.88  187987342.0    NVDA
5 2024-11-18 03:28:33.196179  146.39  147.36  ...  141.84  188913250.0    NVDA
6 2024-11-19 03:28:33.196182  146.51  147.40  ...  142.49  189849246.0    NVDA

[7 rows x 7 columns]
[2024-11-12T03:28:33.242+0000] {taskinstance.py:441} INFO - ::group::Post task execution logs
[2024-11-12T03:28:33.420+0000] {taskinstance.py:1206} INFO - Marking task as SUCCESS. dag_id=stock_price_analytics_extended, task_id=predictNext7Days__1, run_id=scheduled__2024-11-11T00:00:00+00:00, execution_date=20241111T000000, start_date=20241112T032831, end_date=20241112T032833
[2024-11-12T03:28:33.720+0000] {local_task_job_runner.py:240} INFO - Task exited with return code 0
[2024-11-12T03:28:33.994+0000] {taskinstance.py:3498} INFO - 1 downstream tasks scheduled from follow-on schedule check
[2024-11-12T03:28:34.027+0000] {local_task_job_runner.py:222} INFO - ::endgroup::
