[2024-10-26T00:00:13.967+0000] {local_task_job_runner.py:120} INFO - ::group::Pre task execution logs
[2024-10-26T00:00:14.356+0000] {taskinstance.py:2076} INFO - Dependencies all met for dep_context=non-requeueable deps ti=<TaskInstance: Assignment8_ETL_DAG.createBlob scheduled__2024-10-25T00:00:00+00:00 [queued]>
[2024-10-26T00:00:14.402+0000] {taskinstance.py:2076} INFO - Dependencies all met for dep_context=requeueable deps ti=<TaskInstance: Assignment8_ETL_DAG.createBlob scheduled__2024-10-25T00:00:00+00:00 [queued]>
[2024-10-26T00:00:14.408+0000] {taskinstance.py:2306} INFO - Starting attempt 1 of 1
[2024-10-26T00:00:14.453+0000] {taskinstance.py:2330} INFO - Executing <Task(_PythonDecoratedOperator): createBlob> on 2024-10-25 00:00:00+00:00
[2024-10-26T00:00:14.535+0000] {standard_task_runner.py:90} INFO - Running: ['***', 'tasks', 'run', 'Assignment8_ETL_DAG', 'createBlob', 'scheduled__2024-10-25T00:00:00+00:00', '--job-id', '42', '--raw', '--subdir', 'DAGS_FOLDER/Assignment8_ETL_DAG.py', '--cfg-path', '/tmp/tmp7l2p0vrr']
[2024-10-26T00:00:14.559+0000] {standard_task_runner.py:91} INFO - Job 42: Subtask createBlob
[2024-10-26T00:00:14.750+0000] {logging_mixin.py:188} WARNING - /home/***/.local/lib/python3.12/site-packages/***/task/task_runner/standard_task_runner.py:61 DeprecationWarning: This process (pid=22503) is multi-threaded, use of fork() may lead to deadlocks in the child.
[2024-10-26T00:00:14.755+0000] {standard_task_runner.py:63} INFO - Started process 22535 to run task
[2024-10-26T00:00:15.962+0000] {task_command.py:426} INFO - Running <TaskInstance: Assignment8_ETL_DAG.createBlob scheduled__2024-10-25T00:00:00+00:00 [running]> on host d99256b0cb87
[2024-10-26T00:00:17.580+0000] {taskinstance.py:2648} INFO - Exporting env vars: AIRFLOW_CTX_DAG_OWNER='***' AIRFLOW_CTX_DAG_ID='Assignment8_ETL_DAG' AIRFLOW_CTX_TASK_ID='createBlob' AIRFLOW_CTX_EXECUTION_DATE='2024-10-25T00:00:00+00:00' AIRFLOW_CTX_TRY_NUMBER='1' AIRFLOW_CTX_DAG_RUN_ID='scheduled__2024-10-25T00:00:00+00:00'
[2024-10-26T00:00:17.855+0000] {taskinstance.py:430} INFO - ::endgroup::
[2024-10-26T00:00:17.957+0000] {connection.py:399} INFO - Snowflake Connector for Python Version: 3.10.0, Python Version: 3.12.3, Platform: Linux-6.10.4-linuxkit-x86_64-with-glibc2.36
[2024-10-26T00:00:18.224+0000] {connection.py:1239} INFO - This connection is in OCSP Fail Open Mode. TLS Certificates would be checked for validity and revocation status. Any other Certificate Revocation related exceptions or OCSP Responder failures would be disregarded in favor of connectivity.
[2024-10-26T00:00:34.048+0000] {cursor.py:1149} INFO - Number of results in first chunk: 1
[2024-10-26T00:00:34.052+0000] {python.py:237} INFO - Done. Returned value was: None
[2024-10-26T00:00:34.066+0000] {taskinstance.py:441} INFO - ::group::Post task execution logs
[2024-10-26T00:00:34.164+0000] {taskinstance.py:1206} INFO - Marking task as SUCCESS. dag_id=Assignment8_ETL_DAG, task_id=createBlob, run_id=scheduled__2024-10-25T00:00:00+00:00, execution_date=20241025T000000, start_date=20241026T000014, end_date=20241026T000034
[2024-10-26T00:00:34.321+0000] {local_task_job_runner.py:240} INFO - Task exited with return code 0
[2024-10-26T00:00:34.375+0000] {local_task_job_runner.py:222} INFO - ::endgroup::
