[2024-11-12T01:02:42.560+0000] {local_task_job_runner.py:120} INFO - ::group::Pre task execution logs
[2024-11-12T01:02:42.649+0000] {taskinstance.py:2076} INFO - Dependencies all met for dep_context=non-requeueable deps ti=<TaskInstance: YfinanceToSnowflake.extract manual__2024-11-12T01:02:28.769851+00:00 [queued]>
[2024-11-12T01:02:42.724+0000] {taskinstance.py:2076} INFO - Dependencies all met for dep_context=requeueable deps ti=<TaskInstance: YfinanceToSnowflake.extract manual__2024-11-12T01:02:28.769851+00:00 [queued]>
[2024-11-12T01:02:42.725+0000] {taskinstance.py:2306} INFO - Starting attempt 1 of 1
[2024-11-12T01:02:42.801+0000] {taskinstance.py:2330} INFO - Executing <Task(_PythonDecoratedOperator): extract> on 2024-11-12 01:02:28.769851+00:00
[2024-11-12T01:02:42.844+0000] {standard_task_runner.py:90} INFO - Running: ['***', 'tasks', 'run', 'YfinanceToSnowflake', 'extract', 'manual__2024-11-12T01:02:28.769851+00:00', '--job-id', '78', '--raw', '--subdir', 'DAGS_FOLDER/yfinance_to_snowflake.py', '--cfg-path', '/tmp/tmpu_vsvgna']
[2024-11-12T01:02:42.856+0000] {standard_task_runner.py:91} INFO - Job 78: Subtask extract
[2024-11-12T01:02:42.878+0000] {logging_mixin.py:188} WARNING - /home/***/.local/lib/python3.12/site-packages/***/task/task_runner/standard_task_runner.py:61 DeprecationWarning: This process (pid=4705) is multi-threaded, use of fork() may lead to deadlocks in the child.
[2024-11-12T01:02:42.904+0000] {standard_task_runner.py:63} INFO - Started process 4715 to run task
[2024-11-12T01:02:43.162+0000] {task_command.py:426} INFO - Running <TaskInstance: YfinanceToSnowflake.extract manual__2024-11-12T01:02:28.769851+00:00 [running]> on host d99256b0cb87
[2024-11-12T01:02:43.968+0000] {taskinstance.py:2648} INFO - Exporting env vars: AIRFLOW_CTX_DAG_OWNER='***' AIRFLOW_CTX_DAG_ID='YfinanceToSnowflake' AIRFLOW_CTX_TASK_ID='extract' AIRFLOW_CTX_EXECUTION_DATE='2024-11-12T01:02:28.769851+00:00' AIRFLOW_CTX_TRY_NUMBER='1' AIRFLOW_CTX_DAG_RUN_ID='manual__2024-11-12T01:02:28.769851+00:00'
[2024-11-12T01:02:44.058+0000] {taskinstance.py:430} INFO - ::endgroup::
[2024-11-12T01:02:49.635+0000] {logging_mixin.py:188} WARNING - [*********************100%***********************]  1 of 1 completed
[2024-11-12T01:02:49.637+0000] {multi.py:171} ERROR - 
1 Failed download:
[2024-11-12T01:02:49.649+0000] {multi.py:184} ERROR - ['AAPL']: YFPricesMissingError('$%ticker%: possibly delisted; no price data found  (1d 2024-11-12 -> 2024-11-13) (Yahoo error = "Data doesn\'t exist for startDate = 1731387600, endDate = 1731474000")')
[2024-11-12T01:02:49.666+0000] {taskinstance.py:441} INFO - ::group::Post task execution logs
[2024-11-12T01:02:49.796+0000] {taskinstance.py:2905} ERROR - Task failed with exception
Traceback (most recent call last):
  File "/home/airflow/.local/lib/python3.12/site-packages/airflow/models/taskinstance.py", line 465, in _execute_task
    result = _execute_callable(context=context, **execute_callable_kwargs)
             ^^^^^^^^^^^^^^^^^^^^^^^^^^^^^^^^^^^^^^^^^^^^^^^^^^^^^^^^^^^^^
  File "/home/airflow/.local/lib/python3.12/site-packages/airflow/models/taskinstance.py", line 432, in _execute_callable
    return execute_callable(context=context, **execute_callable_kwargs)
           ^^^^^^^^^^^^^^^^^^^^^^^^^^^^^^^^^^^^^^^^^^^^^^^^^^^^^^^^^^^^
  File "/home/airflow/.local/lib/python3.12/site-packages/airflow/models/baseoperator.py", line 400, in wrapper
    return func(self, *args, **kwargs)
           ^^^^^^^^^^^^^^^^^^^^^^^^^^^
  File "/home/airflow/.local/lib/python3.12/site-packages/airflow/decorators/base.py", line 265, in execute
    return_value = super().execute(context)
                   ^^^^^^^^^^^^^^^^^^^^^^^^
  File "/home/airflow/.local/lib/python3.12/site-packages/airflow/models/baseoperator.py", line 400, in wrapper
    return func(self, *args, **kwargs)
           ^^^^^^^^^^^^^^^^^^^^^^^^^^^
  File "/home/airflow/.local/lib/python3.12/site-packages/airflow/operators/python.py", line 235, in execute
    return_value = self.execute_callable()
                   ^^^^^^^^^^^^^^^^^^^^^^^
  File "/home/airflow/.local/lib/python3.12/site-packages/airflow/operators/python.py", line 252, in execute_callable
    return self.python_callable(*self.op_args, **self.op_kwargs)
           ^^^^^^^^^^^^^^^^^^^^^^^^^^^^^^^^^^^^^^^^^^^^^^^^^^^^^
  File "/opt/airflow/dags/yfinance_to_snowflake.py", line 52, in extract
    raise ValueError(f'No data found for {symbol} on {date}')
ValueError: No data found for AAPL on 2024-11-12
[2024-11-12T01:02:50.038+0000] {taskinstance.py:1206} INFO - Marking task as FAILED. dag_id=YfinanceToSnowflake, task_id=extract, run_id=manual__2024-11-12T01:02:28.769851+00:00, execution_date=20241112T010228, start_date=20241112T010242, end_date=20241112T010250
[2024-11-12T01:02:50.120+0000] {standard_task_runner.py:110} ERROR - Failed to execute job 78 for task extract (No data found for AAPL on 2024-11-12; 4715)
[2024-11-12T01:02:50.305+0000] {local_task_job_runner.py:240} INFO - Task exited with return code 1
[2024-11-12T01:02:50.612+0000] {taskinstance.py:3498} INFO - 0 downstream tasks scheduled from follow-on schedule check
[2024-11-12T01:02:50.624+0000] {local_task_job_runner.py:222} INFO - ::endgroup::
