[2024-11-15T00:06:09.778+0000] {local_task_job_runner.py:120} INFO - ::group::Pre task execution logs
[2024-11-15T00:06:10.484+0000] {taskinstance.py:2076} INFO - Dependencies all met for dep_context=non-requeueable deps ti=<TaskInstance: YfinanceToSnowflake.dbt_snapshot manual__2024-11-15T00:05:18.373012+00:00 [queued]>
[2024-11-15T00:06:10.912+0000] {taskinstance.py:2076} INFO - Dependencies all met for dep_context=requeueable deps ti=<TaskInstance: YfinanceToSnowflake.dbt_snapshot manual__2024-11-15T00:05:18.373012+00:00 [queued]>
[2024-11-15T00:06:10.924+0000] {taskinstance.py:2306} INFO - Starting attempt 1 of 1
[2024-11-15T00:06:11.102+0000] {taskinstance.py:2330} INFO - Executing <Task(BashOperator): dbt_snapshot> on 2024-11-15 00:05:18.373012+00:00
[2024-11-15T00:06:11.308+0000] {standard_task_runner.py:90} INFO - Running: ['***', 'tasks', 'run', 'YfinanceToSnowflake', 'dbt_snapshot', 'manual__2024-11-15T00:05:18.373012+00:00', '--job-id', '292', '--raw', '--subdir', 'DAGS_FOLDER/Conn_Forcasting_DagFile.py', '--cfg-path', '/tmp/tmpyn567kqu']
[2024-11-15T00:06:11.344+0000] {standard_task_runner.py:91} INFO - Job 292: Subtask dbt_snapshot
[2024-11-15T00:06:11.341+0000] {logging_mixin.py:188} WARNING - /home/***/.local/lib/python3.12/site-packages/***/task/task_runner/standard_task_runner.py:61 DeprecationWarning: This process (pid=4665) is multi-threaded, use of fork() may lead to deadlocks in the child.
[2024-11-15T00:06:11.421+0000] {standard_task_runner.py:63} INFO - Started process 4695 to run task
[2024-11-15T00:06:32.170+0000] {task_command.py:426} INFO - Running <TaskInstance: YfinanceToSnowflake.dbt_snapshot manual__2024-11-15T00:05:18.373012+00:00 [running]> on host 5bbe89177473
[2024-11-15T00:06:35.589+0000] {taskinstance.py:2648} INFO - Exporting env vars: AIRFLOW_CTX_DAG_OWNER='***' AIRFLOW_CTX_DAG_ID='YfinanceToSnowflake' AIRFLOW_CTX_TASK_ID='dbt_snapshot' AIRFLOW_CTX_EXECUTION_DATE='2024-11-15T00:05:18.373012+00:00' AIRFLOW_CTX_TRY_NUMBER='1' AIRFLOW_CTX_DAG_RUN_ID='manual__2024-11-15T00:05:18.373012+00:00'
[2024-11-15T00:06:36.175+0000] {taskinstance.py:430} INFO - ::endgroup::
[2024-11-15T00:06:36.187+0000] {subprocess.py:63} INFO - Tmp dir root location: /tmp
[2024-11-15T00:06:36.230+0000] {subprocess.py:75} INFO - Running command: ['/usr/bin/bash', '-c', 'cd /opt/***/stocks_mau && dbt snapshot --profiles-dir /opt/***/stocks_mau']
[2024-11-15T00:06:36.716+0000] {subprocess.py:86} INFO - Output:
[2024-11-15T00:07:57.726+0000] {subprocess.py:93} INFO - [0m00:07:57  Running with dbt=1.8.7
[2024-11-15T00:08:02.918+0000] {local_task_job_runner.py:310} WARNING - State of this instance has been externally set to upstream_failed. Terminating instance.
[2024-11-15T00:08:03.023+0000] {local_task_job_runner.py:222} INFO - ::endgroup::
[2024-11-15T00:08:03.090+0000] {process_utils.py:132} INFO - Sending 15 to group 4695. PIDs of all processes in the group: [4721, 4695]
[2024-11-15T00:08:03.125+0000] {process_utils.py:87} INFO - Sending the signal 15 to group 4695
[2024-11-15T00:08:03.291+0000] {taskinstance.py:2611} ERROR - Received SIGTERM. Terminating subprocesses.
[2024-11-15T00:08:03.298+0000] {subprocess.py:104} INFO - Sending SIGTERM signal to process group
[2024-11-15T00:08:03.331+0000] {taskinstance.py:441} INFO - ::group::Post task execution logs
[2024-11-15T00:08:04.779+0000] {process_utils.py:80} INFO - Process psutil.Process(pid=4695, status='terminated', exitcode=0, started='00:06:10') (4695) terminated with exit code 0
[2024-11-15T00:08:04.839+0000] {process_utils.py:80} INFO - Process psutil.Process(pid=4721, status='terminated', started='00:06:35') (4721) terminated with exit code None
