[2024-10-24T19:57:29.800+0000] {local_task_job_runner.py:120} INFO - ::group::Pre task execution logs
[2024-10-24T19:57:29.858+0000] {taskinstance.py:2076} INFO - Dependencies all met for dep_context=non-requeueable deps ti=<TaskInstance: Assignment8_ELT_DAG.combineTables scheduled__2024-10-23T00:00:00+00:00 [queued]>
[2024-10-24T19:57:29.872+0000] {taskinstance.py:2076} INFO - Dependencies all met for dep_context=requeueable deps ti=<TaskInstance: Assignment8_ELT_DAG.combineTables scheduled__2024-10-23T00:00:00+00:00 [queued]>
[2024-10-24T19:57:29.873+0000] {taskinstance.py:2306} INFO - Starting attempt 3 of 3
[2024-10-24T19:57:29.900+0000] {taskinstance.py:2330} INFO - Executing <Task(_PythonDecoratedOperator): combineTables> on 2024-10-23 00:00:00+00:00
[2024-10-24T19:57:29.913+0000] {standard_task_runner.py:90} INFO - Running: ['***', 'tasks', 'run', 'Assignment8_ELT_DAG', 'combineTables', 'scheduled__2024-10-23T00:00:00+00:00', '--job-id', '29', '--raw', '--subdir', 'DAGS_FOLDER/Assignment8_ELT_DAG.py', '--cfg-path', '/tmp/tmpwyioyxm0']
[2024-10-24T19:57:29.918+0000] {standard_task_runner.py:91} INFO - Job 29: Subtask combineTables
[2024-10-24T19:57:29.919+0000] {logging_mixin.py:188} WARNING - /home/***/.local/lib/python3.12/site-packages/***/task/task_runner/standard_task_runner.py:61 DeprecationWarning: This process (pid=2916) is multi-threaded, use of fork() may lead to deadlocks in the child.
[2024-10-24T19:57:29.921+0000] {standard_task_runner.py:63} INFO - Started process 2919 to run task
[2024-10-24T19:57:30.014+0000] {task_command.py:426} INFO - Running <TaskInstance: Assignment8_ELT_DAG.combineTables scheduled__2024-10-23T00:00:00+00:00 [running]> on host d99256b0cb87
[2024-10-24T19:57:30.327+0000] {taskinstance.py:2648} INFO - Exporting env vars: AIRFLOW_CTX_DAG_OWNER='***' AIRFLOW_CTX_DAG_ID='Assignment8_ELT_DAG' AIRFLOW_CTX_TASK_ID='combineTables' AIRFLOW_CTX_EXECUTION_DATE='2024-10-23T00:00:00+00:00' AIRFLOW_CTX_TRY_NUMBER='3' AIRFLOW_CTX_DAG_RUN_ID='scheduled__2024-10-23T00:00:00+00:00'
[2024-10-24T19:57:30.332+0000] {taskinstance.py:430} INFO - ::endgroup::
[2024-10-24T19:57:30.337+0000] {connection.py:399} INFO - Snowflake Connector for Python Version: 3.10.0, Python Version: 3.12.3, Platform: Linux-6.10.4-linuxkit-x86_64-with-glibc2.36
[2024-10-24T19:57:30.342+0000] {connection.py:1239} INFO - This connection is in OCSP Fail Open Mode. TLS Certificates would be checked for validity and revocation status. Any other Certificate Revocation related exceptions or OCSP Responder failures would be disregarded in favor of connectivity.
[2024-10-24T19:57:31.095+0000] {taskinstance.py:441} INFO - ::group::Post task execution logs
[2024-10-24T19:57:31.181+0000] {taskinstance.py:2905} ERROR - Task failed with exception
Traceback (most recent call last):
  File "/home/airflow/.local/lib/python3.12/site-packages/airflow/models/taskinstance.py", line 465, in _execute_task
    result = _execute_callable(context=context, **execute_callable_kwargs)
             ^^^^^^^^^^^^^^^^^^^^^^^^^^^^^^^^^^^^^^^^^^^^^^^^^^^^^^^^^^^^^
  File "/home/airflow/.local/lib/python3.12/site-packages/airflow/models/taskinstance.py", line 432, in _execute_callable
    return execute_callable(context=context, **execute_callable_kwargs)
           ^^^^^^^^^^^^^^^^^^^^^^^^^^^^^^^^^^^^^^^^^^^^^^^^^^^^^^^^^^^^
  File "/home/airflow/.local/lib/python3.12/site-packages/airflow/models/baseoperator.py", line 400, in wrapper
    return func(self, *args, **kwargs)
           ^^^^^^^^^^^^^^^^^^^^^^^^^^^
  File "/home/airflow/.local/lib/python3.12/site-packages/airflow/decorators/base.py", line 265, in execute
    return_value = super().execute(context)
                   ^^^^^^^^^^^^^^^^^^^^^^^^
  File "/home/airflow/.local/lib/python3.12/site-packages/airflow/models/baseoperator.py", line 400, in wrapper
    return func(self, *args, **kwargs)
           ^^^^^^^^^^^^^^^^^^^^^^^^^^^
  File "/home/airflow/.local/lib/python3.12/site-packages/airflow/operators/python.py", line 235, in execute
    return_value = self.execute_callable()
                   ^^^^^^^^^^^^^^^^^^^^^^^
  File "/home/airflow/.local/lib/python3.12/site-packages/airflow/operators/python.py", line 252, in execute_callable
    return self.python_callable(*self.op_args, **self.op_kwargs)
           ^^^^^^^^^^^^^^^^^^^^^^^^^^^^^^^^^^^^^^^^^^^^^^^^^^^^^
  File "/opt/airflow/dags/Assignment8_ELT_DAG.py", line 42, in combineTables
    cur.execute(create_blob_query)
  File "/home/airflow/.local/lib/python3.12/site-packages/snowflake/connector/cursor.py", line 1080, in execute
    Error.errorhandler_wrapper(self.connection, self, error_class, errvalue)
  File "/home/airflow/.local/lib/python3.12/site-packages/snowflake/connector/errors.py", line 290, in errorhandler_wrapper
    handed_over = Error.hand_to_other_handler(
                  ^^^^^^^^^^^^^^^^^^^^^^^^^^^^
  File "/home/airflow/.local/lib/python3.12/site-packages/snowflake/connector/errors.py", line 345, in hand_to_other_handler
    cursor.errorhandler(connection, cursor, error_class, error_value)
  File "/home/airflow/.local/lib/python3.12/site-packages/snowflake/connector/errors.py", line 221, in default_errorhandler
    raise error_class(
snowflake.connector.errors.ProgrammingError: 000904 (42000): 01b7e92d-0004-077d-0001-8d5700057866: SQL compilation error: error line 9 at position 7
invalid identifier 'USC.SESSION_ID'
[2024-10-24T19:57:31.362+0000] {taskinstance.py:1206} INFO - Marking task as FAILED. dag_id=Assignment8_ELT_DAG, task_id=combineTables, run_id=scheduled__2024-10-23T00:00:00+00:00, execution_date=20241023T000000, start_date=20241024T195729, end_date=20241024T195731
[2024-10-24T19:57:31.585+0000] {standard_task_runner.py:110} ERROR - Failed to execute job 29 for task combineTables (000904 (42000): 01b7e92d-0004-077d-0001-8d5700057866: SQL compilation error: error line 9 at position 7
invalid identifier 'USC.SESSION_ID'; 2919)
[2024-10-24T19:57:31.865+0000] {local_task_job_runner.py:240} INFO - Task exited with return code 1
[2024-10-24T19:57:32.047+0000] {taskinstance.py:3498} INFO - 0 downstream tasks scheduled from follow-on schedule check
[2024-10-24T19:57:32.060+0000] {local_task_job_runner.py:222} INFO - ::endgroup::
