[2024-11-15T06:22:52.448+0000] {local_task_job_runner.py:120} INFO - ::group::Pre task execution logs
[2024-11-15T06:22:52.737+0000] {taskinstance.py:2076} INFO - Dependencies all met for dep_context=non-requeueable deps ti=<TaskInstance: YfinanceToSnowflake.dbt_snapshot manual__2024-11-15T05:56:05.666841+00:00 [queued]>
[2024-11-15T06:22:52.870+0000] {taskinstance.py:2076} INFO - Dependencies all met for dep_context=requeueable deps ti=<TaskInstance: YfinanceToSnowflake.dbt_snapshot manual__2024-11-15T05:56:05.666841+00:00 [queued]>
[2024-11-15T06:22:52.872+0000] {taskinstance.py:2306} INFO - Starting attempt 1 of 1
[2024-11-15T06:22:52.954+0000] {taskinstance.py:2330} INFO - Executing <Task(BashOperator): dbt_snapshot> on 2024-11-15 05:56:05.666841+00:00
[2024-11-15T06:22:53.023+0000] {standard_task_runner.py:90} INFO - Running: ['***', 'tasks', 'run', 'YfinanceToSnowflake', 'dbt_snapshot', 'manual__2024-11-15T05:56:05.666841+00:00', '--job-id', '397', '--raw', '--subdir', 'DAGS_FOLDER/Conn_Forcasting_DagFile.py', '--cfg-path', '/tmp/tmpw0tq8uke']
[2024-11-15T06:22:53.035+0000] {standard_task_runner.py:91} INFO - Job 397: Subtask dbt_snapshot
[2024-11-15T06:22:53.040+0000] {logging_mixin.py:188} WARNING - /home/***/.local/lib/python3.12/site-packages/***/task/task_runner/standard_task_runner.py:61 DeprecationWarning: This process (pid=22165) is multi-threaded, use of fork() may lead to deadlocks in the child.
[2024-11-15T06:22:53.050+0000] {standard_task_runner.py:63} INFO - Started process 22181 to run task
[2024-11-15T06:22:53.270+0000] {task_command.py:426} INFO - Running <TaskInstance: YfinanceToSnowflake.dbt_snapshot manual__2024-11-15T05:56:05.666841+00:00 [running]> on host 5bbe89177473
[2024-11-15T06:22:54.654+0000] {taskinstance.py:2648} INFO - Exporting env vars: AIRFLOW_CTX_DAG_OWNER='***' AIRFLOW_CTX_DAG_ID='YfinanceToSnowflake' AIRFLOW_CTX_TASK_ID='dbt_snapshot' AIRFLOW_CTX_EXECUTION_DATE='2024-11-15T05:56:05.666841+00:00' AIRFLOW_CTX_TRY_NUMBER='1' AIRFLOW_CTX_DAG_RUN_ID='manual__2024-11-15T05:56:05.666841+00:00'
[2024-11-15T06:22:54.669+0000] {taskinstance.py:430} INFO - ::endgroup::
[2024-11-15T06:22:54.672+0000] {subprocess.py:63} INFO - Tmp dir root location: /tmp
[2024-11-15T06:22:54.682+0000] {subprocess.py:75} INFO - Running command: ['/usr/bin/bash', '-c', 'cd /opt/***/stocks_mau && dbt snapshot --profiles-dir /opt/***/stocks_mau']
[2024-11-15T06:22:54.738+0000] {subprocess.py:86} INFO - Output:
[2024-11-15T06:23:09.279+0000] {subprocess.py:93} INFO - [0m06:23:09  Running with dbt=1.8.7
[2024-11-15T06:23:20.392+0000] {subprocess.py:93} INFO - [0m06:23:20  Registered adapter: snowflake=1.8.4
[2024-11-15T06:23:22.959+0000] {subprocess.py:93} INFO - [0m06:23:22  Found 2 snapshots, 2 models, 4 data tests, 1 source, 459 macros
[2024-11-15T06:23:23.011+0000] {subprocess.py:93} INFO - [0m06:23:23
[2024-11-15T06:23:24.874+0000] {subprocess.py:93} INFO - [0m06:23:24  Concurrency: 1 threads (target='dev')
[2024-11-15T06:23:24.878+0000] {subprocess.py:93} INFO - [0m06:23:24
[2024-11-15T06:23:24.913+0000] {subprocess.py:93} INFO - [0m06:23:24  1 of 2 START snapshot analytics.dma_snapshot ................................... [RUN]
[2024-11-15T06:23:29.611+0000] {subprocess.py:93} INFO - [0m06:23:29  1 of 2 OK snapshotted analytics.dma_snapshot ................................... [[32mSUCCESS 0[0m in 4.69s]
[2024-11-15T06:23:29.620+0000] {subprocess.py:93} INFO - [0m06:23:29  2 of 2 START snapshot analytics.rsi_snapshot ................................... [RUN]
[2024-11-15T06:23:33.380+0000] {subprocess.py:93} INFO - [0m06:23:33  2 of 2 OK snapshotted analytics.rsi_snapshot ................................... [[32mSUCCESS 0[0m in 3.75s]
[2024-11-15T06:23:33.400+0000] {subprocess.py:93} INFO - [0m06:23:33
[2024-11-15T06:23:33.403+0000] {subprocess.py:93} INFO - [0m06:23:33  Finished running 2 snapshots in 0 hours 0 minutes and 10.38 seconds (10.38s).
[2024-11-15T06:23:33.608+0000] {subprocess.py:93} INFO - [0m06:23:33
[2024-11-15T06:23:33.610+0000] {subprocess.py:93} INFO - [0m06:23:33  [32mCompleted successfully[0m
[2024-11-15T06:23:33.616+0000] {subprocess.py:93} INFO - [0m06:23:33
[2024-11-15T06:23:33.619+0000] {subprocess.py:93} INFO - [0m06:23:33  Done. PASS=2 WARN=0 ERROR=0 SKIP=0 TOTAL=2
[2024-11-15T06:23:35.135+0000] {subprocess.py:97} INFO - Command exited with return code 0
[2024-11-15T06:23:35.136+0000] {taskinstance.py:441} INFO - ::group::Post task execution logs
[2024-11-15T06:23:35.208+0000] {taskinstance.py:1206} INFO - Marking task as SUCCESS. dag_id=YfinanceToSnowflake, task_id=dbt_snapshot, run_id=manual__2024-11-15T05:56:05.666841+00:00, execution_date=20241115T055605, start_date=20241115T062252, end_date=20241115T062335
[2024-11-15T06:23:35.367+0000] {local_task_job_runner.py:240} INFO - Task exited with return code 0
[2024-11-15T06:23:35.509+0000] {taskinstance.py:3498} INFO - 0 downstream tasks scheduled from follow-on schedule check
[2024-11-15T06:23:35.520+0000] {local_task_job_runner.py:222} INFO - ::endgroup::
