[2024-11-15T01:48:32.770+0000] {local_task_job_runner.py:120} INFO - ::group::Pre task execution logs
[2024-11-15T01:48:32.850+0000] {taskinstance.py:2076} INFO - Dependencies all met for dep_context=non-requeueable deps ti=<TaskInstance: YfinanceToSnowflake.dbt_snapshot manual__2024-11-15T01:46:03.357195+00:00 [queued]>
[2024-11-15T01:48:32.879+0000] {taskinstance.py:2076} INFO - Dependencies all met for dep_context=requeueable deps ti=<TaskInstance: YfinanceToSnowflake.dbt_snapshot manual__2024-11-15T01:46:03.357195+00:00 [queued]>
[2024-11-15T01:48:32.880+0000] {taskinstance.py:2306} INFO - Starting attempt 1 of 1
[2024-11-15T01:48:32.911+0000] {taskinstance.py:2330} INFO - Executing <Task(BashOperator): dbt_snapshot> on 2024-11-15 01:46:03.357195+00:00
[2024-11-15T01:48:32.950+0000] {logging_mixin.py:188} WARNING - /home/***/.local/lib/python3.12/site-packages/***/task/task_runner/standard_task_runner.py:61 DeprecationWarning: This process (pid=9491) is multi-threaded, use of fork() may lead to deadlocks in the child.
[2024-11-15T01:48:32.958+0000] {standard_task_runner.py:63} INFO - Started process 9497 to run task
[2024-11-15T01:48:32.945+0000] {standard_task_runner.py:90} INFO - Running: ['***', 'tasks', 'run', 'YfinanceToSnowflake', 'dbt_snapshot', 'manual__2024-11-15T01:46:03.357195+00:00', '--job-id', '336', '--raw', '--subdir', 'DAGS_FOLDER/Conn_Forcasting_DagFile.py', '--cfg-path', '/tmp/tmpcwt9nrc_']
[2024-11-15T01:48:32.961+0000] {standard_task_runner.py:91} INFO - Job 336: Subtask dbt_snapshot
[2024-11-15T01:48:33.156+0000] {task_command.py:426} INFO - Running <TaskInstance: YfinanceToSnowflake.dbt_snapshot manual__2024-11-15T01:46:03.357195+00:00 [running]> on host 5bbe89177473
[2024-11-15T01:48:35.197+0000] {taskinstance.py:2648} INFO - Exporting env vars: AIRFLOW_CTX_DAG_OWNER='***' AIRFLOW_CTX_DAG_ID='YfinanceToSnowflake' AIRFLOW_CTX_TASK_ID='dbt_snapshot' AIRFLOW_CTX_EXECUTION_DATE='2024-11-15T01:46:03.357195+00:00' AIRFLOW_CTX_TRY_NUMBER='1' AIRFLOW_CTX_DAG_RUN_ID='manual__2024-11-15T01:46:03.357195+00:00'
[2024-11-15T01:48:35.204+0000] {taskinstance.py:430} INFO - ::endgroup::
[2024-11-15T01:48:35.213+0000] {subprocess.py:63} INFO - Tmp dir root location: /tmp
[2024-11-15T01:48:35.220+0000] {subprocess.py:75} INFO - Running command: ['/usr/bin/bash', '-c', 'cd /opt/***/stocks_mau && dbt snapshot --profiles-dir /opt/***/stocks_mau']
[2024-11-15T01:48:35.275+0000] {subprocess.py:86} INFO - Output:
[2024-11-15T01:48:48.945+0000] {subprocess.py:93} INFO - [0m01:48:48  Running with dbt=1.8.7
[2024-11-15T01:48:54.907+0000] {subprocess.py:93} INFO - [0m01:48:54  Registered adapter: snowflake=1.8.4
[2024-11-15T01:48:59.397+0000] {subprocess.py:93} INFO - [0m01:48:59  Found 2 snapshots, 2 models, 4 data tests, 1 source, 459 macros
[2024-11-15T01:48:59.405+0000] {subprocess.py:93} INFO - [0m01:48:59
[2024-11-15T01:49:01.443+0000] {subprocess.py:93} INFO - [0m01:49:01  Concurrency: 1 threads (target='dev')
[2024-11-15T01:49:01.446+0000] {subprocess.py:93} INFO - [0m01:49:01
[2024-11-15T01:49:01.471+0000] {subprocess.py:93} INFO - [0m01:49:01  1 of 2 START snapshot analytics.dma_snapshot ................................... [RUN]
[2024-11-15T01:49:06.514+0000] {subprocess.py:93} INFO - [0m01:49:06  1 of 2 OK snapshotted analytics.dma_snapshot ................................... [[32mSUCCESS 0[0m in 5.03s]
[2024-11-15T01:49:06.567+0000] {subprocess.py:93} INFO - [0m01:49:06  2 of 2 START snapshot analytics.rsi_snapshot ................................... [RUN]
[2024-11-15T01:49:10.191+0000] {subprocess.py:93} INFO - [0m01:49:10  2 of 2 OK snapshotted analytics.rsi_snapshot ................................... [[32mSUCCESS 0[0m in 3.60s]
[2024-11-15T01:49:10.215+0000] {subprocess.py:93} INFO - [0m01:49:10
[2024-11-15T01:49:10.219+0000] {subprocess.py:93} INFO - [0m01:49:10  Finished running 2 snapshots in 0 hours 0 minutes and 10.81 seconds (10.81s).
[2024-11-15T01:49:10.434+0000] {subprocess.py:93} INFO - [0m01:49:10
[2024-11-15T01:49:10.438+0000] {subprocess.py:93} INFO - [0m01:49:10  [32mCompleted successfully[0m
[2024-11-15T01:49:10.446+0000] {subprocess.py:93} INFO - [0m01:49:10
[2024-11-15T01:49:10.456+0000] {subprocess.py:93} INFO - [0m01:49:10  Done. PASS=2 WARN=0 ERROR=0 SKIP=0 TOTAL=2
[2024-11-15T01:49:11.875+0000] {subprocess.py:97} INFO - Command exited with return code 0
[2024-11-15T01:49:11.878+0000] {taskinstance.py:441} INFO - ::group::Post task execution logs
[2024-11-15T01:49:11.933+0000] {taskinstance.py:1206} INFO - Marking task as SUCCESS. dag_id=YfinanceToSnowflake, task_id=dbt_snapshot, run_id=manual__2024-11-15T01:46:03.357195+00:00, execution_date=20241115T014603, start_date=20241115T014832, end_date=20241115T014911
[2024-11-15T01:49:12.021+0000] {local_task_job_runner.py:240} INFO - Task exited with return code 0
[2024-11-15T01:49:12.061+0000] {taskinstance.py:3498} INFO - 0 downstream tasks scheduled from follow-on schedule check
[2024-11-15T01:49:12.074+0000] {local_task_job_runner.py:222} INFO - ::endgroup::
