[2024-11-12T01:33:16.662+0000] {local_task_job_runner.py:120} INFO - ::group::Pre task execution logs
[2024-11-12T01:33:16.722+0000] {taskinstance.py:2076} INFO - Dependencies all met for dep_context=non-requeueable deps ti=<TaskInstance: YfinanceToSnowflake.extract manual__2024-11-12T01:33:10.028693+00:00 [queued]>
[2024-11-12T01:33:16.739+0000] {taskinstance.py:2076} INFO - Dependencies all met for dep_context=requeueable deps ti=<TaskInstance: YfinanceToSnowflake.extract manual__2024-11-12T01:33:10.028693+00:00 [queued]>
[2024-11-12T01:33:16.740+0000] {taskinstance.py:2306} INFO - Starting attempt 1 of 1
[2024-11-12T01:33:16.774+0000] {taskinstance.py:2330} INFO - Executing <Task(_PythonDecoratedOperator): extract> on 2024-11-12 01:33:10.028693+00:00
[2024-11-12T01:33:16.789+0000] {standard_task_runner.py:90} INFO - Running: ['***', 'tasks', 'run', 'YfinanceToSnowflake', 'extract', 'manual__2024-11-12T01:33:10.028693+00:00', '--job-id', '83', '--raw', '--subdir', 'DAGS_FOLDER/yfinance_to_snowflake.py', '--cfg-path', '/tmp/tmp8gqr0lap']
[2024-11-12T01:33:16.798+0000] {standard_task_runner.py:91} INFO - Job 83: Subtask extract
[2024-11-12T01:33:16.797+0000] {logging_mixin.py:188} WARNING - /home/***/.local/lib/python3.12/site-packages/***/task/task_runner/standard_task_runner.py:61 DeprecationWarning: This process (pid=5875) is multi-threaded, use of fork() may lead to deadlocks in the child.
[2024-11-12T01:33:16.802+0000] {standard_task_runner.py:63} INFO - Started process 5889 to run task
[2024-11-12T01:33:16.887+0000] {task_command.py:426} INFO - Running <TaskInstance: YfinanceToSnowflake.extract manual__2024-11-12T01:33:10.028693+00:00 [running]> on host d99256b0cb87
[2024-11-12T01:33:17.050+0000] {taskinstance.py:2648} INFO - Exporting env vars: AIRFLOW_CTX_DAG_OWNER='***' AIRFLOW_CTX_DAG_ID='YfinanceToSnowflake' AIRFLOW_CTX_TASK_ID='extract' AIRFLOW_CTX_EXECUTION_DATE='2024-11-12T01:33:10.028693+00:00' AIRFLOW_CTX_TRY_NUMBER='1' AIRFLOW_CTX_DAG_RUN_ID='manual__2024-11-12T01:33:10.028693+00:00'
[2024-11-12T01:33:17.052+0000] {taskinstance.py:430} INFO - ::endgroup::
[2024-11-12T01:33:17.055+0000] {logging_mixin.py:188} INFO - Fetching data for AAPL from 2024-11-12 to 2024-11-13
[2024-11-12T01:33:19.087+0000] {logging_mixin.py:188} WARNING - [*********************100%***********************]  1 of 1 completed
[2024-11-12T01:33:19.089+0000] {multi.py:171} ERROR - 
1 Failed download:
[2024-11-12T01:33:19.091+0000] {multi.py:184} ERROR - ['AAPL']: YFPricesMissingError('$%ticker%: possibly delisted; no price data found  (1d 2024-11-12 -> 2024-11-13) (Yahoo error = "Data doesn\'t exist for startDate = 1731387600, endDate = 1731474000")')
[2024-11-12T01:33:19.098+0000] {logging_mixin.py:188} INFO - No data found for AAPL from 2024-11-12 to 2024-11-13. Skipping.
[2024-11-12T01:33:19.110+0000] {python.py:237} INFO - Done. Returned value was: None
[2024-11-12T01:33:19.114+0000] {taskinstance.py:441} INFO - ::group::Post task execution logs
[2024-11-12T01:33:19.143+0000] {taskinstance.py:1206} INFO - Marking task as SUCCESS. dag_id=YfinanceToSnowflake, task_id=extract, run_id=manual__2024-11-12T01:33:10.028693+00:00, execution_date=20241112T013310, start_date=20241112T013316, end_date=20241112T013319
[2024-11-12T01:33:19.235+0000] {local_task_job_runner.py:240} INFO - Task exited with return code 0
[2024-11-12T01:33:19.365+0000] {taskinstance.py:3498} INFO - 1 downstream tasks scheduled from follow-on schedule check
[2024-11-12T01:33:19.434+0000] {local_task_job_runner.py:222} INFO - ::endgroup::
