[2024-11-14T20:48:51.998+0000] {local_task_job_runner.py:120} INFO - ::group::Pre task execution logs
[2024-11-14T20:48:52.118+0000] {taskinstance.py:2076} INFO - Dependencies all met for dep_context=non-requeueable deps ti=<TaskInstance: stock_price_analytics_extended.predictNext7Days manual__2024-11-14T20:47:24.741829+00:00 [queued]>
[2024-11-14T20:48:52.153+0000] {taskinstance.py:2076} INFO - Dependencies all met for dep_context=requeueable deps ti=<TaskInstance: stock_price_analytics_extended.predictNext7Days manual__2024-11-14T20:47:24.741829+00:00 [queued]>
[2024-11-14T20:48:52.154+0000] {taskinstance.py:2306} INFO - Starting attempt 1 of 2
[2024-11-14T20:48:52.232+0000] {taskinstance.py:2330} INFO - Executing <Task(_PythonDecoratedOperator): predictNext7Days> on 2024-11-14 20:47:24.741829+00:00
[2024-11-14T20:48:52.308+0000] {logging_mixin.py:188} WARNING - /home/***/.local/lib/python3.12/site-packages/***/task/task_runner/standard_task_runner.py:61 DeprecationWarning: This process (pid=1394) is multi-threaded, use of fork() may lead to deadlocks in the child.
[2024-11-14T20:48:52.311+0000] {standard_task_runner.py:63} INFO - Started process 1419 to run task
[2024-11-14T20:48:52.287+0000] {standard_task_runner.py:90} INFO - Running: ['***', 'tasks', 'run', 'stock_price_analytics_extended', 'predictNext7Days', 'manual__2024-11-14T20:47:24.741829+00:00', '--job-id', '263', '--raw', '--subdir', 'DAGS_FOLDER/Conn_Forcasting_DagFile.py', '--cfg-path', '/tmp/tmp1tzuwyca']
[2024-11-14T20:48:52.326+0000] {standard_task_runner.py:91} INFO - Job 263: Subtask predictNext7Days
[2024-11-14T20:48:52.791+0000] {task_command.py:426} INFO - Running <TaskInstance: stock_price_analytics_extended.predictNext7Days manual__2024-11-14T20:47:24.741829+00:00 [running]> on host 885fea738fe5
[2024-11-14T20:48:55.155+0000] {taskinstance.py:2648} INFO - Exporting env vars: AIRFLOW_CTX_DAG_OWNER='***' AIRFLOW_CTX_DAG_ID='stock_price_analytics_extended' AIRFLOW_CTX_TASK_ID='predictNext7Days' AIRFLOW_CTX_EXECUTION_DATE='2024-11-14T20:47:24.741829+00:00' AIRFLOW_CTX_TRY_NUMBER='1' AIRFLOW_CTX_DAG_RUN_ID='manual__2024-11-14T20:47:24.741829+00:00'
[2024-11-14T20:48:55.158+0000] {taskinstance.py:430} INFO - ::endgroup::
[2024-11-14T20:49:58.751+0000] {python.py:237} INFO - Done. Returned value was:                         date    open    high     low   close     volume symbol
0 2024-11-15 20:49:58.714034  165.93  169.77  163.35  164.96  9613008.0   QCOM
1 2024-11-16 20:49:58.714058  167.43  171.55  164.90  166.66  9842107.0   QCOM
2 2024-11-17 20:49:58.714063  168.70  172.41  165.79  167.03  8840728.0   QCOM
3 2024-11-18 20:49:58.714067  168.43  171.89  165.02  165.66  7906060.0   QCOM
4 2024-11-19 20:49:58.714070  167.02  169.28  164.13  164.95  8373260.0   QCOM
5 2024-11-20 20:49:58.714074  166.07  167.43  163.53  164.57  7924435.0   QCOM
6 2024-11-21 20:49:58.714078  165.79  167.46  163.20  164.68  8436467.0   QCOM
[2024-11-14T20:49:58.938+0000] {taskinstance.py:441} INFO - ::group::Post task execution logs
[2024-11-14T20:49:59.175+0000] {taskinstance.py:1206} INFO - Marking task as SUCCESS. dag_id=stock_price_analytics_extended, task_id=predictNext7Days, run_id=manual__2024-11-14T20:47:24.741829+00:00, execution_date=20241114T204724, start_date=20241114T204852, end_date=20241114T204959
[2024-11-14T20:49:59.351+0000] {local_task_job_runner.py:240} INFO - Task exited with return code 0
[2024-11-14T20:49:59.446+0000] {taskinstance.py:3498} INFO - 1 downstream tasks scheduled from follow-on schedule check
[2024-11-14T20:49:59.450+0000] {local_task_job_runner.py:222} INFO - ::endgroup::
