[2024-11-15T04:51:59.482+0000] {local_task_job_runner.py:120} INFO - ::group::Pre task execution logs
[2024-11-15T04:51:59.598+0000] {taskinstance.py:2076} INFO - Dependencies all met for dep_context=non-requeueable deps ti=<TaskInstance: YfinanceToSnowflake.dbt_snapshot manual__2024-11-15T04:49:25.455781+00:00 [queued]>
[2024-11-15T04:51:59.631+0000] {taskinstance.py:2076} INFO - Dependencies all met for dep_context=requeueable deps ti=<TaskInstance: YfinanceToSnowflake.dbt_snapshot manual__2024-11-15T04:49:25.455781+00:00 [queued]>
[2024-11-15T04:51:59.632+0000] {taskinstance.py:2306} INFO - Starting attempt 1 of 1
[2024-11-15T04:51:59.696+0000] {taskinstance.py:2330} INFO - Executing <Task(BashOperator): dbt_snapshot> on 2024-11-15 04:49:25.455781+00:00
[2024-11-15T04:51:59.745+0000] {logging_mixin.py:188} WARNING - /home/***/.local/lib/python3.12/site-packages/***/task/task_runner/standard_task_runner.py:61 DeprecationWarning: This process (pid=17606) is multi-threaded, use of fork() may lead to deadlocks in the child.
[2024-11-15T04:51:59.734+0000] {standard_task_runner.py:90} INFO - Running: ['***', 'tasks', 'run', 'YfinanceToSnowflake', 'dbt_snapshot', 'manual__2024-11-15T04:49:25.455781+00:00', '--job-id', '353', '--raw', '--subdir', 'DAGS_FOLDER/yfinance_to_snowflake.py', '--cfg-path', '/tmp/tmp2lg86775']
[2024-11-15T04:51:59.748+0000] {standard_task_runner.py:63} INFO - Started process 17611 to run task
[2024-11-15T04:51:59.749+0000] {standard_task_runner.py:91} INFO - Job 353: Subtask dbt_snapshot
[2024-11-15T04:52:00.221+0000] {task_command.py:426} INFO - Running <TaskInstance: YfinanceToSnowflake.dbt_snapshot manual__2024-11-15T04:49:25.455781+00:00 [running]> on host 5bbe89177473
[2024-11-15T04:52:01.493+0000] {taskinstance.py:2648} INFO - Exporting env vars: AIRFLOW_CTX_DAG_OWNER='***' AIRFLOW_CTX_DAG_ID='YfinanceToSnowflake' AIRFLOW_CTX_TASK_ID='dbt_snapshot' AIRFLOW_CTX_EXECUTION_DATE='2024-11-15T04:49:25.455781+00:00' AIRFLOW_CTX_TRY_NUMBER='1' AIRFLOW_CTX_DAG_RUN_ID='manual__2024-11-15T04:49:25.455781+00:00'
[2024-11-15T04:52:01.536+0000] {taskinstance.py:430} INFO - ::endgroup::
[2024-11-15T04:52:01.572+0000] {subprocess.py:63} INFO - Tmp dir root location: /tmp
[2024-11-15T04:52:01.578+0000] {subprocess.py:75} INFO - Running command: ['/usr/bin/bash', '-c', 'cd /opt/***/stocks_mau && dbt snapshot --profiles-dir /opt/***/stocks_mau']
[2024-11-15T04:52:01.685+0000] {subprocess.py:86} INFO - Output:
[2024-11-15T04:52:24.027+0000] {subprocess.py:93} INFO - [0m04:52:24  Running with dbt=1.8.7
[2024-11-15T04:52:28.670+0000] {subprocess.py:93} INFO - [0m04:52:28  Registered adapter: snowflake=1.8.4
[2024-11-15T04:52:31.759+0000] {subprocess.py:93} INFO - [0m04:52:31  Found 2 snapshots, 2 models, 4 data tests, 1 source, 459 macros
[2024-11-15T04:52:31.817+0000] {subprocess.py:93} INFO - [0m04:52:31
[2024-11-15T04:52:33.743+0000] {subprocess.py:93} INFO - [0m04:52:33  Concurrency: 1 threads (target='dev')
[2024-11-15T04:52:33.756+0000] {subprocess.py:93} INFO - [0m04:52:33
[2024-11-15T04:52:33.790+0000] {subprocess.py:93} INFO - [0m04:52:33  1 of 2 START snapshot analytics.dma_snapshot ................................... [RUN]
[2024-11-15T04:52:38.725+0000] {subprocess.py:93} INFO - [0m04:52:38  1 of 2 OK snapshotted analytics.dma_snapshot ................................... [[32mSUCCESS 0[0m in 4.92s]
[2024-11-15T04:52:38.733+0000] {subprocess.py:93} INFO - [0m04:52:38  2 of 2 START snapshot analytics.rsi_snapshot ................................... [RUN]
[2024-11-15T04:52:41.909+0000] {subprocess.py:93} INFO - [0m04:52:41  2 of 2 OK snapshotted analytics.rsi_snapshot ................................... [[32mSUCCESS 0[0m in 3.16s]
[2024-11-15T04:52:41.998+0000] {subprocess.py:93} INFO - [0m04:52:41
[2024-11-15T04:52:42.005+0000] {subprocess.py:93} INFO - [0m04:52:42  Finished running 2 snapshots in 0 hours 0 minutes and 10.15 seconds (10.15s).
[2024-11-15T04:52:42.480+0000] {subprocess.py:93} INFO - [0m04:52:42
[2024-11-15T04:52:42.484+0000] {subprocess.py:93} INFO - [0m04:52:42  [32mCompleted successfully[0m
[2024-11-15T04:52:42.498+0000] {subprocess.py:93} INFO - [0m04:52:42
[2024-11-15T04:52:42.506+0000] {subprocess.py:93} INFO - [0m04:52:42  Done. PASS=2 WARN=0 ERROR=0 SKIP=0 TOTAL=2
[2024-11-15T04:52:45.723+0000] {subprocess.py:97} INFO - Command exited with return code 0
[2024-11-15T04:52:45.727+0000] {taskinstance.py:441} INFO - ::group::Post task execution logs
[2024-11-15T04:52:45.876+0000] {taskinstance.py:1206} INFO - Marking task as SUCCESS. dag_id=YfinanceToSnowflake, task_id=dbt_snapshot, run_id=manual__2024-11-15T04:49:25.455781+00:00, execution_date=20241115T044925, start_date=20241115T045159, end_date=20241115T045245
[2024-11-15T04:52:46.056+0000] {local_task_job_runner.py:240} INFO - Task exited with return code 0
[2024-11-15T04:52:46.169+0000] {taskinstance.py:3498} INFO - 0 downstream tasks scheduled from follow-on schedule check
[2024-11-15T04:52:46.197+0000] {local_task_job_runner.py:222} INFO - ::endgroup::
