[2024-11-15T01:46:45.769+0000] {local_task_job_runner.py:120} INFO - ::group::Pre task execution logs
[2024-11-15T01:46:45.853+0000] {taskinstance.py:2076} INFO - Dependencies all met for dep_context=non-requeueable deps ti=<TaskInstance: YfinanceToSnowflake.dbt_run manual__2024-11-15T01:46:03.357195+00:00 [queued]>
[2024-11-15T01:46:45.878+0000] {taskinstance.py:2076} INFO - Dependencies all met for dep_context=requeueable deps ti=<TaskInstance: YfinanceToSnowflake.dbt_run manual__2024-11-15T01:46:03.357195+00:00 [queued]>
[2024-11-15T01:46:45.879+0000] {taskinstance.py:2306} INFO - Starting attempt 1 of 1
[2024-11-15T01:46:45.915+0000] {taskinstance.py:2330} INFO - Executing <Task(BashOperator): dbt_run> on 2024-11-15 01:46:03.357195+00:00
[2024-11-15T01:46:45.935+0000] {logging_mixin.py:188} WARNING - /home/***/.local/lib/python3.12/site-packages/***/task/task_runner/standard_task_runner.py:61 DeprecationWarning: This process (pid=9378) is multi-threaded, use of fork() may lead to deadlocks in the child.
[2024-11-15T01:46:45.943+0000] {standard_task_runner.py:63} INFO - Started process 9389 to run task
[2024-11-15T01:46:45.938+0000] {standard_task_runner.py:90} INFO - Running: ['***', 'tasks', 'run', 'YfinanceToSnowflake', 'dbt_run', 'manual__2024-11-15T01:46:03.357195+00:00', '--job-id', '334', '--raw', '--subdir', 'DAGS_FOLDER/yfinance_to_snowflake.py', '--cfg-path', '/tmp/tmpjn4zdzpl']
[2024-11-15T01:46:45.946+0000] {standard_task_runner.py:91} INFO - Job 334: Subtask dbt_run
[2024-11-15T01:46:46.060+0000] {task_command.py:426} INFO - Running <TaskInstance: YfinanceToSnowflake.dbt_run manual__2024-11-15T01:46:03.357195+00:00 [running]> on host 5bbe89177473
[2024-11-15T01:46:46.356+0000] {taskinstance.py:2648} INFO - Exporting env vars: AIRFLOW_CTX_DAG_OWNER='***' AIRFLOW_CTX_DAG_ID='YfinanceToSnowflake' AIRFLOW_CTX_TASK_ID='dbt_run' AIRFLOW_CTX_EXECUTION_DATE='2024-11-15T01:46:03.357195+00:00' AIRFLOW_CTX_TRY_NUMBER='1' AIRFLOW_CTX_DAG_RUN_ID='manual__2024-11-15T01:46:03.357195+00:00'
[2024-11-15T01:46:46.361+0000] {taskinstance.py:430} INFO - ::endgroup::
[2024-11-15T01:46:46.365+0000] {subprocess.py:63} INFO - Tmp dir root location: /tmp
[2024-11-15T01:46:46.368+0000] {subprocess.py:75} INFO - Running command: ['/usr/bin/bash', '-c', 'cd /opt/***/stocks_mau && dbt run --profiles-dir /opt/***/stocks_mau']
[2024-11-15T01:46:46.402+0000] {subprocess.py:86} INFO - Output:
[2024-11-15T01:46:57.647+0000] {subprocess.py:93} INFO - [0m01:46:57  Running with dbt=1.8.7
[2024-11-15T01:47:02.141+0000] {subprocess.py:93} INFO - [0m01:47:02  Registered adapter: snowflake=1.8.4
[2024-11-15T01:47:08.092+0000] {subprocess.py:93} INFO - [0m01:47:08  Found 2 snapshots, 2 models, 4 data tests, 1 source, 459 macros
[2024-11-15T01:47:09.267+0000] {subprocess.py:93} INFO - [0m01:47:09
[2024-11-15T01:47:13.176+0000] {subprocess.py:93} INFO - [0m01:47:13  Concurrency: 1 threads (target='dev')
[2024-11-15T01:47:13.179+0000] {subprocess.py:93} INFO - [0m01:47:13
[2024-11-15T01:47:13.229+0000] {subprocess.py:93} INFO - [0m01:47:13  1 of 2 START sql incremental model analytics.moving_average .................... [RUN]
[2024-11-15T01:47:19.297+0000] {subprocess.py:93} INFO - [0m01:47:19  1 of 2 OK created sql incremental model analytics.moving_average ............... [[32mSUCCESS 0[0m in 5.99s]
[2024-11-15T01:47:19.362+0000] {subprocess.py:93} INFO - [0m01:47:19  2 of 2 START sql incremental model analytics.rsi ............................... [RUN]
[2024-11-15T01:47:22.703+0000] {subprocess.py:93} INFO - [0m01:47:22  2 of 2 OK created sql incremental model analytics.rsi .......................... [[32mSUCCESS 0[0m in 3.19s]
[2024-11-15T01:47:22.969+0000] {subprocess.py:93} INFO - [0m01:47:22
[2024-11-15T01:47:22.976+0000] {subprocess.py:93} INFO - [0m01:47:22  Finished running 2 incremental models in 0 hours 0 minutes and 13.67 seconds (13.67s).
[2024-11-15T01:47:24.660+0000] {subprocess.py:93} INFO - [0m01:47:24
[2024-11-15T01:47:24.694+0000] {subprocess.py:93} INFO - [0m01:47:24  [32mCompleted successfully[0m
[2024-11-15T01:47:24.760+0000] {subprocess.py:93} INFO - [0m01:47:24
[2024-11-15T01:47:24.784+0000] {subprocess.py:93} INFO - [0m01:47:24  Done. PASS=2 WARN=0 ERROR=0 SKIP=0 TOTAL=2
[2024-11-15T01:47:28.352+0000] {subprocess.py:97} INFO - Command exited with return code 0
[2024-11-15T01:47:28.360+0000] {taskinstance.py:441} INFO - ::group::Post task execution logs
[2024-11-15T01:47:28.883+0000] {taskinstance.py:1206} INFO - Marking task as SUCCESS. dag_id=YfinanceToSnowflake, task_id=dbt_run, run_id=manual__2024-11-15T01:46:03.357195+00:00, execution_date=20241115T014603, start_date=20241115T014645, end_date=20241115T014728
[2024-11-15T01:47:29.295+0000] {local_task_job_runner.py:240} INFO - Task exited with return code 0
[2024-11-15T01:47:29.431+0000] {taskinstance.py:3498} INFO - 1 downstream tasks scheduled from follow-on schedule check
[2024-11-15T01:47:29.436+0000] {local_task_job_runner.py:222} INFO - ::endgroup::
