[2024-11-15T00:19:17.263+0000] {local_task_job_runner.py:120} INFO - ::group::Pre task execution logs
[2024-11-15T00:19:17.371+0000] {taskinstance.py:2076} INFO - Dependencies all met for dep_context=non-requeueable deps ti=<TaskInstance: YfinanceToSnowflake.dbt_run manual__2024-11-15T00:19:10.299911+00:00 [queued]>
[2024-11-15T00:19:17.400+0000] {taskinstance.py:2076} INFO - Dependencies all met for dep_context=requeueable deps ti=<TaskInstance: YfinanceToSnowflake.dbt_run manual__2024-11-15T00:19:10.299911+00:00 [queued]>
[2024-11-15T00:19:17.401+0000] {taskinstance.py:2306} INFO - Starting attempt 1 of 1
[2024-11-15T00:19:17.444+0000] {taskinstance.py:2330} INFO - Executing <Task(BashOperator): dbt_run> on 2024-11-15 00:19:10.299911+00:00
[2024-11-15T00:19:17.471+0000] {standard_task_runner.py:90} INFO - Running: ['***', 'tasks', 'run', 'YfinanceToSnowflake', 'dbt_run', 'manual__2024-11-15T00:19:10.299911+00:00', '--job-id', '306', '--raw', '--subdir', 'DAGS_FOLDER/yfinance_to_snowflake.py', '--cfg-path', '/tmp/tmp3ybla39z']
[2024-11-15T00:19:17.479+0000] {standard_task_runner.py:91} INFO - Job 306: Subtask dbt_run
[2024-11-15T00:19:17.471+0000] {logging_mixin.py:188} WARNING - /home/***/.local/lib/python3.12/site-packages/***/task/task_runner/standard_task_runner.py:61 DeprecationWarning: This process (pid=5393) is multi-threaded, use of fork() may lead to deadlocks in the child.
[2024-11-15T00:19:17.486+0000] {standard_task_runner.py:63} INFO - Started process 5408 to run task
[2024-11-15T00:19:17.613+0000] {task_command.py:426} INFO - Running <TaskInstance: YfinanceToSnowflake.dbt_run manual__2024-11-15T00:19:10.299911+00:00 [running]> on host 5bbe89177473
[2024-11-15T00:19:17.832+0000] {taskinstance.py:2648} INFO - Exporting env vars: AIRFLOW_CTX_DAG_OWNER='***' AIRFLOW_CTX_DAG_ID='YfinanceToSnowflake' AIRFLOW_CTX_TASK_ID='dbt_run' AIRFLOW_CTX_EXECUTION_DATE='2024-11-15T00:19:10.299911+00:00' AIRFLOW_CTX_TRY_NUMBER='1' AIRFLOW_CTX_DAG_RUN_ID='manual__2024-11-15T00:19:10.299911+00:00'
[2024-11-15T00:19:17.836+0000] {taskinstance.py:430} INFO - ::endgroup::
[2024-11-15T00:19:17.838+0000] {subprocess.py:63} INFO - Tmp dir root location: /tmp
[2024-11-15T00:19:17.841+0000] {subprocess.py:75} INFO - Running command: ['/usr/bin/bash', '-c', 'cd /opt/***/stocks_mau && dbt run --profiles-dir /opt/***/stocks_mau']
[2024-11-15T00:19:17.872+0000] {subprocess.py:86} INFO - Output:
[2024-11-15T00:19:30.530+0000] {subprocess.py:93} INFO - [0m00:19:30  Running with dbt=1.8.7
[2024-11-15T00:19:38.648+0000] {subprocess.py:93} INFO - [0m00:19:38  Registered adapter: snowflake=1.8.4
[2024-11-15T00:19:50.957+0000] {subprocess.py:93} INFO - [0m00:19:50  Found 2 snapshots, 2 models, 4 data tests, 1 source, 459 macros
[2024-11-15T00:19:50.973+0000] {subprocess.py:93} INFO - [0m00:19:50
[2024-11-15T00:19:53.642+0000] {subprocess.py:93} INFO - [0m00:19:53  Concurrency: 1 threads (target='dev')
[2024-11-15T00:19:53.659+0000] {subprocess.py:93} INFO - [0m00:19:53
[2024-11-15T00:19:53.821+0000] {subprocess.py:93} INFO - [0m00:19:53  1 of 2 START sql incremental model analytics.moving_average .................... [RUN]
[2024-11-15T00:20:05.266+0000] {subprocess.py:93} INFO - [0m00:20:05  1 of 2 OK created sql incremental model analytics.moving_average ............... [[32mSUCCESS 0[0m in 11.33s]
[2024-11-15T00:20:05.357+0000] {subprocess.py:93} INFO - [0m00:20:05  2 of 2 START sql incremental model analytics.rsi ............................... [RUN]
[2024-11-15T00:20:10.259+0000] {subprocess.py:93} INFO - [0m00:20:10  2 of 2 OK created sql incremental model analytics.rsi .......................... [[32mSUCCESS 0[0m in 4.87s]
[2024-11-15T00:20:10.393+0000] {subprocess.py:93} INFO - [0m00:20:10
[2024-11-15T00:20:10.395+0000] {subprocess.py:93} INFO - [0m00:20:10  Finished running 2 incremental models in 0 hours 0 minutes and 19.41 seconds (19.41s).
[2024-11-15T00:20:11.129+0000] {subprocess.py:93} INFO - [0m00:20:11
[2024-11-15T00:20:11.139+0000] {subprocess.py:93} INFO - [0m00:20:11  [32mCompleted successfully[0m
[2024-11-15T00:20:11.144+0000] {subprocess.py:93} INFO - [0m00:20:11
[2024-11-15T00:20:11.156+0000] {subprocess.py:93} INFO - [0m00:20:11  Done. PASS=2 WARN=0 ERROR=0 SKIP=0 TOTAL=2
[2024-11-15T00:20:17.044+0000] {subprocess.py:97} INFO - Command exited with return code 0
[2024-11-15T00:20:17.094+0000] {taskinstance.py:441} INFO - ::group::Post task execution logs
[2024-11-15T00:20:17.880+0000] {taskinstance.py:1206} INFO - Marking task as SUCCESS. dag_id=YfinanceToSnowflake, task_id=dbt_run, run_id=manual__2024-11-15T00:19:10.299911+00:00, execution_date=20241115T001910, start_date=20241115T001917, end_date=20241115T002017
[2024-11-15T00:20:18.245+0000] {local_task_job_runner.py:240} INFO - Task exited with return code 0
[2024-11-15T00:20:18.389+0000] {local_task_job_runner.py:222} INFO - ::endgroup::
