[2024-11-11T23:24:05.038+0000] {local_task_job_runner.py:120} INFO - ::group::Pre task execution logs
[2024-11-11T23:24:05.124+0000] {taskinstance.py:2076} INFO - Dependencies all met for dep_context=non-requeueable deps ti=<TaskInstance: YfinanceToSnowflake.extract scheduled__2024-11-10T02:30:00+00:00 [queued]>
[2024-11-11T23:24:05.145+0000] {taskinstance.py:2076} INFO - Dependencies all met for dep_context=requeueable deps ti=<TaskInstance: YfinanceToSnowflake.extract scheduled__2024-11-10T02:30:00+00:00 [queued]>
[2024-11-11T23:24:05.147+0000] {taskinstance.py:2306} INFO - Starting attempt 1 of 1
[2024-11-11T23:24:05.175+0000] {taskinstance.py:2330} INFO - Executing <Task(_PythonDecoratedOperator): extract> on 2024-11-10 02:30:00+00:00
[2024-11-11T23:24:05.196+0000] {standard_task_runner.py:90} INFO - Running: ['***', 'tasks', 'run', 'YfinanceToSnowflake', 'extract', 'scheduled__2024-11-10T02:30:00+00:00', '--job-id', '69', '--raw', '--subdir', 'DAGS_FOLDER/yfinance_to_snowflake.py', '--cfg-path', '/tmp/tmpcijuw3x9']
[2024-11-11T23:24:05.204+0000] {standard_task_runner.py:91} INFO - Job 69: Subtask extract
[2024-11-11T23:24:05.206+0000] {logging_mixin.py:188} WARNING - /home/***/.local/lib/python3.12/site-packages/***/task/task_runner/standard_task_runner.py:61 DeprecationWarning: This process (pid=1201) is multi-threaded, use of fork() may lead to deadlocks in the child.
[2024-11-11T23:24:05.208+0000] {standard_task_runner.py:63} INFO - Started process 1204 to run task
[2024-11-11T23:24:05.319+0000] {task_command.py:426} INFO - Running <TaskInstance: YfinanceToSnowflake.extract scheduled__2024-11-10T02:30:00+00:00 [running]> on host d99256b0cb87
[2024-11-11T23:24:05.512+0000] {taskinstance.py:2648} INFO - Exporting env vars: AIRFLOW_CTX_DAG_OWNER='***' AIRFLOW_CTX_DAG_ID='YfinanceToSnowflake' AIRFLOW_CTX_TASK_ID='extract' AIRFLOW_CTX_EXECUTION_DATE='2024-11-10T02:30:00+00:00' AIRFLOW_CTX_TRY_NUMBER='1' AIRFLOW_CTX_DAG_RUN_ID='scheduled__2024-11-10T02:30:00+00:00'
[2024-11-11T23:24:05.515+0000] {taskinstance.py:430} INFO - ::endgroup::
[2024-11-11T23:24:07.645+0000] {logging_mixin.py:188} WARNING - [*********************100%***********************]  1 of 1 completed
[2024-11-11T23:24:07.649+0000] {multi.py:171} ERROR - 
1 Failed download:
[2024-11-11T23:24:07.651+0000] {multi.py:184} ERROR - ['AAPL']: YFPricesMissingError('$%ticker%: possibly delisted; no price data found  (1d 2024-11-10 -> 2024-11-11)')
[2024-11-11T23:24:07.653+0000] {taskinstance.py:441} INFO - ::group::Post task execution logs
[2024-11-11T23:24:07.656+0000] {taskinstance.py:2905} ERROR - Task failed with exception
Traceback (most recent call last):
  File "/home/airflow/.local/lib/python3.12/site-packages/airflow/models/taskinstance.py", line 465, in _execute_task
    result = _execute_callable(context=context, **execute_callable_kwargs)
             ^^^^^^^^^^^^^^^^^^^^^^^^^^^^^^^^^^^^^^^^^^^^^^^^^^^^^^^^^^^^^
  File "/home/airflow/.local/lib/python3.12/site-packages/airflow/models/taskinstance.py", line 432, in _execute_callable
    return execute_callable(context=context, **execute_callable_kwargs)
           ^^^^^^^^^^^^^^^^^^^^^^^^^^^^^^^^^^^^^^^^^^^^^^^^^^^^^^^^^^^^
  File "/home/airflow/.local/lib/python3.12/site-packages/airflow/models/baseoperator.py", line 400, in wrapper
    return func(self, *args, **kwargs)
           ^^^^^^^^^^^^^^^^^^^^^^^^^^^
  File "/home/airflow/.local/lib/python3.12/site-packages/airflow/decorators/base.py", line 265, in execute
    return_value = super().execute(context)
                   ^^^^^^^^^^^^^^^^^^^^^^^^
  File "/home/airflow/.local/lib/python3.12/site-packages/airflow/models/baseoperator.py", line 400, in wrapper
    return func(self, *args, **kwargs)
           ^^^^^^^^^^^^^^^^^^^^^^^^^^^
  File "/home/airflow/.local/lib/python3.12/site-packages/airflow/operators/python.py", line 235, in execute
    return_value = self.execute_callable()
                   ^^^^^^^^^^^^^^^^^^^^^^^
  File "/home/airflow/.local/lib/python3.12/site-packages/airflow/operators/python.py", line 252, in execute_callable
    return self.python_callable(*self.op_args, **self.op_kwargs)
           ^^^^^^^^^^^^^^^^^^^^^^^^^^^^^^^^^^^^^^^^^^^^^^^^^^^^^
  File "/opt/airflow/dags/yfinance_to_snowflake.py", line 52, in extract
    raise ValueError(f'No data found for {symbol} on {date}')
ValueError: No data found for AAPL on 2024-11-10
[2024-11-11T23:24:07.710+0000] {taskinstance.py:1206} INFO - Marking task as FAILED. dag_id=YfinanceToSnowflake, task_id=extract, run_id=scheduled__2024-11-10T02:30:00+00:00, execution_date=20241110T023000, start_date=20241111T232405, end_date=20241111T232407
[2024-11-11T23:24:07.764+0000] {standard_task_runner.py:110} ERROR - Failed to execute job 69 for task extract (No data found for AAPL on 2024-11-10; 1204)
[2024-11-11T23:24:07.809+0000] {local_task_job_runner.py:240} INFO - Task exited with return code 1
[2024-11-11T23:24:07.877+0000] {taskinstance.py:3498} INFO - 0 downstream tasks scheduled from follow-on schedule check
[2024-11-11T23:24:07.887+0000] {local_task_job_runner.py:222} INFO - ::endgroup::
