[2024-11-15T06:53:06.775+0000] {local_task_job_runner.py:120} INFO - ::group::Pre task execution logs
[2024-11-15T06:53:06.919+0000] {taskinstance.py:2076} INFO - Dependencies all met for dep_context=non-requeueable deps ti=<TaskInstance: YfinanceToSnowflake.dbt_snapshot manual__2024-11-15T06:48:39.388017+00:00 [queued]>
[2024-11-15T06:53:06.970+0000] {taskinstance.py:2076} INFO - Dependencies all met for dep_context=requeueable deps ti=<TaskInstance: YfinanceToSnowflake.dbt_snapshot manual__2024-11-15T06:48:39.388017+00:00 [queued]>
[2024-11-15T06:53:06.971+0000] {taskinstance.py:2306} INFO - Starting attempt 1 of 1
[2024-11-15T06:53:07.030+0000] {taskinstance.py:2330} INFO - Executing <Task(BashOperator): dbt_snapshot> on 2024-11-15 06:48:39.388017+00:00
[2024-11-15T06:53:07.093+0000] {logging_mixin.py:188} WARNING - /home/***/.local/lib/python3.12/site-packages/***/task/task_runner/standard_task_runner.py:61 DeprecationWarning: This process (pid=23691) is multi-threaded, use of fork() may lead to deadlocks in the child.
[2024-11-15T06:53:07.103+0000] {standard_task_runner.py:63} INFO - Started process 23697 to run task
[2024-11-15T06:53:07.084+0000] {standard_task_runner.py:90} INFO - Running: ['***', 'tasks', 'run', 'YfinanceToSnowflake', 'dbt_snapshot', 'manual__2024-11-15T06:48:39.388017+00:00', '--job-id', '421', '--raw', '--subdir', 'DAGS_FOLDER/Conn_Forcasting_DagFile.py', '--cfg-path', '/tmp/tmpv5gz7osd']
[2024-11-15T06:53:07.108+0000] {standard_task_runner.py:91} INFO - Job 421: Subtask dbt_snapshot
[2024-11-15T06:53:07.812+0000] {task_command.py:426} INFO - Running <TaskInstance: YfinanceToSnowflake.dbt_snapshot manual__2024-11-15T06:48:39.388017+00:00 [running]> on host 5bbe89177473
[2024-11-15T06:53:10.669+0000] {taskinstance.py:2648} INFO - Exporting env vars: AIRFLOW_CTX_DAG_OWNER='***' AIRFLOW_CTX_DAG_ID='YfinanceToSnowflake' AIRFLOW_CTX_TASK_ID='dbt_snapshot' AIRFLOW_CTX_EXECUTION_DATE='2024-11-15T06:48:39.388017+00:00' AIRFLOW_CTX_TRY_NUMBER='1' AIRFLOW_CTX_DAG_RUN_ID='manual__2024-11-15T06:48:39.388017+00:00'
[2024-11-15T06:53:10.687+0000] {taskinstance.py:430} INFO - ::endgroup::
[2024-11-15T06:53:10.703+0000] {subprocess.py:63} INFO - Tmp dir root location: /tmp
[2024-11-15T06:53:10.706+0000] {subprocess.py:75} INFO - Running command: ['/usr/bin/bash', '-c', 'cd /opt/***/stocks_mau && dbt snapshot --profiles-dir /opt/***/stocks_mau']
[2024-11-15T06:53:10.861+0000] {subprocess.py:86} INFO - Output:
[2024-11-15T06:53:20.287+0000] {subprocess.py:93} INFO - [0m06:53:20  Running with dbt=1.8.7
[2024-11-15T06:53:30.887+0000] {subprocess.py:93} INFO - [0m06:53:30  Registered adapter: snowflake=1.8.4
[2024-11-15T06:53:36.788+0000] {subprocess.py:93} INFO - [0m06:53:36  Found 2 snapshots, 2 models, 4 data tests, 1 source, 459 macros
[2024-11-15T06:53:36.827+0000] {subprocess.py:93} INFO - [0m06:53:36
[2024-11-15T06:53:39.587+0000] {subprocess.py:93} INFO - [0m06:53:39  Concurrency: 1 threads (target='dev')
[2024-11-15T06:53:39.621+0000] {subprocess.py:93} INFO - [0m06:53:39
[2024-11-15T06:53:39.829+0000] {subprocess.py:93} INFO - [0m06:53:39  1 of 2 START snapshot analytics.dma_snapshot ................................... [RUN]
[2024-11-15T06:53:48.528+0000] {subprocess.py:93} INFO - [0m06:53:48  1 of 2 OK snapshotted analytics.dma_snapshot ................................... [[32mSUCCESS 126[0m in 8.67s]
[2024-11-15T06:53:48.544+0000] {subprocess.py:93} INFO - [0m06:53:48  2 of 2 START snapshot analytics.rsi_snapshot ................................... [RUN]
[2024-11-15T06:53:52.436+0000] {subprocess.py:93} INFO - [0m06:53:52  2 of 2 OK snapshotted analytics.rsi_snapshot ................................... [[32mSUCCESS 126[0m in 3.87s]
[2024-11-15T06:53:52.568+0000] {subprocess.py:93} INFO - [0m06:53:52
[2024-11-15T06:53:52.589+0000] {subprocess.py:93} INFO - [0m06:53:52  Finished running 2 snapshots in 0 hours 0 minutes and 15.71 seconds (15.71s).
[2024-11-15T06:53:53.980+0000] {subprocess.py:93} INFO - [0m06:53:53
[2024-11-15T06:53:54.006+0000] {subprocess.py:93} INFO - [0m06:53:54  [32mCompleted successfully[0m
[2024-11-15T06:53:54.114+0000] {subprocess.py:93} INFO - [0m06:53:54
[2024-11-15T06:53:54.117+0000] {subprocess.py:93} INFO - [0m06:53:54  Done. PASS=2 WARN=0 ERROR=0 SKIP=0 TOTAL=2
[2024-11-15T06:53:57.858+0000] {subprocess.py:97} INFO - Command exited with return code 0
[2024-11-15T06:53:57.864+0000] {taskinstance.py:441} INFO - ::group::Post task execution logs
[2024-11-15T06:53:57.946+0000] {taskinstance.py:1206} INFO - Marking task as SUCCESS. dag_id=YfinanceToSnowflake, task_id=dbt_snapshot, run_id=manual__2024-11-15T06:48:39.388017+00:00, execution_date=20241115T064839, start_date=20241115T065306, end_date=20241115T065357
[2024-11-15T06:53:58.049+0000] {local_task_job_runner.py:240} INFO - Task exited with return code 0
[2024-11-15T06:53:58.080+0000] {taskinstance.py:3498} INFO - 0 downstream tasks scheduled from follow-on schedule check
[2024-11-15T06:53:58.094+0000] {local_task_job_runner.py:222} INFO - ::endgroup::
