[2024-11-15T05:05:18.982+0000] {local_task_job_runner.py:120} INFO - ::group::Pre task execution logs
[2024-11-15T05:05:19.144+0000] {taskinstance.py:2076} INFO - Dependencies all met for dep_context=non-requeueable deps ti=<TaskInstance: YfinanceToSnowflake.dbt_snapshot manual__2024-11-15T05:01:44.502751+00:00 [queued]>
[2024-11-15T05:05:19.210+0000] {taskinstance.py:2076} INFO - Dependencies all met for dep_context=requeueable deps ti=<TaskInstance: YfinanceToSnowflake.dbt_snapshot manual__2024-11-15T05:01:44.502751+00:00 [queued]>
[2024-11-15T05:05:19.213+0000] {taskinstance.py:2306} INFO - Starting attempt 1 of 1
[2024-11-15T05:05:19.364+0000] {taskinstance.py:2330} INFO - Executing <Task(BashOperator): dbt_snapshot> on 2024-11-15 05:01:44.502751+00:00
[2024-11-15T05:05:19.437+0000] {standard_task_runner.py:90} INFO - Running: ['***', 'tasks', 'run', 'YfinanceToSnowflake', 'dbt_snapshot', 'manual__2024-11-15T05:01:44.502751+00:00', '--job-id', '363', '--raw', '--subdir', 'DAGS_FOLDER/yfinance_to_snowflake.py', '--cfg-path', '/tmp/tmpg0fmewiu']
[2024-11-15T05:05:19.452+0000] {standard_task_runner.py:91} INFO - Job 363: Subtask dbt_snapshot
[2024-11-15T05:05:19.462+0000] {logging_mixin.py:188} WARNING - /home/***/.local/lib/python3.12/site-packages/***/task/task_runner/standard_task_runner.py:61 DeprecationWarning: This process (pid=18287) is multi-threaded, use of fork() may lead to deadlocks in the child.
[2024-11-15T05:05:19.479+0000] {standard_task_runner.py:63} INFO - Started process 18295 to run task
[2024-11-15T05:05:19.760+0000] {task_command.py:426} INFO - Running <TaskInstance: YfinanceToSnowflake.dbt_snapshot manual__2024-11-15T05:01:44.502751+00:00 [running]> on host 5bbe89177473
[2024-11-15T05:05:20.221+0000] {taskinstance.py:2648} INFO - Exporting env vars: AIRFLOW_CTX_DAG_OWNER='***' AIRFLOW_CTX_DAG_ID='YfinanceToSnowflake' AIRFLOW_CTX_TASK_ID='dbt_snapshot' AIRFLOW_CTX_EXECUTION_DATE='2024-11-15T05:01:44.502751+00:00' AIRFLOW_CTX_TRY_NUMBER='1' AIRFLOW_CTX_DAG_RUN_ID='manual__2024-11-15T05:01:44.502751+00:00'
[2024-11-15T05:05:20.230+0000] {taskinstance.py:430} INFO - ::endgroup::
[2024-11-15T05:05:20.233+0000] {subprocess.py:63} INFO - Tmp dir root location: /tmp
[2024-11-15T05:05:20.238+0000] {subprocess.py:75} INFO - Running command: ['/usr/bin/bash', '-c', 'cd /opt/***/stocks_mau && dbt snapshot --profiles-dir /opt/***/stocks_mau']
[2024-11-15T05:05:20.266+0000] {subprocess.py:86} INFO - Output:
[2024-11-15T05:05:38.854+0000] {subprocess.py:93} INFO - [0m05:05:38  Running with dbt=1.8.7
[2024-11-15T05:05:43.124+0000] {subprocess.py:93} INFO - [0m05:05:43  Registered adapter: snowflake=1.8.4
[2024-11-15T05:05:45.593+0000] {subprocess.py:93} INFO - [0m05:05:45  Found 2 snapshots, 2 models, 4 data tests, 1 source, 459 macros
[2024-11-15T05:05:45.599+0000] {subprocess.py:93} INFO - [0m05:05:45
[2024-11-15T05:05:47.795+0000] {subprocess.py:93} INFO - [0m05:05:47  Concurrency: 1 threads (target='dev')
[2024-11-15T05:05:47.796+0000] {subprocess.py:93} INFO - [0m05:05:47
[2024-11-15T05:05:47.823+0000] {subprocess.py:93} INFO - [0m05:05:47  1 of 2 START snapshot analytics.dma_snapshot ................................... [RUN]
[2024-11-15T05:05:51.757+0000] {subprocess.py:93} INFO - [0m05:05:51  1 of 2 OK snapshotted analytics.dma_snapshot ................................... [[32mSUCCESS 0[0m in 3.90s]
[2024-11-15T05:05:51.798+0000] {subprocess.py:93} INFO - [0m05:05:51  2 of 2 START snapshot analytics.rsi_snapshot ................................... [RUN]
[2024-11-15T05:05:55.688+0000] {subprocess.py:93} INFO - [0m05:05:55  2 of 2 OK snapshotted analytics.rsi_snapshot ................................... [[32mSUCCESS 0[0m in 3.88s]
[2024-11-15T05:05:55.739+0000] {subprocess.py:93} INFO - [0m05:05:55
[2024-11-15T05:05:55.763+0000] {subprocess.py:93} INFO - [0m05:05:55  Finished running 2 snapshots in 0 hours 0 minutes and 10.14 seconds (10.14s).
[2024-11-15T05:05:56.036+0000] {subprocess.py:93} INFO - [0m05:05:56
[2024-11-15T05:05:56.040+0000] {subprocess.py:93} INFO - [0m05:05:56  [32mCompleted successfully[0m
[2024-11-15T05:05:56.045+0000] {subprocess.py:93} INFO - [0m05:05:56
[2024-11-15T05:05:56.049+0000] {subprocess.py:93} INFO - [0m05:05:56  Done. PASS=2 WARN=0 ERROR=0 SKIP=0 TOTAL=2
[2024-11-15T05:05:58.400+0000] {subprocess.py:97} INFO - Command exited with return code 0
[2024-11-15T05:05:58.402+0000] {taskinstance.py:441} INFO - ::group::Post task execution logs
[2024-11-15T05:05:58.497+0000] {taskinstance.py:1206} INFO - Marking task as SUCCESS. dag_id=YfinanceToSnowflake, task_id=dbt_snapshot, run_id=manual__2024-11-15T05:01:44.502751+00:00, execution_date=20241115T050144, start_date=20241115T050519, end_date=20241115T050558
[2024-11-15T05:05:58.661+0000] {local_task_job_runner.py:240} INFO - Task exited with return code 0
[2024-11-15T05:05:58.712+0000] {taskinstance.py:3498} INFO - 0 downstream tasks scheduled from follow-on schedule check
[2024-11-15T05:05:58.719+0000] {local_task_job_runner.py:222} INFO - ::endgroup::
