[2024-11-15T00:00:29.302+0000] {local_task_job_runner.py:120} INFO - ::group::Pre task execution logs
[2024-11-15T00:00:29.657+0000] {taskinstance.py:2076} INFO - Dependencies all met for dep_context=non-requeueable deps ti=<TaskInstance: stock_price_analytics_extended.extract_stock_data__1 scheduled__2024-11-14T00:00:00+00:00 [queued]>
[2024-11-15T00:00:29.852+0000] {taskinstance.py:2076} INFO - Dependencies all met for dep_context=requeueable deps ti=<TaskInstance: stock_price_analytics_extended.extract_stock_data__1 scheduled__2024-11-14T00:00:00+00:00 [queued]>
[2024-11-15T00:00:29.854+0000] {taskinstance.py:2306} INFO - Starting attempt 1 of 2
[2024-11-15T00:00:30.155+0000] {taskinstance.py:2330} INFO - Executing <Task(_PythonDecoratedOperator): extract_stock_data__1> on 2024-11-14 00:00:00+00:00
[2024-11-15T00:00:31.235+0000] {standard_task_runner.py:90} INFO - Running: ['***', 'tasks', 'run', 'stock_price_analytics_extended', 'extract_stock_data__1', 'scheduled__2024-11-14T00:00:00+00:00', '--job-id', '284', '--raw', '--subdir', 'DAGS_FOLDER/Conn_Forcasting_DagFile.py', '--cfg-path', '/tmp/tmp3n50ikbh']
[2024-11-15T00:00:32.780+0000] {logging_mixin.py:188} WARNING - /home/***/.local/lib/python3.12/site-packages/***/task/task_runner/standard_task_runner.py:61 DeprecationWarning: This process (pid=4372) is multi-threaded, use of fork() may lead to deadlocks in the child.
[2024-11-15T00:00:33.731+0000] {standard_task_runner.py:63} INFO - Started process 4401 to run task
[2024-11-15T00:00:33.728+0000] {standard_task_runner.py:91} INFO - Job 284: Subtask extract_stock_data__1
[2024-11-15T00:00:55.983+0000] {task_command.py:426} INFO - Running <TaskInstance: stock_price_analytics_extended.extract_stock_data__1 scheduled__2024-11-14T00:00:00+00:00 [running]> on host 5bbe89177473
[2024-11-15T00:00:57.257+0000] {taskinstance.py:2648} INFO - Exporting env vars: AIRFLOW_CTX_DAG_OWNER='***' AIRFLOW_CTX_DAG_ID='stock_price_analytics_extended' AIRFLOW_CTX_TASK_ID='extract_stock_data__1' AIRFLOW_CTX_EXECUTION_DATE='2024-11-14T00:00:00+00:00' AIRFLOW_CTX_TRY_NUMBER='1' AIRFLOW_CTX_DAG_RUN_ID='scheduled__2024-11-14T00:00:00+00:00'
[2024-11-15T00:00:57.264+0000] {taskinstance.py:430} INFO - ::endgroup::
[2024-11-15T00:01:00.175+0000] {python.py:237} INFO - Done. Returned value was:                         date        open  ...  Stock Splits  symbol
0  2024-08-19 00:00:00-04:00  124.269365  ...           0.0    NVDA
1  2024-08-20 00:00:00-04:00  128.389008  ...           0.0    NVDA
2  2024-08-21 00:00:00-04:00  127.309114  ...           0.0    NVDA
3  2024-08-22 00:00:00-04:00  130.008885  ...           0.0    NVDA
4  2024-08-23 00:00:00-04:00  125.849238  ...           0.0    NVDA
..                       ...         ...  ...           ...     ...
58 2024-11-08 00:00:00-05:00  148.770004  ...           0.0    NVDA
59 2024-11-11 00:00:00-05:00  148.679993  ...           0.0    NVDA
60 2024-11-12 00:00:00-05:00  146.779999  ...           0.0    NVDA
61 2024-11-13 00:00:00-05:00  149.070007  ...           0.0    NVDA
62 2024-11-14 00:00:00-05:00  147.639801  ...           0.0    NVDA

[63 rows x 9 columns]
[2024-11-15T00:01:00.524+0000] {taskinstance.py:441} INFO - ::group::Post task execution logs
[2024-11-15T00:01:01.947+0000] {taskinstance.py:1206} INFO - Marking task as SUCCESS. dag_id=stock_price_analytics_extended, task_id=extract_stock_data__1, run_id=scheduled__2024-11-14T00:00:00+00:00, execution_date=20241114T000000, start_date=20241115T000029, end_date=20241115T000101
[2024-11-15T00:01:02.658+0000] {local_task_job_runner.py:240} INFO - Task exited with return code 0
[2024-11-15T00:01:02.970+0000] {taskinstance.py:3498} INFO - 1 downstream tasks scheduled from follow-on schedule check
[2024-11-15T00:01:03.271+0000] {local_task_job_runner.py:222} INFO - ::endgroup::
