[2024-11-12T02:00:03.647+0000] {local_task_job_runner.py:120} INFO - ::group::Pre task execution logs
[2024-11-12T02:00:03.934+0000] {taskinstance.py:2076} INFO - Dependencies all met for dep_context=non-requeueable deps ti=<TaskInstance: StockForcastingNext7WorkingDaysTodayOnward.predictNext7Days manual__2024-11-12T01:58:16.776719+00:00 [queued]>
[2024-11-12T02:00:04.109+0000] {taskinstance.py:2076} INFO - Dependencies all met for dep_context=requeueable deps ti=<TaskInstance: StockForcastingNext7WorkingDaysTodayOnward.predictNext7Days manual__2024-11-12T01:58:16.776719+00:00 [queued]>
[2024-11-12T02:00:04.160+0000] {taskinstance.py:2306} INFO - Starting attempt 1 of 1
[2024-11-12T02:00:06.672+0000] {taskinstance.py:2330} INFO - Executing <Task(_PythonDecoratedOperator): predictNext7Days> on 2024-11-12 01:58:16.776719+00:00
[2024-11-12T02:00:06.756+0000] {logging_mixin.py:188} WARNING - /home/***/.local/lib/python3.12/site-packages/***/task/task_runner/standard_task_runner.py:61 DeprecationWarning: This process (pid=7206) is multi-threaded, use of fork() may lead to deadlocks in the child.
[2024-11-12T02:00:06.742+0000] {standard_task_runner.py:90} INFO - Running: ['***', 'tasks', 'run', 'StockForcastingNext7WorkingDaysTodayOnward', 'predictNext7Days', 'manual__2024-11-12T01:58:16.776719+00:00', '--job-id', '102', '--raw', '--subdir', 'DAGS_FOLDER/Conn_Forcasting_DagFile.py', '--cfg-path', '/tmp/tmpcvgaq3p8']
[2024-11-12T02:00:06.774+0000] {standard_task_runner.py:91} INFO - Job 102: Subtask predictNext7Days
[2024-11-12T02:00:06.773+0000] {standard_task_runner.py:63} INFO - Started process 7235 to run task
[2024-11-12T02:00:07.037+0000] {task_command.py:426} INFO - Running <TaskInstance: StockForcastingNext7WorkingDaysTodayOnward.predictNext7Days manual__2024-11-12T01:58:16.776719+00:00 [running]> on host d99256b0cb87
[2024-11-12T02:00:07.752+0000] {taskinstance.py:2648} INFO - Exporting env vars: AIRFLOW_CTX_DAG_OWNER='***' AIRFLOW_CTX_DAG_ID='StockForcastingNext7WorkingDaysTodayOnward' AIRFLOW_CTX_TASK_ID='predictNext7Days' AIRFLOW_CTX_EXECUTION_DATE='2024-11-12T01:58:16.776719+00:00' AIRFLOW_CTX_TRY_NUMBER='1' AIRFLOW_CTX_DAG_RUN_ID='manual__2024-11-12T01:58:16.776719+00:00'
[2024-11-12T02:00:07.758+0000] {taskinstance.py:430} INFO - ::endgroup::
[2024-11-12T02:00:07.759+0000] {taskinstance.py:441} INFO - ::group::Post task execution logs
[2024-11-12T02:00:07.763+0000] {taskinstance.py:2905} ERROR - Task failed with exception
Traceback (most recent call last):
  File "/home/airflow/.local/lib/python3.12/site-packages/airflow/models/taskinstance.py", line 465, in _execute_task
    result = _execute_callable(context=context, **execute_callable_kwargs)
             ^^^^^^^^^^^^^^^^^^^^^^^^^^^^^^^^^^^^^^^^^^^^^^^^^^^^^^^^^^^^^
  File "/home/airflow/.local/lib/python3.12/site-packages/airflow/models/taskinstance.py", line 432, in _execute_callable
    return execute_callable(context=context, **execute_callable_kwargs)
           ^^^^^^^^^^^^^^^^^^^^^^^^^^^^^^^^^^^^^^^^^^^^^^^^^^^^^^^^^^^^
  File "/home/airflow/.local/lib/python3.12/site-packages/airflow/models/baseoperator.py", line 400, in wrapper
    return func(self, *args, **kwargs)
           ^^^^^^^^^^^^^^^^^^^^^^^^^^^
  File "/home/airflow/.local/lib/python3.12/site-packages/airflow/decorators/base.py", line 265, in execute
    return_value = super().execute(context)
                   ^^^^^^^^^^^^^^^^^^^^^^^^
  File "/home/airflow/.local/lib/python3.12/site-packages/airflow/models/baseoperator.py", line 400, in wrapper
    return func(self, *args, **kwargs)
           ^^^^^^^^^^^^^^^^^^^^^^^^^^^
  File "/home/airflow/.local/lib/python3.12/site-packages/airflow/operators/python.py", line 235, in execute
    return_value = self.execute_callable()
                   ^^^^^^^^^^^^^^^^^^^^^^^
  File "/home/airflow/.local/lib/python3.12/site-packages/airflow/operators/python.py", line 252, in execute_callable
    return self.python_callable(*self.op_args, **self.op_kwargs)
           ^^^^^^^^^^^^^^^^^^^^^^^^^^^^^^^^^^^^^^^^^^^^^^^^^^^^^
  File "/opt/airflow/dags/Conn_Forcasting_DagFile.py", line 116, in predictNext7Days
    df['date'] = pd.to_datetime(df['date'])
                                ~~^^^^^^^^
TypeError: 'NoneType' object is not subscriptable
[2024-11-12T02:00:07.811+0000] {taskinstance.py:1206} INFO - Marking task as FAILED. dag_id=StockForcastingNext7WorkingDaysTodayOnward, task_id=predictNext7Days, run_id=manual__2024-11-12T01:58:16.776719+00:00, execution_date=20241112T015816, start_date=20241112T020003, end_date=20241112T020007
[2024-11-12T02:00:07.846+0000] {standard_task_runner.py:110} ERROR - Failed to execute job 102 for task predictNext7Days ('NoneType' object is not subscriptable; 7235)
[2024-11-12T02:00:07.922+0000] {local_task_job_runner.py:240} INFO - Task exited with return code 1
[2024-11-12T02:00:08.114+0000] {taskinstance.py:3498} INFO - 0 downstream tasks scheduled from follow-on schedule check
[2024-11-12T02:00:08.149+0000] {local_task_job_runner.py:222} INFO - ::endgroup::
