[2024-11-14T19:58:55.300+0000] {local_task_job_runner.py:120} INFO - ::group::Pre task execution logs
[2024-11-14T19:58:55.526+0000] {taskinstance.py:2076} INFO - Dependencies all met for dep_context=non-requeueable deps ti=<TaskInstance: stock_price_analytics_extended.extract_stock_data__1 manual__2024-11-14T19:58:34.596128+00:00 [queued]>
[2024-11-14T19:58:55.564+0000] {taskinstance.py:2076} INFO - Dependencies all met for dep_context=requeueable deps ti=<TaskInstance: stock_price_analytics_extended.extract_stock_data__1 manual__2024-11-14T19:58:34.596128+00:00 [queued]>
[2024-11-14T19:58:55.567+0000] {taskinstance.py:2306} INFO - Starting attempt 1 of 2
[2024-11-14T19:58:55.705+0000] {taskinstance.py:2330} INFO - Executing <Task(_PythonDecoratedOperator): extract_stock_data__1> on 2024-11-14 19:58:34.596128+00:00
[2024-11-14T19:58:55.854+0000] {standard_task_runner.py:90} INFO - Running: ['***', 'tasks', 'run', 'stock_price_analytics_extended', 'extract_stock_data__1', 'manual__2024-11-14T19:58:34.596128+00:00', '--job-id', '250', '--raw', '--subdir', 'DAGS_FOLDER/Conn_Forcasting_DagFile.py', '--cfg-path', '/tmp/tmp_vdzp8ui']
[2024-11-14T19:58:55.921+0000] {standard_task_runner.py:91} INFO - Job 250: Subtask extract_stock_data__1
[2024-11-14T19:58:55.977+0000] {logging_mixin.py:188} WARNING - /home/***/.local/lib/python3.12/site-packages/***/task/task_runner/standard_task_runner.py:61 DeprecationWarning: This process (pid=4319) is multi-threaded, use of fork() may lead to deadlocks in the child.
[2024-11-14T19:58:55.983+0000] {standard_task_runner.py:63} INFO - Started process 4354 to run task
[2024-11-14T19:58:56.296+0000] {task_command.py:426} INFO - Running <TaskInstance: stock_price_analytics_extended.extract_stock_data__1 manual__2024-11-14T19:58:34.596128+00:00 [running]> on host 885fea738fe5
[2024-11-14T19:58:56.794+0000] {taskinstance.py:2648} INFO - Exporting env vars: AIRFLOW_CTX_DAG_OWNER='***' AIRFLOW_CTX_DAG_ID='stock_price_analytics_extended' AIRFLOW_CTX_TASK_ID='extract_stock_data__1' AIRFLOW_CTX_EXECUTION_DATE='2024-11-14T19:58:34.596128+00:00' AIRFLOW_CTX_TRY_NUMBER='1' AIRFLOW_CTX_DAG_RUN_ID='manual__2024-11-14T19:58:34.596128+00:00'
[2024-11-14T19:58:56.801+0000] {taskinstance.py:430} INFO - ::endgroup::
[2024-11-14T19:58:59.608+0000] {python.py:237} INFO - Done. Returned value was:                         date        open  ...  Stock Splits  symbol
0  2024-08-16 00:00:00-04:00  121.929570  ...           0.0    NVDA
1  2024-08-19 00:00:00-04:00  124.269365  ...           0.0    NVDA
2  2024-08-20 00:00:00-04:00  128.389008  ...           0.0    NVDA
3  2024-08-21 00:00:00-04:00  127.309114  ...           0.0    NVDA
4  2024-08-22 00:00:00-04:00  130.008885  ...           0.0    NVDA
..                       ...         ...  ...           ...     ...
59 2024-11-08 00:00:00-05:00  148.770004  ...           0.0    NVDA
60 2024-11-11 00:00:00-05:00  148.679993  ...           0.0    NVDA
61 2024-11-12 00:00:00-05:00  146.779999  ...           0.0    NVDA
62 2024-11-13 00:00:00-05:00  149.070007  ...           0.0    NVDA
63 2024-11-14 00:00:00-05:00  147.639999  ...           0.0    NVDA

[64 rows x 9 columns]
[2024-11-14T19:58:59.881+0000] {taskinstance.py:441} INFO - ::group::Post task execution logs
[2024-11-14T19:59:00.209+0000] {taskinstance.py:1206} INFO - Marking task as SUCCESS. dag_id=stock_price_analytics_extended, task_id=extract_stock_data__1, run_id=manual__2024-11-14T19:58:34.596128+00:00, execution_date=20241114T195834, start_date=20241114T195855, end_date=20241114T195900
[2024-11-14T19:59:00.338+0000] {local_task_job_runner.py:240} INFO - Task exited with return code 0
[2024-11-14T19:59:00.411+0000] {local_task_job_runner.py:222} INFO - ::endgroup::
