[2024-11-15T06:40:48.807+0000] {local_task_job_runner.py:120} INFO - ::group::Pre task execution logs
[2024-11-15T06:40:49.015+0000] {taskinstance.py:2076} INFO - Dependencies all met for dep_context=non-requeueable deps ti=<TaskInstance: YfinanceToSnowflake.dbt_snapshot manual__2024-11-15T06:35:07.305691+00:00 [queued]>
[2024-11-15T06:40:49.085+0000] {taskinstance.py:2076} INFO - Dependencies all met for dep_context=requeueable deps ti=<TaskInstance: YfinanceToSnowflake.dbt_snapshot manual__2024-11-15T06:35:07.305691+00:00 [queued]>
[2024-11-15T06:40:49.088+0000] {taskinstance.py:2306} INFO - Starting attempt 1 of 1
[2024-11-15T06:40:49.147+0000] {taskinstance.py:2330} INFO - Executing <Task(BashOperator): dbt_snapshot> on 2024-11-15 06:35:07.305691+00:00
[2024-11-15T06:40:49.203+0000] {standard_task_runner.py:90} INFO - Running: ['***', 'tasks', 'run', 'YfinanceToSnowflake', 'dbt_snapshot', 'manual__2024-11-15T06:35:07.305691+00:00', '--job-id', '414', '--raw', '--subdir', 'DAGS_FOLDER/yfinance_to_snowflake.py', '--cfg-path', '/tmp/tmpi0f258jr']
[2024-11-15T06:40:49.217+0000] {standard_task_runner.py:91} INFO - Job 414: Subtask dbt_snapshot
[2024-11-15T06:40:49.221+0000] {logging_mixin.py:188} WARNING - /home/***/.local/lib/python3.12/site-packages/***/task/task_runner/standard_task_runner.py:61 DeprecationWarning: This process (pid=23094) is multi-threaded, use of fork() may lead to deadlocks in the child.
[2024-11-15T06:40:49.233+0000] {standard_task_runner.py:63} INFO - Started process 23097 to run task
[2024-11-15T06:40:49.611+0000] {task_command.py:426} INFO - Running <TaskInstance: YfinanceToSnowflake.dbt_snapshot manual__2024-11-15T06:35:07.305691+00:00 [running]> on host 5bbe89177473
[2024-11-15T06:40:50.149+0000] {taskinstance.py:2648} INFO - Exporting env vars: AIRFLOW_CTX_DAG_OWNER='***' AIRFLOW_CTX_DAG_ID='YfinanceToSnowflake' AIRFLOW_CTX_TASK_ID='dbt_snapshot' AIRFLOW_CTX_EXECUTION_DATE='2024-11-15T06:35:07.305691+00:00' AIRFLOW_CTX_TRY_NUMBER='1' AIRFLOW_CTX_DAG_RUN_ID='manual__2024-11-15T06:35:07.305691+00:00'
[2024-11-15T06:40:50.154+0000] {taskinstance.py:430} INFO - ::endgroup::
[2024-11-15T06:40:50.157+0000] {subprocess.py:63} INFO - Tmp dir root location: /tmp
[2024-11-15T06:40:50.161+0000] {subprocess.py:75} INFO - Running command: ['/usr/bin/bash', '-c', 'cd /opt/***/stocks_mau && dbt snapshot --profiles-dir /opt/***/stocks_mau']
[2024-11-15T06:40:50.232+0000] {subprocess.py:86} INFO - Output:
[2024-11-15T06:40:59.712+0000] {subprocess.py:93} INFO - [0m06:40:59  Running with dbt=1.8.7
[2024-11-15T06:41:06.482+0000] {subprocess.py:93} INFO - [0m06:41:06  Registered adapter: snowflake=1.8.4
[2024-11-15T06:41:14.425+0000] {subprocess.py:93} INFO - [0m06:41:14  Found 2 snapshots, 2 models, 4 data tests, 1 source, 459 macros
[2024-11-15T06:41:14.470+0000] {subprocess.py:93} INFO - [0m06:41:14
[2024-11-15T06:41:16.715+0000] {subprocess.py:93} INFO - [0m06:41:16  Concurrency: 1 threads (target='dev')
[2024-11-15T06:41:16.718+0000] {subprocess.py:93} INFO - [0m06:41:16
[2024-11-15T06:41:16.833+0000] {subprocess.py:93} INFO - [0m06:41:16  1 of 2 START snapshot analytics.dma_snapshot ................................... [RUN]
[2024-11-15T06:41:19.848+0000] {subprocess.py:93} INFO - [0m06:41:19  1 of 2 OK snapshotted analytics.dma_snapshot ................................... [[32mSUCCESS 1[0m in 2.97s]
[2024-11-15T06:41:19.874+0000] {subprocess.py:93} INFO - [0m06:41:19  2 of 2 START snapshot analytics.rsi_snapshot ................................... [RUN]
[2024-11-15T06:41:21.904+0000] {subprocess.py:93} INFO - [0m06:41:21  2 of 2 OK snapshotted analytics.rsi_snapshot ................................... [[32mSUCCESS 1[0m in 2.02s]
[2024-11-15T06:41:21.930+0000] {subprocess.py:93} INFO - [0m06:41:21
[2024-11-15T06:41:21.933+0000] {subprocess.py:93} INFO - [0m06:41:21  Finished running 2 snapshots in 0 hours 0 minutes and 7.46 seconds (7.46s).
[2024-11-15T06:41:22.300+0000] {subprocess.py:93} INFO - [0m06:41:22
[2024-11-15T06:41:22.315+0000] {subprocess.py:93} INFO - [0m06:41:22  [32mCompleted successfully[0m
[2024-11-15T06:41:22.321+0000] {subprocess.py:93} INFO - [0m06:41:22
[2024-11-15T06:41:22.326+0000] {subprocess.py:93} INFO - [0m06:41:22  Done. PASS=2 WARN=0 ERROR=0 SKIP=0 TOTAL=2
[2024-11-15T06:41:25.934+0000] {subprocess.py:97} INFO - Command exited with return code 0
[2024-11-15T06:41:25.938+0000] {taskinstance.py:441} INFO - ::group::Post task execution logs
[2024-11-15T06:41:26.091+0000] {taskinstance.py:1206} INFO - Marking task as SUCCESS. dag_id=YfinanceToSnowflake, task_id=dbt_snapshot, run_id=manual__2024-11-15T06:35:07.305691+00:00, execution_date=20241115T063507, start_date=20241115T064049, end_date=20241115T064126
[2024-11-15T06:41:26.467+0000] {local_task_job_runner.py:240} INFO - Task exited with return code 0
[2024-11-15T06:41:26.631+0000] {taskinstance.py:3498} INFO - 0 downstream tasks scheduled from follow-on schedule check
[2024-11-15T06:41:26.655+0000] {local_task_job_runner.py:222} INFO - ::endgroup::
