[2024-11-15T06:28:34.388+0000] {local_task_job_runner.py:120} INFO - ::group::Pre task execution logs
[2024-11-15T06:28:34.477+0000] {taskinstance.py:2076} INFO - Dependencies all met for dep_context=non-requeueable deps ti=<TaskInstance: YfinanceToSnowflake.load__1 manual__2024-11-15T06:27:27.612267+00:00 [queued]>
[2024-11-15T06:28:34.514+0000] {taskinstance.py:2076} INFO - Dependencies all met for dep_context=requeueable deps ti=<TaskInstance: YfinanceToSnowflake.load__1 manual__2024-11-15T06:27:27.612267+00:00 [queued]>
[2024-11-15T06:28:34.516+0000] {taskinstance.py:2306} INFO - Starting attempt 1 of 1
[2024-11-15T06:28:34.564+0000] {taskinstance.py:2330} INFO - Executing <Task(_PythonDecoratedOperator): load__1> on 2024-11-15 06:27:27.612267+00:00
[2024-11-15T06:28:34.614+0000] {logging_mixin.py:188} WARNING - /home/***/.local/lib/python3.12/site-packages/***/task/task_runner/standard_task_runner.py:61 DeprecationWarning: This process (pid=22440) is multi-threaded, use of fork() may lead to deadlocks in the child.
[2024-11-15T06:28:34.620+0000] {standard_task_runner.py:63} INFO - Started process 22467 to run task
[2024-11-15T06:28:34.613+0000] {standard_task_runner.py:90} INFO - Running: ['***', 'tasks', 'run', 'YfinanceToSnowflake', 'load__1', 'manual__2024-11-15T06:27:27.612267+00:00', '--job-id', '401', '--raw', '--subdir', 'DAGS_FOLDER/Conn_Forcasting_DagFile.py', '--cfg-path', '/tmp/tmp1g0014i6']
[2024-11-15T06:28:34.623+0000] {standard_task_runner.py:91} INFO - Job 401: Subtask load__1
[2024-11-15T06:28:34.886+0000] {task_command.py:426} INFO - Running <TaskInstance: YfinanceToSnowflake.load__1 manual__2024-11-15T06:27:27.612267+00:00 [running]> on host 5bbe89177473
[2024-11-15T06:28:49.676+0000] {taskinstance.py:2648} INFO - Exporting env vars: AIRFLOW_CTX_DAG_OWNER='***' AIRFLOW_CTX_DAG_ID='YfinanceToSnowflake' AIRFLOW_CTX_TASK_ID='load__1' AIRFLOW_CTX_EXECUTION_DATE='2024-11-15T06:27:27.612267+00:00' AIRFLOW_CTX_TRY_NUMBER='1' AIRFLOW_CTX_DAG_RUN_ID='manual__2024-11-15T06:27:27.612267+00:00'
[2024-11-15T06:28:49.695+0000] {taskinstance.py:430} INFO - ::endgroup::
[2024-11-15T06:28:49.831+0000] {base.py:84} INFO - Using connection ID 'snowflake_conn' for task execution.
[2024-11-15T06:28:49.840+0000] {connection.py:399} INFO - Snowflake Connector for Python Version: 3.10.0, Python Version: 3.12.3, Platform: Linux-6.10.11-linuxkit-x86_64-with-glibc2.36
[2024-11-15T06:28:49.887+0000] {connection.py:1239} INFO - This connection is in OCSP Fail Open Mode. TLS Certificates would be checked for validity and revocation status. Any other Certificate Revocation related exceptions or OCSP Responder failures would be disregarded in favor of connectivity.
[2024-11-15T06:28:57.005+0000] {logging_mixin.py:188} INFO - inside load:                         date        open  ...  Stock Splits  symbol
0  2024-08-19 00:00:00-04:00  170.687918  ...           0.0    QCOM
1  2024-08-20 00:00:00-04:00  172.966146  ...           0.0    QCOM
2  2024-08-21 00:00:00-04:00  172.100623  ...           0.0    QCOM
3  2024-08-22 00:00:00-04:00  173.403889  ...           0.0    QCOM
4  2024-08-23 00:00:00-04:00  170.876927  ...           0.0    QCOM
..                       ...         ...  ...           ...     ...
58 2024-11-08 00:00:00-05:00  172.089996  ...           0.0    QCOM
59 2024-11-11 00:00:00-05:00  170.000000  ...           0.0    QCOM
60 2024-11-12 00:00:00-05:00  167.050003  ...           0.0    QCOM
61 2024-11-13 00:00:00-05:00  162.789993  ...           0.0    QCOM
62 2024-11-14 00:00:00-05:00  162.949997  ...           0.0    QCOM

[63 rows x 9 columns]
[2024-11-15T06:28:57.206+0000] {cursor.py:1149} INFO - Number of results in first chunk: 1
[2024-11-15T06:28:57.508+0000] {cursor.py:1149} INFO - Number of results in first chunk: 1
[2024-11-15T06:28:57.539+0000] {logging_mixin.py:188} INFO - Executing MERGE query: 
            MERGE INTO stock_db.raw_data.stock_prices AS target
            USING (
                SELECT '2024-08-19' AS date,
                       170.69 AS open,
                       173.42 AS high,
                       167.87 AS low,
                       173.36 AS close,
                       6708100 AS volume,
                       'QCOM' AS symbol
            ) AS source
            ON target.date = source.date AND target.symbol = source.symbol
            WHEN MATCHED THEN
                UPDATE SET
                    open = source.open,
                    high = source.high,
                    low = source.low,
                    close = source.close,
                    volume = source.volume
            WHEN NOT MATCHED THEN
                INSERT (date, open, high, low, close, volume, symbol)
                VALUES (source.date, source.open, source.high, source.low, source.close, source.volume, source.symbol);
            
[2024-11-15T06:29:04.341+0000] {logging_mixin.py:188} INFO - Executing MERGE query: 
            MERGE INTO stock_db.raw_data.stock_prices AS target
            USING (
                SELECT '2024-08-20' AS date,
                       172.97 AS open,
                       174.53 AS high,
                       170.27 AS low,
                       171.23 AS close,
                       6222400 AS volume,
                       'QCOM' AS symbol
            ) AS source
            ON target.date = source.date AND target.symbol = source.symbol
            WHEN MATCHED THEN
                UPDATE SET
                    open = source.open,
                    high = source.high,
                    low = source.low,
                    close = source.close,
                    volume = source.volume
            WHEN NOT MATCHED THEN
                INSERT (date, open, high, low, close, volume, symbol)
                VALUES (source.date, source.open, source.high, source.low, source.close, source.volume, source.symbol);
            
[2024-11-15T06:29:04.950+0000] {logging_mixin.py:188} INFO - Executing MERGE query: 
            MERGE INTO stock_db.raw_data.stock_prices AS target
            USING (
                SELECT '2024-08-21' AS date,
                       172.1 AS open,
                       173.97 AS high,
                       171.2 AS low,
                       173.32 AS close,
                       6309500 AS volume,
                       'QCOM' AS symbol
            ) AS source
            ON target.date = source.date AND target.symbol = source.symbol
            WHEN MATCHED THEN
                UPDATE SET
                    open = source.open,
                    high = source.high,
                    low = source.low,
                    close = source.close,
                    volume = source.volume
            WHEN NOT MATCHED THEN
                INSERT (date, open, high, low, close, volume, symbol)
                VALUES (source.date, source.open, source.high, source.low, source.close, source.volume, source.symbol);
            
[2024-11-15T06:29:05.991+0000] {logging_mixin.py:188} INFO - Executing MERGE query: 
            MERGE INTO stock_db.raw_data.stock_prices AS target
            USING (
                SELECT '2024-08-22' AS date,
                       173.4 AS open,
                       173.69 AS high,
                       167.51 AS low,
                       168.13 AS close,
                       6743500 AS volume,
                       'QCOM' AS symbol
            ) AS source
            ON target.date = source.date AND target.symbol = source.symbol
            WHEN MATCHED THEN
                UPDATE SET
                    open = source.open,
                    high = source.high,
                    low = source.low,
                    close = source.close,
                    volume = source.volume
            WHEN NOT MATCHED THEN
                INSERT (date, open, high, low, close, volume, symbol)
                VALUES (source.date, source.open, source.high, source.low, source.close, source.volume, source.symbol);
            
[2024-11-15T06:29:07.157+0000] {logging_mixin.py:188} INFO - Executing MERGE query: 
            MERGE INTO stock_db.raw_data.stock_prices AS target
            USING (
                SELECT '2024-08-23' AS date,
                       170.88 AS open,
                       173.72 AS high,
                       169.75 AS low,
                       172.61 AS close,
                       6823600 AS volume,
                       'QCOM' AS symbol
            ) AS source
            ON target.date = source.date AND target.symbol = source.symbol
            WHEN MATCHED THEN
                UPDATE SET
                    open = source.open,
                    high = source.high,
                    low = source.low,
                    close = source.close,
                    volume = source.volume
            WHEN NOT MATCHED THEN
                INSERT (date, open, high, low, close, volume, symbol)
                VALUES (source.date, source.open, source.high, source.low, source.close, source.volume, source.symbol);
            
[2024-11-15T06:29:08.169+0000] {logging_mixin.py:188} INFO - Executing MERGE query: 
            MERGE INTO stock_db.raw_data.stock_prices AS target
            USING (
                SELECT '2024-08-26' AS date,
                       171.09 AS open,
                       171.49 AS high,
                       167.66 AS low,
                       168.62 AS close,
                       7437600 AS volume,
                       'QCOM' AS symbol
            ) AS source
            ON target.date = source.date AND target.symbol = source.symbol
            WHEN MATCHED THEN
                UPDATE SET
                    open = source.open,
                    high = source.high,
                    low = source.low,
                    close = source.close,
                    volume = source.volume
            WHEN NOT MATCHED THEN
                INSERT (date, open, high, low, close, volume, symbol)
                VALUES (source.date, source.open, source.high, source.low, source.close, source.volume, source.symbol);
            
[2024-11-15T06:29:08.969+0000] {logging_mixin.py:188} INFO - Executing MERGE query: 
            MERGE INTO stock_db.raw_data.stock_prices AS target
            USING (
                SELECT '2024-08-27' AS date,
                       168.3 AS open,
                       173.54 AS high,
                       167.4 AS low,
                       173.04 AS close,
                       6498800 AS volume,
                       'QCOM' AS symbol
            ) AS source
            ON target.date = source.date AND target.symbol = source.symbol
            WHEN MATCHED THEN
                UPDATE SET
                    open = source.open,
                    high = source.high,
                    low = source.low,
                    close = source.close,
                    volume = source.volume
            WHEN NOT MATCHED THEN
                INSERT (date, open, high, low, close, volume, symbol)
                VALUES (source.date, source.open, source.high, source.low, source.close, source.volume, source.symbol);
            
[2024-11-15T06:29:09.970+0000] {logging_mixin.py:188} INFO - Executing MERGE query: 
            MERGE INTO stock_db.raw_data.stock_prices AS target
            USING (
                SELECT '2024-08-28' AS date,
                       173.48 AS open,
                       174.82 AS high,
                       168.76 AS low,
                       170.97 AS close,
                       6534600 AS volume,
                       'QCOM' AS symbol
            ) AS source
            ON target.date = source.date AND target.symbol = source.symbol
            WHEN MATCHED THEN
                UPDATE SET
                    open = source.open,
                    high = source.high,
                    low = source.low,
                    close = source.close,
                    volume = source.volume
            WHEN NOT MATCHED THEN
                INSERT (date, open, high, low, close, volume, symbol)
                VALUES (source.date, source.open, source.high, source.low, source.close, source.volume, source.symbol);
            
[2024-11-15T06:29:11.364+0000] {logging_mixin.py:188} INFO - Executing MERGE query: 
            MERGE INTO stock_db.raw_data.stock_prices AS target
            USING (
                SELECT '2024-08-29' AS date,
                       172.53 AS open,
                       175.45 AS high,
                       168.06 AS low,
                       168.62 AS close,
                       12514200 AS volume,
                       'QCOM' AS symbol
            ) AS source
            ON target.date = source.date AND target.symbol = source.symbol
            WHEN MATCHED THEN
                UPDATE SET
                    open = source.open,
                    high = source.high,
                    low = source.low,
                    close = source.close,
                    volume = source.volume
            WHEN NOT MATCHED THEN
                INSERT (date, open, high, low, close, volume, symbol)
                VALUES (source.date, source.open, source.high, source.low, source.close, source.volume, source.symbol);
            
[2024-11-15T06:29:12.320+0000] {logging_mixin.py:188} INFO - Executing MERGE query: 
            MERGE INTO stock_db.raw_data.stock_prices AS target
            USING (
                SELECT '2024-08-30' AS date,
                       171.4 AS open,
                       174.56 AS high,
                       169.92 AS low,
                       174.4 AS close,
                       11110800 AS volume,
                       'QCOM' AS symbol
            ) AS source
            ON target.date = source.date AND target.symbol = source.symbol
            WHEN MATCHED THEN
                UPDATE SET
                    open = source.open,
                    high = source.high,
                    low = source.low,
                    close = source.close,
                    volume = source.volume
            WHEN NOT MATCHED THEN
                INSERT (date, open, high, low, close, volume, symbol)
                VALUES (source.date, source.open, source.high, source.low, source.close, source.volume, source.symbol);
            
[2024-11-15T06:29:13.363+0000] {logging_mixin.py:188} INFO - Executing MERGE query: 
            MERGE INTO stock_db.raw_data.stock_prices AS target
            USING (
                SELECT '2024-09-03' AS date,
                       171.01 AS open,
                       171.27 AS high,
                       161.17 AS low,
                       162.4 AS close,
                       11620300 AS volume,
                       'QCOM' AS symbol
            ) AS source
            ON target.date = source.date AND target.symbol = source.symbol
            WHEN MATCHED THEN
                UPDATE SET
                    open = source.open,
                    high = source.high,
                    low = source.low,
                    close = source.close,
                    volume = source.volume
            WHEN NOT MATCHED THEN
                INSERT (date, open, high, low, close, volume, symbol)
                VALUES (source.date, source.open, source.high, source.low, source.close, source.volume, source.symbol);
            
[2024-11-15T06:29:14.221+0000] {logging_mixin.py:188} INFO - Executing MERGE query: 
            MERGE INTO stock_db.raw_data.stock_prices AS target
            USING (
                SELECT '2024-09-04' AS date,
                       162.16 AS open,
                       167.38 AS high,
                       161.79 AS low,
                       164.48 AS close,
                       6737000 AS volume,
                       'QCOM' AS symbol
            ) AS source
            ON target.date = source.date AND target.symbol = source.symbol
            WHEN MATCHED THEN
                UPDATE SET
                    open = source.open,
                    high = source.high,
                    low = source.low,
                    close = source.close,
                    volume = source.volume
            WHEN NOT MATCHED THEN
                INSERT (date, open, high, low, close, volume, symbol)
                VALUES (source.date, source.open, source.high, source.low, source.close, source.volume, source.symbol);
            
[2024-11-15T06:29:15.193+0000] {logging_mixin.py:188} INFO - Executing MERGE query: 
            MERGE INTO stock_db.raw_data.stock_prices AS target
            USING (
                SELECT '2024-09-05' AS date,
                       163.08 AS open,
                       165.8 AS high,
                       161.85 AS low,
                       163.7 AS close,
                       5600000 AS volume,
                       'QCOM' AS symbol
            ) AS source
            ON target.date = source.date AND target.symbol = source.symbol
            WHEN MATCHED THEN
                UPDATE SET
                    open = source.open,
                    high = source.high,
                    low = source.low,
                    close = source.close,
                    volume = source.volume
            WHEN NOT MATCHED THEN
                INSERT (date, open, high, low, close, volume, symbol)
                VALUES (source.date, source.open, source.high, source.low, source.close, source.volume, source.symbol);
            
[2024-11-15T06:29:16.105+0000] {logging_mixin.py:188} INFO - Executing MERGE query: 
            MERGE INTO stock_db.raw_data.stock_prices AS target
            USING (
                SELECT '2024-09-06' AS date,
                       162.74 AS open,
                       163.19 AS high,
                       157.13 AS low,
                       158.19 AS close,
                       10703000 AS volume,
                       'QCOM' AS symbol
            ) AS source
            ON target.date = source.date AND target.symbol = source.symbol
            WHEN MATCHED THEN
                UPDATE SET
                    open = source.open,
                    high = source.high,
                    low = source.low,
                    close = source.close,
                    volume = source.volume
            WHEN NOT MATCHED THEN
                INSERT (date, open, high, low, close, volume, symbol)
                VALUES (source.date, source.open, source.high, source.low, source.close, source.volume, source.symbol);
            
[2024-11-15T06:29:17.140+0000] {logging_mixin.py:188} INFO - Executing MERGE query: 
            MERGE INTO stock_db.raw_data.stock_prices AS target
            USING (
                SELECT '2024-09-09' AS date,
                       161.09 AS open,
                       162.37 AS high,
                       158.57 AS low,
                       160.77 AS close,
                       7494900 AS volume,
                       'QCOM' AS symbol
            ) AS source
            ON target.date = source.date AND target.symbol = source.symbol
            WHEN MATCHED THEN
                UPDATE SET
                    open = source.open,
                    high = source.high,
                    low = source.low,
                    close = source.close,
                    volume = source.volume
            WHEN NOT MATCHED THEN
                INSERT (date, open, high, low, close, volume, symbol)
                VALUES (source.date, source.open, source.high, source.low, source.close, source.volume, source.symbol);
            
[2024-11-15T06:29:17.989+0000] {logging_mixin.py:188} INFO - Executing MERGE query: 
            MERGE INTO stock_db.raw_data.stock_prices AS target
            USING (
                SELECT '2024-09-10' AS date,
                       160.0 AS open,
                       162.06 AS high,
                       157.68 AS low,
                       161.68 AS close,
                       7918100 AS volume,
                       'QCOM' AS symbol
            ) AS source
            ON target.date = source.date AND target.symbol = source.symbol
            WHEN MATCHED THEN
                UPDATE SET
                    open = source.open,
                    high = source.high,
                    low = source.low,
                    close = source.close,
                    volume = source.volume
            WHEN NOT MATCHED THEN
                INSERT (date, open, high, low, close, volume, symbol)
                VALUES (source.date, source.open, source.high, source.low, source.close, source.volume, source.symbol);
            
[2024-11-15T06:29:18.869+0000] {logging_mixin.py:188} INFO - Executing MERGE query: 
            MERGE INTO stock_db.raw_data.stock_prices AS target
            USING (
                SELECT '2024-09-11' AS date,
                       162.36 AS open,
                       166.9 AS high,
                       159.25 AS low,
                       166.56 AS close,
                       8275400 AS volume,
                       'QCOM' AS symbol
            ) AS source
            ON target.date = source.date AND target.symbol = source.symbol
            WHEN MATCHED THEN
                UPDATE SET
                    open = source.open,
                    high = source.high,
                    low = source.low,
                    close = source.close,
                    volume = source.volume
            WHEN NOT MATCHED THEN
                INSERT (date, open, high, low, close, volume, symbol)
                VALUES (source.date, source.open, source.high, source.low, source.close, source.volume, source.symbol);
            
[2024-11-15T06:29:19.790+0000] {logging_mixin.py:188} INFO - Executing MERGE query: 
            MERGE INTO stock_db.raw_data.stock_prices AS target
            USING (
                SELECT '2024-09-12' AS date,
                       165.88 AS open,
                       166.31 AS high,
                       162.9 AS low,
                       164.98 AS close,
                       6045600 AS volume,
                       'QCOM' AS symbol
            ) AS source
            ON target.date = source.date AND target.symbol = source.symbol
            WHEN MATCHED THEN
                UPDATE SET
                    open = source.open,
                    high = source.high,
                    low = source.low,
                    close = source.close,
                    volume = source.volume
            WHEN NOT MATCHED THEN
                INSERT (date, open, high, low, close, volume, symbol)
                VALUES (source.date, source.open, source.high, source.low, source.close, source.volume, source.symbol);
            
[2024-11-15T06:29:20.450+0000] {logging_mixin.py:188} INFO - Executing MERGE query: 
            MERGE INTO stock_db.raw_data.stock_prices AS target
            USING (
                SELECT '2024-09-13' AS date,
                       165.81 AS open,
                       168.3 AS high,
                       165.44 AS low,
                       167.73 AS close,
                       4049900 AS volume,
                       'QCOM' AS symbol
            ) AS source
            ON target.date = source.date AND target.symbol = source.symbol
            WHEN MATCHED THEN
                UPDATE SET
                    open = source.open,
                    high = source.high,
                    low = source.low,
                    close = source.close,
                    volume = source.volume
            WHEN NOT MATCHED THEN
                INSERT (date, open, high, low, close, volume, symbol)
                VALUES (source.date, source.open, source.high, source.low, source.close, source.volume, source.symbol);
            
[2024-11-15T06:29:21.338+0000] {logging_mixin.py:188} INFO - Executing MERGE query: 
            MERGE INTO stock_db.raw_data.stock_prices AS target
            USING (
                SELECT '2024-09-16' AS date,
                       164.93 AS open,
                       167.34 AS high,
                       163.79 AS low,
                       166.61 AS close,
                       6510000 AS volume,
                       'QCOM' AS symbol
            ) AS source
            ON target.date = source.date AND target.symbol = source.symbol
            WHEN MATCHED THEN
                UPDATE SET
                    open = source.open,
                    high = source.high,
                    low = source.low,
                    close = source.close,
                    volume = source.volume
            WHEN NOT MATCHED THEN
                INSERT (date, open, high, low, close, volume, symbol)
                VALUES (source.date, source.open, source.high, source.low, source.close, source.volume, source.symbol);
            
[2024-11-15T06:29:22.257+0000] {logging_mixin.py:188} INFO - Executing MERGE query: 
            MERGE INTO stock_db.raw_data.stock_prices AS target
            USING (
                SELECT '2024-09-17' AS date,
                       168.88 AS open,
                       169.5 AS high,
                       166.08 AS low,
                       168.7 AS close,
                       5828000 AS volume,
                       'QCOM' AS symbol
            ) AS source
            ON target.date = source.date AND target.symbol = source.symbol
            WHEN MATCHED THEN
                UPDATE SET
                    open = source.open,
                    high = source.high,
                    low = source.low,
                    close = source.close,
                    volume = source.volume
            WHEN NOT MATCHED THEN
                INSERT (date, open, high, low, close, volume, symbol)
                VALUES (source.date, source.open, source.high, source.low, source.close, source.volume, source.symbol);
            
[2024-11-15T06:29:22.994+0000] {logging_mixin.py:188} INFO - Executing MERGE query: 
            MERGE INTO stock_db.raw_data.stock_prices AS target
            USING (
                SELECT '2024-09-18' AS date,
                       169.52 AS open,
                       172.42 AS high,
                       167.7 AS low,
                       168.3 AS close,
                       5877600 AS volume,
                       'QCOM' AS symbol
            ) AS source
            ON target.date = source.date AND target.symbol = source.symbol
            WHEN MATCHED THEN
                UPDATE SET
                    open = source.open,
                    high = source.high,
                    low = source.low,
                    close = source.close,
                    volume = source.volume
            WHEN NOT MATCHED THEN
                INSERT (date, open, high, low, close, volume, symbol)
                VALUES (source.date, source.open, source.high, source.low, source.close, source.volume, source.symbol);
            
[2024-11-15T06:29:23.784+0000] {logging_mixin.py:188} INFO - Executing MERGE query: 
            MERGE INTO stock_db.raw_data.stock_prices AS target
            USING (
                SELECT '2024-09-19' AS date,
                       174.42 AS open,
                       176.8 AS high,
                       172.49 AS low,
                       173.92 AS close,
                       10900000 AS volume,
                       'QCOM' AS symbol
            ) AS source
            ON target.date = source.date AND target.symbol = source.symbol
            WHEN MATCHED THEN
                UPDATE SET
                    open = source.open,
                    high = source.high,
                    low = source.low,
                    close = source.close,
                    volume = source.volume
            WHEN NOT MATCHED THEN
                INSERT (date, open, high, low, close, volume, symbol)
                VALUES (source.date, source.open, source.high, source.low, source.close, source.volume, source.symbol);
            
[2024-11-15T06:29:25.019+0000] {logging_mixin.py:188} INFO - Executing MERGE query: 
            MERGE INTO stock_db.raw_data.stock_prices AS target
            USING (
                SELECT '2024-09-20' AS date,
                       172.69 AS open,
                       173.07 AS high,
                       164.3 AS low,
                       168.92 AS close,
                       27546400 AS volume,
                       'QCOM' AS symbol
            ) AS source
            ON target.date = source.date AND target.symbol = source.symbol
            WHEN MATCHED THEN
                UPDATE SET
                    open = source.open,
                    high = source.high,
                    low = source.low,
                    close = source.close,
                    volume = source.volume
            WHEN NOT MATCHED THEN
                INSERT (date, open, high, low, close, volume, symbol)
                VALUES (source.date, source.open, source.high, source.low, source.close, source.volume, source.symbol);
            
[2024-11-15T06:29:25.935+0000] {logging_mixin.py:188} INFO - Executing MERGE query: 
            MERGE INTO stock_db.raw_data.stock_prices AS target
            USING (
                SELECT '2024-09-23' AS date,
                       168.42 AS open,
                       169.98 AS high,
                       165.35 AS low,
                       165.96 AS close,
                       9810000 AS volume,
                       'QCOM' AS symbol
            ) AS source
            ON target.date = source.date AND target.symbol = source.symbol
            WHEN MATCHED THEN
                UPDATE SET
                    open = source.open,
                    high = source.high,
                    low = source.low,
                    close = source.close,
                    volume = source.volume
            WHEN NOT MATCHED THEN
                INSERT (date, open, high, low, close, volume, symbol)
                VALUES (source.date, source.open, source.high, source.low, source.close, source.volume, source.symbol);
            
[2024-11-15T06:29:26.861+0000] {logging_mixin.py:188} INFO - Executing MERGE query: 
            MERGE INTO stock_db.raw_data.stock_prices AS target
            USING (
                SELECT '2024-09-24' AS date,
                       167.42 AS open,
                       169.36 AS high,
                       165.98 AS low,
                       166.95 AS close,
                       9666800 AS volume,
                       'QCOM' AS symbol
            ) AS source
            ON target.date = source.date AND target.symbol = source.symbol
            WHEN MATCHED THEN
                UPDATE SET
                    open = source.open,
                    high = source.high,
                    low = source.low,
                    close = source.close,
                    volume = source.volume
            WHEN NOT MATCHED THEN
                INSERT (date, open, high, low, close, volume, symbol)
                VALUES (source.date, source.open, source.high, source.low, source.close, source.volume, source.symbol);
            
[2024-11-15T06:29:27.529+0000] {logging_mixin.py:188} INFO - Executing MERGE query: 
            MERGE INTO stock_db.raw_data.stock_prices AS target
            USING (
                SELECT '2024-09-25' AS date,
                       166.28 AS open,
                       168.59 AS high,
                       165.76 AS low,
                       168.27 AS close,
                       5095500 AS volume,
                       'QCOM' AS symbol
            ) AS source
            ON target.date = source.date AND target.symbol = source.symbol
            WHEN MATCHED THEN
                UPDATE SET
                    open = source.open,
                    high = source.high,
                    low = source.low,
                    close = source.close,
                    volume = source.volume
            WHEN NOT MATCHED THEN
                INSERT (date, open, high, low, close, volume, symbol)
                VALUES (source.date, source.open, source.high, source.low, source.close, source.volume, source.symbol);
            
[2024-11-15T06:29:28.211+0000] {logging_mixin.py:188} INFO - Executing MERGE query: 
            MERGE INTO stock_db.raw_data.stock_prices AS target
            USING (
                SELECT '2024-09-26' AS date,
                       174.91 AS open,
                       175.75 AS high,
                       166.78 AS low,
                       172.66 AS close,
                       8475000 AS volume,
                       'QCOM' AS symbol
            ) AS source
            ON target.date = source.date AND target.symbol = source.symbol
            WHEN MATCHED THEN
                UPDATE SET
                    open = source.open,
                    high = source.high,
                    low = source.low,
                    close = source.close,
                    volume = source.volume
            WHEN NOT MATCHED THEN
                INSERT (date, open, high, low, close, volume, symbol)
                VALUES (source.date, source.open, source.high, source.low, source.close, source.volume, source.symbol);
            
[2024-11-15T06:29:29.125+0000] {logging_mixin.py:188} INFO - Executing MERGE query: 
            MERGE INTO stock_db.raw_data.stock_prices AS target
            USING (
                SELECT '2024-09-27' AS date,
                       173.0 AS open,
                       173.45 AS high,
                       169.83 AS low,
                       170.13 AS close,
                       5880700 AS volume,
                       'QCOM' AS symbol
            ) AS source
            ON target.date = source.date AND target.symbol = source.symbol
            WHEN MATCHED THEN
                UPDATE SET
                    open = source.open,
                    high = source.high,
                    low = source.low,
                    close = source.close,
                    volume = source.volume
            WHEN NOT MATCHED THEN
                INSERT (date, open, high, low, close, volume, symbol)
                VALUES (source.date, source.open, source.high, source.low, source.close, source.volume, source.symbol);
            
[2024-11-15T06:29:29.970+0000] {logging_mixin.py:188} INFO - Executing MERGE query: 
            MERGE INTO stock_db.raw_data.stock_prices AS target
            USING (
                SELECT '2024-09-30' AS date,
                       171.37 AS open,
                       172.23 AS high,
                       167.75 AS low,
                       170.05 AS close,
                       8099700 AS volume,
                       'QCOM' AS symbol
            ) AS source
            ON target.date = source.date AND target.symbol = source.symbol
            WHEN MATCHED THEN
                UPDATE SET
                    open = source.open,
                    high = source.high,
                    low = source.low,
                    close = source.close,
                    volume = source.volume
            WHEN NOT MATCHED THEN
                INSERT (date, open, high, low, close, volume, symbol)
                VALUES (source.date, source.open, source.high, source.low, source.close, source.volume, source.symbol);
            
[2024-11-15T06:29:30.635+0000] {logging_mixin.py:188} INFO - Executing MERGE query: 
            MERGE INTO stock_db.raw_data.stock_prices AS target
            USING (
                SELECT '2024-10-01' AS date,
                       169.8 AS open,
                       170.29 AS high,
                       164.08 AS low,
                       165.78 AS close,
                       8277600 AS volume,
                       'QCOM' AS symbol
            ) AS source
            ON target.date = source.date AND target.symbol = source.symbol
            WHEN MATCHED THEN
                UPDATE SET
                    open = source.open,
                    high = source.high,
                    low = source.low,
                    close = source.close,
                    volume = source.volume
            WHEN NOT MATCHED THEN
                INSERT (date, open, high, low, close, volume, symbol)
                VALUES (source.date, source.open, source.high, source.low, source.close, source.volume, source.symbol);
            
[2024-11-15T06:29:31.380+0000] {logging_mixin.py:188} INFO - Executing MERGE query: 
            MERGE INTO stock_db.raw_data.stock_prices AS target
            USING (
                SELECT '2024-10-02' AS date,
                       166.15 AS open,
                       169.75 AS high,
                       165.15 AS low,
                       168.32 AS close,
                       4484600 AS volume,
                       'QCOM' AS symbol
            ) AS source
            ON target.date = source.date AND target.symbol = source.symbol
            WHEN MATCHED THEN
                UPDATE SET
                    open = source.open,
                    high = source.high,
                    low = source.low,
                    close = source.close,
                    volume = source.volume
            WHEN NOT MATCHED THEN
                INSERT (date, open, high, low, close, volume, symbol)
                VALUES (source.date, source.open, source.high, source.low, source.close, source.volume, source.symbol);
            
[2024-11-15T06:29:32.066+0000] {logging_mixin.py:188} INFO - Executing MERGE query: 
            MERGE INTO stock_db.raw_data.stock_prices AS target
            USING (
                SELECT '2024-10-03' AS date,
                       165.95 AS open,
                       169.53 AS high,
                       165.66 AS low,
                       168.92 AS close,
                       6260200 AS volume,
                       'QCOM' AS symbol
            ) AS source
            ON target.date = source.date AND target.symbol = source.symbol
            WHEN MATCHED THEN
                UPDATE SET
                    open = source.open,
                    high = source.high,
                    low = source.low,
                    close = source.close,
                    volume = source.volume
            WHEN NOT MATCHED THEN
                INSERT (date, open, high, low, close, volume, symbol)
                VALUES (source.date, source.open, source.high, source.low, source.close, source.volume, source.symbol);
            
[2024-11-15T06:29:33.069+0000] {logging_mixin.py:188} INFO - Executing MERGE query: 
            MERGE INTO stock_db.raw_data.stock_prices AS target
            USING (
                SELECT '2024-10-04' AS date,
                       172.55 AS open,
                       172.8 AS high,
                       166.48 AS low,
                       168.9 AS close,
                       6586500 AS volume,
                       'QCOM' AS symbol
            ) AS source
            ON target.date = source.date AND target.symbol = source.symbol
            WHEN MATCHED THEN
                UPDATE SET
                    open = source.open,
                    high = source.high,
                    low = source.low,
                    close = source.close,
                    volume = source.volume
            WHEN NOT MATCHED THEN
                INSERT (date, open, high, low, close, volume, symbol)
                VALUES (source.date, source.open, source.high, source.low, source.close, source.volume, source.symbol);
            
[2024-11-15T06:29:34.307+0000] {logging_mixin.py:188} INFO - Executing MERGE query: 
            MERGE INTO stock_db.raw_data.stock_prices AS target
            USING (
                SELECT '2024-10-07' AS date,
                       167.64 AS open,
                       168.72 AS high,
                       165.74 AS low,
                       166.94 AS close,
                       4359300 AS volume,
                       'QCOM' AS symbol
            ) AS source
            ON target.date = source.date AND target.symbol = source.symbol
            WHEN MATCHED THEN
                UPDATE SET
                    open = source.open,
                    high = source.high,
                    low = source.low,
                    close = source.close,
                    volume = source.volume
            WHEN NOT MATCHED THEN
                INSERT (date, open, high, low, close, volume, symbol)
                VALUES (source.date, source.open, source.high, source.low, source.close, source.volume, source.symbol);
            
[2024-11-15T06:29:35.498+0000] {logging_mixin.py:188} INFO - Executing MERGE query: 
            MERGE INTO stock_db.raw_data.stock_prices AS target
            USING (
                SELECT '2024-10-08' AS date,
                       164.86 AS open,
                       167.72 AS high,
                       163.66 AS low,
                       166.34 AS close,
                       7843500 AS volume,
                       'QCOM' AS symbol
            ) AS source
            ON target.date = source.date AND target.symbol = source.symbol
            WHEN MATCHED THEN
                UPDATE SET
                    open = source.open,
                    high = source.high,
                    low = source.low,
                    close = source.close,
                    volume = source.volume
            WHEN NOT MATCHED THEN
                INSERT (date, open, high, low, close, volume, symbol)
                VALUES (source.date, source.open, source.high, source.low, source.close, source.volume, source.symbol);
            
[2024-11-15T06:29:36.327+0000] {logging_mixin.py:188} INFO - Executing MERGE query: 
            MERGE INTO stock_db.raw_data.stock_prices AS target
            USING (
                SELECT '2024-10-09' AS date,
                       165.95 AS open,
                       170.3 AS high,
                       164.67 AS low,
                       170.22 AS close,
                       5486500 AS volume,
                       'QCOM' AS symbol
            ) AS source
            ON target.date = source.date AND target.symbol = source.symbol
            WHEN MATCHED THEN
                UPDATE SET
                    open = source.open,
                    high = source.high,
                    low = source.low,
                    close = source.close,
                    volume = source.volume
            WHEN NOT MATCHED THEN
                INSERT (date, open, high, low, close, volume, symbol)
                VALUES (source.date, source.open, source.high, source.low, source.close, source.volume, source.symbol);
            
[2024-11-15T06:29:37.338+0000] {logging_mixin.py:188} INFO - Executing MERGE query: 
            MERGE INTO stock_db.raw_data.stock_prices AS target
            USING (
                SELECT '2024-10-10' AS date,
                       167.23 AS open,
                       168.75 AS high,
                       165.33 AS low,
                       168.52 AS close,
                       5048000 AS volume,
                       'QCOM' AS symbol
            ) AS source
            ON target.date = source.date AND target.symbol = source.symbol
            WHEN MATCHED THEN
                UPDATE SET
                    open = source.open,
                    high = source.high,
                    low = source.low,
                    close = source.close,
                    volume = source.volume
            WHEN NOT MATCHED THEN
                INSERT (date, open, high, low, close, volume, symbol)
                VALUES (source.date, source.open, source.high, source.low, source.close, source.volume, source.symbol);
            
[2024-11-15T06:29:38.256+0000] {logging_mixin.py:188} INFO - Executing MERGE query: 
            MERGE INTO stock_db.raw_data.stock_prices AS target
            USING (
                SELECT '2024-10-11' AS date,
                       168.0 AS open,
                       170.43 AS high,
                       166.87 AS low,
                       169.98 AS close,
                       3801400 AS volume,
                       'QCOM' AS symbol
            ) AS source
            ON target.date = source.date AND target.symbol = source.symbol
            WHEN MATCHED THEN
                UPDATE SET
                    open = source.open,
                    high = source.high,
                    low = source.low,
                    close = source.close,
                    volume = source.volume
            WHEN NOT MATCHED THEN
                INSERT (date, open, high, low, close, volume, symbol)
                VALUES (source.date, source.open, source.high, source.low, source.close, source.volume, source.symbol);
            
[2024-11-15T06:29:39.282+0000] {logging_mixin.py:188} INFO - Executing MERGE query: 
            MERGE INTO stock_db.raw_data.stock_prices AS target
            USING (
                SELECT '2024-10-14' AS date,
                       171.34 AS open,
                       178.87 AS high,
                       170.9 AS low,
                       178.04 AS close,
                       9933600 AS volume,
                       'QCOM' AS symbol
            ) AS source
            ON target.date = source.date AND target.symbol = source.symbol
            WHEN MATCHED THEN
                UPDATE SET
                    open = source.open,
                    high = source.high,
                    low = source.low,
                    close = source.close,
                    volume = source.volume
            WHEN NOT MATCHED THEN
                INSERT (date, open, high, low, close, volume, symbol)
                VALUES (source.date, source.open, source.high, source.low, source.close, source.volume, source.symbol);
            
[2024-11-15T06:29:40.419+0000] {logging_mixin.py:188} INFO - Executing MERGE query: 
            MERGE INTO stock_db.raw_data.stock_prices AS target
            USING (
                SELECT '2024-10-15' AS date,
                       177.22 AS open,
                       179.83 AS high,
                       172.75 AS low,
                       174.09 AS close,
                       12910400 AS volume,
                       'QCOM' AS symbol
            ) AS source
            ON target.date = source.date AND target.symbol = source.symbol
            WHEN MATCHED THEN
                UPDATE SET
                    open = source.open,
                    high = source.high,
                    low = source.low,
                    close = source.close,
                    volume = source.volume
            WHEN NOT MATCHED THEN
                INSERT (date, open, high, low, close, volume, symbol)
                VALUES (source.date, source.open, source.high, source.low, source.close, source.volume, source.symbol);
            
[2024-11-15T06:29:41.155+0000] {logging_mixin.py:188} INFO - Executing MERGE query: 
            MERGE INTO stock_db.raw_data.stock_prices AS target
            USING (
                SELECT '2024-10-16' AS date,
                       174.62 AS open,
                       174.67 AS high,
                       170.22 AS low,
                       171.48 AS close,
                       6495700 AS volume,
                       'QCOM' AS symbol
            ) AS source
            ON target.date = source.date AND target.symbol = source.symbol
            WHEN MATCHED THEN
                UPDATE SET
                    open = source.open,
                    high = source.high,
                    low = source.low,
                    close = source.close,
                    volume = source.volume
            WHEN NOT MATCHED THEN
                INSERT (date, open, high, low, close, volume, symbol)
                VALUES (source.date, source.open, source.high, source.low, source.close, source.volume, source.symbol);
            
[2024-11-15T06:29:41.971+0000] {logging_mixin.py:188} INFO - Executing MERGE query: 
            MERGE INTO stock_db.raw_data.stock_prices AS target
            USING (
                SELECT '2024-10-17' AS date,
                       175.62 AS open,
                       175.62 AS high,
                       171.02 AS low,
                       171.1 AS close,
                       6093200 AS volume,
                       'QCOM' AS symbol
            ) AS source
            ON target.date = source.date AND target.symbol = source.symbol
            WHEN MATCHED THEN
                UPDATE SET
                    open = source.open,
                    high = source.high,
                    low = source.low,
                    close = source.close,
                    volume = source.volume
            WHEN NOT MATCHED THEN
                INSERT (date, open, high, low, close, volume, symbol)
                VALUES (source.date, source.open, source.high, source.low, source.close, source.volume, source.symbol);
            
[2024-11-15T06:29:42.845+0000] {logging_mixin.py:188} INFO - Executing MERGE query: 
            MERGE INTO stock_db.raw_data.stock_prices AS target
            USING (
                SELECT '2024-10-18' AS date,
                       172.11 AS open,
                       172.58 AS high,
                       169.42 AS low,
                       170.92 AS close,
                       6432700 AS volume,
                       'QCOM' AS symbol
            ) AS source
            ON target.date = source.date AND target.symbol = source.symbol
            WHEN MATCHED THEN
                UPDATE SET
                    open = source.open,
                    high = source.high,
                    low = source.low,
                    close = source.close,
                    volume = source.volume
            WHEN NOT MATCHED THEN
                INSERT (date, open, high, low, close, volume, symbol)
                VALUES (source.date, source.open, source.high, source.low, source.close, source.volume, source.symbol);
            
[2024-11-15T06:29:43.553+0000] {logging_mixin.py:188} INFO - Executing MERGE query: 
            MERGE INTO stock_db.raw_data.stock_prices AS target
            USING (
                SELECT '2024-10-21' AS date,
                       169.64 AS open,
                       170.17 AS high,
                       166.07 AS low,
                       169.01 AS close,
                       7297700 AS volume,
                       'QCOM' AS symbol
            ) AS source
            ON target.date = source.date AND target.symbol = source.symbol
            WHEN MATCHED THEN
                UPDATE SET
                    open = source.open,
                    high = source.high,
                    low = source.low,
                    close = source.close,
                    volume = source.volume
            WHEN NOT MATCHED THEN
                INSERT (date, open, high, low, close, volume, symbol)
                VALUES (source.date, source.open, source.high, source.low, source.close, source.volume, source.symbol);
            
[2024-11-15T06:29:44.198+0000] {logging_mixin.py:188} INFO - Executing MERGE query: 
            MERGE INTO stock_db.raw_data.stock_prices AS target
            USING (
                SELECT '2024-10-22' AS date,
                       169.01 AS open,
                       173.48 AS high,
                       168.23 AS low,
                       173.18 AS close,
                       7313000 AS volume,
                       'QCOM' AS symbol
            ) AS source
            ON target.date = source.date AND target.symbol = source.symbol
            WHEN MATCHED THEN
                UPDATE SET
                    open = source.open,
                    high = source.high,
                    low = source.low,
                    close = source.close,
                    volume = source.volume
            WHEN NOT MATCHED THEN
                INSERT (date, open, high, low, close, volume, symbol)
                VALUES (source.date, source.open, source.high, source.low, source.close, source.volume, source.symbol);
            
[2024-11-15T06:29:44.968+0000] {logging_mixin.py:188} INFO - Executing MERGE query: 
            MERGE INTO stock_db.raw_data.stock_prices AS target
            USING (
                SELECT '2024-10-23' AS date,
                       169.34 AS open,
                       172.64 AS high,
                       164.3 AS low,
                       166.6 AS close,
                       9788200 AS volume,
                       'QCOM' AS symbol
            ) AS source
            ON target.date = source.date AND target.symbol = source.symbol
            WHEN MATCHED THEN
                UPDATE SET
                    open = source.open,
                    high = source.high,
                    low = source.low,
                    close = source.close,
                    volume = source.volume
            WHEN NOT MATCHED THEN
                INSERT (date, open, high, low, close, volume, symbol)
                VALUES (source.date, source.open, source.high, source.low, source.close, source.volume, source.symbol);
            
[2024-11-15T06:29:45.738+0000] {logging_mixin.py:188} INFO - Executing MERGE query: 
            MERGE INTO stock_db.raw_data.stock_prices AS target
            USING (
                SELECT '2024-10-24' AS date,
                       166.61 AS open,
                       168.94 AS high,
                       165.53 AS low,
                       168.1 AS close,
                       4933400 AS volume,
                       'QCOM' AS symbol
            ) AS source
            ON target.date = source.date AND target.symbol = source.symbol
            WHEN MATCHED THEN
                UPDATE SET
                    open = source.open,
                    high = source.high,
                    low = source.low,
                    close = source.close,
                    volume = source.volume
            WHEN NOT MATCHED THEN
                INSERT (date, open, high, low, close, volume, symbol)
                VALUES (source.date, source.open, source.high, source.low, source.close, source.volume, source.symbol);
            
[2024-11-15T06:29:46.448+0000] {logging_mixin.py:188} INFO - Executing MERGE query: 
            MERGE INTO stock_db.raw_data.stock_prices AS target
            USING (
                SELECT '2024-10-25' AS date,
                       170.28 AS open,
                       173.18 AS high,
                       169.81 AS low,
                       170.27 AS close,
                       5496600 AS volume,
                       'QCOM' AS symbol
            ) AS source
            ON target.date = source.date AND target.symbol = source.symbol
            WHEN MATCHED THEN
                UPDATE SET
                    open = source.open,
                    high = source.high,
                    low = source.low,
                    close = source.close,
                    volume = source.volume
            WHEN NOT MATCHED THEN
                INSERT (date, open, high, low, close, volume, symbol)
                VALUES (source.date, source.open, source.high, source.low, source.close, source.volume, source.symbol);
            
[2024-11-15T06:29:47.194+0000] {logging_mixin.py:188} INFO - Executing MERGE query: 
            MERGE INTO stock_db.raw_data.stock_prices AS target
            USING (
                SELECT '2024-10-28' AS date,
                       169.42 AS open,
                       173.15 AS high,
                       169.37 AS low,
                       172.22 AS close,
                       5024600 AS volume,
                       'QCOM' AS symbol
            ) AS source
            ON target.date = source.date AND target.symbol = source.symbol
            WHEN MATCHED THEN
                UPDATE SET
                    open = source.open,
                    high = source.high,
                    low = source.low,
                    close = source.close,
                    volume = source.volume
            WHEN NOT MATCHED THEN
                INSERT (date, open, high, low, close, volume, symbol)
                VALUES (source.date, source.open, source.high, source.low, source.close, source.volume, source.symbol);
            
[2024-11-15T06:29:48.091+0000] {logging_mixin.py:188} INFO - Executing MERGE query: 
            MERGE INTO stock_db.raw_data.stock_prices AS target
            USING (
                SELECT '2024-10-29' AS date,
                       172.2 AS open,
                       176.57 AS high,
                       171.26 AS low,
                       176.0 AS close,
                       6427700 AS volume,
                       'QCOM' AS symbol
            ) AS source
            ON target.date = source.date AND target.symbol = source.symbol
            WHEN MATCHED THEN
                UPDATE SET
                    open = source.open,
                    high = source.high,
                    low = source.low,
                    close = source.close,
                    volume = source.volume
            WHEN NOT MATCHED THEN
                INSERT (date, open, high, low, close, volume, symbol)
                VALUES (source.date, source.open, source.high, source.low, source.close, source.volume, source.symbol);
            
[2024-11-15T06:29:49.088+0000] {logging_mixin.py:188} INFO - Executing MERGE query: 
            MERGE INTO stock_db.raw_data.stock_prices AS target
            USING (
                SELECT '2024-10-30' AS date,
                       169.92 AS open,
                       171.74 AS high,
                       167.53 AS low,
                       167.62 AS close,
                       8819700 AS volume,
                       'QCOM' AS symbol
            ) AS source
            ON target.date = source.date AND target.symbol = source.symbol
            WHEN MATCHED THEN
                UPDATE SET
                    open = source.open,
                    high = source.high,
                    low = source.low,
                    close = source.close,
                    volume = source.volume
            WHEN NOT MATCHED THEN
                INSERT (date, open, high, low, close, volume, symbol)
                VALUES (source.date, source.open, source.high, source.low, source.close, source.volume, source.symbol);
            
[2024-11-15T06:29:49.938+0000] {logging_mixin.py:188} INFO - Executing MERGE query: 
            MERGE INTO stock_db.raw_data.stock_prices AS target
            USING (
                SELECT '2024-10-31' AS date,
                       167.62 AS open,
                       167.78 AS high,
                       162.08 AS low,
                       162.77 AS close,
                       10261200 AS volume,
                       'QCOM' AS symbol
            ) AS source
            ON target.date = source.date AND target.symbol = source.symbol
            WHEN MATCHED THEN
                UPDATE SET
                    open = source.open,
                    high = source.high,
                    low = source.low,
                    close = source.close,
                    volume = source.volume
            WHEN NOT MATCHED THEN
                INSERT (date, open, high, low, close, volume, symbol)
                VALUES (source.date, source.open, source.high, source.low, source.close, source.volume, source.symbol);
            
[2024-11-15T06:29:50.883+0000] {logging_mixin.py:188} INFO - Executing MERGE query: 
            MERGE INTO stock_db.raw_data.stock_prices AS target
            USING (
                SELECT '2024-11-01' AS date,
                       163.08 AS open,
                       166.08 AS high,
                       162.77 AS low,
                       165.27 AS close,
                       6498100 AS volume,
                       'QCOM' AS symbol
            ) AS source
            ON target.date = source.date AND target.symbol = source.symbol
            WHEN MATCHED THEN
                UPDATE SET
                    open = source.open,
                    high = source.high,
                    low = source.low,
                    close = source.close,
                    volume = source.volume
            WHEN NOT MATCHED THEN
                INSERT (date, open, high, low, close, volume, symbol)
                VALUES (source.date, source.open, source.high, source.low, source.close, source.volume, source.symbol);
            
[2024-11-15T06:29:51.654+0000] {logging_mixin.py:188} INFO - Executing MERGE query: 
            MERGE INTO stock_db.raw_data.stock_prices AS target
            USING (
                SELECT '2024-11-04' AS date,
                       165.06 AS open,
                       167.5 AS high,
                       163.64 AS low,
                       165.18 AS close,
                       4949800 AS volume,
                       'QCOM' AS symbol
            ) AS source
            ON target.date = source.date AND target.symbol = source.symbol
            WHEN MATCHED THEN
                UPDATE SET
                    open = source.open,
                    high = source.high,
                    low = source.low,
                    close = source.close,
                    volume = source.volume
            WHEN NOT MATCHED THEN
                INSERT (date, open, high, low, close, volume, symbol)
                VALUES (source.date, source.open, source.high, source.low, source.close, source.volume, source.symbol);
            
[2024-11-15T06:29:52.403+0000] {logging_mixin.py:188} INFO - Executing MERGE query: 
            MERGE INTO stock_db.raw_data.stock_prices AS target
            USING (
                SELECT '2024-11-05' AS date,
                       165.0 AS open,
                       167.59 AS high,
                       164.25 AS low,
                       165.91 AS close,
                       5373200 AS volume,
                       'QCOM' AS symbol
            ) AS source
            ON target.date = source.date AND target.symbol = source.symbol
            WHEN MATCHED THEN
                UPDATE SET
                    open = source.open,
                    high = source.high,
                    low = source.low,
                    close = source.close,
                    volume = source.volume
            WHEN NOT MATCHED THEN
                INSERT (date, open, high, low, close, volume, symbol)
                VALUES (source.date, source.open, source.high, source.low, source.close, source.volume, source.symbol);
            
[2024-11-15T06:29:53.213+0000] {logging_mixin.py:188} INFO - Executing MERGE query: 
            MERGE INTO stock_db.raw_data.stock_prices AS target
            USING (
                SELECT '2024-11-06' AS date,
                       169.25 AS open,
                       178.45 AS high,
                       168.67 AS low,
                       172.99 AS close,
                       17661900 AS volume,
                       'QCOM' AS symbol
            ) AS source
            ON target.date = source.date AND target.symbol = source.symbol
            WHEN MATCHED THEN
                UPDATE SET
                    open = source.open,
                    high = source.high,
                    low = source.low,
                    close = source.close,
                    volume = source.volume
            WHEN NOT MATCHED THEN
                INSERT (date, open, high, low, close, volume, symbol)
                VALUES (source.date, source.open, source.high, source.low, source.close, source.volume, source.symbol);
            
[2024-11-15T06:29:54.280+0000] {logging_mixin.py:188} INFO - Executing MERGE query: 
            MERGE INTO stock_db.raw_data.stock_prices AS target
            USING (
                SELECT '2024-11-07' AS date,
                       180.27 AS open,
                       182.1 AS high,
                       171.63 AS low,
                       172.91 AS close,
                       23586300 AS volume,
                       'QCOM' AS symbol
            ) AS source
            ON target.date = source.date AND target.symbol = source.symbol
            WHEN MATCHED THEN
                UPDATE SET
                    open = source.open,
                    high = source.high,
                    low = source.low,
                    close = source.close,
                    volume = source.volume
            WHEN NOT MATCHED THEN
                INSERT (date, open, high, low, close, volume, symbol)
                VALUES (source.date, source.open, source.high, source.low, source.close, source.volume, source.symbol);
            
[2024-11-15T06:29:55.063+0000] {logging_mixin.py:188} INFO - Executing MERGE query: 
            MERGE INTO stock_db.raw_data.stock_prices AS target
            USING (
                SELECT '2024-11-08' AS date,
                       172.09 AS open,
                       173.49 AS high,
                       168.75 AS low,
                       170.91 AS close,
                       10736600 AS volume,
                       'QCOM' AS symbol
            ) AS source
            ON target.date = source.date AND target.symbol = source.symbol
            WHEN MATCHED THEN
                UPDATE SET
                    open = source.open,
                    high = source.high,
                    low = source.low,
                    close = source.close,
                    volume = source.volume
            WHEN NOT MATCHED THEN
                INSERT (date, open, high, low, close, volume, symbol)
                VALUES (source.date, source.open, source.high, source.low, source.close, source.volume, source.symbol);
            
[2024-11-15T06:29:55.775+0000] {logging_mixin.py:188} INFO - Executing MERGE query: 
            MERGE INTO stock_db.raw_data.stock_prices AS target
            USING (
                SELECT '2024-11-11' AS date,
                       170.0 AS open,
                       170.79 AS high,
                       166.09 AS low,
                       168.29 AS close,
                       7829500 AS volume,
                       'QCOM' AS symbol
            ) AS source
            ON target.date = source.date AND target.symbol = source.symbol
            WHEN MATCHED THEN
                UPDATE SET
                    open = source.open,
                    high = source.high,
                    low = source.low,
                    close = source.close,
                    volume = source.volume
            WHEN NOT MATCHED THEN
                INSERT (date, open, high, low, close, volume, symbol)
                VALUES (source.date, source.open, source.high, source.low, source.close, source.volume, source.symbol);
            
[2024-11-15T06:29:56.690+0000] {logging_mixin.py:188} INFO - Executing MERGE query: 
            MERGE INTO stock_db.raw_data.stock_prices AS target
            USING (
                SELECT '2024-11-12' AS date,
                       167.05 AS open,
                       167.33 AS high,
                       161.86 AS low,
                       163.41 AS close,
                       8483300 AS volume,
                       'QCOM' AS symbol
            ) AS source
            ON target.date = source.date AND target.symbol = source.symbol
            WHEN MATCHED THEN
                UPDATE SET
                    open = source.open,
                    high = source.high,
                    low = source.low,
                    close = source.close,
                    volume = source.volume
            WHEN NOT MATCHED THEN
                INSERT (date, open, high, low, close, volume, symbol)
                VALUES (source.date, source.open, source.high, source.low, source.close, source.volume, source.symbol);
            
[2024-11-15T06:29:57.610+0000] {logging_mixin.py:188} INFO - Executing MERGE query: 
            MERGE INTO stock_db.raw_data.stock_prices AS target
            USING (
                SELECT '2024-11-13' AS date,
                       162.79 AS open,
                       162.94 AS high,
                       159.75 AS low,
                       160.42 AS close,
                       7921700 AS volume,
                       'QCOM' AS symbol
            ) AS source
            ON target.date = source.date AND target.symbol = source.symbol
            WHEN MATCHED THEN
                UPDATE SET
                    open = source.open,
                    high = source.high,
                    low = source.low,
                    close = source.close,
                    volume = source.volume
            WHEN NOT MATCHED THEN
                INSERT (date, open, high, low, close, volume, symbol)
                VALUES (source.date, source.open, source.high, source.low, source.close, source.volume, source.symbol);
            
[2024-11-15T06:29:58.541+0000] {logging_mixin.py:188} INFO - Executing MERGE query: 
            MERGE INTO stock_db.raw_data.stock_prices AS target
            USING (
                SELECT '2024-11-14' AS date,
                       162.95 AS open,
                       164.91 AS high,
                       161.87 AS low,
                       163.97 AS close,
                       7005700 AS volume,
                       'QCOM' AS symbol
            ) AS source
            ON target.date = source.date AND target.symbol = source.symbol
            WHEN MATCHED THEN
                UPDATE SET
                    open = source.open,
                    high = source.high,
                    low = source.low,
                    close = source.close,
                    volume = source.volume
            WHEN NOT MATCHED THEN
                INSERT (date, open, high, low, close, volume, symbol)
                VALUES (source.date, source.open, source.high, source.low, source.close, source.volume, source.symbol);
            
[2024-11-15T06:30:04.703+0000] {cursor.py:1149} INFO - Number of results in first chunk: 1
[2024-11-15T06:30:04.708+0000] {python.py:237} INFO - Done. Returned value was: None
[2024-11-15T06:30:04.711+0000] {taskinstance.py:441} INFO - ::group::Post task execution logs
[2024-11-15T06:30:04.973+0000] {taskinstance.py:1206} INFO - Marking task as SUCCESS. dag_id=YfinanceToSnowflake, task_id=load__1, run_id=manual__2024-11-15T06:27:27.612267+00:00, execution_date=20241115T062727, start_date=20241115T062834, end_date=20241115T063004
[2024-11-15T06:30:05.285+0000] {local_task_job_runner.py:240} INFO - Task exited with return code 0
[2024-11-15T06:30:05.484+0000] {taskinstance.py:3498} INFO - 1 downstream tasks scheduled from follow-on schedule check
[2024-11-15T06:30:05.493+0000] {local_task_job_runner.py:222} INFO - ::endgroup::
